<?xml version="1.0" encoding="UTF-8"?>
<robot generator="Robot 6.1.1 (Python 3.12.5 on darwin)" generated="20250705 15:55:10.971" rpa="false" schemaversion="4">
<suite id="s1" name="Tests" source="/Users/MrJay/Documents/playground/swt-todo-list-app-main/backend/api-tests/tests">
<suite id="s1-s1" name="Auth Api Tests" source="/Users/MrJay/Documents/playground/swt-todo-list-app-main/backend/api-tests/tests/auth_api_tests.robot">
<kw name="Setup API Test Suite" type="SETUP">
<doc>Sets up API test suite</doc>
<kw name="Setup API Test Session" library="api_common">
<doc>Creates a requests session for API testing</doc>
<kw name="Create Session" library="RequestsLibrary">
<arg>${TEST_SESSION}</arg>
<arg>${API_BASE_URL}</arg>
<arg>timeout=${REQUEST_TIMEOUT}</arg>
<arg>verify=False</arg>
<doc>Create Session: create a HTTP session to a server</doc>
<msg timestamp="20250705 15:55:11.100" level="INFO">Creating Session using : alias=api_test_session, url=http://localhost:4322, headers={},                     cookies={}, auth=None, timeout=30, proxies=None, verify=False,                     debug=0 </msg>
<status status="PASS" starttime="20250705 15:55:11.100" endtime="20250705 15:55:11.100"/>
</kw>
<status status="PASS" starttime="20250705 15:55:11.100" endtime="20250705 15:55:11.100"/>
</kw>
<kw name="Wait For Service To Be Ready" library="api_common">
<doc>Waits for the API service to be ready</doc>
<kw name="Wait Until Keyword Succeeds" library="BuiltIn">
<arg>60s</arg>
<arg>5s</arg>
<arg>Check Service Health</arg>
<doc>Runs the specified keyword and retries if it fails.</doc>
<kw name="Check Service Health" library="api_common">
<doc>Checks if API service is responding</doc>
<kw name="GET On Session" library="RequestsLibrary">
<var>${response}</var>
<arg>${TEST_SESSION}</arg>
<arg>/api/todo-lists/roles</arg>
<arg>expected_status=any</arg>
<doc>Sends a GET request on a previously created HTTP Session.</doc>
<msg timestamp="20250705 15:55:11.141" level="INFO">GET Request : url=http://localhost:4322/api/todo-lists/roles 
 path_url=/api/todo-lists/roles 
 headers={'User-Agent': 'python-requests/2.31.0', 'Accept-Encoding': 'gzip, deflate, zstd', 'Accept': '*/*', 'Connection': 'keep-alive'} 
 body=None 
 </msg>
<msg timestamp="20250705 15:55:11.141" level="INFO">GET Response : url=http://localhost:4322/api/todo-lists/roles 
 status=200, reason=OK 
 headers={'date': 'Sat, 05 Jul 2025 12:55:10 GMT', 'server': 'uvicorn', 'content-length': '315', 'content-type': 'application/json'} 
 body=[{"id":1,"name":"owner","created":"2025-07-05T12:54:48.870209Z","updated":"2025-07-05T12:54:48.870209Z"},{"id":2,"name":"editor","created":"2025-07-05T12:54:48.870209Z","updated":"2025-07-05T12:54:48.870209Z"},{"id":3,"name":"viewer","created":"2025-07-05T12:54:48.870209Z","updated":"2025-07-05T12:54:48.870209Z"}] 
 </msg>
<msg timestamp="20250705 15:55:11.141" level="INFO">${response} = &lt;Response [200]&gt;</msg>
<status status="PASS" starttime="20250705 15:55:11.100" endtime="20250705 15:55:11.141"/>
</kw>
<kw name="Should Be Equal As Integers" library="BuiltIn">
<arg>${response.status_code}</arg>
<arg>${HTTP_OK}</arg>
<doc>Fails if objects are unequal after converting them to integers.</doc>
<msg timestamp="20250705 15:55:11.142" level="INFO">Argument types are:
&lt;class 'int'&gt;
&lt;class 'str'&gt;</msg>
<status status="PASS" starttime="20250705 15:55:11.141" endtime="20250705 15:55:11.142"/>
</kw>
<status status="PASS" starttime="20250705 15:55:11.100" endtime="20250705 15:55:11.142"/>
</kw>
<status status="PASS" starttime="20250705 15:55:11.100" endtime="20250705 15:55:11.142"/>
</kw>
<status status="PASS" starttime="20250705 15:55:11.100" endtime="20250705 15:55:11.142"/>
</kw>
<status status="PASS" starttime="20250705 15:55:11.100" endtime="20250705 15:55:11.142"/>
</kw>
<test id="s1-s1-t1" name="User Registration Succeeds With Valid Data" line="16">
<kw name="Generate Unique Username" library="api_common">
<var>${unique_username}</var>
<doc>Generates a unique username for testing</doc>
<kw name="Get Time" library="BuiltIn">
<var>${timestamp}</var>
<arg>epoch</arg>
<doc>Returns the given time in the requested format.</doc>
<msg timestamp="20250705 15:55:11.142" level="INFO">${timestamp} = 1751720111</msg>
<status status="PASS" starttime="20250705 15:55:11.142" endtime="20250705 15:55:11.142"/>
</kw>
<kw name="Evaluate" library="BuiltIn">
<var>${random}</var>
<arg>random.randint(1000, 9999)</arg>
<arg>random</arg>
<doc>Evaluates the given expression in Python and returns the result.</doc>
<msg timestamp="20250705 15:55:11.142" level="INFO">${random} = 2182</msg>
<status status="PASS" starttime="20250705 15:55:11.142" endtime="20250705 15:55:11.142"/>
</kw>
<kw name="Set Variable" library="BuiltIn">
<var>${unique_username}</var>
<arg>apiuser${timestamp}${random}</arg>
<doc>Returns the given values which can then be assigned to a variables.</doc>
<msg timestamp="20250705 15:55:11.142" level="INFO">${unique_username} = apiuser17517201112182</msg>
<status status="PASS" starttime="20250705 15:55:11.142" endtime="20250705 15:55:11.142"/>
</kw>
<msg timestamp="20250705 15:55:11.142" level="INFO">${unique_username} = apiuser17517201112182</msg>
<status status="PASS" starttime="20250705 15:55:11.142" endtime="20250705 15:55:11.142"/>
</kw>
<kw name="Register User Via API" library="auth_api_keywords">
<var>${response}</var>
<arg>${unique_username}</arg>
<arg>${TEST_USER_PASSWORD}</arg>
<doc>Registers a new user via API</doc>
<kw name="Create Default Headers" library="api_common">
<var>${headers}</var>
<doc>Creates default headers for JSON requests</doc>
<kw name="Create Dictionary" library="BuiltIn">
<var>${headers}</var>
<arg>Content-Type=${CONTENT_TYPE_JSON}</arg>
<arg>Accept=${ACCEPT_JSON}</arg>
<doc>Creates and returns a dictionary based on the given ``items``.</doc>
<msg timestamp="20250705 15:55:11.143" level="INFO">${headers} = {'Content-Type': 'application/json', 'Accept': 'application/json'}</msg>
<status status="PASS" starttime="20250705 15:55:11.143" endtime="20250705 15:55:11.143"/>
</kw>
<msg timestamp="20250705 15:55:11.143" level="INFO">${headers} = {'Content-Type': 'application/json', 'Accept': 'application/json'}</msg>
<status status="PASS" starttime="20250705 15:55:11.143" endtime="20250705 15:55:11.143"/>
</kw>
<kw name="Set Variable" library="BuiltIn">
<var>${json_data}</var>
<arg>{"username": "${username}", "password": "${password}"}</arg>
<doc>Returns the given values which can then be assigned to a variables.</doc>
<msg timestamp="20250705 15:55:11.143" level="INFO">${json_data} = {"username": "apiuser17517201112182", "password": "ApiTest123!"}</msg>
<status status="PASS" starttime="20250705 15:55:11.143" endtime="20250705 15:55:11.143"/>
</kw>
<kw name="Make POST Request" library="api_common">
<var>${response}</var>
<arg>/api/users/</arg>
<arg>${json_data}</arg>
<arg>${headers}</arg>
<arg>${expected_status}</arg>
<doc>Makes a POST request and validates status code</doc>
<kw name="POST On Session" library="RequestsLibrary">
<var>${response}</var>
<arg>${TEST_SESSION}</arg>
<arg>${endpoint}</arg>
<arg>data=${data}</arg>
<arg>headers=${headers}</arg>
<arg>expected_status=any</arg>
<doc>Sends a POST request on a previously created HTTP Session.</doc>
<msg timestamp="20250705 15:55:11.448" level="INFO">POST Request : url=http://localhost:4322/api/users/ 
 path_url=/api/users/ 
 headers={'User-Agent': 'python-requests/2.31.0', 'Accept-Encoding': 'gzip, deflate, zstd', 'Accept': 'application/json', 'Connection': 'keep-alive', 'Content-Type': 'application/json', 'Content-Length': '64'} 
 body={"username": "apiuser17517201112182", "password": "ApiTest123!"} 
 </msg>
<msg timestamp="20250705 15:55:11.449" level="INFO">POST Response : url=http://localhost:4322/api/users/ 
 status=200, reason=OK 
 headers={'date': 'Sat, 05 Jul 2025 12:55:10 GMT', 'server': 'uvicorn', 'content-length': '385', 'content-type': 'application/json'} 
 body={"userId":6,"username":"apiuser17517201112182","accessToken":"eyJhbGciOiJIUzI1NiIsInR5cCI6IkpXVCJ9.eyJ1c2VyX2lkIjo2LCJ1c2VybmFtZSI6ImFwaXVzZXIxNzUxNzIwMTExMjE4MiIsImV4cCI6MTc1MTcyMTkxMX0.tn_r6K0-Gq0it82pN2q62YERP3DLhmqUCvj0Q-tQSAQ","refreshToken":"eyJhbGciOiJIUzI1NiIsInR5cCI6IkpXVCJ9.eyJzdWIiOiJyZWZyZXNoX3Rva2VuIiwiZXhwIjoxNzU0MzEyMTExfQ.Kj_nBxjlvrc5ofYZg48Sj-XMKAb9HilQ94dWdn7XgTc"} 
 </msg>
<msg timestamp="20250705 15:55:11.449" level="INFO">${response} = &lt;Response [200]&gt;</msg>
<status status="PASS" starttime="20250705 15:55:11.143" endtime="20250705 15:55:11.449"/>
</kw>
<kw name="Should Be Equal As Integers" library="BuiltIn">
<arg>${response.status_code}</arg>
<arg>${expected_status}</arg>
<doc>Fails if objects are unequal after converting them to integers.</doc>
<msg timestamp="20250705 15:55:11.451" level="INFO">Argument types are:
&lt;class 'int'&gt;
&lt;class 'str'&gt;</msg>
<status status="PASS" starttime="20250705 15:55:11.449" endtime="20250705 15:55:11.451"/>
</kw>
<msg timestamp="20250705 15:55:11.451" level="INFO">${response} = &lt;Response [200]&gt;</msg>
<status status="PASS" starttime="20250705 15:55:11.143" endtime="20250705 15:55:11.451"/>
</kw>
<msg timestamp="20250705 15:55:11.451" level="INFO">${response} = &lt;Response [200]&gt;</msg>
<status status="PASS" starttime="20250705 15:55:11.142" endtime="20250705 15:55:11.451"/>
</kw>
<kw name="Validate Registration Response" library="auth_api_keywords">
<var>${user_data}</var>
<arg>${response}</arg>
<doc>Validates successful registration response</doc>
<kw name="Should Be Equal As Integers" library="BuiltIn">
<arg>${response.status_code}</arg>
<arg>${HTTP_OK}</arg>
<doc>Fails if objects are unequal after converting them to integers.</doc>
<msg timestamp="20250705 15:55:11.452" level="INFO">Argument types are:
&lt;class 'int'&gt;
&lt;class 'str'&gt;</msg>
<status status="PASS" starttime="20250705 15:55:11.451" endtime="20250705 15:55:11.452"/>
</kw>
<kw name="Validate JSON Response" library="api_common">
<var>${json_data}</var>
<arg>${response}</arg>
<arg>${USER_ID_FIELD}</arg>
<arg>${USERNAME_FIELD}</arg>
<arg>${ACCESS_TOKEN_FIELD}</arg>
<arg>${REFRESH_TOKEN_FIELD}</arg>
<doc>Validates that response contains expected JSON fields</doc>
<kw name="Should Be Equal As Strings" library="BuiltIn">
<arg>${response.headers['Content-Type']}</arg>
<arg>${CONTENT_TYPE_JSON}</arg>
<doc>Fails if objects are unequal after converting them to strings.</doc>
<status status="PASS" starttime="20250705 15:55:11.452" endtime="20250705 15:55:11.453"/>
</kw>
<kw name="Set Variable" library="BuiltIn">
<var>${json_data}</var>
<arg>${response.json()}</arg>
<doc>Returns the given values which can then be assigned to a variables.</doc>
<msg timestamp="20250705 15:55:11.453" level="INFO">${json_data} = {'userId': 6, 'username': 'apiuser17517201112182', 'accessToken': 'eyJhbGciOiJIUzI1NiIsInR5cCI6IkpXVCJ9.eyJ1c2VyX2lkIjo2LCJ1c2VybmFtZSI6ImFwaXVzZXIxNzUxNzIwMTExMjE4MiIsImV4cCI6MTc1MTcyMTkxMX0.tn_r6K0-...</msg>
<status status="PASS" starttime="20250705 15:55:11.453" endtime="20250705 15:55:11.453"/>
</kw>
<for flavor="IN">
<var>${field}</var>
<value>@{expected_fields}</value>
<iter>
<var name="${field}">userId</var>
<kw name="Dictionary Should Contain Key" library="Collections">
<arg>${json_data}</arg>
<arg>${field}</arg>
<doc>Fails if ``key`` is not found from ``dictionary``.</doc>
<status status="PASS" starttime="20250705 15:55:11.454" endtime="20250705 15:55:11.454"/>
</kw>
<status status="PASS" starttime="20250705 15:55:11.454" endtime="20250705 15:55:11.454"/>
</iter>
<iter>
<var name="${field}">username</var>
<kw name="Dictionary Should Contain Key" library="Collections">
<arg>${json_data}</arg>
<arg>${field}</arg>
<doc>Fails if ``key`` is not found from ``dictionary``.</doc>
<status status="PASS" starttime="20250705 15:55:11.454" endtime="20250705 15:55:11.454"/>
</kw>
<status status="PASS" starttime="20250705 15:55:11.454" endtime="20250705 15:55:11.455"/>
</iter>
<iter>
<var name="${field}">accessToken</var>
<kw name="Dictionary Should Contain Key" library="Collections">
<arg>${json_data}</arg>
<arg>${field}</arg>
<doc>Fails if ``key`` is not found from ``dictionary``.</doc>
<status status="PASS" starttime="20250705 15:55:11.455" endtime="20250705 15:55:11.455"/>
</kw>
<status status="PASS" starttime="20250705 15:55:11.455" endtime="20250705 15:55:11.455"/>
</iter>
<iter>
<var name="${field}">refreshToken</var>
<kw name="Dictionary Should Contain Key" library="Collections">
<arg>${json_data}</arg>
<arg>${field}</arg>
<doc>Fails if ``key`` is not found from ``dictionary``.</doc>
<status status="PASS" starttime="20250705 15:55:11.455" endtime="20250705 15:55:11.455"/>
</kw>
<status status="PASS" starttime="20250705 15:55:11.455" endtime="20250705 15:55:11.455"/>
</iter>
<status status="PASS" starttime="20250705 15:55:11.454" endtime="20250705 15:55:11.455"/>
</for>
<msg timestamp="20250705 15:55:11.455" level="INFO">${json_data} = {'userId': 6, 'username': 'apiuser17517201112182', 'accessToken': 'eyJhbGciOiJIUzI1NiIsInR5cCI6IkpXVCJ9.eyJ1c2VyX2lkIjo2LCJ1c2VybmFtZSI6ImFwaXVzZXIxNzUxNzIwMTExMjE4MiIsImV4cCI6MTc1MTcyMTkxMX0.tn_r6K0-...</msg>
<status status="PASS" starttime="20250705 15:55:11.452" endtime="20250705 15:55:11.455"/>
</kw>
<kw name="Should Not Be Empty" library="BuiltIn">
<arg>${json_data['${ACCESS_TOKEN_FIELD}']}</arg>
<doc>Verifies that the given item is not empty.</doc>
<msg timestamp="20250705 15:55:11.456" level="INFO">Length is 168</msg>
<status status="PASS" starttime="20250705 15:55:11.456" endtime="20250705 15:55:11.456"/>
</kw>
<kw name="Should Not Be Empty" library="BuiltIn">
<arg>${json_data['${REFRESH_TOKEN_FIELD}']}</arg>
<doc>Verifies that the given item is not empty.</doc>
<msg timestamp="20250705 15:55:11.458" level="INFO">Length is 135</msg>
<status status="PASS" starttime="20250705 15:55:11.457" endtime="20250705 15:55:11.458"/>
</kw>
<msg timestamp="20250705 15:55:11.458" level="INFO">${user_data} = {'userId': 6, 'username': 'apiuser17517201112182', 'accessToken': 'eyJhbGciOiJIUzI1NiIsInR5cCI6IkpXVCJ9.eyJ1c2VyX2lkIjo2LCJ1c2VybmFtZSI6ImFwaXVzZXIxNzUxNzIwMTExMjE4MiIsImV4cCI6MTc1MTcyMTkxMX0.tn_r6K0-...</msg>
<status status="PASS" starttime="20250705 15:55:11.451" endtime="20250705 15:55:11.458"/>
</kw>
<kw name="Should Be Equal As Strings" library="BuiltIn">
<arg>${user_data['${USERNAME_FIELD}']}</arg>
<arg>${unique_username}</arg>
<doc>Fails if objects are unequal after converting them to strings.</doc>
<status status="PASS" starttime="20250705 15:55:11.458" endtime="20250705 15:55:11.458"/>
</kw>
<doc>Test that user registration works with valid credentials</doc>
<tag>api</tag>
<tag>auth</tag>
<tag>crud</tag>
<tag>happy_path</tag>
<tag>registration</tag>
<tag>smoke</tag>
<status status="PASS" starttime="20250705 15:55:11.142" endtime="20250705 15:55:11.458"/>
</test>
<test id="s1-s1-t2" name="User Login Succeeds With Valid Credentials" line="24">
<kw name="Generate Unique Username" library="api_common">
<var>${unique_username}</var>
<doc>Generates a unique username for testing</doc>
<kw name="Get Time" library="BuiltIn">
<var>${timestamp}</var>
<arg>epoch</arg>
<doc>Returns the given time in the requested format.</doc>
<msg timestamp="20250705 15:55:11.459" level="INFO">${timestamp} = 1751720111</msg>
<status status="PASS" starttime="20250705 15:55:11.459" endtime="20250705 15:55:11.459"/>
</kw>
<kw name="Evaluate" library="BuiltIn">
<var>${random}</var>
<arg>random.randint(1000, 9999)</arg>
<arg>random</arg>
<doc>Evaluates the given expression in Python and returns the result.</doc>
<msg timestamp="20250705 15:55:11.459" level="INFO">${random} = 6549</msg>
<status status="PASS" starttime="20250705 15:55:11.459" endtime="20250705 15:55:11.459"/>
</kw>
<kw name="Set Variable" library="BuiltIn">
<var>${unique_username}</var>
<arg>apiuser${timestamp}${random}</arg>
<doc>Returns the given values which can then be assigned to a variables.</doc>
<msg timestamp="20250705 15:55:11.459" level="INFO">${unique_username} = apiuser17517201116549</msg>
<status status="PASS" starttime="20250705 15:55:11.459" endtime="20250705 15:55:11.459"/>
</kw>
<msg timestamp="20250705 15:55:11.459" level="INFO">${unique_username} = apiuser17517201116549</msg>
<status status="PASS" starttime="20250705 15:55:11.459" endtime="20250705 15:55:11.459"/>
</kw>
<kw name="Register User Via API" library="auth_api_keywords">
<var>${register_response}</var>
<arg>${unique_username}</arg>
<arg>${TEST_USER_PASSWORD}</arg>
<doc>Registers a new user via API</doc>
<kw name="Create Default Headers" library="api_common">
<var>${headers}</var>
<doc>Creates default headers for JSON requests</doc>
<kw name="Create Dictionary" library="BuiltIn">
<var>${headers}</var>
<arg>Content-Type=${CONTENT_TYPE_JSON}</arg>
<arg>Accept=${ACCEPT_JSON}</arg>
<doc>Creates and returns a dictionary based on the given ``items``.</doc>
<msg timestamp="20250705 15:55:11.460" level="INFO">${headers} = {'Content-Type': 'application/json', 'Accept': 'application/json'}</msg>
<status status="PASS" starttime="20250705 15:55:11.460" endtime="20250705 15:55:11.460"/>
</kw>
<msg timestamp="20250705 15:55:11.460" level="INFO">${headers} = {'Content-Type': 'application/json', 'Accept': 'application/json'}</msg>
<status status="PASS" starttime="20250705 15:55:11.459" endtime="20250705 15:55:11.460"/>
</kw>
<kw name="Set Variable" library="BuiltIn">
<var>${json_data}</var>
<arg>{"username": "${username}", "password": "${password}"}</arg>
<doc>Returns the given values which can then be assigned to a variables.</doc>
<msg timestamp="20250705 15:55:11.460" level="INFO">${json_data} = {"username": "apiuser17517201116549", "password": "ApiTest123!"}</msg>
<status status="PASS" starttime="20250705 15:55:11.460" endtime="20250705 15:55:11.460"/>
</kw>
<kw name="Make POST Request" library="api_common">
<var>${response}</var>
<arg>/api/users/</arg>
<arg>${json_data}</arg>
<arg>${headers}</arg>
<arg>${expected_status}</arg>
<doc>Makes a POST request and validates status code</doc>
<kw name="POST On Session" library="RequestsLibrary">
<var>${response}</var>
<arg>${TEST_SESSION}</arg>
<arg>${endpoint}</arg>
<arg>data=${data}</arg>
<arg>headers=${headers}</arg>
<arg>expected_status=any</arg>
<doc>Sends a POST request on a previously created HTTP Session.</doc>
<msg timestamp="20250705 15:55:11.757" level="INFO">POST Request : url=http://localhost:4322/api/users/ 
 path_url=/api/users/ 
 headers={'User-Agent': 'python-requests/2.31.0', 'Accept-Encoding': 'gzip, deflate, zstd', 'Accept': 'application/json', 'Connection': 'keep-alive', 'Content-Type': 'application/json', 'Content-Length': '64'} 
 body={"username": "apiuser17517201116549", "password": "ApiTest123!"} 
 </msg>
<msg timestamp="20250705 15:55:11.757" level="INFO">POST Response : url=http://localhost:4322/api/users/ 
 status=200, reason=OK 
 headers={'date': 'Sat, 05 Jul 2025 12:55:11 GMT', 'server': 'uvicorn', 'content-length': '385', 'content-type': 'application/json'} 
 body={"userId":7,"username":"apiuser17517201116549","accessToken":"eyJhbGciOiJIUzI1NiIsInR5cCI6IkpXVCJ9.eyJ1c2VyX2lkIjo3LCJ1c2VybmFtZSI6ImFwaXVzZXIxNzUxNzIwMTExNjU0OSIsImV4cCI6MTc1MTcyMTkxMX0.aT40ORowkYsQIvyS3zkgjdtgy1sRSZXEgQRe4f49ZJk","refreshToken":"eyJhbGciOiJIUzI1NiIsInR5cCI6IkpXVCJ9.eyJzdWIiOiJyZWZyZXNoX3Rva2VuIiwiZXhwIjoxNzU0MzEyMTExfQ.Kj_nBxjlvrc5ofYZg48Sj-XMKAb9HilQ94dWdn7XgTc"} 
 </msg>
<msg timestamp="20250705 15:55:11.758" level="INFO">${response} = &lt;Response [200]&gt;</msg>
<status status="PASS" starttime="20250705 15:55:11.460" endtime="20250705 15:55:11.758"/>
</kw>
<kw name="Should Be Equal As Integers" library="BuiltIn">
<arg>${response.status_code}</arg>
<arg>${expected_status}</arg>
<doc>Fails if objects are unequal after converting them to integers.</doc>
<msg timestamp="20250705 15:55:11.760" level="INFO">Argument types are:
&lt;class 'int'&gt;
&lt;class 'str'&gt;</msg>
<status status="PASS" starttime="20250705 15:55:11.758" endtime="20250705 15:55:11.760"/>
</kw>
<msg timestamp="20250705 15:55:11.760" level="INFO">${response} = &lt;Response [200]&gt;</msg>
<status status="PASS" starttime="20250705 15:55:11.460" endtime="20250705 15:55:11.760"/>
</kw>
<msg timestamp="20250705 15:55:11.760" level="INFO">${register_response} = &lt;Response [200]&gt;</msg>
<status status="PASS" starttime="20250705 15:55:11.459" endtime="20250705 15:55:11.760"/>
</kw>
<kw name="Should Be Equal As Integers" library="BuiltIn">
<arg>${register_response.status_code}</arg>
<arg>${HTTP_OK}</arg>
<doc>Fails if objects are unequal after converting them to integers.</doc>
<msg timestamp="20250705 15:55:11.762" level="INFO">Argument types are:
&lt;class 'int'&gt;
&lt;class 'str'&gt;</msg>
<status status="PASS" starttime="20250705 15:55:11.761" endtime="20250705 15:55:11.762"/>
</kw>
<kw name="Login User Via API" library="auth_api_keywords">
<var>${response}</var>
<arg>${unique_username}</arg>
<arg>${TEST_USER_PASSWORD}</arg>
<doc>Logs in a user via API</doc>
<kw name="Create Default Headers" library="api_common">
<var>${headers}</var>
<doc>Creates default headers for JSON requests</doc>
<kw name="Create Dictionary" library="BuiltIn">
<var>${headers}</var>
<arg>Content-Type=${CONTENT_TYPE_JSON}</arg>
<arg>Accept=${ACCEPT_JSON}</arg>
<doc>Creates and returns a dictionary based on the given ``items``.</doc>
<msg timestamp="20250705 15:55:11.762" level="INFO">${headers} = {'Content-Type': 'application/json', 'Accept': 'application/json'}</msg>
<status status="PASS" starttime="20250705 15:55:11.762" endtime="20250705 15:55:11.763"/>
</kw>
<msg timestamp="20250705 15:55:11.763" level="INFO">${headers} = {'Content-Type': 'application/json', 'Accept': 'application/json'}</msg>
<status status="PASS" starttime="20250705 15:55:11.762" endtime="20250705 15:55:11.763"/>
</kw>
<kw name="Set Variable" library="BuiltIn">
<var>${json_data}</var>
<arg>{"username": "${username}", "password": "${password}"}</arg>
<doc>Returns the given values which can then be assigned to a variables.</doc>
<msg timestamp="20250705 15:55:11.763" level="INFO">${json_data} = {"username": "apiuser17517201116549", "password": "ApiTest123!"}</msg>
<status status="PASS" starttime="20250705 15:55:11.763" endtime="20250705 15:55:11.763"/>
</kw>
<kw name="Make POST Request" library="api_common">
<var>${response}</var>
<arg>/api/users/login</arg>
<arg>${json_data}</arg>
<arg>${headers}</arg>
<arg>${expected_status}</arg>
<doc>Makes a POST request and validates status code</doc>
<kw name="POST On Session" library="RequestsLibrary">
<var>${response}</var>
<arg>${TEST_SESSION}</arg>
<arg>${endpoint}</arg>
<arg>data=${data}</arg>
<arg>headers=${headers}</arg>
<arg>expected_status=any</arg>
<doc>Sends a POST request on a previously created HTTP Session.</doc>
<msg timestamp="20250705 15:55:12.036" level="INFO">POST Request : url=http://localhost:4322/api/users/login 
 path_url=/api/users/login 
 headers={'User-Agent': 'python-requests/2.31.0', 'Accept-Encoding': 'gzip, deflate, zstd', 'Accept': 'application/json', 'Connection': 'keep-alive', 'Content-Type': 'application/json', 'Content-Length': '64'} 
 body={"username": "apiuser17517201116549", "password": "ApiTest123!"} 
 </msg>
<msg timestamp="20250705 15:55:12.036" level="INFO">POST Response : url=http://localhost:4322/api/users/login 
 status=200, reason=OK 
 headers={'date': 'Sat, 05 Jul 2025 12:55:11 GMT', 'server': 'uvicorn', 'content-length': '385', 'content-type': 'application/json'} 
 body={"userId":7,"username":"apiuser17517201116549","accessToken":"eyJhbGciOiJIUzI1NiIsInR5cCI6IkpXVCJ9.eyJ1c2VyX2lkIjo3LCJ1c2VybmFtZSI6ImFwaXVzZXIxNzUxNzIwMTExNjU0OSIsImV4cCI6MTc1MTcyMTkxMn0.7TORk1bpd69Od8rEUs8KsJ0oe7dJc7nDxgEXCz-wOwM","refreshToken":"eyJhbGciOiJIUzI1NiIsInR5cCI6IkpXVCJ9.eyJzdWIiOiJyZWZyZXNoX3Rva2VuIiwiZXhwIjoxNzU0MzEyMTEyfQ.eb5V4JtFKjt7QqaOSXM0xFHp7nnTNnBhqlhdY-uDX0Y"} 
 </msg>
<msg timestamp="20250705 15:55:12.037" level="INFO">${response} = &lt;Response [200]&gt;</msg>
<status status="PASS" starttime="20250705 15:55:11.763" endtime="20250705 15:55:12.037"/>
</kw>
<kw name="Should Be Equal As Integers" library="BuiltIn">
<arg>${response.status_code}</arg>
<arg>${expected_status}</arg>
<doc>Fails if objects are unequal after converting them to integers.</doc>
<msg timestamp="20250705 15:55:12.038" level="INFO">Argument types are:
&lt;class 'int'&gt;
&lt;class 'str'&gt;</msg>
<status status="PASS" starttime="20250705 15:55:12.037" endtime="20250705 15:55:12.038"/>
</kw>
<msg timestamp="20250705 15:55:12.038" level="INFO">${response} = &lt;Response [200]&gt;</msg>
<status status="PASS" starttime="20250705 15:55:11.763" endtime="20250705 15:55:12.038"/>
</kw>
<msg timestamp="20250705 15:55:12.038" level="INFO">${response} = &lt;Response [200]&gt;</msg>
<status status="PASS" starttime="20250705 15:55:11.762" endtime="20250705 15:55:12.038"/>
</kw>
<kw name="Log" library="BuiltIn">
<arg>Login response status: ${response.status_code}</arg>
<doc>Logs the given message with the given level.</doc>
<msg timestamp="20250705 15:55:12.040" level="INFO">Login response status: 200</msg>
<status status="PASS" starttime="20250705 15:55:12.039" endtime="20250705 15:55:12.040"/>
</kw>
<kw name="Log" library="BuiltIn">
<arg>Login response body: ${response.text}</arg>
<doc>Logs the given message with the given level.</doc>
<msg timestamp="20250705 15:55:12.043" level="INFO">Login response body: {"userId":7,"username":"apiuser17517201116549","accessToken":"eyJhbGciOiJIUzI1NiIsInR5cCI6IkpXVCJ9.eyJ1c2VyX2lkIjo3LCJ1c2VybmFtZSI6ImFwaXVzZXIxNzUxNzIwMTExNjU0OSIsImV4cCI6MTc1MTcyMTkxMn0.7TORk1bpd69Od8rEUs8KsJ0oe7dJc7nDxgEXCz-wOwM","refreshToken":"eyJhbGciOiJIUzI1NiIsInR5cCI6IkpXVCJ9.eyJzdWIiOiJyZWZyZXNoX3Rva2VuIiwiZXhwIjoxNzU0MzEyMTEyfQ.eb5V4JtFKjt7QqaOSXM0xFHp7nnTNnBhqlhdY-uDX0Y"}</msg>
<status status="PASS" starttime="20250705 15:55:12.041" endtime="20250705 15:55:12.043"/>
</kw>
<kw name="Should Be Equal As Integers" library="BuiltIn">
<arg>${response.status_code}</arg>
<arg>${HTTP_OK}</arg>
<doc>Fails if objects are unequal after converting them to integers.</doc>
<msg timestamp="20250705 15:55:12.043" level="INFO">Argument types are:
&lt;class 'int'&gt;
&lt;class 'str'&gt;</msg>
<status status="PASS" starttime="20250705 15:55:12.043" endtime="20250705 15:55:12.043"/>
</kw>
<kw name="Validate Login Response" library="auth_api_keywords">
<var>${login_data}</var>
<arg>${response}</arg>
<doc>Validates successful login response</doc>
<kw name="Should Be Equal As Integers" library="BuiltIn">
<arg>${response.status_code}</arg>
<arg>${HTTP_OK}</arg>
<doc>Fails if objects are unequal after converting them to integers.</doc>
<msg timestamp="20250705 15:55:12.044" level="INFO">Argument types are:
&lt;class 'int'&gt;
&lt;class 'str'&gt;</msg>
<status status="PASS" starttime="20250705 15:55:12.044" endtime="20250705 15:55:12.044"/>
</kw>
<kw name="Validate JSON Response" library="api_common">
<var>${json_data}</var>
<arg>${response}</arg>
<arg>${USER_ID_FIELD}</arg>
<arg>${USERNAME_FIELD}</arg>
<arg>${ACCESS_TOKEN_FIELD}</arg>
<arg>${REFRESH_TOKEN_FIELD}</arg>
<doc>Validates that response contains expected JSON fields</doc>
<kw name="Should Be Equal As Strings" library="BuiltIn">
<arg>${response.headers['Content-Type']}</arg>
<arg>${CONTENT_TYPE_JSON}</arg>
<doc>Fails if objects are unequal after converting them to strings.</doc>
<status status="PASS" starttime="20250705 15:55:12.044" endtime="20250705 15:55:12.044"/>
</kw>
<kw name="Set Variable" library="BuiltIn">
<var>${json_data}</var>
<arg>${response.json()}</arg>
<doc>Returns the given values which can then be assigned to a variables.</doc>
<msg timestamp="20250705 15:55:12.045" level="INFO">${json_data} = {'userId': 7, 'username': 'apiuser17517201116549', 'accessToken': 'eyJhbGciOiJIUzI1NiIsInR5cCI6IkpXVCJ9.eyJ1c2VyX2lkIjo3LCJ1c2VybmFtZSI6ImFwaXVzZXIxNzUxNzIwMTExNjU0OSIsImV4cCI6MTc1MTcyMTkxMn0.7TORk1bp...</msg>
<status status="PASS" starttime="20250705 15:55:12.045" endtime="20250705 15:55:12.045"/>
</kw>
<for flavor="IN">
<var>${field}</var>
<value>@{expected_fields}</value>
<iter>
<var name="${field}">userId</var>
<kw name="Dictionary Should Contain Key" library="Collections">
<arg>${json_data}</arg>
<arg>${field}</arg>
<doc>Fails if ``key`` is not found from ``dictionary``.</doc>
<status status="PASS" starttime="20250705 15:55:12.045" endtime="20250705 15:55:12.045"/>
</kw>
<status status="PASS" starttime="20250705 15:55:12.045" endtime="20250705 15:55:12.045"/>
</iter>
<iter>
<var name="${field}">username</var>
<kw name="Dictionary Should Contain Key" library="Collections">
<arg>${json_data}</arg>
<arg>${field}</arg>
<doc>Fails if ``key`` is not found from ``dictionary``.</doc>
<status status="PASS" starttime="20250705 15:55:12.045" endtime="20250705 15:55:12.045"/>
</kw>
<status status="PASS" starttime="20250705 15:55:12.045" endtime="20250705 15:55:12.045"/>
</iter>
<iter>
<var name="${field}">accessToken</var>
<kw name="Dictionary Should Contain Key" library="Collections">
<arg>${json_data}</arg>
<arg>${field}</arg>
<doc>Fails if ``key`` is not found from ``dictionary``.</doc>
<status status="PASS" starttime="20250705 15:55:12.045" endtime="20250705 15:55:12.045"/>
</kw>
<status status="PASS" starttime="20250705 15:55:12.045" endtime="20250705 15:55:12.045"/>
</iter>
<iter>
<var name="${field}">refreshToken</var>
<kw name="Dictionary Should Contain Key" library="Collections">
<arg>${json_data}</arg>
<arg>${field}</arg>
<doc>Fails if ``key`` is not found from ``dictionary``.</doc>
<status status="PASS" starttime="20250705 15:55:12.045" endtime="20250705 15:55:12.045"/>
</kw>
<status status="PASS" starttime="20250705 15:55:12.045" endtime="20250705 15:55:12.045"/>
</iter>
<status status="PASS" starttime="20250705 15:55:12.045" endtime="20250705 15:55:12.045"/>
</for>
<msg timestamp="20250705 15:55:12.045" level="INFO">${json_data} = {'userId': 7, 'username': 'apiuser17517201116549', 'accessToken': 'eyJhbGciOiJIUzI1NiIsInR5cCI6IkpXVCJ9.eyJ1c2VyX2lkIjo3LCJ1c2VybmFtZSI6ImFwaXVzZXIxNzUxNzIwMTExNjU0OSIsImV4cCI6MTc1MTcyMTkxMn0.7TORk1bp...</msg>
<status status="PASS" starttime="20250705 15:55:12.044" endtime="20250705 15:55:12.045"/>
</kw>
<kw name="Should Not Be Empty" library="BuiltIn">
<arg>${json_data['${ACCESS_TOKEN_FIELD}']}</arg>
<doc>Verifies that the given item is not empty.</doc>
<msg timestamp="20250705 15:55:12.046" level="INFO">Length is 168</msg>
<status status="PASS" starttime="20250705 15:55:12.045" endtime="20250705 15:55:12.046"/>
</kw>
<kw name="Should Not Be Empty" library="BuiltIn">
<arg>${json_data['${REFRESH_TOKEN_FIELD}']}</arg>
<doc>Verifies that the given item is not empty.</doc>
<msg timestamp="20250705 15:55:12.046" level="INFO">Length is 135</msg>
<status status="PASS" starttime="20250705 15:55:12.046" endtime="20250705 15:55:12.046"/>
</kw>
<msg timestamp="20250705 15:55:12.046" level="INFO">${login_data} = {'userId': 7, 'username': 'apiuser17517201116549', 'accessToken': 'eyJhbGciOiJIUzI1NiIsInR5cCI6IkpXVCJ9.eyJ1c2VyX2lkIjo3LCJ1c2VybmFtZSI6ImFwaXVzZXIxNzUxNzIwMTExNjU0OSIsImV4cCI6MTc1MTcyMTkxMn0.7TORk1bp...</msg>
<status status="PASS" starttime="20250705 15:55:12.043" endtime="20250705 15:55:12.046"/>
</kw>
<kw name="Should Be Equal As Strings" library="BuiltIn">
<arg>${login_data['${USERNAME_FIELD}']}</arg>
<arg>${unique_username}</arg>
<doc>Fails if objects are unequal after converting them to strings.</doc>
<status status="PASS" starttime="20250705 15:55:12.046" endtime="20250705 15:55:12.046"/>
</kw>
<doc>Test that user login works with valid credentials</doc>
<tag>api</tag>
<tag>auth</tag>
<tag>crud</tag>
<tag>happy_path</tag>
<tag>login</tag>
<tag>smoke</tag>
<status status="PASS" starttime="20250705 15:55:11.459" endtime="20250705 15:55:12.047"/>
</test>
<test id="s1-s1-t3" name="Token Refresh Succeeds With Valid Tokens" line="40">
<kw name="Register Unique User Via API" library="auth_api_keywords">
<var>${user_data}</var>
<var>${username}</var>
<doc>Registers a new user with unique username via API</doc>
<kw name="Generate Unique Username" library="api_common">
<var>${unique_username}</var>
<doc>Generates a unique username for testing</doc>
<kw name="Get Time" library="BuiltIn">
<var>${timestamp}</var>
<arg>epoch</arg>
<doc>Returns the given time in the requested format.</doc>
<msg timestamp="20250705 15:55:12.047" level="INFO">${timestamp} = 1751720112</msg>
<status status="PASS" starttime="20250705 15:55:12.047" endtime="20250705 15:55:12.047"/>
</kw>
<kw name="Evaluate" library="BuiltIn">
<var>${random}</var>
<arg>random.randint(1000, 9999)</arg>
<arg>random</arg>
<doc>Evaluates the given expression in Python and returns the result.</doc>
<msg timestamp="20250705 15:55:12.047" level="INFO">${random} = 3850</msg>
<status status="PASS" starttime="20250705 15:55:12.047" endtime="20250705 15:55:12.047"/>
</kw>
<kw name="Set Variable" library="BuiltIn">
<var>${unique_username}</var>
<arg>apiuser${timestamp}${random}</arg>
<doc>Returns the given values which can then be assigned to a variables.</doc>
<msg timestamp="20250705 15:55:12.047" level="INFO">${unique_username} = apiuser17517201123850</msg>
<status status="PASS" starttime="20250705 15:55:12.047" endtime="20250705 15:55:12.047"/>
</kw>
<msg timestamp="20250705 15:55:12.047" level="INFO">${unique_username} = apiuser17517201123850</msg>
<status status="PASS" starttime="20250705 15:55:12.047" endtime="20250705 15:55:12.047"/>
</kw>
<kw name="Register User Via API" library="auth_api_keywords">
<var>${response}</var>
<arg>${unique_username}</arg>
<arg>${TEST_USER_PASSWORD}</arg>
<doc>Registers a new user via API</doc>
<kw name="Create Default Headers" library="api_common">
<var>${headers}</var>
<doc>Creates default headers for JSON requests</doc>
<kw name="Create Dictionary" library="BuiltIn">
<var>${headers}</var>
<arg>Content-Type=${CONTENT_TYPE_JSON}</arg>
<arg>Accept=${ACCEPT_JSON}</arg>
<doc>Creates and returns a dictionary based on the given ``items``.</doc>
<msg timestamp="20250705 15:55:12.048" level="INFO">${headers} = {'Content-Type': 'application/json', 'Accept': 'application/json'}</msg>
<status status="PASS" starttime="20250705 15:55:12.047" endtime="20250705 15:55:12.048"/>
</kw>
<msg timestamp="20250705 15:55:12.048" level="INFO">${headers} = {'Content-Type': 'application/json', 'Accept': 'application/json'}</msg>
<status status="PASS" starttime="20250705 15:55:12.047" endtime="20250705 15:55:12.048"/>
</kw>
<kw name="Set Variable" library="BuiltIn">
<var>${json_data}</var>
<arg>{"username": "${username}", "password": "${password}"}</arg>
<doc>Returns the given values which can then be assigned to a variables.</doc>
<msg timestamp="20250705 15:55:12.048" level="INFO">${json_data} = {"username": "apiuser17517201123850", "password": "ApiTest123!"}</msg>
<status status="PASS" starttime="20250705 15:55:12.048" endtime="20250705 15:55:12.048"/>
</kw>
<kw name="Make POST Request" library="api_common">
<var>${response}</var>
<arg>/api/users/</arg>
<arg>${json_data}</arg>
<arg>${headers}</arg>
<arg>${expected_status}</arg>
<doc>Makes a POST request and validates status code</doc>
<kw name="POST On Session" library="RequestsLibrary">
<var>${response}</var>
<arg>${TEST_SESSION}</arg>
<arg>${endpoint}</arg>
<arg>data=${data}</arg>
<arg>headers=${headers}</arg>
<arg>expected_status=any</arg>
<doc>Sends a POST request on a previously created HTTP Session.</doc>
<msg timestamp="20250705 15:55:12.319" level="INFO">POST Request : url=http://localhost:4322/api/users/ 
 path_url=/api/users/ 
 headers={'User-Agent': 'python-requests/2.31.0', 'Accept-Encoding': 'gzip, deflate, zstd', 'Accept': 'application/json', 'Connection': 'keep-alive', 'Content-Type': 'application/json', 'Content-Length': '64'} 
 body={"username": "apiuser17517201123850", "password": "ApiTest123!"} 
 </msg>
<msg timestamp="20250705 15:55:12.319" level="INFO">POST Response : url=http://localhost:4322/api/users/ 
 status=200, reason=OK 
 headers={'date': 'Sat, 05 Jul 2025 12:55:11 GMT', 'server': 'uvicorn', 'content-length': '385', 'content-type': 'application/json'} 
 body={"userId":8,"username":"apiuser17517201123850","accessToken":"eyJhbGciOiJIUzI1NiIsInR5cCI6IkpXVCJ9.eyJ1c2VyX2lkIjo4LCJ1c2VybmFtZSI6ImFwaXVzZXIxNzUxNzIwMTEyMzg1MCIsImV4cCI6MTc1MTcyMTkxMn0.QpKnGSoWOiXF87-83bgkm8KNpL47-zIH4I3VrqVWWos","refreshToken":"eyJhbGciOiJIUzI1NiIsInR5cCI6IkpXVCJ9.eyJzdWIiOiJyZWZyZXNoX3Rva2VuIiwiZXhwIjoxNzU0MzEyMTEyfQ.eb5V4JtFKjt7QqaOSXM0xFHp7nnTNnBhqlhdY-uDX0Y"} 
 </msg>
<msg timestamp="20250705 15:55:12.319" level="INFO">${response} = &lt;Response [200]&gt;</msg>
<status status="PASS" starttime="20250705 15:55:12.048" endtime="20250705 15:55:12.319"/>
</kw>
<kw name="Should Be Equal As Integers" library="BuiltIn">
<arg>${response.status_code}</arg>
<arg>${expected_status}</arg>
<doc>Fails if objects are unequal after converting them to integers.</doc>
<msg timestamp="20250705 15:55:12.321" level="INFO">Argument types are:
&lt;class 'int'&gt;
&lt;class 'str'&gt;</msg>
<status status="PASS" starttime="20250705 15:55:12.320" endtime="20250705 15:55:12.321"/>
</kw>
<msg timestamp="20250705 15:55:12.321" level="INFO">${response} = &lt;Response [200]&gt;</msg>
<status status="PASS" starttime="20250705 15:55:12.048" endtime="20250705 15:55:12.321"/>
</kw>
<msg timestamp="20250705 15:55:12.322" level="INFO">${response} = &lt;Response [200]&gt;</msg>
<status status="PASS" starttime="20250705 15:55:12.047" endtime="20250705 15:55:12.322"/>
</kw>
<kw name="Should Be Equal As Integers" library="BuiltIn">
<arg>${response.status_code}</arg>
<arg>${HTTP_OK}</arg>
<doc>Fails if objects are unequal after converting them to integers.</doc>
<msg timestamp="20250705 15:55:12.323" level="INFO">Argument types are:
&lt;class 'int'&gt;
&lt;class 'str'&gt;</msg>
<status status="PASS" starttime="20250705 15:55:12.322" endtime="20250705 15:55:12.323"/>
</kw>
<kw name="Validate JSON Response" library="api_common">
<var>${json_data}</var>
<arg>${response}</arg>
<arg>${USER_ID_FIELD}</arg>
<arg>${USERNAME_FIELD}</arg>
<arg>${ACCESS_TOKEN_FIELD}</arg>
<arg>${REFRESH_TOKEN_FIELD}</arg>
<doc>Validates that response contains expected JSON fields</doc>
<kw name="Should Be Equal As Strings" library="BuiltIn">
<arg>${response.headers['Content-Type']}</arg>
<arg>${CONTENT_TYPE_JSON}</arg>
<doc>Fails if objects are unequal after converting them to strings.</doc>
<status status="PASS" starttime="20250705 15:55:12.323" endtime="20250705 15:55:12.323"/>
</kw>
<kw name="Set Variable" library="BuiltIn">
<var>${json_data}</var>
<arg>${response.json()}</arg>
<doc>Returns the given values which can then be assigned to a variables.</doc>
<msg timestamp="20250705 15:55:12.324" level="INFO">${json_data} = {'userId': 8, 'username': 'apiuser17517201123850', 'accessToken': 'eyJhbGciOiJIUzI1NiIsInR5cCI6IkpXVCJ9.eyJ1c2VyX2lkIjo4LCJ1c2VybmFtZSI6ImFwaXVzZXIxNzUxNzIwMTEyMzg1MCIsImV4cCI6MTc1MTcyMTkxMn0.QpKnGSoW...</msg>
<status status="PASS" starttime="20250705 15:55:12.323" endtime="20250705 15:55:12.324"/>
</kw>
<for flavor="IN">
<var>${field}</var>
<value>@{expected_fields}</value>
<iter>
<var name="${field}">userId</var>
<kw name="Dictionary Should Contain Key" library="Collections">
<arg>${json_data}</arg>
<arg>${field}</arg>
<doc>Fails if ``key`` is not found from ``dictionary``.</doc>
<status status="PASS" starttime="20250705 15:55:12.324" endtime="20250705 15:55:12.324"/>
</kw>
<status status="PASS" starttime="20250705 15:55:12.324" endtime="20250705 15:55:12.324"/>
</iter>
<iter>
<var name="${field}">username</var>
<kw name="Dictionary Should Contain Key" library="Collections">
<arg>${json_data}</arg>
<arg>${field}</arg>
<doc>Fails if ``key`` is not found from ``dictionary``.</doc>
<status status="PASS" starttime="20250705 15:55:12.324" endtime="20250705 15:55:12.324"/>
</kw>
<status status="PASS" starttime="20250705 15:55:12.324" endtime="20250705 15:55:12.324"/>
</iter>
<iter>
<var name="${field}">accessToken</var>
<kw name="Dictionary Should Contain Key" library="Collections">
<arg>${json_data}</arg>
<arg>${field}</arg>
<doc>Fails if ``key`` is not found from ``dictionary``.</doc>
<status status="PASS" starttime="20250705 15:55:12.324" endtime="20250705 15:55:12.324"/>
</kw>
<status status="PASS" starttime="20250705 15:55:12.324" endtime="20250705 15:55:12.324"/>
</iter>
<iter>
<var name="${field}">refreshToken</var>
<kw name="Dictionary Should Contain Key" library="Collections">
<arg>${json_data}</arg>
<arg>${field}</arg>
<doc>Fails if ``key`` is not found from ``dictionary``.</doc>
<status status="PASS" starttime="20250705 15:55:12.324" endtime="20250705 15:55:12.325"/>
</kw>
<status status="PASS" starttime="20250705 15:55:12.324" endtime="20250705 15:55:12.325"/>
</iter>
<status status="PASS" starttime="20250705 15:55:12.324" endtime="20250705 15:55:12.325"/>
</for>
<msg timestamp="20250705 15:55:12.325" level="INFO">${json_data} = {'userId': 8, 'username': 'apiuser17517201123850', 'accessToken': 'eyJhbGciOiJIUzI1NiIsInR5cCI6IkpXVCJ9.eyJ1c2VyX2lkIjo4LCJ1c2VybmFtZSI6ImFwaXVzZXIxNzUxNzIwMTEyMzg1MCIsImV4cCI6MTc1MTcyMTkxMn0.QpKnGSoW...</msg>
<status status="PASS" starttime="20250705 15:55:12.323" endtime="20250705 15:55:12.325"/>
</kw>
<msg timestamp="20250705 15:55:12.325" level="INFO">${user_data} = {'userId': 8, 'username': 'apiuser17517201123850', 'accessToken': 'eyJhbGciOiJIUzI1NiIsInR5cCI6IkpXVCJ9.eyJ1c2VyX2lkIjo4LCJ1c2VybmFtZSI6ImFwaXVzZXIxNzUxNzIwMTEyMzg1MCIsImV4cCI6MTc1MTcyMTkxMn0.QpKnGSoW...</msg>
<msg timestamp="20250705 15:55:12.325" level="INFO">${username} = apiuser17517201123850</msg>
<status status="PASS" starttime="20250705 15:55:12.047" endtime="20250705 15:55:12.325"/>
</kw>
<kw name="Get From Dictionary" library="Collections">
<var>${access_token}</var>
<arg>${user_data}</arg>
<arg>${ACCESS_TOKEN_FIELD}</arg>
<doc>Returns a value from the given ``dictionary`` based on the given ``key``.</doc>
<msg timestamp="20250705 15:55:12.326" level="INFO">${access_token} = eyJhbGciOiJIUzI1NiIsInR5cCI6IkpXVCJ9.eyJ1c2VyX2lkIjo4LCJ1c2VybmFtZSI6ImFwaXVzZXIxNzUxNzIwMTEyMzg1MCIsImV4cCI6MTc1MTcyMTkxMn0.QpKnGSoWOiXF87-83bgkm8KNpL47-zIH4I3VrqVWWos</msg>
<status status="PASS" starttime="20250705 15:55:12.326" endtime="20250705 15:55:12.326"/>
</kw>
<kw name="Get From Dictionary" library="Collections">
<var>${refresh_token}</var>
<arg>${user_data}</arg>
<arg>${REFRESH_TOKEN_FIELD}</arg>
<doc>Returns a value from the given ``dictionary`` based on the given ``key``.</doc>
<msg timestamp="20250705 15:55:12.326" level="INFO">${refresh_token} = eyJhbGciOiJIUzI1NiIsInR5cCI6IkpXVCJ9.eyJzdWIiOiJyZWZyZXNoX3Rva2VuIiwiZXhwIjoxNzU0MzEyMTEyfQ.eb5V4JtFKjt7QqaOSXM0xFHp7nnTNnBhqlhdY-uDX0Y</msg>
<status status="PASS" starttime="20250705 15:55:12.326" endtime="20250705 15:55:12.326"/>
</kw>
<kw name="Refresh Token Via API" library="auth_api_keywords">
<var>${response}</var>
<arg>${access_token}</arg>
<arg>${refresh_token}</arg>
<doc>Refreshes access token via API</doc>
<kw name="Create Default Headers" library="api_common">
<var>${headers}</var>
<doc>Creates default headers for JSON requests</doc>
<kw name="Create Dictionary" library="BuiltIn">
<var>${headers}</var>
<arg>Content-Type=${CONTENT_TYPE_JSON}</arg>
<arg>Accept=${ACCEPT_JSON}</arg>
<doc>Creates and returns a dictionary based on the given ``items``.</doc>
<msg timestamp="20250705 15:55:12.326" level="INFO">${headers} = {'Content-Type': 'application/json', 'Accept': 'application/json'}</msg>
<status status="PASS" starttime="20250705 15:55:12.326" endtime="20250705 15:55:12.326"/>
</kw>
<msg timestamp="20250705 15:55:12.326" level="INFO">${headers} = {'Content-Type': 'application/json', 'Accept': 'application/json'}</msg>
<status status="PASS" starttime="20250705 15:55:12.326" endtime="20250705 15:55:12.326"/>
</kw>
<kw name="Set Variable" library="BuiltIn">
<var>${json_data}</var>
<arg>{"accessToken": "${access_token}", "refreshToken": "${refresh_token}"}</arg>
<doc>Returns the given values which can then be assigned to a variables.</doc>
<msg timestamp="20250705 15:55:12.326" level="INFO">${json_data} = {"accessToken": "eyJhbGciOiJIUzI1NiIsInR5cCI6IkpXVCJ9.eyJ1c2VyX2lkIjo4LCJ1c2VybmFtZSI6ImFwaXVzZXIxNzUxNzIwMTEyMzg1MCIsImV4cCI6MTc1MTcyMTkxMn0.QpKnGSoWOiXF87-83bgkm8KNpL47-zIH4I3VrqVWWos", "refreshToke...</msg>
<status status="PASS" starttime="20250705 15:55:12.326" endtime="20250705 15:55:12.326"/>
</kw>
<kw name="Make POST Request" library="api_common">
<var>${response}</var>
<arg>/api/users/refresh-token</arg>
<arg>${json_data}</arg>
<arg>${headers}</arg>
<arg>${expected_status}</arg>
<doc>Makes a POST request and validates status code</doc>
<kw name="POST On Session" library="RequestsLibrary">
<var>${response}</var>
<arg>${TEST_SESSION}</arg>
<arg>${endpoint}</arg>
<arg>data=${data}</arg>
<arg>headers=${headers}</arg>
<arg>expected_status=any</arg>
<doc>Sends a POST request on a previously created HTTP Session.</doc>
<msg timestamp="20250705 15:55:12.334" level="INFO">POST Request : url=http://localhost:4322/api/users/refresh-token 
 path_url=/api/users/refresh-token 
 headers={'User-Agent': 'python-requests/2.31.0', 'Accept-Encoding': 'gzip, deflate, zstd', 'Accept': 'application/json', 'Connection': 'keep-alive', 'Content-Type': 'application/json', 'Content-Length': '342'} 
 body={"accessToken": "eyJhbGciOiJIUzI1NiIsInR5cCI6IkpXVCJ9.eyJ1c2VyX2lkIjo4LCJ1c2VybmFtZSI6ImFwaXVzZXIxNzUxNzIwMTEyMzg1MCIsImV4cCI6MTc1MTcyMTkxMn0.QpKnGSoWOiXF87-83bgkm8KNpL47-zIH4I3VrqVWWos", "refreshToken": "eyJhbGciOiJIUzI1NiIsInR5cCI6IkpXVCJ9.eyJzdWIiOiJyZWZyZXNoX3Rva2VuIiwiZXhwIjoxNzU0MzEyMTEyfQ.eb5V4JtFKjt7QqaOSXM0xFHp7nnTNnBhqlhdY-uDX0Y"} 
 </msg>
<msg timestamp="20250705 15:55:12.334" level="INFO">POST Response : url=http://localhost:4322/api/users/refresh-token 
 status=200, reason=OK 
 headers={'date': 'Sat, 05 Jul 2025 12:55:11 GMT', 'server': 'uvicorn', 'content-length': '385', 'content-type': 'application/json'} 
 body={"userId":8,"username":"apiuser17517201123850","accessToken":"eyJhbGciOiJIUzI1NiIsInR5cCI6IkpXVCJ9.eyJ1c2VyX2lkIjo4LCJ1c2VybmFtZSI6ImFwaXVzZXIxNzUxNzIwMTEyMzg1MCIsImV4cCI6MTc1MTcyMTkxMn0.QpKnGSoWOiXF87-83bgkm8KNpL47-zIH4I3VrqVWWos","refreshToken":"eyJhbGciOiJIUzI1NiIsInR5cCI6IkpXVCJ9.eyJzdWIiOiJyZWZyZXNoX3Rva2VuIiwiZXhwIjoxNzU0MzEyMTEyfQ.eb5V4JtFKjt7QqaOSXM0xFHp7nnTNnBhqlhdY-uDX0Y"} 
 </msg>
<msg timestamp="20250705 15:55:12.334" level="INFO">${response} = &lt;Response [200]&gt;</msg>
<status status="PASS" starttime="20250705 15:55:12.326" endtime="20250705 15:55:12.334"/>
</kw>
<kw name="Should Be Equal As Integers" library="BuiltIn">
<arg>${response.status_code}</arg>
<arg>${expected_status}</arg>
<doc>Fails if objects are unequal after converting them to integers.</doc>
<msg timestamp="20250705 15:55:12.334" level="INFO">Argument types are:
&lt;class 'int'&gt;
&lt;class 'str'&gt;</msg>
<status status="PASS" starttime="20250705 15:55:12.334" endtime="20250705 15:55:12.334"/>
</kw>
<msg timestamp="20250705 15:55:12.334" level="INFO">${response} = &lt;Response [200]&gt;</msg>
<status status="PASS" starttime="20250705 15:55:12.326" endtime="20250705 15:55:12.334"/>
</kw>
<msg timestamp="20250705 15:55:12.334" level="INFO">${response} = &lt;Response [200]&gt;</msg>
<status status="PASS" starttime="20250705 15:55:12.326" endtime="20250705 15:55:12.334"/>
</kw>
<kw name="Validate Login Response" library="auth_api_keywords">
<var>${token_data}</var>
<arg>${response}</arg>
<doc>Validates successful login response</doc>
<kw name="Should Be Equal As Integers" library="BuiltIn">
<arg>${response.status_code}</arg>
<arg>${HTTP_OK}</arg>
<doc>Fails if objects are unequal after converting them to integers.</doc>
<msg timestamp="20250705 15:55:12.335" level="INFO">Argument types are:
&lt;class 'int'&gt;
&lt;class 'str'&gt;</msg>
<status status="PASS" starttime="20250705 15:55:12.334" endtime="20250705 15:55:12.335"/>
</kw>
<kw name="Validate JSON Response" library="api_common">
<var>${json_data}</var>
<arg>${response}</arg>
<arg>${USER_ID_FIELD}</arg>
<arg>${USERNAME_FIELD}</arg>
<arg>${ACCESS_TOKEN_FIELD}</arg>
<arg>${REFRESH_TOKEN_FIELD}</arg>
<doc>Validates that response contains expected JSON fields</doc>
<kw name="Should Be Equal As Strings" library="BuiltIn">
<arg>${response.headers['Content-Type']}</arg>
<arg>${CONTENT_TYPE_JSON}</arg>
<doc>Fails if objects are unequal after converting them to strings.</doc>
<status status="PASS" starttime="20250705 15:55:12.335" endtime="20250705 15:55:12.335"/>
</kw>
<kw name="Set Variable" library="BuiltIn">
<var>${json_data}</var>
<arg>${response.json()}</arg>
<doc>Returns the given values which can then be assigned to a variables.</doc>
<msg timestamp="20250705 15:55:12.335" level="INFO">${json_data} = {'userId': 8, 'username': 'apiuser17517201123850', 'accessToken': 'eyJhbGciOiJIUzI1NiIsInR5cCI6IkpXVCJ9.eyJ1c2VyX2lkIjo4LCJ1c2VybmFtZSI6ImFwaXVzZXIxNzUxNzIwMTEyMzg1MCIsImV4cCI6MTc1MTcyMTkxMn0.QpKnGSoW...</msg>
<status status="PASS" starttime="20250705 15:55:12.335" endtime="20250705 15:55:12.335"/>
</kw>
<for flavor="IN">
<var>${field}</var>
<value>@{expected_fields}</value>
<iter>
<var name="${field}">userId</var>
<kw name="Dictionary Should Contain Key" library="Collections">
<arg>${json_data}</arg>
<arg>${field}</arg>
<doc>Fails if ``key`` is not found from ``dictionary``.</doc>
<status status="PASS" starttime="20250705 15:55:12.336" endtime="20250705 15:55:12.336"/>
</kw>
<status status="PASS" starttime="20250705 15:55:12.336" endtime="20250705 15:55:12.336"/>
</iter>
<iter>
<var name="${field}">username</var>
<kw name="Dictionary Should Contain Key" library="Collections">
<arg>${json_data}</arg>
<arg>${field}</arg>
<doc>Fails if ``key`` is not found from ``dictionary``.</doc>
<status status="PASS" starttime="20250705 15:55:12.336" endtime="20250705 15:55:12.336"/>
</kw>
<status status="PASS" starttime="20250705 15:55:12.336" endtime="20250705 15:55:12.336"/>
</iter>
<iter>
<var name="${field}">accessToken</var>
<kw name="Dictionary Should Contain Key" library="Collections">
<arg>${json_data}</arg>
<arg>${field}</arg>
<doc>Fails if ``key`` is not found from ``dictionary``.</doc>
<status status="PASS" starttime="20250705 15:55:12.336" endtime="20250705 15:55:12.336"/>
</kw>
<status status="PASS" starttime="20250705 15:55:12.336" endtime="20250705 15:55:12.336"/>
</iter>
<iter>
<var name="${field}">refreshToken</var>
<kw name="Dictionary Should Contain Key" library="Collections">
<arg>${json_data}</arg>
<arg>${field}</arg>
<doc>Fails if ``key`` is not found from ``dictionary``.</doc>
<status status="PASS" starttime="20250705 15:55:12.336" endtime="20250705 15:55:12.336"/>
</kw>
<status status="PASS" starttime="20250705 15:55:12.336" endtime="20250705 15:55:12.336"/>
</iter>
<status status="PASS" starttime="20250705 15:55:12.335" endtime="20250705 15:55:12.336"/>
</for>
<msg timestamp="20250705 15:55:12.336" level="INFO">${json_data} = {'userId': 8, 'username': 'apiuser17517201123850', 'accessToken': 'eyJhbGciOiJIUzI1NiIsInR5cCI6IkpXVCJ9.eyJ1c2VyX2lkIjo4LCJ1c2VybmFtZSI6ImFwaXVzZXIxNzUxNzIwMTEyMzg1MCIsImV4cCI6MTc1MTcyMTkxMn0.QpKnGSoW...</msg>
<status status="PASS" starttime="20250705 15:55:12.335" endtime="20250705 15:55:12.336"/>
</kw>
<kw name="Should Not Be Empty" library="BuiltIn">
<arg>${json_data['${ACCESS_TOKEN_FIELD}']}</arg>
<doc>Verifies that the given item is not empty.</doc>
<msg timestamp="20250705 15:55:12.336" level="INFO">Length is 168</msg>
<status status="PASS" starttime="20250705 15:55:12.336" endtime="20250705 15:55:12.336"/>
</kw>
<kw name="Should Not Be Empty" library="BuiltIn">
<arg>${json_data['${REFRESH_TOKEN_FIELD}']}</arg>
<doc>Verifies that the given item is not empty.</doc>
<msg timestamp="20250705 15:55:12.337" level="INFO">Length is 135</msg>
<status status="PASS" starttime="20250705 15:55:12.336" endtime="20250705 15:55:12.337"/>
</kw>
<msg timestamp="20250705 15:55:12.337" level="INFO">${token_data} = {'userId': 8, 'username': 'apiuser17517201123850', 'accessToken': 'eyJhbGciOiJIUzI1NiIsInR5cCI6IkpXVCJ9.eyJ1c2VyX2lkIjo4LCJ1c2VybmFtZSI6ImFwaXVzZXIxNzUxNzIwMTEyMzg1MCIsImV4cCI6MTc1MTcyMTkxMn0.QpKnGSoW...</msg>
<status status="PASS" starttime="20250705 15:55:12.334" endtime="20250705 15:55:12.337"/>
</kw>
<kw name="Should Not Be Empty" library="BuiltIn">
<arg>${token_data['${ACCESS_TOKEN_FIELD}']}</arg>
<doc>Verifies that the given item is not empty.</doc>
<msg timestamp="20250705 15:55:12.337" level="INFO">Length is 168</msg>
<status status="PASS" starttime="20250705 15:55:12.337" endtime="20250705 15:55:12.337"/>
</kw>
<doc>Test that token refresh works with valid tokens</doc>
<tag>api</tag>
<tag>auth</tag>
<tag>happy_path</tag>
<tag>token_refresh</tag>
<status status="PASS" starttime="20250705 15:55:12.047" endtime="20250705 15:55:12.337"/>
</test>
<test id="s1-s1-t4" name="User Search Returns Users" line="50">
<kw name="Register Unique User Via API" library="auth_api_keywords">
<var>${user_data}</var>
<var>${username}</var>
<doc>Registers a new user with unique username via API</doc>
<kw name="Generate Unique Username" library="api_common">
<var>${unique_username}</var>
<doc>Generates a unique username for testing</doc>
<kw name="Get Time" library="BuiltIn">
<var>${timestamp}</var>
<arg>epoch</arg>
<doc>Returns the given time in the requested format.</doc>
<msg timestamp="20250705 15:55:12.337" level="INFO">${timestamp} = 1751720112</msg>
<status status="PASS" starttime="20250705 15:55:12.337" endtime="20250705 15:55:12.337"/>
</kw>
<kw name="Evaluate" library="BuiltIn">
<var>${random}</var>
<arg>random.randint(1000, 9999)</arg>
<arg>random</arg>
<doc>Evaluates the given expression in Python and returns the result.</doc>
<msg timestamp="20250705 15:55:12.338" level="INFO">${random} = 4497</msg>
<status status="PASS" starttime="20250705 15:55:12.338" endtime="20250705 15:55:12.338"/>
</kw>
<kw name="Set Variable" library="BuiltIn">
<var>${unique_username}</var>
<arg>apiuser${timestamp}${random}</arg>
<doc>Returns the given values which can then be assigned to a variables.</doc>
<msg timestamp="20250705 15:55:12.338" level="INFO">${unique_username} = apiuser17517201124497</msg>
<status status="PASS" starttime="20250705 15:55:12.338" endtime="20250705 15:55:12.338"/>
</kw>
<msg timestamp="20250705 15:55:12.338" level="INFO">${unique_username} = apiuser17517201124497</msg>
<status status="PASS" starttime="20250705 15:55:12.337" endtime="20250705 15:55:12.338"/>
</kw>
<kw name="Register User Via API" library="auth_api_keywords">
<var>${response}</var>
<arg>${unique_username}</arg>
<arg>${TEST_USER_PASSWORD}</arg>
<doc>Registers a new user via API</doc>
<kw name="Create Default Headers" library="api_common">
<var>${headers}</var>
<doc>Creates default headers for JSON requests</doc>
<kw name="Create Dictionary" library="BuiltIn">
<var>${headers}</var>
<arg>Content-Type=${CONTENT_TYPE_JSON}</arg>
<arg>Accept=${ACCEPT_JSON}</arg>
<doc>Creates and returns a dictionary based on the given ``items``.</doc>
<msg timestamp="20250705 15:55:12.338" level="INFO">${headers} = {'Content-Type': 'application/json', 'Accept': 'application/json'}</msg>
<status status="PASS" starttime="20250705 15:55:12.338" endtime="20250705 15:55:12.338"/>
</kw>
<msg timestamp="20250705 15:55:12.338" level="INFO">${headers} = {'Content-Type': 'application/json', 'Accept': 'application/json'}</msg>
<status status="PASS" starttime="20250705 15:55:12.338" endtime="20250705 15:55:12.338"/>
</kw>
<kw name="Set Variable" library="BuiltIn">
<var>${json_data}</var>
<arg>{"username": "${username}", "password": "${password}"}</arg>
<doc>Returns the given values which can then be assigned to a variables.</doc>
<msg timestamp="20250705 15:55:12.338" level="INFO">${json_data} = {"username": "apiuser17517201124497", "password": "ApiTest123!"}</msg>
<status status="PASS" starttime="20250705 15:55:12.338" endtime="20250705 15:55:12.338"/>
</kw>
<kw name="Make POST Request" library="api_common">
<var>${response}</var>
<arg>/api/users/</arg>
<arg>${json_data}</arg>
<arg>${headers}</arg>
<arg>${expected_status}</arg>
<doc>Makes a POST request and validates status code</doc>
<kw name="POST On Session" library="RequestsLibrary">
<var>${response}</var>
<arg>${TEST_SESSION}</arg>
<arg>${endpoint}</arg>
<arg>data=${data}</arg>
<arg>headers=${headers}</arg>
<arg>expected_status=any</arg>
<doc>Sends a POST request on a previously created HTTP Session.</doc>
<msg timestamp="20250705 15:55:12.617" level="INFO">POST Request : url=http://localhost:4322/api/users/ 
 path_url=/api/users/ 
 headers={'User-Agent': 'python-requests/2.31.0', 'Accept-Encoding': 'gzip, deflate, zstd', 'Accept': 'application/json', 'Connection': 'keep-alive', 'Content-Type': 'application/json', 'Content-Length': '64'} 
 body={"username": "apiuser17517201124497", "password": "ApiTest123!"} 
 </msg>
<msg timestamp="20250705 15:55:12.617" level="INFO">POST Response : url=http://localhost:4322/api/users/ 
 status=200, reason=OK 
 headers={'date': 'Sat, 05 Jul 2025 12:55:11 GMT', 'server': 'uvicorn', 'content-length': '385', 'content-type': 'application/json'} 
 body={"userId":9,"username":"apiuser17517201124497","accessToken":"eyJhbGciOiJIUzI1NiIsInR5cCI6IkpXVCJ9.eyJ1c2VyX2lkIjo5LCJ1c2VybmFtZSI6ImFwaXVzZXIxNzUxNzIwMTEyNDQ5NyIsImV4cCI6MTc1MTcyMTkxMn0.v64ZYPt7FzB5r3JcfX91hRoFvp07Ay_4ur-uGm4RAFQ","refreshToken":"eyJhbGciOiJIUzI1NiIsInR5cCI6IkpXVCJ9.eyJzdWIiOiJyZWZyZXNoX3Rva2VuIiwiZXhwIjoxNzU0MzEyMTEyfQ.eb5V4JtFKjt7QqaOSXM0xFHp7nnTNnBhqlhdY-uDX0Y"} 
 </msg>
<msg timestamp="20250705 15:55:12.617" level="INFO">${response} = &lt;Response [200]&gt;</msg>
<status status="PASS" starttime="20250705 15:55:12.338" endtime="20250705 15:55:12.617"/>
</kw>
<kw name="Should Be Equal As Integers" library="BuiltIn">
<arg>${response.status_code}</arg>
<arg>${expected_status}</arg>
<doc>Fails if objects are unequal after converting them to integers.</doc>
<msg timestamp="20250705 15:55:12.619" level="INFO">Argument types are:
&lt;class 'int'&gt;
&lt;class 'str'&gt;</msg>
<status status="PASS" starttime="20250705 15:55:12.617" endtime="20250705 15:55:12.619"/>
</kw>
<msg timestamp="20250705 15:55:12.619" level="INFO">${response} = &lt;Response [200]&gt;</msg>
<status status="PASS" starttime="20250705 15:55:12.338" endtime="20250705 15:55:12.619"/>
</kw>
<msg timestamp="20250705 15:55:12.619" level="INFO">${response} = &lt;Response [200]&gt;</msg>
<status status="PASS" starttime="20250705 15:55:12.338" endtime="20250705 15:55:12.619"/>
</kw>
<kw name="Should Be Equal As Integers" library="BuiltIn">
<arg>${response.status_code}</arg>
<arg>${HTTP_OK}</arg>
<doc>Fails if objects are unequal after converting them to integers.</doc>
<msg timestamp="20250705 15:55:12.620" level="INFO">Argument types are:
&lt;class 'int'&gt;
&lt;class 'str'&gt;</msg>
<status status="PASS" starttime="20250705 15:55:12.620" endtime="20250705 15:55:12.620"/>
</kw>
<kw name="Validate JSON Response" library="api_common">
<var>${json_data}</var>
<arg>${response}</arg>
<arg>${USER_ID_FIELD}</arg>
<arg>${USERNAME_FIELD}</arg>
<arg>${ACCESS_TOKEN_FIELD}</arg>
<arg>${REFRESH_TOKEN_FIELD}</arg>
<doc>Validates that response contains expected JSON fields</doc>
<kw name="Should Be Equal As Strings" library="BuiltIn">
<arg>${response.headers['Content-Type']}</arg>
<arg>${CONTENT_TYPE_JSON}</arg>
<doc>Fails if objects are unequal after converting them to strings.</doc>
<status status="PASS" starttime="20250705 15:55:12.621" endtime="20250705 15:55:12.621"/>
</kw>
<kw name="Set Variable" library="BuiltIn">
<var>${json_data}</var>
<arg>${response.json()}</arg>
<doc>Returns the given values which can then be assigned to a variables.</doc>
<msg timestamp="20250705 15:55:12.621" level="INFO">${json_data} = {'userId': 9, 'username': 'apiuser17517201124497', 'accessToken': 'eyJhbGciOiJIUzI1NiIsInR5cCI6IkpXVCJ9.eyJ1c2VyX2lkIjo5LCJ1c2VybmFtZSI6ImFwaXVzZXIxNzUxNzIwMTEyNDQ5NyIsImV4cCI6MTc1MTcyMTkxMn0.v64ZYPt7...</msg>
<status status="PASS" starttime="20250705 15:55:12.621" endtime="20250705 15:55:12.621"/>
</kw>
<for flavor="IN">
<var>${field}</var>
<value>@{expected_fields}</value>
<iter>
<var name="${field}">userId</var>
<kw name="Dictionary Should Contain Key" library="Collections">
<arg>${json_data}</arg>
<arg>${field}</arg>
<doc>Fails if ``key`` is not found from ``dictionary``.</doc>
<status status="PASS" starttime="20250705 15:55:12.621" endtime="20250705 15:55:12.621"/>
</kw>
<status status="PASS" starttime="20250705 15:55:12.621" endtime="20250705 15:55:12.621"/>
</iter>
<iter>
<var name="${field}">username</var>
<kw name="Dictionary Should Contain Key" library="Collections">
<arg>${json_data}</arg>
<arg>${field}</arg>
<doc>Fails if ``key`` is not found from ``dictionary``.</doc>
<status status="PASS" starttime="20250705 15:55:12.622" endtime="20250705 15:55:12.622"/>
</kw>
<status status="PASS" starttime="20250705 15:55:12.621" endtime="20250705 15:55:12.622"/>
</iter>
<iter>
<var name="${field}">accessToken</var>
<kw name="Dictionary Should Contain Key" library="Collections">
<arg>${json_data}</arg>
<arg>${field}</arg>
<doc>Fails if ``key`` is not found from ``dictionary``.</doc>
<status status="PASS" starttime="20250705 15:55:12.622" endtime="20250705 15:55:12.622"/>
</kw>
<status status="PASS" starttime="20250705 15:55:12.622" endtime="20250705 15:55:12.622"/>
</iter>
<iter>
<var name="${field}">refreshToken</var>
<kw name="Dictionary Should Contain Key" library="Collections">
<arg>${json_data}</arg>
<arg>${field}</arg>
<doc>Fails if ``key`` is not found from ``dictionary``.</doc>
<status status="PASS" starttime="20250705 15:55:12.622" endtime="20250705 15:55:12.622"/>
</kw>
<status status="PASS" starttime="20250705 15:55:12.622" endtime="20250705 15:55:12.622"/>
</iter>
<status status="PASS" starttime="20250705 15:55:12.621" endtime="20250705 15:55:12.622"/>
</for>
<msg timestamp="20250705 15:55:12.622" level="INFO">${json_data} = {'userId': 9, 'username': 'apiuser17517201124497', 'accessToken': 'eyJhbGciOiJIUzI1NiIsInR5cCI6IkpXVCJ9.eyJ1c2VyX2lkIjo5LCJ1c2VybmFtZSI6ImFwaXVzZXIxNzUxNzIwMTEyNDQ5NyIsImV4cCI6MTc1MTcyMTkxMn0.v64ZYPt7...</msg>
<status status="PASS" starttime="20250705 15:55:12.620" endtime="20250705 15:55:12.622"/>
</kw>
<msg timestamp="20250705 15:55:12.622" level="INFO">${user_data} = {'userId': 9, 'username': 'apiuser17517201124497', 'accessToken': 'eyJhbGciOiJIUzI1NiIsInR5cCI6IkpXVCJ9.eyJ1c2VyX2lkIjo5LCJ1c2VybmFtZSI6ImFwaXVzZXIxNzUxNzIwMTEyNDQ5NyIsImV4cCI6MTc1MTcyMTkxMn0.v64ZYPt7...</msg>
<msg timestamp="20250705 15:55:12.622" level="INFO">${username} = apiuser17517201124497</msg>
<status status="PASS" starttime="20250705 15:55:12.337" endtime="20250705 15:55:12.622"/>
</kw>
<kw name="Get From Dictionary" library="Collections">
<var>${access_token}</var>
<arg>${user_data}</arg>
<arg>${ACCESS_TOKEN_FIELD}</arg>
<doc>Returns a value from the given ``dictionary`` based on the given ``key``.</doc>
<msg timestamp="20250705 15:55:12.622" level="INFO">${access_token} = eyJhbGciOiJIUzI1NiIsInR5cCI6IkpXVCJ9.eyJ1c2VyX2lkIjo5LCJ1c2VybmFtZSI6ImFwaXVzZXIxNzUxNzIwMTEyNDQ5NyIsImV4cCI6MTc1MTcyMTkxMn0.v64ZYPt7FzB5r3JcfX91hRoFvp07Ay_4ur-uGm4RAFQ</msg>
<status status="PASS" starttime="20250705 15:55:12.622" endtime="20250705 15:55:12.622"/>
</kw>
<kw name="Find Users Via API" library="auth_api_keywords">
<var>${response}</var>
<arg>${username}</arg>
<arg>${access_token}</arg>
<doc>Searches for users via API</doc>
<kw name="Create Auth Headers" library="api_common">
<var>${headers}</var>
<arg>${token}</arg>
<doc>Creates headers with authorization token</doc>
<kw name="Create Default Headers" library="api_common">
<var>${headers}</var>
<doc>Creates default headers for JSON requests</doc>
<kw name="Create Dictionary" library="BuiltIn">
<var>${headers}</var>
<arg>Content-Type=${CONTENT_TYPE_JSON}</arg>
<arg>Accept=${ACCEPT_JSON}</arg>
<doc>Creates and returns a dictionary based on the given ``items``.</doc>
<msg timestamp="20250705 15:55:12.623" level="INFO">${headers} = {'Content-Type': 'application/json', 'Accept': 'application/json'}</msg>
<status status="PASS" starttime="20250705 15:55:12.623" endtime="20250705 15:55:12.623"/>
</kw>
<msg timestamp="20250705 15:55:12.623" level="INFO">${headers} = {'Content-Type': 'application/json', 'Accept': 'application/json'}</msg>
<status status="PASS" starttime="20250705 15:55:12.623" endtime="20250705 15:55:12.623"/>
</kw>
<kw name="Set To Dictionary" library="Collections">
<arg>${headers}</arg>
<arg>Authorization=Bearer ${token}</arg>
<doc>Adds the given ``key_value_pairs`` and/or ``items`` to the ``dictionary``.</doc>
<status status="PASS" starttime="20250705 15:55:12.623" endtime="20250705 15:55:12.623"/>
</kw>
<msg timestamp="20250705 15:55:12.623" level="INFO">${headers} = {'Content-Type': 'application/json', 'Accept': 'application/json', 'Authorization': 'Bearer eyJhbGciOiJIUzI1NiIsInR5cCI6IkpXVCJ9.eyJ1c2VyX2lkIjo5LCJ1c2VybmFtZSI6ImFwaXVzZXIxNzUxNzIwMTEyNDQ5NyIsImV4cCI...</msg>
<status status="PASS" starttime="20250705 15:55:12.622" endtime="20250705 15:55:12.623"/>
</kw>
<kw name="Make GET Request" library="api_common">
<var>${response}</var>
<arg>/api/users/?queryString=${query_string}</arg>
<arg>${headers}</arg>
<arg>${expected_status}</arg>
<doc>Makes a GET request and validates status code</doc>
<kw name="GET On Session" library="RequestsLibrary">
<var>${response}</var>
<arg>${TEST_SESSION}</arg>
<arg>${endpoint}</arg>
<arg>headers=${headers}</arg>
<arg>expected_status=any</arg>
<doc>Sends a GET request on a previously created HTTP Session.</doc>
<msg timestamp="20250705 15:55:12.635" level="INFO">GET Request : url=http://localhost:4322/api/users/?queryString=apiuser17517201124497 
 path_url=/api/users/?queryString=apiuser17517201124497 
 headers={'User-Agent': 'python-requests/2.31.0', 'Accept-Encoding': 'gzip, deflate, zstd', 'Accept': 'application/json', 'Connection': 'keep-alive', 'Content-Type': 'application/json', 'Authorization': 'Bearer eyJhbGciOiJIUzI1NiIsInR5cCI6IkpXVCJ9.eyJ1c2VyX2lkIjo5LCJ1c2VybmFtZSI6ImFwaXVzZXIxNzUxNzIwMTEyNDQ5NyIsImV4cCI6MTc1MTcyMTkxMn0.v64ZYPt7FzB5r3JcfX91hRoFvp07Ay_4ur-uGm4RAFQ'} 
 body=None 
 </msg>
<msg timestamp="20250705 15:55:12.635" level="INFO">GET Response : url=http://localhost:4322/api/users/?queryString=apiuser17517201124497 
 status=200, reason=OK 
 headers={'date': 'Sat, 05 Jul 2025 12:55:11 GMT', 'server': 'uvicorn', 'content-length': '45', 'content-type': 'application/json'} 
 body=[{"id":9,"username":"apiuser17517201124497"}] 
 </msg>
<msg timestamp="20250705 15:55:12.635" level="INFO">${response} = &lt;Response [200]&gt;</msg>
<status status="PASS" starttime="20250705 15:55:12.624" endtime="20250705 15:55:12.635"/>
</kw>
<kw name="Should Be Equal As Integers" library="BuiltIn">
<arg>${response.status_code}</arg>
<arg>${expected_status}</arg>
<doc>Fails if objects are unequal after converting them to integers.</doc>
<msg timestamp="20250705 15:55:12.636" level="INFO">Argument types are:
&lt;class 'int'&gt;
&lt;class 'str'&gt;</msg>
<status status="PASS" starttime="20250705 15:55:12.635" endtime="20250705 15:55:12.636"/>
</kw>
<msg timestamp="20250705 15:55:12.636" level="INFO">${response} = &lt;Response [200]&gt;</msg>
<status status="PASS" starttime="20250705 15:55:12.623" endtime="20250705 15:55:12.636"/>
</kw>
<msg timestamp="20250705 15:55:12.636" level="INFO">${response} = &lt;Response [200]&gt;</msg>
<status status="PASS" starttime="20250705 15:55:12.622" endtime="20250705 15:55:12.636"/>
</kw>
<kw name="Validate User Search Response" library="auth_api_keywords">
<var>${users}</var>
<arg>${response}</arg>
<arg>1</arg>
<doc>Validates user search response</doc>
<kw name="Should Be Equal As Integers" library="BuiltIn">
<arg>${response.status_code}</arg>
<arg>${HTTP_OK}</arg>
<doc>Fails if objects are unequal after converting them to integers.</doc>
<msg timestamp="20250705 15:55:12.637" level="INFO">Argument types are:
&lt;class 'int'&gt;
&lt;class 'str'&gt;</msg>
<status status="PASS" starttime="20250705 15:55:12.637" endtime="20250705 15:55:12.637"/>
</kw>
<kw name="Set Variable" library="BuiltIn">
<var>${users}</var>
<arg>${response.json()}</arg>
<doc>Returns the given values which can then be assigned to a variables.</doc>
<msg timestamp="20250705 15:55:12.638" level="INFO">${users} = [{'id': 9, 'username': 'apiuser17517201124497'}]</msg>
<status status="PASS" starttime="20250705 15:55:12.637" endtime="20250705 15:55:12.638"/>
</kw>
<kw name="Get Length" library="BuiltIn">
<var>${list_length}</var>
<arg>${users}</arg>
<doc>Returns and logs the length of the given item as an integer.</doc>
<msg timestamp="20250705 15:55:12.638" level="INFO">Length is 1</msg>
<msg timestamp="20250705 15:55:12.638" level="INFO">${list_length} = 1</msg>
<status status="PASS" starttime="20250705 15:55:12.638" endtime="20250705 15:55:12.638"/>
</kw>
<kw name="Should Be True" library="BuiltIn">
<arg>${list_length} &gt;= 0</arg>
<arg>Response should be a list-like object</arg>
<doc>Fails if the given condition is not true.</doc>
<status status="PASS" starttime="20250705 15:55:12.638" endtime="20250705 15:55:12.638"/>
</kw>
<kw name="Run Keyword If" library="BuiltIn">
<arg>${expected_count} is not None</arg>
<arg>Length Should Be</arg>
<arg>${users}</arg>
<arg>${expected_count}</arg>
<doc>Runs the given keyword with the given arguments, if ``condition`` is true.</doc>
<kw name="Length Should Be" library="BuiltIn">
<arg>${users}</arg>
<arg>${expected_count}</arg>
<doc>Verifies that the length of the given item is correct.</doc>
<msg timestamp="20250705 15:55:12.638" level="INFO">Length is 1</msg>
<status status="PASS" starttime="20250705 15:55:12.638" endtime="20250705 15:55:12.638"/>
</kw>
<status status="PASS" starttime="20250705 15:55:12.638" endtime="20250705 15:55:12.638"/>
</kw>
<msg timestamp="20250705 15:55:12.638" level="INFO">${users} = [{'id': 9, 'username': 'apiuser17517201124497'}]</msg>
<status status="PASS" starttime="20250705 15:55:12.637" endtime="20250705 15:55:12.638"/>
</kw>
<kw name="Should Be Equal As Strings" library="BuiltIn">
<arg>${users[0]['${USERNAME_FIELD}']}</arg>
<arg>${username}</arg>
<doc>Fails if objects are unequal after converting them to strings.</doc>
<status status="PASS" starttime="20250705 15:55:12.638" endtime="20250705 15:55:12.639"/>
</kw>
<doc>Test that user search returns matching users</doc>
<tag>api</tag>
<tag>auth</tag>
<tag>crud</tag>
<tag>happy_path</tag>
<tag>search</tag>
<status status="PASS" starttime="20250705 15:55:12.337" endtime="20250705 15:55:12.639"/>
</test>
<test id="s1-s1-t5" name="Registration Fails With Empty Username" line="59">
<kw name="Register User Via API" library="auth_api_keywords">
<var>${response}</var>
<arg>${EMPTY_STRING}</arg>
<arg>${TEST_USER_PASSWORD}</arg>
<arg>${HTTP_OK}</arg>
<doc>Registers a new user via API</doc>
<kw name="Create Default Headers" library="api_common">
<var>${headers}</var>
<doc>Creates default headers for JSON requests</doc>
<kw name="Create Dictionary" library="BuiltIn">
<var>${headers}</var>
<arg>Content-Type=${CONTENT_TYPE_JSON}</arg>
<arg>Accept=${ACCEPT_JSON}</arg>
<doc>Creates and returns a dictionary based on the given ``items``.</doc>
<msg timestamp="20250705 15:55:12.639" level="INFO">${headers} = {'Content-Type': 'application/json', 'Accept': 'application/json'}</msg>
<status status="PASS" starttime="20250705 15:55:12.639" endtime="20250705 15:55:12.639"/>
</kw>
<msg timestamp="20250705 15:55:12.639" level="INFO">${headers} = {'Content-Type': 'application/json', 'Accept': 'application/json'}</msg>
<status status="PASS" starttime="20250705 15:55:12.639" endtime="20250705 15:55:12.639"/>
</kw>
<kw name="Set Variable" library="BuiltIn">
<var>${json_data}</var>
<arg>{"username": "${username}", "password": "${password}"}</arg>
<doc>Returns the given values which can then be assigned to a variables.</doc>
<msg timestamp="20250705 15:55:12.639" level="INFO">${json_data} = {"username": "", "password": "ApiTest123!"}</msg>
<status status="PASS" starttime="20250705 15:55:12.639" endtime="20250705 15:55:12.639"/>
</kw>
<kw name="Make POST Request" library="api_common">
<var>${response}</var>
<arg>/api/users/</arg>
<arg>${json_data}</arg>
<arg>${headers}</arg>
<arg>${expected_status}</arg>
<doc>Makes a POST request and validates status code</doc>
<kw name="POST On Session" library="RequestsLibrary">
<var>${response}</var>
<arg>${TEST_SESSION}</arg>
<arg>${endpoint}</arg>
<arg>data=${data}</arg>
<arg>headers=${headers}</arg>
<arg>expected_status=any</arg>
<doc>Sends a POST request on a previously created HTTP Session.</doc>
<msg timestamp="20250705 15:55:12.907" level="INFO">POST Request : url=http://localhost:4322/api/users/ 
 path_url=/api/users/ 
 headers={'User-Agent': 'python-requests/2.31.0', 'Accept-Encoding': 'gzip, deflate, zstd', 'Accept': 'application/json', 'Connection': 'keep-alive', 'Content-Type': 'application/json', 'Content-Length': '43'} 
 body={"username": "", "password": "ApiTest123!"} 
 </msg>
<msg timestamp="20250705 15:55:12.907" level="INFO">POST Response : url=http://localhost:4322/api/users/ 
 status=200, reason=OK 
 headers={'date': 'Sat, 05 Jul 2025 12:55:11 GMT', 'server': 'uvicorn', 'content-length': '338', 'content-type': 'application/json'} 
 body={"userId":10,"username":"","accessToken":"eyJhbGciOiJIUzI1NiIsInR5cCI6IkpXVCJ9.eyJ1c2VyX2lkIjoxMCwidXNlcm5hbWUiOiIiLCJleHAiOjE3NTE3MjE5MTJ9.0TQIYYhuKExywFNRI41lkJfN8eX6mJr7qM461tAiqkc","refreshToken":"eyJhbGciOiJIUzI1NiIsInR5cCI6IkpXVCJ9.eyJzdWIiOiJyZWZyZXNoX3Rva2VuIiwiZXhwIjoxNzU0MzEyMTEyfQ.eb5V4JtFKjt7QqaOSXM0xFHp7nnTNnBhqlhdY-uDX0Y"} 
 </msg>
<msg timestamp="20250705 15:55:12.907" level="INFO">${response} = &lt;Response [200]&gt;</msg>
<status status="PASS" starttime="20250705 15:55:12.640" endtime="20250705 15:55:12.907"/>
</kw>
<kw name="Should Be Equal As Integers" library="BuiltIn">
<arg>${response.status_code}</arg>
<arg>${expected_status}</arg>
<doc>Fails if objects are unequal after converting them to integers.</doc>
<msg timestamp="20250705 15:55:12.907" level="INFO">Argument types are:
&lt;class 'int'&gt;
&lt;class 'str'&gt;</msg>
<status status="PASS" starttime="20250705 15:55:12.907" endtime="20250705 15:55:12.907"/>
</kw>
<msg timestamp="20250705 15:55:12.907" level="INFO">${response} = &lt;Response [200]&gt;</msg>
<status status="PASS" starttime="20250705 15:55:12.639" endtime="20250705 15:55:12.908"/>
</kw>
<msg timestamp="20250705 15:55:12.908" level="INFO">${response} = &lt;Response [200]&gt;</msg>
<status status="PASS" starttime="20250705 15:55:12.639" endtime="20250705 15:55:12.908"/>
</kw>
<kw name="Validate Registration Response" library="auth_api_keywords">
<var>${user_data}</var>
<arg>${response}</arg>
<doc>Validates successful registration response</doc>
<kw name="Should Be Equal As Integers" library="BuiltIn">
<arg>${response.status_code}</arg>
<arg>${HTTP_OK}</arg>
<doc>Fails if objects are unequal after converting them to integers.</doc>
<msg timestamp="20250705 15:55:12.908" level="INFO">Argument types are:
&lt;class 'int'&gt;
&lt;class 'str'&gt;</msg>
<status status="PASS" starttime="20250705 15:55:12.908" endtime="20250705 15:55:12.908"/>
</kw>
<kw name="Validate JSON Response" library="api_common">
<var>${json_data}</var>
<arg>${response}</arg>
<arg>${USER_ID_FIELD}</arg>
<arg>${USERNAME_FIELD}</arg>
<arg>${ACCESS_TOKEN_FIELD}</arg>
<arg>${REFRESH_TOKEN_FIELD}</arg>
<doc>Validates that response contains expected JSON fields</doc>
<kw name="Should Be Equal As Strings" library="BuiltIn">
<arg>${response.headers['Content-Type']}</arg>
<arg>${CONTENT_TYPE_JSON}</arg>
<doc>Fails if objects are unequal after converting them to strings.</doc>
<status status="PASS" starttime="20250705 15:55:12.908" endtime="20250705 15:55:12.909"/>
</kw>
<kw name="Set Variable" library="BuiltIn">
<var>${json_data}</var>
<arg>${response.json()}</arg>
<doc>Returns the given values which can then be assigned to a variables.</doc>
<msg timestamp="20250705 15:55:12.909" level="INFO">${json_data} = {'userId': 10, 'username': '', 'accessToken': 'eyJhbGciOiJIUzI1NiIsInR5cCI6IkpXVCJ9.eyJ1c2VyX2lkIjoxMCwidXNlcm5hbWUiOiIiLCJleHAiOjE3NTE3MjE5MTJ9.0TQIYYhuKExywFNRI41lkJfN8eX6mJr7qM461tAiqkc', 'refreshT...</msg>
<status status="PASS" starttime="20250705 15:55:12.909" endtime="20250705 15:55:12.909"/>
</kw>
<for flavor="IN">
<var>${field}</var>
<value>@{expected_fields}</value>
<iter>
<var name="${field}">userId</var>
<kw name="Dictionary Should Contain Key" library="Collections">
<arg>${json_data}</arg>
<arg>${field}</arg>
<doc>Fails if ``key`` is not found from ``dictionary``.</doc>
<status status="PASS" starttime="20250705 15:55:12.909" endtime="20250705 15:55:12.909"/>
</kw>
<status status="PASS" starttime="20250705 15:55:12.909" endtime="20250705 15:55:12.909"/>
</iter>
<iter>
<var name="${field}">username</var>
<kw name="Dictionary Should Contain Key" library="Collections">
<arg>${json_data}</arg>
<arg>${field}</arg>
<doc>Fails if ``key`` is not found from ``dictionary``.</doc>
<status status="PASS" starttime="20250705 15:55:12.909" endtime="20250705 15:55:12.909"/>
</kw>
<status status="PASS" starttime="20250705 15:55:12.909" endtime="20250705 15:55:12.909"/>
</iter>
<iter>
<var name="${field}">accessToken</var>
<kw name="Dictionary Should Contain Key" library="Collections">
<arg>${json_data}</arg>
<arg>${field}</arg>
<doc>Fails if ``key`` is not found from ``dictionary``.</doc>
<status status="PASS" starttime="20250705 15:55:12.910" endtime="20250705 15:55:12.910"/>
</kw>
<status status="PASS" starttime="20250705 15:55:12.910" endtime="20250705 15:55:12.910"/>
</iter>
<iter>
<var name="${field}">refreshToken</var>
<kw name="Dictionary Should Contain Key" library="Collections">
<arg>${json_data}</arg>
<arg>${field}</arg>
<doc>Fails if ``key`` is not found from ``dictionary``.</doc>
<status status="PASS" starttime="20250705 15:55:12.910" endtime="20250705 15:55:12.910"/>
</kw>
<status status="PASS" starttime="20250705 15:55:12.910" endtime="20250705 15:55:12.910"/>
</iter>
<status status="PASS" starttime="20250705 15:55:12.909" endtime="20250705 15:55:12.910"/>
</for>
<msg timestamp="20250705 15:55:12.910" level="INFO">${json_data} = {'userId': 10, 'username': '', 'accessToken': 'eyJhbGciOiJIUzI1NiIsInR5cCI6IkpXVCJ9.eyJ1c2VyX2lkIjoxMCwidXNlcm5hbWUiOiIiLCJleHAiOjE3NTE3MjE5MTJ9.0TQIYYhuKExywFNRI41lkJfN8eX6mJr7qM461tAiqkc', 'refreshT...</msg>
<status status="PASS" starttime="20250705 15:55:12.908" endtime="20250705 15:55:12.910"/>
</kw>
<kw name="Should Not Be Empty" library="BuiltIn">
<arg>${json_data['${ACCESS_TOKEN_FIELD}']}</arg>
<doc>Verifies that the given item is not empty.</doc>
<msg timestamp="20250705 15:55:12.910" level="INFO">Length is 141</msg>
<status status="PASS" starttime="20250705 15:55:12.910" endtime="20250705 15:55:12.910"/>
</kw>
<kw name="Should Not Be Empty" library="BuiltIn">
<arg>${json_data['${REFRESH_TOKEN_FIELD}']}</arg>
<doc>Verifies that the given item is not empty.</doc>
<msg timestamp="20250705 15:55:12.910" level="INFO">Length is 135</msg>
<status status="PASS" starttime="20250705 15:55:12.910" endtime="20250705 15:55:12.910"/>
</kw>
<msg timestamp="20250705 15:55:12.910" level="INFO">${user_data} = {'userId': 10, 'username': '', 'accessToken': 'eyJhbGciOiJIUzI1NiIsInR5cCI6IkpXVCJ9.eyJ1c2VyX2lkIjoxMCwidXNlcm5hbWUiOiIiLCJleHAiOjE3NTE3MjE5MTJ9.0TQIYYhuKExywFNRI41lkJfN8eX6mJr7qM461tAiqkc', 'refreshT...</msg>
<status status="PASS" starttime="20250705 15:55:12.908" endtime="20250705 15:55:12.910"/>
</kw>
<kw name="Should Be Equal As Strings" library="BuiltIn">
<arg>${user_data['${USERNAME_FIELD}']}</arg>
<arg>${EMPTY_STRING}</arg>
<doc>Fails if objects are unequal after converting them to strings.</doc>
<status status="PASS" starttime="20250705 15:55:12.911" endtime="20250705 15:55:12.911"/>
</kw>
<doc>Test that registration fails with empty username (KNOWN BUG: Currently passes but should fail)</doc>
<tag>api</tag>
<tag>auth</tag>
<tag>known_bug</tag>
<tag>negative</tag>
<tag>registration</tag>
<tag>validation</tag>
[...]
<status status="PASS" starttime="20250705 15:56:04.540" endtime="20250705 15:56:04.540"/>
</kw>
<status status="PASS" starttime="20250705 15:56:04.539" endtime="20250705 15:56:04.540"/>
</kw>
<doc>Test that updating todo list fails for non-existent ID</doc>
<tag>api</tag>
<tag>negative</tag>
<tag>todolist</tag>
<tag>update</tag>
<tag>validation</tag>
<status status="PASS" starttime="20250705 15:56:04.216" endtime="20250705 15:56:04.540"/>
</test>
<test id="s1-s3-t12" name="Delete Todo List Fails For Non-Existent ID" line="107">
<kw name="Create Test User And Get Token" library="auth_api_keywords">
<var>${access_token}</var>
<var>${user_id}</var>
<var>${username}</var>
<doc>Creates a test user and returns authentication data</doc>
<kw name="Register Unique User Via API" library="auth_api_keywords">
<var>${user_data}</var>
<var>${username}</var>
<doc>Registers a new user with unique username via API</doc>
<kw name="Generate Unique Username" library="api_common">
<var>${unique_username}</var>
<doc>Generates a unique username for testing</doc>
<kw name="Get Time" library="BuiltIn">
<var>${timestamp}</var>
<arg>epoch</arg>
<doc>Returns the given time in the requested format.</doc>
<msg timestamp="20250705 15:56:04.541" level="INFO">${timestamp} = 1751720164</msg>
<status status="PASS" starttime="20250705 15:56:04.541" endtime="20250705 15:56:04.541"/>
</kw>
<kw name="Evaluate" library="BuiltIn">
<var>${random}</var>
<arg>random.randint(1000, 9999)</arg>
<arg>random</arg>
<doc>Evaluates the given expression in Python and returns the result.</doc>
<msg timestamp="20250705 15:56:04.541" level="INFO">${random} = 9115</msg>
<status status="PASS" starttime="20250705 15:56:04.541" endtime="20250705 15:56:04.541"/>
</kw>
<kw name="Set Variable" library="BuiltIn">
<var>${unique_username}</var>
<arg>apiuser${timestamp}${random}</arg>
<doc>Returns the given values which can then be assigned to a variables.</doc>
<msg timestamp="20250705 15:56:04.541" level="INFO">${unique_username} = apiuser17517201649115</msg>
<status status="PASS" starttime="20250705 15:56:04.541" endtime="20250705 15:56:04.541"/>
</kw>
<msg timestamp="20250705 15:56:04.541" level="INFO">${unique_username} = apiuser17517201649115</msg>
<status status="PASS" starttime="20250705 15:56:04.541" endtime="20250705 15:56:04.541"/>
</kw>
<kw name="Register User Via API" library="auth_api_keywords">
<var>${response}</var>
<arg>${unique_username}</arg>
<arg>${TEST_USER_PASSWORD}</arg>
<doc>Registers a new user via API</doc>
<kw name="Create Default Headers" library="api_common">
<var>${headers}</var>
<doc>Creates default headers for JSON requests</doc>
<kw name="Create Dictionary" library="BuiltIn">
<var>${headers}</var>
<arg>Content-Type=${CONTENT_TYPE_JSON}</arg>
<arg>Accept=${ACCEPT_JSON}</arg>
<doc>Creates and returns a dictionary based on the given ``items``.</doc>
<msg timestamp="20250705 15:56:04.541" level="INFO">${headers} = {'Content-Type': 'application/json', 'Accept': 'application/json'}</msg>
<status status="PASS" starttime="20250705 15:56:04.541" endtime="20250705 15:56:04.541"/>
</kw>
<msg timestamp="20250705 15:56:04.541" level="INFO">${headers} = {'Content-Type': 'application/json', 'Accept': 'application/json'}</msg>
<status status="PASS" starttime="20250705 15:56:04.541" endtime="20250705 15:56:04.541"/>
</kw>
<kw name="Set Variable" library="BuiltIn">
<var>${json_data}</var>
<arg>{"username": "${username}", "password": "${password}"}</arg>
<doc>Returns the given values which can then be assigned to a variables.</doc>
<msg timestamp="20250705 15:56:04.542" level="INFO">${json_data} = {"username": "apiuser17517201649115", "password": "ApiTest123!"}</msg>
<status status="PASS" starttime="20250705 15:56:04.541" endtime="20250705 15:56:04.542"/>
</kw>
<kw name="Make POST Request" library="api_common">
<var>${response}</var>
<arg>/api/users/</arg>
<arg>${json_data}</arg>
<arg>${headers}</arg>
<arg>${expected_status}</arg>
<doc>Makes a POST request and validates status code</doc>
<kw name="POST On Session" library="RequestsLibrary">
<var>${response}</var>
<arg>${TEST_SESSION}</arg>
<arg>${endpoint}</arg>
<arg>data=${data}</arg>
<arg>headers=${headers}</arg>
<arg>expected_status=any</arg>
<doc>Sends a POST request on a previously created HTTP Session.</doc>
<msg timestamp="20250705 15:56:04.807" level="INFO">POST Request : url=http://localhost:4322/api/users/ 
 path_url=/api/users/ 
 headers={'User-Agent': 'python-requests/2.31.0', 'Accept-Encoding': 'gzip, deflate, zstd', 'Accept': 'application/json', 'Connection': 'keep-alive', 'Content-Type': 'application/json', 'Content-Length': '64'} 
 body={"username": "apiuser17517201649115", "password": "ApiTest123!"} 
 </msg>
<msg timestamp="20250705 15:56:04.807" level="INFO">POST Response : url=http://localhost:4322/api/users/ 
 status=200, reason=OK 
 headers={'date': 'Sat, 05 Jul 2025 12:56:02 GMT', 'server': 'uvicorn', 'content-length': '387', 'content-type': 'application/json'} 
 body={"userId":10,"username":"apiuser17517201649115","accessToken":"eyJhbGciOiJIUzI1NiIsInR5cCI6IkpXVCJ9.eyJ1c2VyX2lkIjoxMCwidXNlcm5hbWUiOiJhcGl1c2VyMTc1MTcyMDE2NDkxMTUiLCJleHAiOjE3NTE3MjE5NjR9.fKSGLKrTCWnypjfb435Tj6b91vOfi3TlEc3uJbQS2Ss","refreshToken":"eyJhbGciOiJIUzI1NiIsInR5cCI6IkpXVCJ9.eyJzdWIiOiJyZWZyZXNoX3Rva2VuIiwiZXhwIjoxNzU0MzEyMTY0fQ.bC13fyhrlyC1JaAGBFTYq-XoXonG1V99tW_cBIP2RhM"} 
 </msg>
<msg timestamp="20250705 15:56:04.808" level="INFO">${response} = &lt;Response [200]&gt;</msg>
<status status="PASS" starttime="20250705 15:56:04.542" endtime="20250705 15:56:04.808"/>
</kw>
<kw name="Should Be Equal As Integers" library="BuiltIn">
<arg>${response.status_code}</arg>
<arg>${expected_status}</arg>
<doc>Fails if objects are unequal after converting them to integers.</doc>
<msg timestamp="20250705 15:56:04.810" level="INFO">Argument types are:
&lt;class 'int'&gt;
&lt;class 'str'&gt;</msg>
<status status="PASS" starttime="20250705 15:56:04.808" endtime="20250705 15:56:04.810"/>
</kw>
<msg timestamp="20250705 15:56:04.810" level="INFO">${response} = &lt;Response [200]&gt;</msg>
<status status="PASS" starttime="20250705 15:56:04.542" endtime="20250705 15:56:04.810"/>
</kw>
<msg timestamp="20250705 15:56:04.810" level="INFO">${response} = &lt;Response [200]&gt;</msg>
<status status="PASS" starttime="20250705 15:56:04.541" endtime="20250705 15:56:04.810"/>
</kw>
<kw name="Should Be Equal As Integers" library="BuiltIn">
<arg>${response.status_code}</arg>
<arg>${HTTP_OK}</arg>
<doc>Fails if objects are unequal after converting them to integers.</doc>
<msg timestamp="20250705 15:56:04.811" level="INFO">Argument types are:
&lt;class 'int'&gt;
&lt;class 'str'&gt;</msg>
<status status="PASS" starttime="20250705 15:56:04.810" endtime="20250705 15:56:04.811"/>
</kw>
<kw name="Validate JSON Response" library="api_common">
<var>${json_data}</var>
<arg>${response}</arg>
<arg>${USER_ID_FIELD}</arg>
<arg>${USERNAME_FIELD}</arg>
<arg>${ACCESS_TOKEN_FIELD}</arg>
<arg>${REFRESH_TOKEN_FIELD}</arg>
<doc>Validates that response contains expected JSON fields</doc>
<kw name="Should Be Equal As Strings" library="BuiltIn">
<arg>${response.headers['Content-Type']}</arg>
<arg>${CONTENT_TYPE_JSON}</arg>
<doc>Fails if objects are unequal after converting them to strings.</doc>
<status status="PASS" starttime="20250705 15:56:04.811" endtime="20250705 15:56:04.811"/>
</kw>
<kw name="Set Variable" library="BuiltIn">
<var>${json_data}</var>
<arg>${response.json()}</arg>
<doc>Returns the given values which can then be assigned to a variables.</doc>
<msg timestamp="20250705 15:56:04.812" level="INFO">${json_data} = {'userId': 10, 'username': 'apiuser17517201649115', 'accessToken': 'eyJhbGciOiJIUzI1NiIsInR5cCI6IkpXVCJ9.eyJ1c2VyX2lkIjoxMCwidXNlcm5hbWUiOiJhcGl1c2VyMTc1MTcyMDE2NDkxMTUiLCJleHAiOjE3NTE3MjE5NjR9.fKSGLK...</msg>
<status status="PASS" starttime="20250705 15:56:04.811" endtime="20250705 15:56:04.812"/>
</kw>
<for flavor="IN">
<var>${field}</var>
<value>@{expected_fields}</value>
<iter>
<var name="${field}">userId</var>
<kw name="Dictionary Should Contain Key" library="Collections">
<arg>${json_data}</arg>
<arg>${field}</arg>
<doc>Fails if ``key`` is not found from ``dictionary``.</doc>
<status status="PASS" starttime="20250705 15:56:04.812" endtime="20250705 15:56:04.812"/>
</kw>
<status status="PASS" starttime="20250705 15:56:04.812" endtime="20250705 15:56:04.812"/>
</iter>
<iter>
<var name="${field}">username</var>
<kw name="Dictionary Should Contain Key" library="Collections">
<arg>${json_data}</arg>
<arg>${field}</arg>
<doc>Fails if ``key`` is not found from ``dictionary``.</doc>
<status status="PASS" starttime="20250705 15:56:04.812" endtime="20250705 15:56:04.812"/>
</kw>
<status status="PASS" starttime="20250705 15:56:04.812" endtime="20250705 15:56:04.812"/>
</iter>
<iter>
<var name="${field}">accessToken</var>
<kw name="Dictionary Should Contain Key" library="Collections">
<arg>${json_data}</arg>
<arg>${field}</arg>
<doc>Fails if ``key`` is not found from ``dictionary``.</doc>
<status status="PASS" starttime="20250705 15:56:04.812" endtime="20250705 15:56:04.812"/>
</kw>
<status status="PASS" starttime="20250705 15:56:04.812" endtime="20250705 15:56:04.812"/>
</iter>
<iter>
<var name="${field}">refreshToken</var>
<kw name="Dictionary Should Contain Key" library="Collections">
<arg>${json_data}</arg>
<arg>${field}</arg>
<doc>Fails if ``key`` is not found from ``dictionary``.</doc>
<status status="PASS" starttime="20250705 15:56:04.812" endtime="20250705 15:56:04.812"/>
</kw>
<status status="PASS" starttime="20250705 15:56:04.812" endtime="20250705 15:56:04.812"/>
</iter>
<status status="PASS" starttime="20250705 15:56:04.812" endtime="20250705 15:56:04.812"/>
</for>
<msg timestamp="20250705 15:56:04.812" level="INFO">${json_data} = {'userId': 10, 'username': 'apiuser17517201649115', 'accessToken': 'eyJhbGciOiJIUzI1NiIsInR5cCI6IkpXVCJ9.eyJ1c2VyX2lkIjoxMCwidXNlcm5hbWUiOiJhcGl1c2VyMTc1MTcyMDE2NDkxMTUiLCJleHAiOjE3NTE3MjE5NjR9.fKSGLK...</msg>
<status status="PASS" starttime="20250705 15:56:04.811" endtime="20250705 15:56:04.812"/>
</kw>
<msg timestamp="20250705 15:56:04.813" level="INFO">${user_data} = {'userId': 10, 'username': 'apiuser17517201649115', 'accessToken': 'eyJhbGciOiJIUzI1NiIsInR5cCI6IkpXVCJ9.eyJ1c2VyX2lkIjoxMCwidXNlcm5hbWUiOiJhcGl1c2VyMTc1MTcyMDE2NDkxMTUiLCJleHAiOjE3NTE3MjE5NjR9.fKSGLK...</msg>
<msg timestamp="20250705 15:56:04.813" level="INFO">${username} = apiuser17517201649115</msg>
<status status="PASS" starttime="20250705 15:56:04.541" endtime="20250705 15:56:04.813"/>
</kw>
<kw name="Get From Dictionary" library="Collections">
<var>${access_token}</var>
<arg>${user_data}</arg>
<arg>${ACCESS_TOKEN_FIELD}</arg>
<doc>Returns a value from the given ``dictionary`` based on the given ``key``.</doc>
<msg timestamp="20250705 15:56:04.813" level="INFO">${access_token} = eyJhbGciOiJIUzI1NiIsInR5cCI6IkpXVCJ9.eyJ1c2VyX2lkIjoxMCwidXNlcm5hbWUiOiJhcGl1c2VyMTc1MTcyMDE2NDkxMTUiLCJleHAiOjE3NTE3MjE5NjR9.fKSGLKrTCWnypjfb435Tj6b91vOfi3TlEc3uJbQS2Ss</msg>
<status status="PASS" starttime="20250705 15:56:04.813" endtime="20250705 15:56:04.813"/>
</kw>
<kw name="Get From Dictionary" library="Collections">
<var>${user_id}</var>
<arg>${user_data}</arg>
<arg>${USER_ID_FIELD}</arg>
<doc>Returns a value from the given ``dictionary`` based on the given ``key``.</doc>
<msg timestamp="20250705 15:56:04.813" level="INFO">${user_id} = 10</msg>
<status status="PASS" starttime="20250705 15:56:04.813" endtime="20250705 15:56:04.813"/>
</kw>
<msg timestamp="20250705 15:56:04.813" level="INFO">${access_token} = eyJhbGciOiJIUzI1NiIsInR5cCI6IkpXVCJ9.eyJ1c2VyX2lkIjoxMCwidXNlcm5hbWUiOiJhcGl1c2VyMTc1MTcyMDE2NDkxMTUiLCJleHAiOjE3NTE3MjE5NjR9.fKSGLKrTCWnypjfb435Tj6b91vOfi3TlEc3uJbQS2Ss</msg>
<msg timestamp="20250705 15:56:04.813" level="INFO">${user_id} = 10</msg>
<msg timestamp="20250705 15:56:04.813" level="INFO">${username} = apiuser17517201649115</msg>
<status status="PASS" starttime="20250705 15:56:04.540" endtime="20250705 15:56:04.813"/>
</kw>
<kw name="Delete Todo List Via API" library="todolist_api_keywords">
<var>${response}</var>
<arg>999999</arg>
<arg>${access_token}</arg>
<arg>${HTTP_NOT_FOUND}</arg>
<doc>Deletes a todo list via API</doc>
<kw name="Create Auth Headers" library="api_common">
<var>${headers}</var>
<arg>${token}</arg>
<doc>Creates headers with authorization token</doc>
<kw name="Create Default Headers" library="api_common">
<var>${headers}</var>
<doc>Creates default headers for JSON requests</doc>
<kw name="Create Dictionary" library="BuiltIn">
<var>${headers}</var>
<arg>Content-Type=${CONTENT_TYPE_JSON}</arg>
<arg>Accept=${ACCEPT_JSON}</arg>
<doc>Creates and returns a dictionary based on the given ``items``.</doc>
<msg timestamp="20250705 15:56:04.814" level="INFO">${headers} = {'Content-Type': 'application/json', 'Accept': 'application/json'}</msg>
<status status="PASS" starttime="20250705 15:56:04.813" endtime="20250705 15:56:04.814"/>
</kw>
<msg timestamp="20250705 15:56:04.814" level="INFO">${headers} = {'Content-Type': 'application/json', 'Accept': 'application/json'}</msg>
<status status="PASS" starttime="20250705 15:56:04.813" endtime="20250705 15:56:04.814"/>
</kw>
<kw name="Set To Dictionary" library="Collections">
<arg>${headers}</arg>
<arg>Authorization=Bearer ${token}</arg>
<doc>Adds the given ``key_value_pairs`` and/or ``items`` to the ``dictionary``.</doc>
<status status="PASS" starttime="20250705 15:56:04.814" endtime="20250705 15:56:04.814"/>
</kw>
<msg timestamp="20250705 15:56:04.814" level="INFO">${headers} = {'Content-Type': 'application/json', 'Accept': 'application/json', 'Authorization': 'Bearer eyJhbGciOiJIUzI1NiIsInR5cCI6IkpXVCJ9.eyJ1c2VyX2lkIjoxMCwidXNlcm5hbWUiOiJhcGl1c2VyMTc1MTcyMDE2NDkxMTUiLCJleHA...</msg>
<status status="PASS" starttime="20250705 15:56:04.813" endtime="20250705 15:56:04.814"/>
</kw>
<kw name="Make DELETE Request" library="api_common">
<var>${response}</var>
<arg>/api/todo-lists/${list_id}</arg>
<arg>${headers}</arg>
<arg>${expected_status}</arg>
<doc>Makes a DELETE request and validates status code</doc>
<kw name="DELETE On Session" library="RequestsLibrary">
<var>${response}</var>
<arg>${TEST_SESSION}</arg>
<arg>${endpoint}</arg>
<arg>headers=${headers}</arg>
<arg>expected_status=any</arg>
<doc>Sends a DELETE request on a previously created HTTP Session.</doc>
<msg timestamp="20250705 15:56:04.818" level="INFO">DELETE Request : url=http://localhost:4322/api/todo-lists/999999 
 path_url=/api/todo-lists/999999 
 headers={'User-Agent': 'python-requests/2.31.0', 'Accept-Encoding': 'gzip, deflate, zstd', 'Accept': 'application/json', 'Connection': 'keep-alive', 'Content-Type': 'application/json', 'Authorization': 'Bearer eyJhbGciOiJIUzI1NiIsInR5cCI6IkpXVCJ9.eyJ1c2VyX2lkIjoxMCwidXNlcm5hbWUiOiJhcGl1c2VyMTc1MTcyMDE2NDkxMTUiLCJleHAiOjE3NTE3MjE5NjR9.fKSGLKrTCWnypjfb435Tj6b91vOfi3TlEc3uJbQS2Ss', 'Content-Length': '0'} 
 body=None 
 </msg>
<msg timestamp="20250705 15:56:04.818" level="INFO">DELETE Response : url=http://localhost:4322/api/todo-lists/999999 
 status=404, reason=Not Found 
 headers={'date': 'Sat, 05 Jul 2025 12:56:02 GMT', 'server': 'uvicorn', 'content-length': '47', 'content-type': 'application/json'} 
 body={"detail":"Todo list with id 999999 not found"} 
 </msg>
<msg timestamp="20250705 15:56:04.818" level="INFO">${response} = &lt;Response [404]&gt;</msg>
<status status="PASS" starttime="20250705 15:56:04.814" endtime="20250705 15:56:04.818"/>
</kw>
<kw name="Should Be Equal As Integers" library="BuiltIn">
<arg>${response.status_code}</arg>
<arg>${expected_status}</arg>
<doc>Fails if objects are unequal after converting them to integers.</doc>
<msg timestamp="20250705 15:56:04.819" level="INFO">Argument types are:
&lt;class 'int'&gt;
&lt;class 'str'&gt;</msg>
<status status="PASS" starttime="20250705 15:56:04.818" endtime="20250705 15:56:04.819"/>
</kw>
<msg timestamp="20250705 15:56:04.819" level="INFO">${response} = &lt;Response [404]&gt;</msg>
<status status="PASS" starttime="20250705 15:56:04.814" endtime="20250705 15:56:04.819"/>
</kw>
<msg timestamp="20250705 15:56:04.819" level="INFO">${response} = &lt;Response [404]&gt;</msg>
<status status="PASS" starttime="20250705 15:56:04.813" endtime="20250705 15:56:04.819"/>
</kw>
<kw name="Validate Error Response" library="api_common">
<arg>${response}</arg>
<doc>Validates error response structure</doc>
<kw name="Set Variable" library="BuiltIn">
<var>${json_data}</var>
<arg>${response.json()}</arg>
<doc>Returns the given values which can then be assigned to a variables.</doc>
<msg timestamp="20250705 15:56:04.820" level="INFO">${json_data} = {'detail': 'Todo list with id 999999 not found'}</msg>
<status status="PASS" starttime="20250705 15:56:04.819" endtime="20250705 15:56:04.820"/>
</kw>
<kw name="Dictionary Should Contain Key" library="Collections">
<arg>${json_data}</arg>
<arg>detail</arg>
<doc>Fails if ``key`` is not found from ``dictionary``.</doc>
<status status="PASS" starttime="20250705 15:56:04.820" endtime="20250705 15:56:04.820"/>
</kw>
<kw name="Run Keyword If" library="BuiltIn">
<arg>'${expected_message}' != '${EMPTY}'</arg>
<arg>Should Contain</arg>
<arg>${json_data['detail']}</arg>
<arg>${expected_message}</arg>
<doc>Runs the given keyword with the given arguments, if ``condition`` is true.</doc>
<status status="PASS" starttime="20250705 15:56:04.820" endtime="20250705 15:56:04.820"/>
</kw>
<status status="PASS" starttime="20250705 15:56:04.819" endtime="20250705 15:56:04.820"/>
</kw>
<doc>Test that deleting todo list fails for non-existent ID</doc>
<tag>api</tag>
<tag>delete</tag>
<tag>negative</tag>
<tag>todolist</tag>
<tag>validation</tag>
<status status="PASS" starttime="20250705 15:56:04.540" endtime="20250705 15:56:04.820"/>
</test>
<kw name="Teardown API Test Session" library="api_common" type="TEARDOWN">
<doc>Deletes the requests session</doc>
<kw name="Delete All Sessions" library="RequestsLibrary">
<doc>Removes all the session objects</doc>
<msg timestamp="20250705 15:56:04.820" level="INFO">Deleting All Sessions</msg>
<status status="PASS" starttime="20250705 15:56:04.820" endtime="20250705 15:56:04.820"/>
</kw>
<status status="PASS" starttime="20250705 15:56:04.820" endtime="20250705 15:56:04.820"/>
</kw>
<doc>Todo list API test cases</doc>
<status status="FAIL" starttime="20250705 15:55:39.929" endtime="20250705 15:56:04.820"/>
</suite>
<status status="FAIL" starttime="20250705 15:55:10.972" endtime="20250705 15:56:04.821"/>
</suite>
<statistics>
<total>
<stat pass="28" fail="5" skip="0">All Tests</stat>
</total>
<tag>
<stat pass="28" fail="5" skip="0">api</stat>
<stat pass="11" fail="1" skip="0">auth</stat>
<stat pass="1" fail="0" skip="0">clone</stat>
<stat pass="4" fail="3" skip="0">create</stat>
<stat pass="13" fail="1" skip="0">crud</stat>
<stat pass="3" fail="0" skip="0">delete</stat>
<stat pass="16" fail="1" skip="0">happy_path</stat>
<stat pass="2" fail="1" skip="0">known_bug</stat>
<stat pass="3" fail="1" skip="0">login</stat>
<stat pass="12" fail="4" skip="0">negative</stat>
<stat pass="5" fail="1" skip="0">read</stat>
<stat pass="4" fail="0" skip="0">registration</stat>
<stat pass="1" fail="0" skip="0">roles</stat>
<stat pass="1" fail="0" skip="0">search</stat>
<stat pass="12" fail="0" skip="0">smoke</stat>
<stat pass="7" fail="3" skip="0">todoitem</stat>
<stat pass="11" fail="1" skip="0">todolist</stat>
<stat pass="2" fail="0" skip="0">token_refresh</stat>
<stat pass="3" fail="0" skip="0">update</stat>
<stat pass="12" fail="4" skip="0">validation</stat>
</tag>
<suite>
<stat pass="28" fail="5" skip="0" id="s1" name="Tests">Tests</stat>
<stat pass="10" fail="1" skip="0" id="s1-s1" name="Auth Api Tests">Tests.Auth Api Tests</stat>
<stat pass="7" fail="3" skip="0" id="s1-s2" name="Todoitem Api Tests">Tests.Todoitem Api Tests</stat>
<stat pass="11" fail="1" skip="0" id="s1-s3" name="Todolist Api Tests">Tests.Todolist Api Tests</stat>
</suite>
</statistics>
<errors>
</errors>
</robot>
