<?xml version="1.0" encoding="UTF-8"?>
<robot generator="Robot 7.3.2 (Python 3.13.5 on darwin)" generated="2025-07-05T16:08:08.538486" rpa="false" schemaversion="5">
<suite id="s1" name="Tests" source="/Users/MrJay/Documents/playground/swt-todo-list-app-main/backend/api-tests/tests">
<suite id="s1-s1" name="Auth Api Tests" source="/Users/MrJay/Documents/playground/swt-todo-list-app-main/backend/api-tests/tests/auth_api_tests.robot">
<kw name="Setup API Test Suite" type="SETUP">
<kw name="Setup API Test Session" owner="api_common">
<kw name="Create Session" owner="RequestsLibrary">
<msg time="2025-07-05T16:08:08.710626" level="INFO">Creating Session using : alias=api_test_session, url=http://localhost:4322, headers={},                     cookies={}, auth=None, timeout=30, proxies=None, verify=False,                     debug=0 </msg>
<arg>${TEST_SESSION}</arg>
<arg>${API_BASE_URL}</arg>
<arg>timeout=${REQUEST_TIMEOUT}</arg>
<arg>verify=False</arg>
<doc>Create Session: create a HTTP session to a server</doc>
<status status="PASS" start="2025-07-05T16:08:08.710460" elapsed="0.000290"/>
</kw>
<doc>Creates a requests session for API testing</doc>
<status status="PASS" start="2025-07-05T16:08:08.710179" elapsed="0.000618"/>
</kw>
<kw name="Wait For Service To Be Ready" owner="api_common">
<kw name="Wait Until Keyword Succeeds" owner="BuiltIn">
<kw name="Check Service Health" owner="api_common">
<kw name="GET On Session" owner="RequestsLibrary">
<msg time="2025-07-05T16:08:08.730715" level="INFO">GET Request : url=http://localhost:4322/api/todo-lists/roles 
 path_url=/api/todo-lists/roles 
 headers={'User-Agent': 'python-requests/2.32.4', 'Accept-Encoding': 'gzip, deflate', 'Accept': '*/*', 'Connection': 'keep-alive'} 
 body=None 
 </msg>
<msg time="2025-07-05T16:08:08.730856" level="INFO">GET Response : url=http://localhost:4322/api/todo-lists/roles 
 status=200, reason=OK 
 headers={'date': 'Sat, 05 Jul 2025 13:08:08 GMT', 'server': 'uvicorn', 'content-length': '315', 'content-type': 'application/json'} 
 body=[{"id":1,"name":"owner","created":"2025-07-05T13:07:28.128762Z","updated":"2025-07-05T13:07:28.128762Z"},{"id":2,"name":"editor","created":"2025-07-05T13:07:28.128762Z","updated":"2025-07-05T13:07:28.128762Z"},{"id":3,"name":"viewer","created":"2025-07-05T13:07:28.128762Z","updated":"2025-07-05T13:07:28.128762Z"}] 
 </msg>
<msg time="2025-07-05T16:08:08.730967" level="INFO">${response} = &lt;Response [200]&gt;</msg>
<var>${response}</var>
<arg>${TEST_SESSION}</arg>
<arg>/api/todo-lists/roles</arg>
<arg>expected_status=any</arg>
<doc>Sends a GET request on a previously created HTTP Session.</doc>
<status status="PASS" start="2025-07-05T16:08:08.711120" elapsed="0.019861"/>
</kw>
<kw name="Should Be Equal As Integers" owner="BuiltIn">
<msg time="2025-07-05T16:08:08.731616" level="INFO">Argument types are:
&lt;class 'int'&gt;
&lt;class 'str'&gt;</msg>
<arg>${response.status_code}</arg>
<arg>${HTTP_OK}</arg>
<doc>Fails if objects are unequal after converting them to integers.</doc>
<status status="PASS" start="2025-07-05T16:08:08.731082" elapsed="0.000575"/>
</kw>
<doc>Checks if API service is responding</doc>
<status status="PASS" start="2025-07-05T16:08:08.711055" elapsed="0.020664"/>
</kw>
<arg>60s</arg>
<arg>5s</arg>
<arg>Check Service Health</arg>
<doc>Runs the specified keyword and retries if it fails.</doc>
<status status="PASS" start="2025-07-05T16:08:08.710932" elapsed="0.020809"/>
</kw>
<doc>Waits for the API service to be ready</doc>
<status status="PASS" start="2025-07-05T16:08:08.710855" elapsed="0.020907"/>
</kw>
<doc>Sets up API test suite</doc>
<status status="PASS" start="2025-07-05T16:08:08.710019" elapsed="0.021769"/>
</kw>
<test id="s1-s1-t1" name="User Registration Succeeds With Valid Data" line="16">
<kw name="Generate Unique Username" owner="api_common">
<kw name="Get Time" owner="BuiltIn">
<msg time="2025-07-05T16:08:08.732348" level="INFO">${timestamp} = 1751720888</msg>
<var>${timestamp}</var>
<arg>epoch</arg>
<doc>Returns the given time in the requested format.</doc>
<status status="PASS" start="2025-07-05T16:08:08.732252" elapsed="0.000108"/>
</kw>
<kw name="Evaluate" owner="BuiltIn">
<msg time="2025-07-05T16:08:08.732516" level="INFO">${random} = 2987</msg>
<var>${random}</var>
<arg>random.randint(1000, 9999)</arg>
<arg>random</arg>
<doc>Evaluates the given expression in Python and returns the result.</doc>
<status status="PASS" start="2025-07-05T16:08:08.732406" elapsed="0.000120"/>
</kw>
<kw name="Set Variable" owner="BuiltIn">
<msg time="2025-07-05T16:08:08.732642" level="INFO">${unique_username} = apiuser17517208882987</msg>
<var>${unique_username}</var>
<arg>apiuser${timestamp}${random}</arg>
<doc>Returns the given values which can then be assigned to a variables.</doc>
<status status="PASS" start="2025-07-05T16:08:08.732570" elapsed="0.000081"/>
</kw>
<return>
<value>${unique_username}</value>
<status status="PASS" start="2025-07-05T16:08:08.732672" elapsed="0.000028"/>
</return>
<msg time="2025-07-05T16:08:08.732758" level="INFO">${unique_username} = apiuser17517208882987</msg>
<var>${unique_username}</var>
<doc>Generates a unique username for testing</doc>
<status status="PASS" start="2025-07-05T16:08:08.732141" elapsed="0.000627"/>
</kw>
<kw name="Register User Via API" owner="auth_api_keywords">
<kw name="Create Default Headers" owner="api_common">
<kw name="Create Dictionary" owner="BuiltIn">
<msg time="2025-07-05T16:08:08.733264" level="INFO">${headers} = {'Content-Type': 'application/json', 'Accept': 'application/json'}</msg>
<var>${headers}</var>
<arg>Content-Type=${CONTENT_TYPE_JSON}</arg>
<arg>Accept=${ACCEPT_JSON}</arg>
<doc>Creates and returns a dictionary based on the given ``items``.</doc>
<status status="PASS" start="2025-07-05T16:08:08.733110" elapsed="0.000165"/>
</kw>
<return>
<value>${headers}</value>
<status status="PASS" start="2025-07-05T16:08:08.733296" elapsed="0.000015"/>
</return>
<msg time="2025-07-05T16:08:08.733360" level="INFO">${headers} = {'Content-Type': 'application/json', 'Accept': 'application/json'}</msg>
<var>${headers}</var>
<doc>Creates default headers for JSON requests</doc>
<status status="PASS" start="2025-07-05T16:08:08.733023" elapsed="0.000345"/>
</kw>
<kw name="Set Variable" owner="BuiltIn">
<msg time="2025-07-05T16:08:08.733476" level="INFO">${json_data} = {"username": "apiuser17517208882987", "password": "ApiTest123!"}</msg>
<var>${json_data}</var>
<arg>{"username": "${username}", "password": "${password}"}</arg>
<doc>Returns the given values which can then be assigned to a variables.</doc>
<status status="PASS" start="2025-07-05T16:08:08.733410" elapsed="0.000076"/>
</kw>
<kw name="Make POST Request" owner="api_common">
<kw name="POST On Session" owner="RequestsLibrary">
<msg time="2025-07-05T16:08:09.007204" level="INFO">POST Request : url=http://localhost:4322/api/users/ 
 path_url=/api/users/ 
 headers={'User-Agent': 'python-requests/2.32.4', 'Accept-Encoding': 'gzip, deflate', 'Accept': 'application/json', 'Connection': 'keep-alive', 'Content-Type': 'application/json', 'Content-Length': '64'} 
 body={"username": "apiuser17517208882987", "password": "ApiTest123!"} 
 </msg>
<msg time="2025-07-05T16:08:09.007412" level="INFO">POST Response : url=http://localhost:4322/api/users/ 
 status=200, reason=OK 
 headers={'date': 'Sat, 05 Jul 2025 13:08:08 GMT', 'server': 'uvicorn', 'content-length': '385', 'content-type': 'application/json'} 
 body={"userId":6,"username":"apiuser17517208882987","accessToken":"eyJhbGciOiJIUzI1NiIsInR5cCI6IkpXVCJ9.eyJ1c2VyX2lkIjo2LCJ1c2VybmFtZSI6ImFwaXVzZXIxNzUxNzIwODg4Mjk4NyIsImV4cCI6MTc1MTcyMjY4OH0.DkYPt_X3DdFjbpMAeN0q08p8p48_DurDUCBhyQNHJSo","refreshToken":"eyJhbGciOiJIUzI1NiIsInR5cCI6IkpXVCJ9.eyJzdWIiOiJyZWZyZXNoX3Rva2VuIiwiZXhwIjoxNzU0MzEyODg4fQ.1WSZEW8FMzuZbr96_-Ghh8Ik8l2rS38lD4zsayQBhOY"} 
 </msg>
<msg time="2025-07-05T16:08:09.007725" level="INFO">${response} = &lt;Response [200]&gt;</msg>
<var>${response}</var>
<arg>${TEST_SESSION}</arg>
<arg>${endpoint}</arg>
<arg>data=${data}</arg>
<arg>headers=${headers}</arg>
<arg>expected_status=any</arg>
<doc>Sends a POST request on a previously created HTTP Session.</doc>
<status status="PASS" start="2025-07-05T16:08:08.733690" elapsed="0.274108"/>
</kw>
<kw name="Should Be Equal As Integers" owner="BuiltIn">
<msg time="2025-07-05T16:08:09.009855" level="INFO">Argument types are:
&lt;class 'int'&gt;
&lt;class 'str'&gt;</msg>
<arg>${response.status_code}</arg>
<arg>${expected_status}</arg>
<doc>Fails if objects are unequal after converting them to integers.</doc>
<status status="PASS" start="2025-07-05T16:08:09.008407" elapsed="0.001536"/>
</kw>
<return>
<value>${response}</value>
<status status="PASS" start="2025-07-05T16:08:09.010076" elapsed="0.000068"/>
</return>
<msg time="2025-07-05T16:08:09.010401" level="INFO">${response} = &lt;Response [200]&gt;</msg>
<var>${response}</var>
<arg>/api/users/</arg>
<arg>${json_data}</arg>
<arg>${headers}</arg>
<arg>${expected_status}</arg>
<doc>Makes a POST request and validates status code</doc>
<status status="PASS" start="2025-07-05T16:08:08.733544" elapsed="0.276897"/>
</kw>
<return>
<value>${response}</value>
<status status="PASS" start="2025-07-05T16:08:09.010522" elapsed="0.000033"/>
</return>
<msg time="2025-07-05T16:08:09.010794" level="INFO">${response} = &lt;Response [200]&gt;</msg>
<var>${response}</var>
<arg>${unique_username}</arg>
<arg>${TEST_USER_PASSWORD}</arg>
<doc>Registers a new user via API</doc>
<status status="PASS" start="2025-07-05T16:08:08.732874" elapsed="0.277991"/>
</kw>
<kw name="Validate Registration Response" owner="auth_api_keywords">
<kw name="Should Be Equal As Integers" owner="BuiltIn">
<msg time="2025-07-05T16:08:09.011735" level="INFO">Argument types are:
&lt;class 'int'&gt;
&lt;class 'str'&gt;</msg>
<arg>${response.status_code}</arg>
<arg>${HTTP_OK}</arg>
<doc>Fails if objects are unequal after converting them to integers.</doc>
<status status="PASS" start="2025-07-05T16:08:09.011275" elapsed="0.000501"/>
</kw>
<kw name="Validate JSON Response" owner="api_common">
<kw name="Should Be Equal As Strings" owner="BuiltIn">
<arg>${response.headers['Content-Type']}</arg>
<arg>${CONTENT_TYPE_JSON}</arg>
<doc>Fails if objects are unequal after converting them to strings.</doc>
<status status="PASS" start="2025-07-05T16:08:09.012030" elapsed="0.000324"/>
</kw>
<kw name="Set Variable" owner="BuiltIn">
<msg time="2025-07-05T16:08:09.012786" level="INFO">${json_data} = {'userId': 6, 'username': 'apiuser17517208882987', 'accessToken': 'eyJhbGciOiJIUzI1NiIsInR5cCI6IkpXVCJ9.eyJ1c2VyX2lkIjo2LCJ1c2VybmFtZSI6ImFwaXVzZXIxNzUxNzIwODg4Mjk4NyIsImV4cCI6MTc1MTcyMjY4OH0.DkYPt_X3...</msg>
<var>${json_data}</var>
<arg>${response.json()}</arg>
<doc>Returns the given values which can then be assigned to a variables.</doc>
<status status="PASS" start="2025-07-05T16:08:09.012403" elapsed="0.000395"/>
</kw>
<for flavor="IN">
<iter>
<kw name="Dictionary Should Contain Key" owner="Collections">
<arg>${json_data}</arg>
<arg>${field}</arg>
<doc>Fails if ``key`` is not found from ``dictionary``.</doc>
<status status="PASS" start="2025-07-05T16:08:09.012954" elapsed="0.000068"/>
</kw>
<var name="${field}">userId</var>
<status status="PASS" start="2025-07-05T16:08:09.012912" elapsed="0.000125"/>
</iter>
<iter>
<kw name="Dictionary Should Contain Key" owner="Collections">
<arg>${json_data}</arg>
<arg>${field}</arg>
<doc>Fails if ``key`` is not found from ``dictionary``.</doc>
<status status="PASS" start="2025-07-05T16:08:09.013111" elapsed="0.000056"/>
</kw>
<var name="${field}">username</var>
<status status="PASS" start="2025-07-05T16:08:09.013075" elapsed="0.000106"/>
</iter>
<iter>
<kw name="Dictionary Should Contain Key" owner="Collections">
<arg>${json_data}</arg>
<arg>${field}</arg>
<doc>Fails if ``key`` is not found from ``dictionary``.</doc>
<status status="PASS" start="2025-07-05T16:08:09.013242" elapsed="0.000056"/>
</kw>
<var name="${field}">accessToken</var>
<status status="PASS" start="2025-07-05T16:08:09.013210" elapsed="0.000102"/>
</iter>
<iter>
<kw name="Dictionary Should Contain Key" owner="Collections">
<arg>${json_data}</arg>
<arg>${field}</arg>
<doc>Fails if ``key`` is not found from ``dictionary``.</doc>
<status status="PASS" start="2025-07-05T16:08:09.013367" elapsed="0.000053"/>
</kw>
<var name="${field}">refreshToken</var>
<status status="PASS" start="2025-07-05T16:08:09.013338" elapsed="0.000094"/>
</iter>
<var>${field}</var>
<value>@{expected_fields}</value>
<status status="PASS" start="2025-07-05T16:08:09.012831" elapsed="0.000614"/>
</for>
<return>
<value>${json_data}</value>
<status status="PASS" start="2025-07-05T16:08:09.013467" elapsed="0.000019"/>
</return>
<msg time="2025-07-05T16:08:09.013536" level="INFO">${json_data} = {'userId': 6, 'username': 'apiuser17517208882987', 'accessToken': 'eyJhbGciOiJIUzI1NiIsInR5cCI6IkpXVCJ9.eyJ1c2VyX2lkIjo2LCJ1c2VybmFtZSI6ImFwaXVzZXIxNzUxNzIwODg4Mjk4NyIsImV4cCI6MTc1MTcyMjY4OH0.DkYPt_X3...</msg>
<var>${json_data}</var>
<arg>${response}</arg>
<arg>${USER_ID_FIELD}</arg>
<arg>${USERNAME_FIELD}</arg>
<arg>${ACCESS_TOKEN_FIELD}</arg>
<arg>${REFRESH_TOKEN_FIELD}</arg>
<doc>Validates that response contains expected JSON fields</doc>
<status status="PASS" start="2025-07-05T16:08:09.011872" elapsed="0.001674"/>
</kw>
<kw name="Should Not Be Empty" owner="BuiltIn">
<msg time="2025-07-05T16:08:09.013908" level="INFO">Length is 168.</msg>
<arg>${json_data['${ACCESS_TOKEN_FIELD}']}</arg>
<doc>Verifies that the given item is not empty.</doc>
<status status="PASS" start="2025-07-05T16:08:09.013591" elapsed="0.000334"/>
</kw>
<kw name="Should Not Be Empty" owner="BuiltIn">
<msg time="2025-07-05T16:08:09.014235" level="INFO">Length is 135.</msg>
<arg>${json_data['${REFRESH_TOKEN_FIELD}']}</arg>
<doc>Verifies that the given item is not empty.</doc>
<status status="PASS" start="2025-07-05T16:08:09.013963" elapsed="0.000289"/>
</kw>
<return>
<value>${json_data}</value>
<status status="PASS" start="2025-07-05T16:08:09.014268" elapsed="0.000011"/>
</return>
<msg time="2025-07-05T16:08:09.014328" level="INFO">${user_data} = {'userId': 6, 'username': 'apiuser17517208882987', 'accessToken': 'eyJhbGciOiJIUzI1NiIsInR5cCI6IkpXVCJ9.eyJ1c2VyX2lkIjo2LCJ1c2VybmFtZSI6ImFwaXVzZXIxNzUxNzIwODg4Mjk4NyIsImV4cCI6MTc1MTcyMjY4OH0.DkYPt_X3...</msg>
<var>${user_data}</var>
<arg>${response}</arg>
<doc>Validates successful registration response</doc>
<status status="PASS" start="2025-07-05T16:08:09.011102" elapsed="0.003236"/>
</kw>
<kw name="Should Be Equal As Strings" owner="BuiltIn">
<arg>${user_data['${USERNAME_FIELD}']}</arg>
<arg>${unique_username}</arg>
<doc>Fails if objects are unequal after converting them to strings.</doc>
<status status="PASS" start="2025-07-05T16:08:09.014398" elapsed="0.000423"/>
</kw>
<doc>Test that user registration works with valid credentials</doc>
<tag>api</tag>
<tag>auth</tag>
<tag>crud</tag>
<tag>happy_path</tag>
<tag>registration</tag>
<tag>smoke</tag>
<status status="PASS" start="2025-07-05T16:08:08.731828" elapsed="0.283196"/>
</test>
<test id="s1-s1-t2" name="User Login Succeeds With Valid Credentials" line="24">
<kw name="Generate Unique Username" owner="api_common">
<kw name="Get Time" owner="BuiltIn">
<msg time="2025-07-05T16:08:09.016551" level="INFO">${timestamp} = 1751720889</msg>
<var>${timestamp}</var>
<arg>epoch</arg>
<doc>Returns the given time in the requested format.</doc>
<status status="PASS" start="2025-07-05T16:08:09.016278" elapsed="0.000314"/>
</kw>
<kw name="Evaluate" owner="BuiltIn">
<msg time="2025-07-05T16:08:09.016964" level="INFO">${random} = 4506</msg>
<var>${random}</var>
<arg>random.randint(1000, 9999)</arg>
<arg>random</arg>
<doc>Evaluates the given expression in Python and returns the result.</doc>
<status status="PASS" start="2025-07-05T16:08:09.016714" elapsed="0.000277"/>
</kw>
<kw name="Set Variable" owner="BuiltIn">
<msg time="2025-07-05T16:08:09.017279" level="INFO">${unique_username} = apiuser17517208894506</msg>
<var>${unique_username}</var>
<arg>apiuser${timestamp}${random}</arg>
<doc>Returns the given values which can then be assigned to a variables.</doc>
<status status="PASS" start="2025-07-05T16:08:09.017105" elapsed="0.000200"/>
</kw>
<return>
<value>${unique_username}</value>
<status status="PASS" start="2025-07-05T16:08:09.017350" elapsed="0.000033"/>
</return>
<msg time="2025-07-05T16:08:09.017611" level="INFO">${unique_username} = apiuser17517208894506</msg>
<var>${unique_username}</var>
<doc>Generates a unique username for testing</doc>
<status status="PASS" start="2025-07-05T16:08:09.015867" elapsed="0.001894"/>
</kw>
<kw name="Register User Via API" owner="auth_api_keywords">
<kw name="Create Default Headers" owner="api_common">
<kw name="Create Dictionary" owner="BuiltIn">
<msg time="2025-07-05T16:08:09.018890" level="INFO">${headers} = {'Content-Type': 'application/json', 'Accept': 'application/json'}</msg>
<var>${headers}</var>
<arg>Content-Type=${CONTENT_TYPE_JSON}</arg>
<arg>Accept=${ACCEPT_JSON}</arg>
<doc>Creates and returns a dictionary based on the given ``items``.</doc>
<status status="PASS" start="2025-07-05T16:08:09.018622" elapsed="0.000296"/>
</kw>
<return>
<value>${headers}</value>
<status status="PASS" start="2025-07-05T16:08:09.018971" elapsed="0.000032"/>
</return>
<msg time="2025-07-05T16:08:09.019118" level="INFO">${headers} = {'Content-Type': 'application/json', 'Accept': 'application/json'}</msg>
<var>${headers}</var>
<doc>Creates default headers for JSON requests</doc>
<status status="PASS" start="2025-07-05T16:08:09.018414" elapsed="0.000726"/>
</kw>
<kw name="Set Variable" owner="BuiltIn">
<msg time="2025-07-05T16:08:09.019401" level="INFO">${json_data} = {"username": "apiuser17517208894506", "password": "ApiTest123!"}</msg>
<var>${json_data}</var>
<arg>{"username": "${username}", "password": "${password}"}</arg>
<doc>Returns the given values which can then be assigned to a variables.</doc>
<status status="PASS" start="2025-07-05T16:08:09.019241" elapsed="0.000182"/>
</kw>
<kw name="Make POST Request" owner="api_common">
<kw name="POST On Session" owner="RequestsLibrary">
<msg time="2025-07-05T16:08:09.284384" level="INFO">POST Request : url=http://localhost:4322/api/users/ 
 path_url=/api/users/ 
 headers={'User-Agent': 'python-requests/2.32.4', 'Accept-Encoding': 'gzip, deflate', 'Accept': 'application/json', 'Connection': 'keep-alive', 'Content-Type': 'application/json', 'Content-Length': '64'} 
 body={"username": "apiuser17517208894506", "password": "ApiTest123!"} 
 </msg>
<msg time="2025-07-05T16:08:09.284562" level="INFO">POST Response : url=http://localhost:4322/api/users/ 
 status=200, reason=OK 
 headers={'date': 'Sat, 05 Jul 2025 13:08:08 GMT', 'server': 'uvicorn', 'content-length': '385', 'content-type': 'application/json'} 
 body={"userId":7,"username":"apiuser17517208894506","accessToken":"eyJhbGciOiJIUzI1NiIsInR5cCI6IkpXVCJ9.eyJ1c2VyX2lkIjo3LCJ1c2VybmFtZSI6ImFwaXVzZXIxNzUxNzIwODg5NDUwNiIsImV4cCI6MTc1MTcyMjY4OX0.akhzOHiCvc82I4TqFIGZg1q_y6Wr-TkgTaV9nPrDLW0","refreshToken":"eyJhbGciOiJIUzI1NiIsInR5cCI6IkpXVCJ9.eyJzdWIiOiJyZWZyZXNoX3Rva2VuIiwiZXhwIjoxNzU0MzEyODg5fQ.ve5MCV6wR3pW0WI-0FlQ9CgyWfqh82zJtO-QDe-Fujc"} 
 </msg>
<msg time="2025-07-05T16:08:09.284837" level="INFO">${response} = &lt;Response [200]&gt;</msg>
<var>${response}</var>
<arg>${TEST_SESSION}</arg>
<arg>${endpoint}</arg>
<arg>data=${data}</arg>
<arg>headers=${headers}</arg>
<arg>expected_status=any</arg>
<doc>Sends a POST request on a previously created HTTP Session.</doc>
<status status="PASS" start="2025-07-05T16:08:09.019690" elapsed="0.265214"/>
</kw>
<kw name="Should Be Equal As Integers" owner="BuiltIn">
<msg time="2025-07-05T16:08:09.286581" level="INFO">Argument types are:
&lt;class 'int'&gt;
&lt;class 'str'&gt;</msg>
<arg>${response.status_code}</arg>
<arg>${expected_status}</arg>
<doc>Fails if objects are unequal after converting them to integers.</doc>
<status status="PASS" start="2025-07-05T16:08:09.285291" elapsed="0.001377"/>
</kw>
<return>
<value>${response}</value>
<status status="PASS" start="2025-07-05T16:08:09.286742" elapsed="0.000053"/>
</return>
<msg time="2025-07-05T16:08:09.286978" level="INFO">${response} = &lt;Response [200]&gt;</msg>
<var>${response}</var>
<arg>/api/users/</arg>
<arg>${json_data}</arg>
<arg>${headers}</arg>
<arg>${expected_status}</arg>
<doc>Makes a POST request and validates status code</doc>
<status status="PASS" start="2025-07-05T16:08:09.019534" elapsed="0.267479"/>
</kw>
<return>
<value>${response}</value>
<status status="PASS" start="2025-07-05T16:08:09.287085" elapsed="0.000030"/>
</return>
<msg time="2025-07-05T16:08:09.287318" level="INFO">${register_response} = &lt;Response [200]&gt;</msg>
<var>${register_response}</var>
<arg>${unique_username}</arg>
<arg>${TEST_USER_PASSWORD}</arg>
<doc>Registers a new user via API</doc>
<status status="PASS" start="2025-07-05T16:08:09.018006" elapsed="0.269360"/>
</kw>
<kw name="Should Be Equal As Integers" owner="BuiltIn">
<msg time="2025-07-05T16:08:09.287972" level="INFO">Argument types are:
&lt;class 'int'&gt;
&lt;class 'str'&gt;</msg>
<arg>${register_response.status_code}</arg>
<arg>${HTTP_OK}</arg>
<doc>Fails if objects are unequal after converting them to integers.</doc>
<status status="PASS" start="2025-07-05T16:08:09.287515" elapsed="0.000493"/>
</kw>
<kw name="Login User Via API" owner="auth_api_keywords">
<kw name="Create Default Headers" owner="api_common">
<kw name="Create Dictionary" owner="BuiltIn">
<msg time="2025-07-05T16:08:09.288535" level="INFO">${headers} = {'Content-Type': 'application/json', 'Accept': 'application/json'}</msg>
<var>${headers}</var>
<arg>Content-Type=${CONTENT_TYPE_JSON}</arg>
<arg>Accept=${ACCEPT_JSON}</arg>
<doc>Creates and returns a dictionary based on the given ``items``.</doc>
<status status="PASS" start="2025-07-05T16:08:09.288405" elapsed="0.000141"/>
</kw>
<return>
<value>${headers}</value>
<status status="PASS" start="2025-07-05T16:08:09.288569" elapsed="0.000022"/>
</return>
<msg time="2025-07-05T16:08:09.288649" level="INFO">${headers} = {'Content-Type': 'application/json', 'Accept': 'application/json'}</msg>
<var>${headers}</var>
<doc>Creates default headers for JSON requests</doc>
<status status="PASS" start="2025-07-05T16:08:09.288318" elapsed="0.000341"/>
</kw>
<kw name="Set Variable" owner="BuiltIn">
<msg time="2025-07-05T16:08:09.288776" level="INFO">${json_data} = {"username": "apiuser17517208894506", "password": "ApiTest123!"}</msg>
<var>${json_data}</var>
<arg>{"username": "${username}", "password": "${password}"}</arg>
<doc>Returns the given values which can then be assigned to a variables.</doc>
<status status="PASS" start="2025-07-05T16:08:09.288708" elapsed="0.000077"/>
</kw>
<kw name="Make POST Request" owner="api_common">
<kw name="POST On Session" owner="RequestsLibrary">
<msg time="2025-07-05T16:08:09.549754" level="INFO">POST Request : url=http://localhost:4322/api/users/login 
 path_url=/api/users/login 
 headers={'User-Agent': 'python-requests/2.32.4', 'Accept-Encoding': 'gzip, deflate', 'Accept': 'application/json', 'Connection': 'keep-alive', 'Content-Type': 'application/json', 'Content-Length': '64'} 
 body={"username": "apiuser17517208894506", "password": "ApiTest123!"} 
 </msg>
<msg time="2025-07-05T16:08:09.549935" level="INFO">POST Response : url=http://localhost:4322/api/users/login 
 status=200, reason=OK 
 headers={'date': 'Sat, 05 Jul 2025 13:08:08 GMT', 'server': 'uvicorn', 'content-length': '385', 'content-type': 'application/json'} 
 body={"userId":7,"username":"apiuser17517208894506","accessToken":"eyJhbGciOiJIUzI1NiIsInR5cCI6IkpXVCJ9.eyJ1c2VyX2lkIjo3LCJ1c2VybmFtZSI6ImFwaXVzZXIxNzUxNzIwODg5NDUwNiIsImV4cCI6MTc1MTcyMjY4OX0.akhzOHiCvc82I4TqFIGZg1q_y6Wr-TkgTaV9nPrDLW0","refreshToken":"eyJhbGciOiJIUzI1NiIsInR5cCI6IkpXVCJ9.eyJzdWIiOiJyZWZyZXNoX3Rva2VuIiwiZXhwIjoxNzU0MzEyODg5fQ.ve5MCV6wR3pW0WI-0FlQ9CgyWfqh82zJtO-QDe-Fujc"} 
 </msg>
<msg time="2025-07-05T16:08:09.550218" level="INFO">${response} = &lt;Response [200]&gt;</msg>
<var>${response}</var>
<arg>${TEST_SESSION}</arg>
<arg>${endpoint}</arg>
<arg>data=${data}</arg>
<arg>headers=${headers}</arg>
<arg>expected_status=any</arg>
<doc>Sends a POST request on a previously created HTTP Session.</doc>
<status status="PASS" start="2025-07-05T16:08:09.288992" elapsed="0.261296"/>
</kw>
<kw name="Should Be Equal As Integers" owner="BuiltIn">
<msg time="2025-07-05T16:08:09.553161" level="INFO">Argument types are:
&lt;class 'int'&gt;
&lt;class 'str'&gt;</msg>
<arg>${response.status_code}</arg>
<arg>${expected_status}</arg>
<doc>Fails if objects are unequal after converting them to integers.</doc>
<status status="PASS" start="2025-07-05T16:08:09.550679" elapsed="0.002571"/>
</kw>
<return>
<value>${response}</value>
<status status="PASS" start="2025-07-05T16:08:09.553477" elapsed="0.000061"/>
</return>
<msg time="2025-07-05T16:08:09.553733" level="INFO">${response} = &lt;Response [200]&gt;</msg>
<var>${response}</var>
<arg>/api/users/login</arg>
<arg>${json_data}</arg>
<arg>${headers}</arg>
<arg>${expected_status}</arg>
<doc>Makes a POST request and validates status code</doc>
<status status="PASS" start="2025-07-05T16:08:09.288849" elapsed="0.264919"/>
</kw>
<return>
<value>${response}</value>
<status status="PASS" start="2025-07-05T16:08:09.553843" elapsed="0.000030"/>
</return>
<msg time="2025-07-05T16:08:09.554037" level="INFO">${response} = &lt;Response [200]&gt;</msg>
<var>${response}</var>
<arg>${unique_username}</arg>
<arg>${TEST_USER_PASSWORD}</arg>
<doc>Logs in a user via API</doc>
<status status="PASS" start="2025-07-05T16:08:09.288134" elapsed="0.265988"/>
</kw>
<kw name="Log" owner="BuiltIn">
<msg time="2025-07-05T16:08:09.554804" level="INFO">Login response status: 200</msg>
<arg>Login response status: ${response.status_code}</arg>
<doc>Logs the given message with the given level.</doc>
<status status="PASS" start="2025-07-05T16:08:09.554280" elapsed="0.000554"/>
</kw>
<kw name="Log" owner="BuiltIn">
<msg time="2025-07-05T16:08:09.555264" level="INFO">Login response body: {"userId":7,"username":"apiuser17517208894506","accessToken":"eyJhbGciOiJIUzI1NiIsInR5cCI6IkpXVCJ9.eyJ1c2VyX2lkIjo3LCJ1c2VybmFtZSI6ImFwaXVzZXIxNzUxNzIwODg5NDUwNiIsImV4cCI6MTc1MTcyMjY4OX0.akhzOHiCvc82I4TqFIGZg1q_y6Wr-TkgTaV9nPrDLW0","refreshToken":"eyJhbGciOiJIUzI1NiIsInR5cCI6IkpXVCJ9.eyJzdWIiOiJyZWZyZXNoX3Rva2VuIiwiZXhwIjoxNzU0MzEyODg5fQ.ve5MCV6wR3pW0WI-0FlQ9CgyWfqh82zJtO-QDe-Fujc"}</msg>
<arg>Login response body: ${response.text}</arg>
<doc>Logs the given message with the given level.</doc>
<status status="PASS" start="2025-07-05T16:08:09.554901" elapsed="0.000383"/>
</kw>
<kw name="Should Be Equal As Integers" owner="BuiltIn">
<msg time="2025-07-05T16:08:09.555682" level="INFO">Argument types are:
&lt;class 'int'&gt;
&lt;class 'str'&gt;</msg>
<arg>${response.status_code}</arg>
<arg>${HTTP_OK}</arg>
<doc>Fails if objects are unequal after converting them to integers.</doc>
<status status="PASS" start="2025-07-05T16:08:09.555343" elapsed="0.000365"/>
</kw>
<kw name="Validate Login Response" owner="auth_api_keywords">
<kw name="Should Be Equal As Integers" owner="BuiltIn">
<msg time="2025-07-05T16:08:09.556264" level="INFO">Argument types are:
&lt;class 'int'&gt;
&lt;class 'str'&gt;</msg>
<arg>${response.status_code}</arg>
<arg>${HTTP_OK}</arg>
<doc>Fails if objects are unequal after converting them to integers.</doc>
<status status="PASS" start="2025-07-05T16:08:09.555952" elapsed="0.000333"/>
</kw>
<kw name="Validate JSON Response" owner="api_common">
<kw name="Should Be Equal As Strings" owner="BuiltIn">
<arg>${response.headers['Content-Type']}</arg>
<arg>${CONTENT_TYPE_JSON}</arg>
<doc>Fails if objects are unequal after converting them to strings.</doc>
<status status="PASS" start="2025-07-05T16:08:09.556510" elapsed="0.000279"/>
</kw>
<kw name="Set Variable" owner="BuiltIn">
<msg time="2025-07-05T16:08:09.557191" level="INFO">${json_data} = {'userId': 7, 'username': 'apiuser17517208894506', 'accessToken': 'eyJhbGciOiJIUzI1NiIsInR5cCI6IkpXVCJ9.eyJ1c2VyX2lkIjo3LCJ1c2VybmFtZSI6ImFwaXVzZXIxNzUxNzIwODg5NDUwNiIsImV4cCI6MTc1MTcyMjY4OX0.akhzOHiC...</msg>
<var>${json_data}</var>
<arg>${response.json()}</arg>
<doc>Returns the given values which can then be assigned to a variables.</doc>
<status status="PASS" start="2025-07-05T16:08:09.556834" elapsed="0.000369"/>
</kw>
<for flavor="IN">
<iter>
<kw name="Dictionary Should Contain Key" owner="Collections">
<arg>${json_data}</arg>
<arg>${field}</arg>
<doc>Fails if ``key`` is not found from ``dictionary``.</doc>
<status status="PASS" start="2025-07-05T16:08:09.557342" elapsed="0.000065"/>
</kw>
<var name="${field}">userId</var>
<status status="PASS" start="2025-07-05T16:08:09.557305" elapsed="0.000116"/>
</iter>
<iter>
<kw name="Dictionary Should Contain Key" owner="Collections">
<arg>${json_data}</arg>
<arg>${field}</arg>
<doc>Fails if ``key`` is not found from ``dictionary``.</doc>
<status status="PASS" start="2025-07-05T16:08:09.557484" elapsed="0.000053"/>
</kw>
<var name="${field}">username</var>
<status status="PASS" start="2025-07-05T16:08:09.557452" elapsed="0.000099"/>
</iter>
<iter>
<kw name="Dictionary Should Contain Key" owner="Collections">
<arg>${json_data}</arg>
<arg>${field}</arg>
<doc>Fails if ``key`` is not found from ``dictionary``.</doc>
<status status="PASS" start="2025-07-05T16:08:09.557604" elapsed="0.000052"/>
</kw>
<var name="${field}">accessToken</var>
<status status="PASS" start="2025-07-05T16:08:09.557576" elapsed="0.000092"/>
</iter>
<iter>
<kw name="Dictionary Should Contain Key" owner="Collections">
<arg>${json_data}</arg>
<arg>${field}</arg>
<doc>Fails if ``key`` is not found from ``dictionary``.</doc>
<status status="PASS" start="2025-07-05T16:08:09.557724" elapsed="0.000054"/>
</kw>
<var name="${field}">refreshToken</var>
<status status="PASS" start="2025-07-05T16:08:09.557696" elapsed="0.000094"/>
</iter>
<var>${field}</var>
<value>@{expected_fields}</value>
<status status="PASS" start="2025-07-05T16:08:09.557237" elapsed="0.000563"/>
</for>
<return>
<value>${json_data}</value>
<status status="PASS" start="2025-07-05T16:08:09.557819" elapsed="0.000019"/>
</return>
<msg time="2025-07-05T16:08:09.557897" level="INFO">${json_data} = {'userId': 7, 'username': 'apiuser17517208894506', 'accessToken': 'eyJhbGciOiJIUzI1NiIsInR5cCI6IkpXVCJ9.eyJ1c2VyX2lkIjo3LCJ1c2VybmFtZSI6ImFwaXVzZXIxNzUxNzIwODg5NDUwNiIsImV4cCI6MTc1MTcyMjY4OX0.akhzOHiC...</msg>
<var>${json_data}</var>
<arg>${response}</arg>
<arg>${USER_ID_FIELD}</arg>
<arg>${USERNAME_FIELD}</arg>
<arg>${ACCESS_TOKEN_FIELD}</arg>
<arg>${REFRESH_TOKEN_FIELD}</arg>
<doc>Validates that response contains expected JSON fields</doc>
<status status="PASS" start="2025-07-05T16:08:09.556361" elapsed="0.001546"/>
</kw>
<kw name="Should Not Be Empty" owner="BuiltIn">
<msg time="2025-07-05T16:08:09.558615" level="INFO">Length is 168.</msg>
<arg>${json_data['${ACCESS_TOKEN_FIELD}']}</arg>
<doc>Verifies that the given item is not empty.</doc>
<status status="PASS" start="2025-07-05T16:08:09.557948" elapsed="0.000686"/>
</kw>
<kw name="Should Not Be Empty" owner="BuiltIn">
<msg time="2025-07-05T16:08:09.558970" level="INFO">Length is 135.</msg>
<arg>${json_data['${REFRESH_TOKEN_FIELD}']}</arg>
<doc>Verifies that the given item is not empty.</doc>
<status status="PASS" start="2025-07-05T16:08:09.558679" elapsed="0.000308"/>
</kw>
<return>
<value>${json_data}</value>
<status status="PASS" start="2025-07-05T16:08:09.559005" elapsed="0.000012"/>
</return>
<msg time="2025-07-05T16:08:09.559065" level="INFO">${login_data} = {'userId': 7, 'username': 'apiuser17517208894506', 'accessToken': 'eyJhbGciOiJIUzI1NiIsInR5cCI6IkpXVCJ9.eyJ1c2VyX2lkIjo3LCJ1c2VybmFtZSI6ImFwaXVzZXIxNzUxNzIwODg5NDUwNiIsImV4cCI6MTc1MTcyMjY4OX0.akhzOHiC...</msg>
<var>${login_data}</var>
<arg>${response}</arg>
<doc>Validates successful login response</doc>
<status status="PASS" start="2025-07-05T16:08:09.555822" elapsed="0.003258"/>
</kw>
<kw name="Should Be Equal As Strings" owner="BuiltIn">
<arg>${login_data['${USERNAME_FIELD}']}</arg>
<arg>${unique_username}</arg>
<doc>Fails if objects are unequal after converting them to strings.</doc>
<status status="PASS" start="2025-07-05T16:08:09.559134" elapsed="0.000344"/>
</kw>
<doc>Test that user login works with valid credentials</doc>
<tag>api</tag>
<tag>auth</tag>
<tag>crud</tag>
<tag>happy_path</tag>
<tag>login</tag>
<tag>smoke</tag>
<status status="PASS" start="2025-07-05T16:08:09.015295" elapsed="0.544256"/>
</test>
<kw name="Teardown API Test Session" owner="api_common" type="TEARDOWN">
<kw name="Delete All Sessions" owner="RequestsLibrary">
<msg time="2025-07-05T16:08:09.560036" level="INFO">Deleting All Sessions</msg>
<doc>Removes all the session objects</doc>
<status status="PASS" start="2025-07-05T16:08:09.559970" elapsed="0.000152"/>