<?xml version="1.0" encoding="UTF-8"?>
<robot generator="Robot 6.1.1 (Python 3.12.5 on darwin)" generated="20250706 13:53:15.995" rpa="false" schemaversion="4">
<suite id="s1" name="Auth Tests" source="/Users/MrJay/Documents/playground/swt-todo-list-app-main/e2e-tests/tests/auth_tests.robot">
<kw name="Clear Application Data" library="common" type="SETUP">
<tag>setup</tag>
<doc>Clears application data by restarting containers</doc>
<kw name="Run Process" library="Process">
<arg>docker</arg>
<arg>compose</arg>
<arg>-f</arg>
<arg>compose.dev.yml</arg>
<arg>down</arg>
<arg>shell=True</arg>
<arg>cwd=${EXECDIR}/..</arg>
<doc>Runs a process and waits for it to complete.</doc>
<msg timestamp="20250706 13:53:16.145" level="INFO">Starting process:
docker compose -f compose.dev.yml down</msg>
<msg timestamp="20250706 13:53:16.148" level="INFO">Waiting for process to complete.</msg>
<msg timestamp="20250706 13:53:18.221" level="INFO">Process completed.</msg>
<status status="PASS" starttime="20250706 13:53:16.145" endtime="20250706 13:53:18.222"/>
</kw>
<kw name="Run Process" library="Process">
<arg>docker</arg>
<arg>compose</arg>
<arg>-f</arg>
<arg>compose.dev.yml</arg>
<arg>up</arg>
<arg>-d</arg>
<arg>shell=True</arg>
<arg>cwd=${EXECDIR}/..</arg>
<doc>Runs a process and waits for it to complete.</doc>
<msg timestamp="20250706 13:53:18.222" level="INFO">Starting process:
docker compose -f compose.dev.yml up -d</msg>
<msg timestamp="20250706 13:53:18.225" level="INFO">Waiting for process to complete.</msg>
<msg timestamp="20250706 13:53:45.523" level="INFO">Process completed.</msg>
<status status="PASS" starttime="20250706 13:53:18.222" endtime="20250706 13:53:45.523"/>
</kw>
<kw name="Sleep" library="BuiltIn">
<arg>15s</arg>
<doc>Pauses the test executed for the given time.</doc>
<msg timestamp="20250706 13:54:00.527" level="INFO">Slept 15 seconds</msg>
<status status="PASS" starttime="20250706 13:53:45.524" endtime="20250706 13:54:00.529"/>
</kw>
<kw name="Wait For Application To Start" library="common">
<doc>Waits for the application to be ready</doc>
<kw name="Wait Until Keyword Succeeds" library="BuiltIn">
<arg>60s</arg>
<arg>5s</arg>
<arg>Check Application Health</arg>
<doc>Runs the specified keyword and retries if it fails.</doc>
<kw name="Check Application Health" library="common">
<doc>Checks if application is responding</doc>
<kw name="Create Session" library="RequestsLibrary">
<arg>healthcheck</arg>
<arg>${BASE_URL}</arg>
<doc>Create Session: create a HTTP session to a server</doc>
<msg timestamp="20250706 13:54:00.532" level="INFO">Creating Session using : alias=healthcheck, url=http://localhost:4321, headers={},                     cookies={}, auth=None, timeout=None, proxies=None, verify=False,                     debug=0 </msg>
<status status="PASS" starttime="20250706 13:54:00.531" endtime="20250706 13:54:00.532"/>
</kw>
<kw name="GET On Session" library="RequestsLibrary">
<var>${response}</var>
<arg>healthcheck</arg>
<arg>/</arg>
<doc>Sends a GET request on a previously created HTTP Session.</doc>
<msg timestamp="20250706 13:54:00.569" level="INFO">GET Request : url=http://localhost:4321/ 
 path_url=/ 
 headers={'User-Agent': 'python-requests/2.31.0', 'Accept-Encoding': 'gzip, deflate, zstd', 'Accept': '*/*', 'Connection': 'keep-alive'} 
 body=None 
 </msg>
<msg timestamp="20250706 13:54:00.570" level="INFO">GET Response : url=http://localhost:4321/ 
 status=200, reason=OK 
 headers={'Vary': 'Origin', 'content-type': 'text/html', 'Date': 'Sun, 06 Jul 2025 10:54:00 GMT', 'Connection': 'keep-alive', 'Keep-Alive': 'timeout=5', 'Transfer-Encoding': 'chunked'} 
 body=&lt;!DOCTYPE html&gt;&lt;!-- &lt;BaseLayout title="Home" description="Home page"&gt; --&gt;&lt;style data-vite-dev-id="/app/node_modules/@astrojs/tailwind/base.css"&gt;*, ::before, ::after {
  --tw-border-spacing-x: 0;
  --tw-border-spacing-y: 0;
  --tw-translate-x: 0;
  --tw-translate-y: 0;
  --tw-rotate: 0;
  --tw-skew-x: 0;
  --tw-skew-y: 0;
  --tw-scale-x: 1;
  --tw-scale-y: 1;
  --tw-pan-x:  ;
  --tw-pan-y:  ;
  --tw-pinch-zoom:  ;
  --tw-scroll-snap-strictness: proximity;
  --tw-gradient-from-position:  ;
  --tw-gradient-via-position:  ;
  --tw-gradient-to-position:  ;
  --tw-ordinal:  ;
  --tw-slashed-zero:  ;
  --tw-numeric-figure:  ;
  --tw-numeric-spacing:  ;
  --tw-numeric-fraction:  ;
  --tw-ring-inset:  ;
  --tw-ring-offset-width: 0px;
  --tw-ring-offset-color: #fff;
  --tw-ring-color: rgb(59 130 246 / 0.5);
  --tw-ring-offset-shadow: 0 0 #0000;
  --tw-ring-shadow: 0 0 #0000;
  --tw-shadow: 0 0 #0000;
  --tw-shadow-colored: 0 0 #0000;
  --tw-blur:  ;
  --tw-brightness:  ;
  --tw-contrast:  ;
  --tw-grayscale:  ;
  --tw-hue-rotate:  ;
  --tw-invert:  ;
  --tw-saturate:  ;
  --tw-sepia:  ;
  --tw-drop-shadow:  ;
  --tw-backdrop-blur:  ;
  --tw-backdrop-brightness:  ;
  --tw-backdrop-contrast:  ;
  --tw-backdrop-grayscale:  ;
  --tw-backdrop-hue-rotate:  ;
  --tw-backdrop-invert:  ;
  --tw-backdrop-opacity:  ;
  --tw-backdrop-saturate:  ;
  --tw-backdrop-sepia:  ;
  --tw-contain-size:  ;
  --tw-contain-layout:  ;
  --tw-contain-paint:  ;
  --tw-contain-style:  ;
}

::backdrop {
  --tw-border-spacing-x: 0;
  --tw-border-spacing-y: 0;
  --tw-translate-x: 0;
  --tw-translate-y: 0;
  --tw-rotate: 0;
  --tw-skew-x: 0;
  --tw-skew-y: 0;
  --tw-scale-x: 1;
  --tw-scale-y: 1;
  --tw-pan-x:  ;
  --tw-pan-y:  ;
  --tw-pinch-zoom:  ;
  --tw-scroll-snap-strictness: proximity;
  --tw-gradient-from-position:  ;
  --tw-gradient-via-position:  ;
  --tw-gradient-to-position:  ;
  --tw-ordinal:  ;
  --tw-slashed-zero:  ;
  --tw-numeric-figure:  ;
  --tw-numeric-spacing:  ;
  --tw-numeric-fraction:  ;
  --tw-ring-inset:  ;
  --tw-ring-offset-width: 0px;
  --tw-ring-offset-color: #fff;
  --tw-ring-color: rgb(59 130 246 / 0.5);
  --tw-ring-offset-shadow: 0 0 #0000;
  --tw-ring-shadow: 0 0 #0000;
  --tw-shadow: 0 0 #0000;
  --tw-shadow-colored: 0 0 #0000;
  --tw-blur:  ;
  --tw-brightness:  ;
  --tw-contrast:  ;
  --tw-grayscale:  ;
  --tw-hue-rotate:  ;
  --tw-invert:  ;
  --tw-saturate:  ;
  --tw-sepia:  ;
  --tw-drop-shadow:  ;
  --tw-backdrop-blur:  ;
  --tw-backdrop-brightness:  ;
  --tw-backdrop-contrast:  ;
  --tw-backdrop-grayscale:  ;
  --tw-backdrop-hue-rotate:  ;
  --tw-backdrop-invert:  ;
  --tw-backdrop-opacity:  ;
  --tw-backdrop-saturate:  ;
  --tw-backdrop-sepia:  ;
  --tw-contain-size:  ;
  --tw-contain-layout:  ;
  --tw-contain-paint:  ;
  --tw-contain-style:  ;
}/*
! tailwindcss v3.4.17 | MIT License | https://tailwindcss.com
*//*
1. Prevent padding and border from affecting element width. (https://github.com/mozdevs/cssremedy/issues/4)
2. Allow adding a border to an element by just adding a border-width. (https://github.com/tailwindcss/tailwindcss/pull/116)
*/

*,
::before,
::after {
  box-sizing: border-box; /* 1 */
  border-width: 0; /* 2 */
  border-style: solid; /* 2 */
  border-color: #e5e7eb; /* 2 */
}

::before,
::after {
  --tw-content: '';
}

/*
1. Use a consistent sensible line-height in all browsers.
2. Prevent adjustments of font size after orientation changes in iOS.
3. Use a more readable tab size.
4. Use the user's configured `sans` font-family by default.
5. Use the user's configured `sans` font-feature-settings by default.
6. Use the user's configured `sans` font-variation-settings by default.
7. Disable tap highlights on iOS
*/

html,
:host {
  line-height: 1.5; /* 1 */
  -webkit-text-size-adjust: 100%; /* 2 */
  -moz-tab-size: 4; /* 3 */
  -o-tab-size: 4;
     tab-size: 4; /* 3 */
  font-family: ui-sans-serif, system-ui, sans-serif, "Apple Color Emoji", "Segoe UI Emoji", "Segoe UI Symbol", "Noto Color Emoji"; /* 4 */
  font-feature-settings: normal; /* 5 */
  font-variation-settings: normal; /* 6 */
  -webkit-tap-highlight-color: transparent; /* 7 */
}

/*
1. Remove the margin in all browsers.
2. Inherit line-height from `html` so users can set them as a class directly on the `html` element.
*/

body {
  margin: 0; /* 1 */
  line-height: inherit; /* 2 */
}

/*
1. Add the correct height in Firefox.
2. Correct the inheritance of border color in Firefox. (https://bugzilla.mozilla.org/show_bug.cgi?id=190655)
3. Ensure horizontal rules are visible by default.
*/

hr {
  height: 0; /* 1 */
  color: inherit; /* 2 */
  border-top-width: 1px; /* 3 */
}

/*
Add the correct text decoration in Chrome, Edge, and Safari.
*/

abbr:where([title]) {
  -webkit-text-decoration: underline dotted;
          text-decoration: underline dotted;
}

/*
Remove the default font size and weight for headings.
*/

h1,
h2,
h3,
h4,
h5,
h6 {
  font-size: inherit;
  font-weight: inherit;
}

/*
Reset links to optimize for opt-in styling instead of opt-out.
*/

a {
  color: inherit;
  text-decoration: inherit;
}

/*
Add the correct font weight in Edge and Safari.
*/

b,
strong {
  font-weight: bolder;
}

/*
1. Use the user's configured `mono` font-family by default.
2. Use the user's configured `mono` font-feature-settings by default.
3. Use the user's configured `mono` font-variation-settings by default.
4. Correct the odd `em` font sizing in all browsers.
*/

code,
kbd,
samp,
pre {
  font-family: ui-monospace, SFMono-Regular, Menlo, Monaco, Consolas, "Liberation Mono", "Courier New", monospace; /* 1 */
  font-feature-settings: normal; /* 2 */
  font-variation-settings: normal; /* 3 */
  font-size: 1em; /* 4 */
}

/*
Add the correct font size in all browsers.
*/

small {
  font-size: 80%;
}

/*
Prevent `sub` and `sup` elements from affecting the line height in all browsers.
*/

sub,
sup {
  font-size: 75%;
  line-height: 0;
  position: relative;
  vertical-align: baseline;
}

sub {
  bottom: -0.25em;
}

sup {
  top: -0.5em;
}

/*
1. Remove text indentation from table contents in Chrome and Safari. (https://bugs.chromium.org/p/chromium/issues/detail?id=999088, https://bugs.webkit.org/show_bug.cgi?id=201297)
2. Correct table border color inheritance in all Chrome and Safari. (https://bugs.chromium.org/p/chromium/issues/detail?id=935729, https://bugs.webkit.org/show_bug.cgi?id=195016)
3. Remove gaps between table borders by default.
*/

table {
  text-indent: 0; /* 1 */
  border-color: inherit; /* 2 */
  border-collapse: collapse; /* 3 */
}

/*
1. Change the font styles in all browsers.
2. Remove the margin in Firefox and Safari.
3. Remove default padding in all browsers.
*/

button,
input,
optgroup,
select,
textarea {
  font-family: inherit; /* 1 */
  font-feature-settings: inherit; /* 1 */
  font-variation-settings: inherit; /* 1 */
  font-size: 100%; /* 1 */
  font-weight: inherit; /* 1 */
  line-height: inherit; /* 1 */
  letter-spacing: inherit; /* 1 */
  color: inherit; /* 1 */
  margin: 0; /* 2 */
  padding: 0; /* 3 */
}

/*
Remove the inheritance of text transform in Edge and Firefox.
*/

button,
select {
  text-transform: none;
}

/*
1. Correct the inability to style clickable types in iOS and Safari.
2. Remove default button styles.
*/

button,
input:where([type='button']),
input:where([type='reset']),
input:where([type='submit']) {
  -webkit-appearance: button; /* 1 */
  background-color: transparent; /* 2 */
  background-image: none; /* 2 */
}

/*
Use the modern Firefox focus style for all focusable elements.
*/

:-moz-focusring {
  outline: auto;
}

/*
Remove the additional `:invalid` styles in Firefox. (https://github.com/mozilla/gecko-dev/blob/2f9eacd9d3d995c937b4251a5557d95d494c9be1/layout/style/res/forms.css#L728-L737)
*/

:-moz-ui-invalid {
  box-shadow: none;
}

/*
Add the correct vertical alignment in Chrome and Firefox.
*/

progress {
  vertical-align: baseline;
}

/*
Correct the cursor style of increment and decrement buttons in Safari.
*/

::-webkit-inner-spin-button,
::-webkit-outer-spin-button {
  height: auto;
}

/*
1. Correct the odd appearance in Chrome and Safari.
2. Correct the outline style in Safari.
*/

[type='search'] {
  -webkit-appearance: textfield; /* 1 */
  outline-offset: -2px; /* 2 */
}

/*
Remove the inner padding in Chrome and Safari on macOS.
*/

::-webkit-search-decoration {
  -webkit-appearance: none;
}

/*
1. Correct the inability to style clickable types in iOS and Safari.
2. Change font properties to `inherit` in Safari.
*/

::-webkit-file-upload-button {
  -webkit-appearance: button; /* 1 */
  font: inherit; /* 2 */
}

/*
Add the correct display in Chrome and Safari.
*/

summary {
  display: list-item;
}

/*
Removes the default spacing and border for appropriate elements.
*/

blockquote,
dl,
dd,
h1,
h2,
h3,
h4,
h5,
h6,
hr,
figure,
p,
pre {
  margin: 0;
}

fieldset {
  margin: 0;
  padding: 0;
}

legend {
  padding: 0;
}

ol,
ul,
menu {
  list-style: none;
  margin: 0;
  padding: 0;
}

/*
Reset default styling for dialogs.
*/
dialog {
  padding: 0;
}

/*
Prevent resizing textareas horizontally by default.
*/

textarea {
  resize: vertical;
}

/*
1. Reset the default placeholder opacity in Firefox. (https://github.com/tailwindlabs/tailwindcss/issues/3300)
2. Set the default placeholder color to the user's configured gray 400 color.
*/

input::-moz-placeholder, textarea::-moz-placeholder {
  opacity: 1; /* 1 */
  color: #9ca3af; /* 2 */
}

input::placeholder,
textarea::placeholder {
  opacity: 1; /* 1 */
  color: #9ca3af; /* 2 */
}

/*
Set the default cursor for buttons.
*/

button,
[role="button"] {
  cursor: pointer;
}

/*
Make sure disabled buttons don't get the pointer cursor.
*/
:disabled {
  cursor: default;
}

/*
1. Make replaced elements `display: block` by default. (https://github.com/mozdevs/cssremedy/issues/14)
2. Add `vertical-align: middle` to align replaced elements more sensibly by default. (https://github.com/jensimmons/cssremedy/issues/14#issuecomment-634934210)
   This can trigger... (set the log level to DEBUG or TRACE to see the full content) 
 </msg>
<msg timestamp="20250706 13:54:00.570" level="INFO">${response} = &lt;Response [200]&gt;</msg>
<status status="PASS" starttime="20250706 13:54:00.532" endtime="20250706 13:54:00.570"/>
</kw>
<kw name="Should Be Equal As Integers" library="BuiltIn">
<arg>${response.status_code}</arg>
<arg>200</arg>
<doc>Fails if objects are unequal after converting them to integers.</doc>
<msg timestamp="20250706 13:54:00.571" level="INFO">Argument types are:
&lt;class 'int'&gt;
&lt;class 'str'&gt;</msg>
<status status="PASS" starttime="20250706 13:54:00.570" endtime="20250706 13:54:00.571"/>
</kw>
<status status="PASS" starttime="20250706 13:54:00.531" endtime="20250706 13:54:00.571"/>
</kw>
<status status="PASS" starttime="20250706 13:54:00.531" endtime="20250706 13:54:00.571"/>
</kw>
<status status="PASS" starttime="20250706 13:54:00.530" endtime="20250706 13:54:00.571"/>
</kw>
<status status="PASS" starttime="20250706 13:53:16.145" endtime="20250706 13:54:00.571"/>
</kw>
<test id="s1-t1" name="User Can Register Successfully" line="11">
<kw name="Open Browser To Application And Navigate To Home" library="common" type="SETUP">
<doc>Opens browser, navigates to application and waits for it to load</doc>
<kw name="Open Browser To Application" library="common">
<doc>Opens browser and navigates to the application</doc>
<kw name="Evaluate" library="BuiltIn">
<var>${chrome_options}</var>
<arg>sys.modules['selenium.webdriver'].ChromeOptions()</arg>
<arg>sys, selenium.webdriver</arg>
<doc>Evaluates the given expression in Python and returns the result.</doc>
<msg timestamp="20250706 13:54:00.572" level="INFO">${chrome_options} = &lt;selenium.webdriver.chrome.options.Options object at 0x10843dac0&gt;</msg>
<status status="PASS" starttime="20250706 13:54:00.572" endtime="20250706 13:54:00.572"/>
</kw>
<kw name="Run Keyword If" library="BuiltIn">
<arg>${HEADLESS}</arg>
<arg>Call Method</arg>
<arg>${chrome_options}</arg>
<arg>add_argument</arg>
<arg>--headless</arg>
<doc>Runs the given keyword with the given arguments, if ``condition`` is true.</doc>
<kw name="Call Method" library="BuiltIn">
<arg>${chrome_options}</arg>
<arg>add_argument</arg>
<arg>--headless</arg>
<doc>Calls the named method of the given object with the provided arguments.</doc>
<status status="PASS" starttime="20250706 13:54:00.572" endtime="20250706 13:54:00.572"/>
</kw>
<status status="PASS" starttime="20250706 13:54:00.572" endtime="20250706 13:54:00.572"/>
</kw>
<kw name="Call Method" library="BuiltIn">
<arg>${chrome_options}</arg>
<arg>add_argument</arg>
<arg>--no-sandbox</arg>
<doc>Calls the named method of the given object with the provided arguments.</doc>
<status status="PASS" starttime="20250706 13:54:00.572" endtime="20250706 13:54:00.572"/>
</kw>
<kw name="Call Method" library="BuiltIn">
<arg>${chrome_options}</arg>
<arg>add_argument</arg>
<arg>--disable-dev-shm-usage</arg>
<doc>Calls the named method of the given object with the provided arguments.</doc>
<status status="PASS" starttime="20250706 13:54:00.572" endtime="20250706 13:54:00.572"/>
</kw>
<kw name="Call Method" library="BuiltIn">
<arg>${chrome_options}</arg>
<arg>add_argument</arg>
<arg>--disable-gpu</arg>
<doc>Calls the named method of the given object with the provided arguments.</doc>
<status status="PASS" starttime="20250706 13:54:00.573" endtime="20250706 13:54:00.573"/>
</kw>
<kw name="Open Browser" library="SeleniumLibrary">
<arg>${BASE_URL}</arg>
<arg>${BROWSER}</arg>
<arg>options=${chrome_options}</arg>
<doc>Opens a new browser instance to the optional ``url``.</doc>
<msg timestamp="20250706 13:54:00.573" level="INFO">Opening browser 'Chrome' to base url 'http://localhost:4321'.</msg>
<status status="PASS" starttime="20250706 13:54:00.573" endtime="20250706 13:54:02.828"/>
</kw>
<kw name="Set Selenium Implicit Wait" library="SeleniumLibrary">
<arg>${IMPLICIT_WAIT}</arg>
<doc>Sets the implicit wait value used by Selenium.</doc>
<status status="PASS" starttime="20250706 13:54:02.828" endtime="20250706 13:54:02.830"/>
</kw>
<kw name="Maximize Browser Window" library="SeleniumLibrary">
<doc>Maximizes current browser window.</doc>
<status status="PASS" starttime="20250706 13:54:02.830" endtime="20250706 13:54:02.851"/>
</kw>
<status status="PASS" starttime="20250706 13:54:00.572" endtime="20250706 13:54:02.851"/>
</kw>
<kw name="Execute Javascript" library="SeleniumLibrary">
<arg>localStorage.clear()</arg>
<doc>Executes the given JavaScript code with possible arguments.</doc>
<msg timestamp="20250706 13:54:02.852" level="INFO">Executing JavaScript:
localStorage.clear()
Without any arguments.</msg>
<status status="PASS" starttime="20250706 13:54:02.851" endtime="20250706 13:54:02.856"/>
</kw>
<kw name="Wait For Page To Load" library="common">
<doc>Waits for page to fully load</doc>
<kw name="Wait Until Page Contains Element" library="SeleniumLibrary">
<arg>tag:body</arg>
<arg>${EXPLICIT_WAIT}</arg>
<doc>Waits until the element ``locator`` appears on the current page.</doc>
<status status="PASS" starttime="20250706 13:54:02.857" endtime="20250706 13:54:02.868"/>
</kw>
<kw name="Sleep" library="BuiltIn">
<arg>1s</arg>
<doc>Pauses the test executed for the given time.</doc>
<msg timestamp="20250706 13:54:03.869" level="INFO">Slept 1 second</msg>
<status status="PASS" starttime="20250706 13:54:02.868" endtime="20250706 13:54:03.869"/>
</kw>
<status status="PASS" starttime="20250706 13:54:02.856" endtime="20250706 13:54:03.869"/>
</kw>
<kw name="Log" library="BuiltIn">
<arg>Current URL: ${EMPTY}</arg>
<doc>Logs the given message with the given level.</doc>
<msg timestamp="20250706 13:54:03.871" level="INFO">Current URL: </msg>
<status status="PASS" starttime="20250706 13:54:03.870" endtime="20250706 13:54:03.871"/>
</kw>
<kw name="Get Location" library="SeleniumLibrary">
<var>${current_url}</var>
<doc>Returns the current browser window URL.</doc>
<msg timestamp="20250706 13:54:03.875" level="INFO">${current_url} = http://localhost:4321/login</msg>
<status status="PASS" starttime="20250706 13:54:03.871" endtime="20250706 13:54:03.875"/>
</kw>
<kw name="Log" library="BuiltIn">
<arg>Current URL: ${current_url}</arg>
<doc>Logs the given message with the given level.</doc>
<msg timestamp="20250706 13:54:03.876" level="INFO">Current URL: http://localhost:4321/login</msg>
<status status="PASS" starttime="20250706 13:54:03.875" endtime="20250706 13:54:03.876"/>
</kw>
<status status="PASS" starttime="20250706 13:54:00.572" endtime="20250706 13:54:03.876"/>
</kw>
<kw name="Generate Unique Username" library="common">
<var>${unique_username}</var>
<doc>Generates a unique username for testing</doc>
<kw name="Get Time" library="BuiltIn">
<var>${timestamp}</var>
<arg>epoch</arg>
<doc>Returns the given time in the requested format.</doc>
<msg timestamp="20250706 13:54:03.876" level="INFO">${timestamp} = 1751799243</msg>
<status status="PASS" starttime="20250706 13:54:03.876" endtime="20250706 13:54:03.876"/>
</kw>
<kw name="Set Variable" library="BuiltIn">
<var>${unique_username}</var>
<arg>testuser${timestamp}</arg>
<doc>Returns the given values which can then be assigned to a variables.</doc>
<msg timestamp="20250706 13:54:03.876" level="INFO">${unique_username} = testuser1751799243</msg>
<status status="PASS" starttime="20250706 13:54:03.876" endtime="20250706 13:54:03.876"/>
</kw>
<return>
<value>${unique_username}</value>
<status status="PASS" starttime="20250706 13:54:03.876" endtime="20250706 13:54:03.876"/>
</return>
<msg timestamp="20250706 13:54:03.876" level="INFO">${unique_username} = testuser1751799243</msg>
<status status="PASS" starttime="20250706 13:54:03.876" endtime="20250706 13:54:03.876"/>
</kw>
<kw name="Register New User" library="auth_keywords">
<arg>${unique_username}</arg>
<arg>${TEST_PASSWORD_1}</arg>
<doc>Registers a new user account</doc>
<kw name="Navigate To Register Page" library="auth_keywords">
<doc>Navigates to the registration page</doc>
<kw name="Log" library="BuiltIn">
<arg>Navigating to registration URL: ${REGISTER_URL}</arg>
<doc>Logs the given message with the given level.</doc>
<msg timestamp="20250706 13:54:03.876" level="INFO">Navigating to registration URL: http://localhost:4321/register</msg>
<status status="PASS" starttime="20250706 13:54:03.876" endtime="20250706 13:54:03.876"/>
</kw>
<kw name="Go To" library="SeleniumLibrary">
<arg>${REGISTER_URL}</arg>
<doc>Navigates the current browser window to the provided ``url``.</doc>
<msg timestamp="20250706 13:54:03.876" level="INFO">Opening url 'http://localhost:4321/register'</msg>
<status status="PASS" starttime="20250706 13:54:03.876" endtime="20250706 13:54:03.982"/>
</kw>
<kw name="Wait For Page To Load" library="common">
<doc>Waits for page to fully load</doc>
<kw name="Wait Until Page Contains Element" library="SeleniumLibrary">
<arg>tag:body</arg>
<arg>${EXPLICIT_WAIT}</arg>
<doc>Waits until the element ``locator`` appears on the current page.</doc>
<status status="PASS" starttime="20250706 13:54:03.982" endtime="20250706 13:54:03.998"/>
</kw>
<kw name="Sleep" library="BuiltIn">
<arg>1s</arg>
<doc>Pauses the test executed for the given time.</doc>
<msg timestamp="20250706 13:54:05.000" level="INFO">Slept 1 second</msg>
<status status="PASS" starttime="20250706 13:54:03.998" endtime="20250706 13:54:05.000"/>
</kw>
<status status="PASS" starttime="20250706 13:54:03.982" endtime="20250706 13:54:05.000"/>
</kw>
<kw name="Get Location" library="SeleniumLibrary">
<var>${current_url}</var>
<doc>Returns the current browser window URL.</doc>
<msg timestamp="20250706 13:54:05.003" level="INFO">${current_url} = http://localhost:4321/register</msg>
<status status="PASS" starttime="20250706 13:54:05.000" endtime="20250706 13:54:05.003"/>
</kw>
<kw name="Log" library="BuiltIn">
<arg>Current URL after navigation: ${current_url}</arg>
<doc>Logs the given message with the given level.</doc>
<msg timestamp="20250706 13:54:05.003" level="INFO">Current URL after navigation: http://localhost:4321/register</msg>
<status status="PASS" starttime="20250706 13:54:05.003" endtime="20250706 13:54:05.004"/>
</kw>
<kw name="Log Source" library="SeleniumLibrary">
<doc>Logs and returns the HTML source of the current page or frame.</doc>
<msg timestamp="20250706 13:54:05.010" level="INFO">&lt;html lang="en" data-astro-cid-4jmloj5z=""&gt;&lt;head&gt;&lt;meta charset="utf-8"&gt;&lt;meta name="viewport" content="width=device-width"&gt;&lt;link rel="icon" type="image/svg+xml" href="/favicon.svg"&gt;&lt;meta name="astro-view-transitions-enabled" content="true"&gt;&lt;meta name="astro-view-transitions-fallback" content="animate"&gt;&lt;style data-vite-dev-id="/app/node_modules/@astrojs/tailwind/base.css"&gt;*, ::before, ::after {
  --tw-border-spacing-x: 0;
  --tw-border-spacing-y: 0;
  --tw-translate-x: 0;
  --tw-translate-y: 0;
  --tw-rotate: 0;
  --tw-skew-x: 0;
  --tw-skew-y: 0;
  --tw-scale-x: 1;
  --tw-scale-y: 1;
  --tw-pan-x:  ;
  --tw-pan-y:  ;
  --tw-pinch-zoom:  ;
  --tw-scroll-snap-strictness: proximity;
  --tw-gradient-from-position:  ;
  --tw-gradient-via-position:  ;
  --tw-gradient-to-position:  ;
  --tw-ordinal:  ;
  --tw-slashed-zero:  ;
  --tw-numeric-figure:  ;
  --tw-numeric-spacing:  ;
  --tw-numeric-fraction:  ;
  --tw-ring-inset:  ;
  --tw-ring-offset-width: 0px;
  --tw-ring-offset-color: #fff;
  --tw-ring-color: rgb(59 130 246 / 0.5);
  --tw-ring-offset-shadow: 0 0 #0000;
  --tw-ring-shadow: 0 0 #0000;
  --tw-shadow: 0 0 #0000;
  --tw-shadow-colored: 0 0 #0000;
  --tw-blur:  ;
  --tw-brightness:  ;
  --tw-contrast:  ;
  --tw-grayscale:  ;
  --tw-hue-rotate:  ;
  --tw-invert:  ;
  --tw-saturate:  ;
  --tw-sepia:  ;
  --tw-drop-shadow:  ;
  --tw-backdrop-blur:  ;
  --tw-backdrop-brightness:  ;
  --tw-backdrop-contrast:  ;
  --tw-backdrop-grayscale:  ;
  --tw-backdrop-hue-rotate:  ;
  --tw-backdrop-invert:  ;
  --tw-backdrop-opacity:  ;
  --tw-backdrop-saturate:  ;
  --tw-backdrop-sepia:  ;
  --tw-contain-size:  ;
  --tw-contain-layout:  ;
  --tw-contain-paint:  ;
  --tw-contain-style:  ;
}

::backdrop {
  --tw-border-spacing-x: 0;
  --tw-border-spacing-y: 0;
  --tw-translate-x: 0;
  --tw-translate-y: 0;
  --tw-rotate: 0;
  --tw-skew-x: 0;
  --tw-skew-y: 0;
  --tw-scale-x: 1;
  --tw-scale-y: 1;
  --tw-pan-x:  ;
  --tw-pan-y:  ;
  --tw-pinch-zoom:  ;
  --tw-scroll-snap-strictness: proximity;
  --tw-gradient-from-position:  ;
  --tw-gradient-via-position:  ;
  --tw-gradient-to-position:  ;
  --tw-ordinal:  ;
  --tw-slashed-zero:  ;
  --tw-numeric-figure:  ;
  --tw-numeric-spacing:  ;
  --tw-numeric-fraction:  ;
  --tw-ring-inset:  ;
  --tw-ring-offset-width: 0px;
  --tw-ring-offset-color: #fff;
  --tw-ring-color: rgb(59 130 246 / 0.5);
  --tw-ring-offset-shadow: 0 0 #0000;
  --tw-ring-shadow: 0 0 #0000;
  --tw-shadow: 0 0 #0000;
  --tw-shadow-colored: 0 0 #0000;
  --tw-blur:  ;
  --tw-brightness:  ;
  --tw-contrast:  ;
  --tw-grayscale:  ;
  --tw-hue-rotate:  ;
  --tw-invert:  ;
  --tw-saturate:  ;
  --tw-sepia:  ;
  --tw-drop-shadow:  ;
  --tw-backdrop-blur:  ;
  --tw-backdrop-brightness:  ;
  --tw-backdrop-contrast:  ;
  --tw-backdrop-grayscale:  ;
  --tw-backdrop-hue-rotate:  ;
  --tw-backdrop-invert:  ;
  --tw-backdrop-opacity:  ;
  --tw-backdrop-saturate:  ;
  --tw-backdrop-sepia:  ;
  --tw-contain-size:  ;
  --tw-contain-layout:  ;
  --tw-contain-paint:  ;
  --tw-contain-style:  ;
}/*
! tailwindcss v3.4.17 | MIT License | https://tailwindcss.com
*//*
1. Prevent padding and border from affecting element width. (https://github.com/mozdevs/cssremedy/issues/4)
2. Allow adding a border to an element by just adding a border-width. (https://github.com/tailwindcss/tailwindcss/pull/116)
*/

*,
::before,
::after {
  box-sizing: border-box; /* 1 */
  border-width: 0; /* 2 */
  border-style: solid; /* 2 */
  border-color: #e5e7eb; /* 2 */
}

::before,
::after {
  --tw-content: '';
}

/*
1. Use a consistent sensible line-height in all browsers.
2. Prevent adjustments of font size after orientation changes in iOS.
3. Use a more readable tab size.
4. Use the user's configured `sans` font-family by default.
5. Use the user's configured `sans` font-feature-settings by default.
6. Use the user's configured `sans` font-variation-settings by default.
7. Disable tap highlights on iOS
*/

html,
:host {
  line-height: 1.5; /* 1 */
  -webkit-text-size-adjust: 100%; /* 2 */
  -moz-tab-size: 4; /* 3 */
  -o-tab-size: 4;
     tab-size: 4; /* 3 */
  font-family: ui-sans-serif, system-ui, sans-serif, "Apple Color Emoji", "Segoe UI Emoji", "Segoe UI Symbol", "Noto Color Emoji"; /* 4 */
  font-feature-settings: normal; /* 5 */
  font-variation-settings: normal; /* 6 */
  -webkit-tap-highlight-color: transparent; /* 7 */
}

/*
1. Remove the margin in all browsers.
2. Inherit line-height from `html` so users can set them as a class directly on the `html` element.
*/

body {
  margin: 0; /* 1 */
  line-height: inherit; /* 2 */
}

/*
1. Add the correct height in Firefox.
2. Correct the inheritance of border color in Firefox. (https://bugzilla.mozilla.org/show_bug.cgi?id=190655)
3. Ensure horizontal rules are visible by default.
*/

hr {
  height: 0; /* 1 */
  color: inherit; /* 2 */
  border-top-width: 1px; /* 3 */
}

/*
Add the correct text decoration in Chrome, Edge, and Safari.
*/

abbr:where([title]) {
  -webkit-text-decoration: underline dotted;
          text-decoration: underline dotted;
}

/*
Remove the default font size and weight for headings.
*/

h1,
h2,
h3,
h4,
h5,
h6 {
  font-size: inherit;
  font-weight: inherit;
}

/*
Reset links to optimize for opt-in styling instead of opt-out.
*/

a {
  color: inherit;
  text-decoration: inherit;
}

/*
Add the correct font weight in Edge and Safari.
*/

b,
strong {
  font-weight: bolder;
}

/*
1. Use the user's configured `mono` font-family by default.
2. Use the user's configured `mono` font-feature-settings by default.
3. Use the user's configured `mono` font-variation-settings by default.
4. Correct the odd `em` font sizing in all browsers.
*/

code,
kbd,
samp,
pre {
  font-family: ui-monospace, SFMono-Regular, Menlo, Monaco, Consolas, "Liberation Mono", "Courier New", monospace; /* 1 */
  font-feature-settings: normal; /* 2 */
  font-variation-settings: normal; /* 3 */
  font-size: 1em; /* 4 */
}

/*
Add the correct font size in all browsers.
*/

small {
  font-size: 80%;
}

/*
Prevent `sub` and `sup` elements from affecting the line height in all browsers.
*/

sub,
sup {
  font-size: 75%;
  line-height: 0;
  position: relative;
  vertical-align: baseline;
}

sub {
  bottom: -0.25em;
}

sup {
  top: -0.5em;
}

/*
1. Remove text indentation from table contents in Chrome and Safari. (https://bugs.chromium.org/p/chromium/issues/detail?id=999088, https://bugs.webkit.org/show_bug.cgi?id=201297)
2. Correct table border color inheritance in all Chrome and Safari. (https://bugs.chromium.org/p/chromium/issues/detail?id=935729, https://bugs.webkit.org/show_bug.cgi?id=195016)
3. Remove gaps between table borders by default.
*/

table {
  text-indent: 0; /* 1 */
  border-color: inherit; /* 2 */
  border-collapse: collapse; /* 3 */
}

/*
1. Change the font styles in all browsers.
2. Remove the margin in Firefox and Safari.
3. Remove default padding in all browsers.
*/

button,
input,
optgroup,
select,
textarea {
  font-family: inherit; /* 1 */
  font-feature-settings: inherit; /* 1 */
  font-variation-settings: inherit; /* 1 */
  font-size: 100%; /* 1 */
  font-weight: inherit; /* 1 */
  line-height: inherit; /* 1 */
  letter-spacing: inherit; /* 1 */
  color: inherit; /* 1 */
  margin: 0; /* 2 */
  padding: 0; /* 3 */
}

/*
Remove the inheritance of text transform in Edge and Firefox.
*/

button,
select {
  text-transform: none;
}

/*
1. Correct the inability to style clickable types in iOS and Safari.
2. Remove default button styles.
*/

button,
input:where([type='button']),
input:where([type='reset']),
input:where([type='submit']) {
  -webkit-appearance: button; /* 1 */
  background-color: transparent; /* 2 */
  background-image: none; /* 2 */
}

/*
Use the modern Firefox focus style for all focusable elements.
*/

:-moz-focusring {
  outline: auto;
}

/*
Remove the additional `:invalid` styles in Firefox. (https://github.com/mozilla/gecko-dev/blob/2f9eacd9d3d995c937b4251a5557d95d494c9be1/layout/style/res/forms.css#L728-L737)
*/

:-moz-ui-invalid {
  box-shadow: none;
}

/*
Add the correct vertical alignment in Chrome and Firefox.
*/

progress {
  vertical-align: baseline;
}

/*
Correct the cursor style of increment and decrement buttons in Safari.
*/

::-webkit-inner-spin-button,
::-webkit-outer-spin-button {
  height: auto;
}

/*
1. Correct the odd appearance in Chrome and Safari.
2. Correct the outline style in Safari.
*/

[type='search'] {
  -webkit-appearance: textfield; /* 1 */
  outline-offset: -2px; /* 2 */
}

/*
Remove the inner padding in Chrome and Safari on macOS.
*/

::-webkit-search-decoration {
  -webkit-appearance: none;
}

/*
1. Correct the inability to style clickable types in iOS and Safari.
2. Change font properties to `inherit` in Safari.
*/

::-webkit-file-upload-button {
  -webkit-appearance: button; /* 1 */
  font: inherit; /* 2 */
}

/*
Add the correct display in Chrome and Safari.
*/

summary {
  display: list-item;
}

/*
Removes the default spacing and border for appropriate elements.
*/

blockquote,
dl,
dd,
h1,
h2,
h3,
h4,
h5,
h6,
hr,
figure,
p,
pre {
  margin: 0;
}

fieldset {
  margin: 0;
  padding: 0;
}

legend {
  padding: 0;
}

ol,
ul,
menu {
  list-style: none;
  margin: 0;
  padding: 0;
}

/*
Reset default styling for dialogs.
*/
dialog {
  padding: 0;
}

/*
Prevent resizing textareas horizontally by default.
*/

textarea {
  resize: vertical;
}

/*
1. Reset the default placeholder opacity in Firefox. (https://github.com/tailwindlabs/tailwindcss/issues/3300)
2. Set the default placeholder color to the user's configured gray 400 color.
*/

input::-moz-placeholder, textarea::-moz-placeholder {
  opacity: 1; /* 1 */
  color: #9ca3af; /* 2 */
}

input::placeholder,
textarea::placeholder {
  opacity: 1; /* 1 */
  color: #9ca3af; /* 2 */
}

/*
Set the default cursor for buttons.
*/

button,
[role="button"] {
  cursor: pointer;
}

/*
Make sure disabled buttons don't get the pointer cursor.
*/
:disabled {
  cursor: default;
}

/*
1. Make replaced elements `display: block` by default. (https://github.com/mozdevs/cssremedy/issues/14)
2. Add `vertical-align: middle` to align replaced elements more sensibly by default. (https://github.com/jensimmons/cssremedy/issues/14#issuecomment-634934210)
   This can trigger a poorly considered lint error in some tools but is included by design.
*/

img,
svg,
video,
canvas,
audio,
iframe,
embed,
object {
  display: block; /* 1 */
  vertical-align: middle; /* 2 */
}

/*
Constrain images and videos to the parent width and preserve their intrinsic aspect ratio. (https://github.com/mozdevs/cssremedy/issues/14)
*/

img,
video {
  max-width: 100%;
  height: auto;
}

/* Make elements with the HTML hidden attribute stay hidden by default */
[hidden]:where(:not([hidden="until-found"])) {
  display: none;
}

:root,
[data-theme] {
  background-color: var(--fallback-b1,oklch(var(--b1)/1));
  color: var(--fallback-bc,oklch(var(--bc)/1));
}

@supports not (color: oklch(0% 0 0)) {

  :root {
    color-scheme: light;
    --fallback-p: #491eff;
    --fallback-pc: #d4dbff;
    --fallback-s: #ff41c7;
    --fallback-sc: #fff9fc;
    --fallback-a: #00cfbd;
    --fallback-ac: #00100d;
    --fallback-n: #2b3440;
    --fallback-nc: #d7dde4;
    --fallback-b1: #ffffff;
    --fallback-b2: #e5e6e6;
    --fallback-b3: #e5e6e6;
    --fallback-bc: #1f2937;
    --fallback-in: #00b3f0;
    --fallback-inc: #000000;
    --fallback-su: #00ca92;
    --fallback-suc: #000000;
    --fallback-wa: #ffc22d;
    --fallback-wac: #000000;
    --fallback-er: #ff6f70;
    --fallback-erc: #000000;
  }

  @media (prefers-color-scheme: dark) {

    :root {
      color-scheme: dark;
      --fallback-p: #7582ff;
      --fallback-pc: #050617;
      --fallback-s: #ff71cf;
      --fallback-sc: #190211;
      --fallback-a: #00c7b5;
      --fallback-ac: #000e0c;
      --fallback-n: #2a323c;
      --fallback-nc: #a6adbb;
      --fallback-b1: #1d232a;
      --fallback-b2: #191e24;
      --fallback-b3: #15191e;
      --fallback-bc: #a6adbb;
      --fallback-in: #00b3f0;
      --fallback-inc: #000000;
      --fallback-su: #00ca92;
      --fallback-suc: #000000;
      --fallback-wa: #ffc22d;
      --fallback-wac: #000000;
      --fallback-er: #ff6f70;
      --fallback-erc: #000000;
    }
  }
}

html {
  -webkit-tap-highlight-color: transparent;
}

* {
  scrollbar-color: color-mix(in oklch, currentColor 35%, transparent) transparent;
}

*:hover {
  scrollbar-color: color-mix(in oklch, currentColor 60%, transparent) transparent;
}

:root {
  color-scheme: light;
  --pc: 91.372% 0.051 257.57;
  --sc: 88.5103% 0.03222 282.339433;
  --ac: 11.988% 0.038303 335.171434;
  --nc: 83.9233% 0.012704 257.651965;
  --inc: 17.6255% 0.017178 214.515264;
  --suc: 16.0988% 0.015404 197.823719;
  --wac: 17.8345% 0.009167 71.47031;
  --erc: 14.6185% 0.022037 20.076293;
  --rounded-box: 1rem;
  --rounded-btn: 0.5rem;
  --rounded-badge: 1.9rem;
  --animation-btn: 0.25s;
  --animation-input: .2s;
  --btn-focus-scale: 0.95;
  --border-btn: 1px;
  --tab-border: 1px;
  --tab-radius: 0.5rem;
  --p: 56.86% 0.255 257.57;
  --s: 42.5516% 0.161098 282.339433;
  --a: 59.9398% 0.191515 335.171434;
  --n: 19.6166% 0.063518 257.651965;
  --b1: 100% 0 0;
  --b2: 97.4663% 0.011947 259.822565;
  --b3: 93.2686% 0.016223 262.751375;
  --bc: 41.8869% 0.053885 255.824911;
  --in: 88.1275% 0.085888 214.515264;
  --su: 80.4941% 0.077019 197.823719;
  --wa: 89.1725% 0.045833 71.47031;
  --er: 73.0926% 0.110185 20.076293;
}

@media (prefers-color-scheme: dark) {

  :root {
    color-scheme: dark;
    --pc: 17.2267% 0.028331 139.549991;
    --sc: 14.6752% 0.033181 35.353059;
    --ac: 14.8459% 0.026728 311.37924;
    --inc: 17.2157% 0.028409 206.182959;
    --suc: 17.2343% 0.028437 166.534048;
    --wac: 17.2327% 0.028447 94.818679;
    --erc: 16.4838% 0.019914 33.756357;
    --rounded-box: 1rem;
    --rounded-btn: 0.5rem;
    --rounded-badge: 1.9rem;
    --animation-btn: 0.25s;
    --animation-input: .2s;
    --btn-focus-scale: 0.95;
    --border-btn: 1px;
    --tab-border: 1px;
    --tab-radius: 0.5rem;
    --p: 86.1335% 0.141656 139.549991;
    --s: 73.3759% 0.165904 35.353059;
    --a: 74.2296% 0.133641 311.37924;
    --n: 24.7311% 0.020483 264.094728;
    --nc: 82.9011% 0.031335 222.959324;
    --b1: 30.8577% 0.023243 264.149498;
    --b2: 28.0368% 0.01983 264.182074;
    --b3: 26.3469% 0.018403 262.177739;
    --bc: 82.9011% 0.031335 222.959324;
    --in: 86.0785% 0.142046 206.182959;
    --su: 86.1717% 0.142187 166.534048;
    --wa: 86.1634% 0.142236 94.818679;
    --er: 82.4189% 0.09957 33.756357;
  }
}

[data-theme=winter] {
  color-scheme: light;
  --pc: 91.372% 0.051 257.57;
  --sc: 88.5103% 0.03222 282.339433;
  --ac: 11.988% 0.038303 335.171434;
  --nc: 83.9233% 0.012704 257.651965;
  --inc: 17.6255% 0.017178 214.515264;
  --suc: 16.0988% 0.015404 197.823719;
  --wac: 17.8345% 0.009167 71.47031;
  --erc: 14.6185% 0.022037 20.076293;
  --rounded-box: 1rem;
  --rounded-btn: 0.5rem;
  --rounded-badge: 1.9rem;
  --animation-btn: 0.25s;
  --animation-input: .2s;
  --btn-focus-scale: 0.95;
  --border-btn: 1px;
  --tab-border: 1px;
  --tab-radius: 0.5rem;
  --p: 56.86% 0.255 257.57;
  --s: 42.5516% 0.161098 282.339433;
  --a: 59.9398% 0.191515 335.171434;
  --n: 19.6166% 0.063518 257.651965;
  --b1: 100% 0 0;
  --b2: 97.4663% 0.011947 259.822565;
  --b3: 93.2686% 0.016223 262.751375;
  --bc: 41.8869% 0.053885 255.824911;
  --in: 88.1275% 0.085888 214.515264;
  --su: 80.4941% 0.077019 197.823719;
  --wa: 89.1725% 0.045833 71.47031;
  --er: 73.0926% 0.110185 20.076293;
}

[data-theme=dim] {
  color-scheme: dark;
  --pc: 17.2267% 0.028331 139.549991;
  --sc: 14.6752% 0.033181 35.353059;
  --ac: 14.8459% 0.026728 311.37924;
  --inc: 17.2157% 0.028409 206.182959;
  --suc: 17.2343% 0.028437 166.534048;
  --wac: 17.2327% 0.028447 94.818679;
  --erc: 16.4838% 0.019914 33.756357;
  --rounded-box: 1rem;
  --rounded-btn: 0.5rem;
  --rounded-badge: 1.9rem;
  --animation-btn: 0.25s;
  --animation-input: .2s;
  --btn-focus-scale: 0.95;
  --border-btn: 1px;
  --tab-border: 1px;
  --tab-radius: 0.5rem;
  --p: 86.1335% 0.141656 139.549991;
  --s: 73.3759% 0.165904 35.353059;
  --a: 74.2296% 0.133641 311.37924;
  --n: 24.7311% 0.020483 264.094728;
  --nc: 82.9011% 0.031335 222.959324;
  --b1: 30.8577% 0.023243 264.149498;
  --b2: 28.0368% 0.01983 264.182074;
  --b3: 26.3469% 0.018403 262.177739;
  --bc: 82.9011% 0.031335 222.959324;
  --in: 86.0785% 0.142046 206.182959;
  --su: 86.1717% 0.142187 166.534048;
  --wa: 86.1634% 0.142236 94.818679;
  --er: 82.4189% 0.09957 33.756357;
}
.container {
  width: 100%;
}
@media (min-width: 640px) {

  .container {
    max-width: 640px;
  }
}
@media (min-width: 768px) {

  .container {
    max-width: 768px;
  }
}
@media (min-width: 1024px) {

  .container {
    max-width: 1024px;
  }
}
@media (min-width: 1280px) {

  .container {
    max-width: 1280px;
  }
}
@media (min-width: 1536px) {

  .container {
    max-width: 1536px;
  }
}
.prose {
  color: var(--tw-prose-body);
  max-width: 65ch;
}
.prose :where(p):not(:where([class~="not-prose"],[class~="not-prose"] *)) {
  margin-top: 1.25em;
  margin-bottom: 1.25em;
}
.prose :where([class~="lead"]):not(:where([class~="not-prose"],[class~="not-prose"] *)) {
  color: var(--tw-prose-lead);
  font-size: 1.25em;
  line-height: 1.6;
  margin-top: 1.2em;
  margin-bottom: 1.2em;
}
.prose :where(a):not(:where([class~="not-prose"],[class~="not-prose"] *)) {
  color: var(--tw-prose-links);
  text-decoration: underline;
  font-weight: 500;
}
.prose :where(strong):not(:where([class~="not-prose"],[class~="not-prose"] *)) {
  color: var(--tw-prose-bold);
  font-weight: 600;
}
.prose :where(a strong):not(:where([class~="not-prose"],[class~="not-prose"] *)) {
  color: inherit;
}
.prose :where(blockquote strong):not(:where([class~="not-prose"],[class~="not-prose"] *)) {
  color: inherit;
}
.prose :where(thead th strong):not(:where([class~="not-prose"],[class~="not-prose"] *)) {
  color: inherit;
}
.prose :where(ol):not(:where([class~="not-prose"],[class~="not-prose"] *)) {
  list-style-type: decimal;
  margin-top: 1.25em;
  margin-bottom: 1.25em;
  padding-inline-start: 1.625em;
}
.prose :where(ol[type="A"]):not(:where([class~="not-prose"],[class~="not-prose"] *)) {
  list-style-type: upper-alpha;
}
.prose :where(ol[type="a"]):not(:where([class~="not-prose"],[class~="not-prose"] *)) {
  list-style-type: lower-alpha;
}
.prose :where(ol[type="A" s]):not(:where([class~="not-prose"],[class~="not-prose"] *)) {
  list-style-type: upper-alpha;
}
.prose :where(ol[type="a" s]):not(:where([class~="not-prose"],[class~="not-prose"] *)) {
  list-style-type: lower-alpha;
}
.prose :where(ol[type="I"]):not(:where([class~="not-prose"],[class~="not-prose"] *)) {
  list-style-type: upper-roman;
}
.prose :where(ol[type="i"]):not(:where([class~="not-prose"],[class~="not-prose"] *)) {
  list-style-type: lower-roman;
}
.prose :where(ol[type="I" s]):not(:where([class~="not-prose"],[class~="not-prose"] *)) {
  list-style-type: upper-roman;
}
.prose :where(ol[type="i" s]):not(:where([class~="not-prose"],[class~="not-prose"] *)) {
  list-style-type: lower-roman;
}
.prose :where(ol[type="1"]):not(:where([class~="not-prose"],[class~="not-prose"] *)) {
  list-style-type: decimal;
}
.prose :where(ul):not(:where([class~="not-prose"],[class~="not-prose"] *)) {
  list-style-type: disc;
  margin-top: 1.25em;
  margin-bottom: 1.25em;
  padding-inline-start: 1.625em;
}
.prose :where(ol &gt; li):not(:where([class~="not-prose"],[class~="not-prose"] *))::marker {
  font-weight: 400;
  color: var(--tw-prose-counters);
}
.prose :where(ul &gt; li):not(:where([class~="not-prose"],[class~="not-prose"] *))::marker {
  color: var(--tw-prose-bullets);
}
.prose :where(dt):not(:where([class~="not-prose"],[class~="not-prose"] *)) {
  color: var(--tw-prose-headings);
  font-weight: 600;
  margin-top: 1.25em;
}
.prose :where(hr):not(:where([class~="not-prose"],[class~="not-prose"] *)) {
  border-color: var(--tw-prose-hr);
  border-top-width: 1px;
  margin-top: 3em;
  margin-bottom: 3em;
}
.prose :where(blockquote):not(:where([class~="not-prose"],[class~="not-prose"] *)) {
  font-weight: 500;
  font-style: italic;
  color: var(--tw-prose-quotes);
  border-inline-start-width: 0.25rem;
  border-inline-start-color: var(--tw-prose-quote-borders);
  quotes: "\201C""\201D""\2018""\2019";
  margin-top: 1.6em;
  margin-bottom: 1.6em;
  padding-inline-start: 1em;
}
.prose :where(blockquote p:first-of-type):not(:where([class~="not-prose"],[class~="not-prose"] *))::before {
  content: open-quote;
}
.prose :where(blockquote p:last-of-type):not(:where([class~="not-prose"],[class~="not-prose"] *))::after {
  content: close-quote;
}
.prose :where(h1):not(:where([class~="not-prose"],[class~="not-prose"] *)) {
  color: var(--tw-prose-headings);
  font-weight: 800;
  font-size: 2.25em;
  margin-top: 0;
  margin-bottom: 0.8888889em;
  line-height: 1.1111111;
}
.prose :where(h1 strong):not(:where([class~="not-prose"],[class~="not-prose"] *)) {
  font-weight: 900;
  color: inherit;
}
.prose :where(h2):not(:where([class~="not-prose"],[class~="not-prose"] *)) {
  color: var(--tw-prose-headings);
  font-weight: 700;
  font-size: 1.5em;
  margin-top: 2em;
  margin-bottom: 1em;
  line-height: 1.3333333;
}
.prose :where(h2 strong):not(:where([class~="not-prose"],[class~="not-prose"] *)) {
  font-weight: 800;
  color: inherit;
}
.prose :where(h3):not(:where([class~="not-prose"],[class~="not-prose"] *)) {
  color: var(--tw-prose-headings);
  font-weight: 600;
  font-size: 1.25em;
  margin-top: 1.6em;
  margin-bottom: 0.6em;
  line-height: 1.6;
}
.prose :where(h3 strong):not(:where([class~="not-prose"],[class~="not-prose"] *)) {
  font-weight: 700;
  color: inherit;
}
.prose :where(h4):not(:where([class~="not-prose"],[class~="not-prose"] *)) {
  color: var(--tw-prose-headings);
  font-weight: 600;
  margin-top: 1.5em;
  margin-bottom: 0.5em;
  line-height: 1.5;
}
.prose :where(h4 strong):not(:where([class~="not-prose"],[class~="not-prose"] *)) {
  font-weight: 700;
  color: inherit;
}
.prose :where(img):not(:where([class~="not-prose"],[class~="not-prose"] *)) {
  margin-top: 2em;
  margin-bottom: 2em;
}
.prose :where(picture):not(:where([class~="not-prose"],[class~="not-prose"] *)) {
  display: block;
  margin-top: 2em;
  margin-bottom: 2em;
}
.prose :where(video):not(:where([class~="not-prose"],[class~="not-prose"] *)) {
  margin-top: 2em;
  margin-bottom: 2em;
}
.prose :where(kbd):not(:where([class~="not-prose"],[class~="not-prose"] *)) {
  font-weight: 500;
  font-family: inherit;
  color: var(--tw-prose-kbd);
  box-shadow: 0 0 0 1px rgb(var(--tw-prose-kbd-shadows) / 10%), 0 3px 0 rgb(var(--tw-prose-kbd-shadows) / 10%);
  font-size: 0.875em;
  border-radius: 0.3125rem;
  padding-top: 0.1875em;
  padding-inline-end: 0.375em;
  padding-bottom: 0.1875em;
  padding-inline-start: 0.375em;
}
.prose :where(code):not(:where([class~="not-prose"],[class~="not-prose"] *)) {
  color: var(--tw-prose-code);
  font-weight: 600;
  font-size: 0.875em;
}
.prose :where(code):not(:where([class~="not-prose"],[class~="not-prose"] *))::before {
  content: "`";
}
.prose :where(code):not(:where([class~="not-prose"],[class~="not-prose"] *))::after {
  content: "`";
}
.prose :where(a code):not(:where([class~="not-prose"],[class~="not-prose"] *)) {
  color: inherit;
}
.prose :where(h1 code):not(:where([class~="not-prose"],[class~="not-prose"] *)) {
  color: inherit;
}
.prose :where(h2 code):not(:where([class~="not-prose"],[class~="not-prose"] *)) {
  color: inherit;
  font-size: 0.875em;
}
.prose :where(h3 code):not(:where([class~="not-prose"],[class~="not-prose"] *)) {
  color: inherit;
  font-size: 0.9em;
}
.prose :where(h4 code):not(:where([class~="not-prose"],[class~="not-prose"] *)) {
  color: inherit;
}
.prose :where(blockquote code):not(:where([class~="not-prose"],[class~="not-prose"] *)) {
  color: inherit;
}
.prose :where(thead th code):not(:where([class~="not-prose"],[class~="not-prose"] *)) {
  color: inherit;
}
.prose :where(pre):not(:where([class~="not-prose"],[class~="not-prose"] *)) {
  color: var(--tw-prose-pre-code);
  background-color: var(--tw-prose-pre-bg);
  overflow-x: auto;
  font-weight: 400;
  font-size: 0.875em;
  line-height: 1.7142857;
  margin-top: 1.7142857em;
  margin-bottom: 1.7142857em;
  border-radius: 0.375rem;
  padding-top: 0.8571429em;
  padding-inline-end: 1.1428571em;
  padding-bottom: 0.8571429em;
  padding-inline-start: 1.1428571em;
}
.prose :where(pre code):not(:where([class~="not-prose"],[class~="not-prose"] *)) {
  background-color: transparent;
  border-width: 0;
  border-radius: 0;
  padding: 0;
  font-weight: inherit;
  color: inherit;
  font-size: inherit;
  font-family: inherit;
  line-height: inherit;
}
.prose :where(pre code):not(:where([class~="not-prose"],[class~="not-prose"] *))::before {
  content: none;
}
.prose :where(pre code):not(:where([class~="not-prose"],[class~="not-prose"] *))::after {
  content: none;
}
.prose :where(table):not(:where([class~="not-prose"],[class~="not-prose"] *)) {
  width: 100%;
  table-layout: auto;
  margin-top: 2em;
  margin-bottom: 2em;
  font-size: 0.875em;
  line-height: 1.7142857;
}
.prose :where(thead):not(:where([class~="not-prose"],[class~="not-prose"] *)) {
  border-bottom-width: 1px;
  border-bottom-color: var(--tw-prose-th-borders);
}
.prose :where(thead th):not(:where([class~="not-prose"],[class~="not-prose"] *)) {
  color: var(--tw-prose-headings);
  font-weight: 600;
  vertical-align: bottom;
  padding-inline-end: 0.5714286em;
  padding-bottom: 0.5714286em;
  padding-inline-start: 0.5714286em;
}
.prose :where(tbody tr):not(:where([class~="not-prose"],[class~="not-prose"] *)) {
  border-bottom-width: 1px;
  border-bottom-color: var(--tw-prose-td-borders);
}
.prose :where(tbody tr:last-child):not(:where([class~="not-prose"],[class~="not-prose"] *)) {
  border-bottom-width: 0;
}
.prose :where(tbody td):not(:where([class~="not-prose"],[class~="not-prose"] *)) {
  vertical-align: baseline;
}
.prose :where(tfoot):not(:where([class~="not-prose"],[class~="not-prose"] *)) {
  border-top-width: 1px;
  border-top-color: var(--tw-prose-th-borders);
}
.prose :where(tfoot td):not(:where([class~="not-prose"],[class~="not-prose"] *)) {
  vertical-align: top;
}
.prose :where(th, td):not(:where([class~="not-prose"],[class~="not-prose"] *)) {
  text-align: start;
}
.prose :where(figure &gt; *):not(:where([class~="not-prose"],[class~="not-prose"] *)) {
  margin-top: 0;
  margin-bottom: 0;
}
.prose :where(figcaption):not(:where([class~="not-prose"],[class~="not-prose"] *)) {
  color: var(--tw-prose-captions);
  font-size: 0.875em;
  line-height: 1.4285714;
  margin-top: 0.8571429em;
}
.prose {
  --tw-prose-body: #374151;
  --tw-prose-headings: #111827;
  --tw-prose-lead: #4b5563;
  --tw-prose-links: #111827;
  --tw-prose-bold: #111827;
  --tw-prose-counters: #6b7280;
  --tw-prose-bullets: #d1d5db;
  --tw-prose-hr: #e5e7eb;
  --tw-prose-quotes: #111827;
  --tw-prose-quote-borders: #e5e7eb;
  --tw-prose-captions: #6b7280;
  --tw-prose-kbd: #111827;
  --tw-prose-kbd-shadows: 17 24 39;
  --tw-prose-code: #111827;
  --tw-prose-pre-code: #e5e7eb;
  --tw-prose-pre-bg: #1f2937;
  --tw-prose-th-borders: #d1d5db;
  --tw-prose-td-borders: #e5e7eb;
  --tw-prose-invert-body: #d1d5db;
  --tw-prose-invert-headings: #fff;
  --tw-prose-invert-lead: #9ca3af;
  --tw-prose-invert-links: #fff;
  --tw-prose-invert-bold: #fff;
  --tw-prose-invert-counters: #9ca3af;
  --tw-prose-invert-bullets: #4b5563;
  --tw-prose-invert-hr: #374151;
  --tw-prose-invert-quotes: #f3f4f6;
  --tw-prose-invert-quote-borders: #374151;
  --tw-prose-invert-captions: #9ca3af;
  --tw-prose-invert-kbd: #fff;
  --tw-prose-invert-kbd-shadows: 255 255 255;
  --tw-prose-invert-code: #fff;
  --tw-prose-invert-pre-code: #d1d5db;
  --tw-prose-invert-pre-bg: rgb(0 0 0 / 50%);
  --tw-prose-invert-th-borders: #4b5563;
  --tw-prose-invert-td-borders: #374151;
  font-size: 1rem;
  line-height: 1.75;
}
.prose :where(picture &gt; img):not(:where([class~="not-prose"],[class~="not-prose"] *)) {
  margin-top: 0;
  margin-bottom: 0;
}
.prose :where(li):not(:where([class~="not-prose"],[class~="not-prose"] *)) {
  margin-top: 0.5em;
  margin-bottom: 0.5em;
}
.prose :where(ol &gt; li):not(:where([class~="not-prose"],[class~="not-prose"] *)) {
  padding-inline-start: 0.375em;
}
.prose :where(ul &gt; li):not(:where([class~="not-prose"],[class~="not-prose"] *)) {
  padding-inline-start: 0.375em;
}
.prose :where(.prose &gt; ul &gt; li p):not(:where([class~="not-prose"],[class~="not-prose"] *)) {
  margin-top: 0.75em;
  margin-bottom: 0.75em;
}
.prose :where(.prose &gt; ul &gt; li &gt; p:first-child):not(:where([class~="not-prose"],[class~="not-prose"] *)) {
  margin-top: 1.25em;
}
.prose :where(.prose &gt; ul &gt; li &gt; p:last-child):not(:where([class~="not-prose"],[class~="not-prose"] *)) {
  margin-bottom: 1.25em;
}
.prose :where(.prose &gt; ol &gt; li &gt; p:first-child):not(:where([class~="not-prose"],[class~="not-prose"] *)) {
  margin-top: 1.25em;
}
.prose :where(.prose &gt; ol &gt; li &gt; p:last-child):not(:where([class~="not-prose"],[class~="not-prose"] *)) {
  margin-bottom: 1.25em;
}
.prose :where(ul ul, ul ol, ol ul, ol ol):not(:where([class~="not-prose"],[class~="not-prose"] *)) {
  margin-top: 0.75em;
  margin-bottom: 0.75em;
}
.prose :where(dl):not(:where([class~="not-prose"],[class~="not-prose"] *)) {
  margin-top: 1.25em;
  margin-bottom: 1.25em;
}
.prose :where(dd):not(:where([class~="not-prose"],[class~="not-prose"] *)) {
  margin-top: 0.5em;
  padding-inline-start: 1.625em;
}
.prose :where(hr + *):not(:where([class~="not-prose"],[class~="not-prose"] *)) {
  margin-top: 0;
}
.prose :where(h2 + *):not(:where([class~="not-prose"],[class~="not-prose"] *)) {
  margin-top: 0;
}
.prose :where(h3 + *):not(:where([class~="not-prose"],[class~="not-prose"] *)) {
  margin-top: 0;
}
.prose :where(h4 + *):not(:where([class~="not-prose"],[class~="not-prose"] *)) {
  margin-top: 0;
}
.prose :where(thead th:first-child):not(:where([class~="not-prose"],[class~="not-prose"] *)) {
  padding-inline-start: 0;
}
.prose :where(thead th:last-child):not(:where([class~="not-prose"],[class~="not-prose"] *)) {
  padding-inline-end: 0;
}
.prose :where(tbody td, tfoot td):not(:where([class~="not-prose"],[class~="not-prose"] *)) {
  padding-top: 0.5714286em;
  padding-inline-end: 0.5714286em;
  padding-bottom: 0.5714286em;
  padding-inline-start: 0.5714286em;
}
.prose :where(tbody td:first-child, tfoot td:first-child):not(:where([class~="not-prose"],[class~="not-prose"] *)) {
  padding-inline-start: 0;
}
.prose :where(tbody td:last-child, tfoot td:last-child):not(:where([class~="not-prose"],[class~="not-prose"] *)) {
  padding-inline-end: 0;
}
.prose :where(figure):not(:where([class~="not-prose"],[class~="not-prose"] *)) {
  margin-top: 2em;
  margin-bottom: 2em;
}
.prose :where(.prose &gt; :first-child):not(:where([class~="not-prose"],[class~="not-prose"] *)) {
  margin-top: 0;
}
.prose :where(.prose &gt; :last-child):not(:where([class~="not-prose"],[class~="not-prose"] *)) {
  margin-bottom: 0;
}
.avatar.placeholder &gt; div {
  display: flex;
  align-items: center;
  justify-content: center;
}
@media (hover:hover) {

  .label a:hover {
    --tw-text-opacity: 1;
    color: var(--fallback-bc,oklch(var(--bc)/var(--tw-text-opacity)));
  }

  .menu li &gt; *:not(ul, .menu-title, details, .btn):active,
.menu li &gt; *:not(ul, .menu-title, details, .btn).active,
.menu li &gt; details &gt; summary:active {
    --tw-bg-opacity: 1;
    background-color: var(--fallback-n,oklch(var(--n)/var(--tw-bg-opacity)));
    --tw-text-opacity: 1;
    color: var(--fallback-nc,oklch(var(--nc)/var(--tw-text-opacity)));
  }
}
.btn {
  display: inline-flex;
  height: 3rem;
  min-height: 3rem;
  flex-shrink: 0;
  cursor: pointer;
  -webkit-user-select: none;
     -moz-user-select: none;
          user-select: none;
  flex-wrap: wrap;
  align-items: center;
  justify-content: center;
  border-radius: var(--rounded-btn, 0.5rem);
  border-color: transparent;
  border-color: oklch(var(--btn-color, var(--b2)) / var(--tw-border-opacity));
  padding-left: 1rem;
  padding-right: 1rem;
  text-align: center;
  font-size: 0.875rem;
  line-height: 1em;
  gap: 0.5rem;
  font-weight: 600;
  text-decoration-line: none;
  transition-duration: 200ms;
  transition-timing-function: cubic-bezier(0, 0, 0.2, 1);
  border-width: var(--border-btn, 1px);
  transition-property: color, background-color, border-color, opacity, box-shadow, transform;
  --tw-text-opacity: 1;
  color: var(--fallback-bc,oklch(var(--bc)/var(--tw-text-opacity)));
  --tw-shadow: 0 1px 2px 0 rgb(0 0 0 / 0.05);
  --tw-shadow-colored: 0 1px 2px 0 var(--tw-shadow-color);
  box-shadow: var(--tw-ring-offset-shadow, 0 0 #0000), var(--tw-ring-shadow, 0 0 #0000), var(--tw-shadow);
  outline-color: var(--fallback-bc,oklch(var(--bc)/1));
  background-color: oklch(var(--btn-color, var(--b2)) / var(--tw-bg-opacity));
  --tw-bg-opacity: 1;
  --tw-border-opacity: 1;
}
.btn-disabled,
  .btn[disabled],
  .btn:disabled {
  pointer-events: none;
}
:where(.btn:is(input[type="checkbox"])),
:where(.btn:is(input[type="radio"])) {
  width: auto;
  -webkit-appearance: none;
     -moz-appearance: none;
          appearance: none;
}
.btn:is(input[type="checkbox"]):after,
.btn:is(input[type="radio"]):after {
  --tw-content: attr(aria-label);
  content: var(--tw-content);
}
.checkbox {
  flex-shrink: 0;
  --chkbg: var(--fallback-bc,oklch(var(--bc)/1));
  --chkfg: var(--fallback-b1,oklch(var(--b1)/1));
  height: 1.5rem;
  width: 1.5rem;
  cursor: pointer;
  -webkit-appearance: none;
     -moz-appearance: none;
          appearance: none;
  border-radius: var(--rounded-btn, 0.5rem);
  border-width: 1px;
  border-color: var(--fallback-bc,oklch(var(--bc)/var(--tw-border-opacity)));
  --tw-border-opacity: 0.2;
}
.divider {
  display: flex;
  flex-direction: row;
  align-items: center;
  align-self: stretch;
  margin-top: 1rem;
  margin-bottom: 1rem;
  height: 1rem;
  white-space: nowrap;
}
.divider:before,
  .divider:after {
  height: 0.125rem;
  width: 100%;
  flex-grow: 1;
  --tw-content: '';
  content: var(--tw-content);
  background-color: var(--fallback-bc,oklch(var(--bc)/0.1));
}
@media (hover: hover) {

  .btm-nav &gt; *.disabled:hover,
      .btm-nav &gt; *[disabled]:hover {
    pointer-events: none;
    --tw-border-opacity: 0;
    background-color: var(--fallback-n,oklch(var(--n)/var(--tw-bg-opacity)));
    --tw-bg-opacity: 0.1;
    color: var(--fallback-bc,oklch(var(--bc)/var(--tw-text-opacity)));
    --tw-text-opacity: 0.2;
  }

  .btn:hover {
    --tw-border-opacity: 1;
    border-color: var(--fallback-b3,oklch(var(--b3)/var(--tw-border-opacity)));
    --tw-bg-opacity: 1;
    background-color: var(--fallback-b3,oklch(var(--b3)/var(--tw-bg-opacity)));
  }

  @supports (color: color-mix(in oklab, black, black)) {

    .btn:hover {
      background-color: color-mix(
            in oklab,
            oklch(var(--btn-color, var(--b2)) / var(--tw-bg-opacity, 1)) 90%,
            black
          );
      border-color: color-mix(
            in oklab,
            oklch(var(--btn-color, var(--b2)) / var(--tw-border-opacity, 1)) 90%,
            black
          );
    }
  }

  @supports not (color: oklch(0% 0 0)) {

    .btn:hover {
      background-color: var(--btn-color, var(--fallback-b2));
      border-color: var(--btn-color, var(--fallback-b2));
    }
  }

  .btn.glass:hover {
    --glass-opacity: 25%;
    --glass-border-opacity: 15%;
  }

  .btn-disabled:hover,
    .btn[disabled]:hover,
    .btn:disabled:hover {
    --tw-border-opacity: 0;
    background-color: var(--fallback-n,oklch(var(--n)/var(--tw-bg-opacity)));
    --tw-bg-opacity: 0.2;
    color: var(--fallback-bc,oklch(var(--bc)/var(--tw-text-opacity)));
    --tw-text-opacity: 0.2;
  }

  @supports (color: color-mix(in oklab, black, black)) {

    .btn:is(input[type="checkbox"]:checked):hover, .btn:is(input[type="radio"]:checked):hover {
      background-color: color-mix(in oklab, var(--fallback-p,oklch(var(--p)/1)) 90%, black);
      border-color: color-mix(in oklab, var(--fallback-p,oklch(var(--p)/1)) 90%, black);
    }
  }
}
.footer {
  display: grid;
  width: 100%;
  grid-auto-flow: row;
  place-items: start;
  -moz-column-gap: 1rem;
       column-gap: 1rem;
  row-gap: 2.5rem;
  font-size: 0.875rem;
  line-height: 1.25rem;
}
.footer &gt; * {
  display: grid;
  place-items: start;
  gap: 0.5rem;
}
@media (min-width: 48rem) {

  .footer {
    grid-auto-flow: column;
  }

  .footer-center {
    grid-auto-flow: row dense;
  }
}
.label {
  display: flex;
  -webkit-user-select: none;
     -moz-user-select: none;
          user-select: none;
  align-items: center;
  justify-content: space-between;
  padding-left: 0.25rem;
  padding-right: 0.25rem;
  padding-top: 0.5rem;
  padding-bottom: 0.5rem;
}
.input {
  flex-shrink: 1;
  -webkit-appearance: none;
     -moz-appearance: none;
          appearance: none;
  height: 3rem;
  padding-left: 1rem;
  padding-right: 1rem;
  font-size: 1rem;
  line-height: 2;
  line-height: 1.5rem;
  border-radius: var(--rounded-btn, 0.5rem);
  border-width: 1px;
  border-color: transparent;
  --tw-bg-opacity: 1;
  background-color: var(--fallback-b1,oklch(var(--b1)/var(--tw-bg-opacity)));
}
.input[type="number"]::-webkit-inner-spin-button,
.input-md[type="number"]::-webkit-inner-spin-button {
  margin-top: -1rem;
  margin-bottom: -1rem;
  margin-inline-end: -1rem;
}
.link {
  cursor: pointer;
  text-decoration-line: underline;
}
.menu li.disabled {
  cursor: not-allowed;
  -webkit-user-select: none;
     -moz-user-select: none;
          user-select: none;
  color: var(--fallback-bc,oklch(var(--bc)/0.3));
}
.modal {
  pointer-events: none;
  position: fixed;
  inset: 0px;
  margin: 0px;
  display: grid;
  height: 100%;
  max-height: none;
  width: 100%;
  max-width: none;
  justify-items: center;
  padding: 0px;
  opacity: 0;
  overscroll-behavior: contain;
  z-index: 999;
  background-color: transparent;
  color: inherit;
  transition-duration: 200ms;
  transition-timing-function: cubic-bezier(0, 0, 0.2, 1);
  transition-property: transform, opacity, visibility;
  overflow-y: hidden;
}
:where(.modal) {
  align-items: center;
}
.modal-box {
  max-height: calc(100vh - 5em);
  grid-column-start: 1;
  grid-row-start: 1;
  width: 91.666667%;
  max-width: 32rem;
  --tw-scale-x: .9;
  --tw-scale-y: .9;
  transform: translate(var(--tw-translate-x), var(--tw-translate-y)) rotate(var(--tw-rotate)) skewX(var(--tw-skew-x)) skewY(var(--tw-skew-y)) scaleX(var(--tw-scale-x)) scaleY(var(--tw-scale-y));
  border-bottom-right-radius: var(--rounded-box, 1rem);
  border-bottom-left-radius: var(--rounded-box, 1rem);
  border-top-left-radius: var(--rounded-box, 1rem);
  border-top-right-radius: var(--rounded-box, 1rem);
  --tw-bg-opacity: 1;
  background-color: var(--fallback-b1,oklch(var(--b1)/var(--tw-bg-opacity)));
  padding: 1.5rem;
  transition-property: color, background-color, border-color, text-decoration-color, fill, stroke, opacity, box-shadow, transform, filter, -webkit-backdrop-filter;
  transition-property: color, background-color, border-color, text-decoration-color, fill, stroke, opacity, box-shadow, transform, filter, backdrop-filter;
  transition-property: color, background-color, border-color, text-decoration-color, fill, stroke, opacity, box-shadow, transform, filter, backdrop-filter, -webkit-backdrop-filter;
  transition-timing-function: cubic-bezier(0.4, 0, 0.2, 1);
  transition-timing-function: cubic-bezier(0, 0, 0.2, 1);
  transition-duration: 200ms;
  box-shadow: rgba(0, 0, 0, 0.25) 0px 25px 50px -12px;
  overflow-y: auto;
  overscroll-behavior: contain;
}
.modal-open,
.modal:target,
.modal-toggle:checked + .modal,
.modal[open] {
  pointer-events: auto;
  visibility: visible;
  opacity: 1;
}
.modal-action {
  display: flex;
  margin-top: 1.5rem;
  justify-content: flex-end;
}
:root:has(:is(.modal-open, .modal:target, .modal-toggle:checked + .modal, .modal[open])) {
  overflow: hidden;
  scrollbar-gutter: stable;
}
.select {
  display: inline-flex;
  cursor: pointer;
  -webkit-user-select: none;
     -moz-user-select: none;
          user-select: none;
  -webkit-appearance: none;
     -moz-appearance: none;
          appearance: none;
  height: 3rem;
  min-height: 3rem;
  padding-inline-start: 1rem;
  padding-inline-end: 2.5rem;
  font-size: 0.875rem;
  line-height: 1.25rem;
  line-height: 2;
  border-radius: var(--rounded-btn, 0.5rem);
  border-width: 1px;
  border-color: transparent;
  --tw-bg-opacity: 1;
  background-color: var(--fallback-b1,oklch(var(--b1)/var(--tw-bg-opacity)));
  background-image: linear-gradient(45deg, transparent 50%, currentColor 50%),
    linear-gradient(135deg, currentColor 50%, transparent 50%);
  background-position: calc(100% - 20px) calc(1px + 50%),
    calc(100% - 16.1px) calc(1px + 50%);
  background-size: 4px 4px,
    4px 4px;
  background-repeat: no-repeat;
}
.select[multiple] {
  height: auto;
}
.textarea {
  min-height: 3rem;
  flex-shrink: 1;
  padding-left: 1rem;
  padding-right: 1rem;
  padding-top: 0.5rem;
  padding-bottom: 0.5rem;
  font-size: 0.875rem;
  line-height: 1.25rem;
  line-height: 2;
  border-radius: var(--rounded-btn, 0.5rem);
  border-width: 1px;
  border-color: transparent;
  --tw-bg-opacity: 1;
  background-color: var(--fallback-b1,oklch(var(--b1)/var(--tw-bg-opacity)));
}
.btm-nav &gt; *:where(.active) {
  border-top-width: 2px;
  --tw-bg-opacity: 1;
  background-color: var(--fallback-b1,oklch(var(--b1)/var(--tw-bg-opacity)));
}
.btm-nav &gt; *.disabled,
    .btm-nav &gt; *[disabled] {
  pointer-events: none;
  --tw-border-opacity: 0;
  background-color: var(--fallback-n,oklch(var(--n)/var(--tw-bg-opacity)));
  --tw-bg-opacity: 0.1;
  color: var(--fallback-bc,oklch(var(--bc)/var(--tw-text-opacity)));
  --tw-text-opacity: 0.2;
}
.btm-nav &gt; * .label {
  font-size: 1rem;
  line-height: 1.5rem;
}
@media (prefers-reduced-motion: no-preference) {

  .btn {
    animation: button-pop var(--animation-btn, 0.25s) ease-out;
  }
}
.btn:active:hover,
  .btn:active:focus {
  animation: button-pop 0s ease-out;
  transform: scale(var(--btn-focus-scale, 0.97));
}
@supports not (color: oklch(0% 0 0)) {

  .btn {
    background-color: var(--btn-color, var(--fallback-b2));
    border-color: var(--btn-color, var(--fallback-b2));
  }

  .prose :where(code):not(:where([class~="not-prose"] *, pre *)) {
    background-color: var(--fallback-b3,oklch(var(--b3)/1));
  }
}
.btn:focus-visible {
  outline-style: solid;
  outline-width: 2px;
  outline-offset: 2px;
}
.btn.glass {
  --tw-shadow: 0 0 #0000;
  --tw-shadow-colored: 0 0 #0000;
  box-shadow: var(--tw-ring-offset-shadow, 0 0 #0000), var(--tw-ring-shadow, 0 0 #0000), var(--tw-shadow);
  outline-color: currentColor;
}
.btn.glass.btn-active {
  --glass-opacity: 25%;
  --glass-border-opacity: 15%;
}
.btn.btn-disabled,
  .btn[disabled],
  .btn:disabled {
  --tw-border-opacity: 0;
  background-color: var(--fallback-n,oklch(var(--n)/var(--tw-bg-opacity)));
  --tw-bg-opacity: 0.2;
  color: var(--fallback-bc,oklch(var(--bc)/var(--tw-text-opacity)));
  --tw-text-opacity: 0.2;
}
.btn:is(input[type="checkbox"]:checked),
.btn:is(input[type="radio"]:checked) {
  --tw-border-opacity: 1;
  border-color: var(--fallback-p,oklch(var(--p)/var(--tw-border-opacity)));
  --tw-bg-opacity: 1;
  background-color: var(--fallback-p,oklch(var(--p)/var(--tw-bg-opacity)));
  --tw-text-opacity: 1;
  color: var(--fallback-pc,oklch(var(--pc)/var(--tw-text-opacity)));
}
.btn:is(input[type="checkbox"]:checked):focus-visible, .btn:is(input[type="radio"]:checked):focus-visible {
  outline-color: var(--fallback-p,oklch(var(--p)/1));
}
@keyframes button-pop {

  0% {
    transform: scale(var(--btn-focus-scale, 0.98));
  }

  40% {
    transform: scale(1.02);
  }

  100% {
    transform: scale(1);
  }
}
.checkbox:focus {
  box-shadow: none;
}
.checkbox:focus-visible {
  outline-style: solid;
  outline-width: 2px;
  outline-offset: 2px;
  outline-color: var(--fallback-bc,oklch(var(--bc)/1));
}
.checkbox:disabled {
  border-width: 0px;
  cursor: not-allowed;
  border-color: transparent;
  --tw-bg-opacity: 1;
  background-color: var(--fallback-bc,oklch(var(--bc)/var(--tw-bg-opacity)));
  opacity: 0.2;
}
.checkbox:checked,
  .checkbox[aria-checked="true"] {
  background-repeat: no-repeat;
  animation: checkmark var(--animation-input, 0.2s) ease-out;
  background-color: var(--chkbg);
  background-image: linear-gradient(-45deg, transparent 65%, var(--chkbg) 65.99%),
      linear-gradient(45deg, transparent 75%, var(--chkbg) 75.99%),
      linear-gradient(-45deg, var(--chkbg) 40%, transparent 40.99%),
      linear-gradient(
        45deg,
        var(--chkbg) 30%,
        var(--chkfg) 30.99%,
        var(--chkfg) 40%,
        transparent 40.99%
      ),
      linear-gradient(-45deg, var(--chkfg) 50%, var(--chkbg) 50.99%);
}
.checkbox:indeterminate {
  --tw-bg-opacity: 1;
  background-color: var(--fallback-bc,oklch(var(--bc)/var(--tw-bg-opacity)));
  background-repeat: no-repeat;
  animation: checkmark var(--animation-input, 0.2s) ease-out;
  background-image: linear-gradient(90deg, transparent 80%, var(--chkbg) 80%),
      linear-gradient(-90deg, transparent 80%, var(--chkbg) 80%),
      linear-gradient(0deg, var(--chkbg) 43%, var(--chkfg) 43%, var(--chkfg) 57%, var(--chkbg) 57%);
}
@keyframes checkmark {

  0% {
    background-position-y: 5px;
  }

  50% {
    background-position-y: -2px;
  }

  100% {
    background-position-y: 0;
  }
}
.divider:not(:empty) {
  gap: 1rem;
}
.input input {
  --tw-bg-opacity: 1;
  background-color: var(--fallback-p,oklch(var(--p)/var(--tw-bg-opacity)));
  background-color: transparent;
}
.input input:focus {
  outline: 2px solid transparent;
  outline-offset: 2px;
}
.input[list]::-webkit-calendar-picker-indicator {
  line-height: 1em;
}
.input:focus,
  .input:focus-within {
  box-shadow: none;
  border-color: var(--fallback-bc,oklch(var(--bc)/0.2));
  outline-style: solid;
  outline-width: 2px;
  outline-offset: 2px;
  outline-color: var(--fallback-bc,oklch(var(--bc)/0.2));
}
.input:has(&gt; input[disabled]),
  .input-disabled,
  .input:disabled,
  .input[disabled] {
  cursor: not-allowed;
  --tw-border-opacity: 1;
  border-color: var(--fallback-b2,oklch(var(--b2)/var(--tw-border-opacity)));
  --tw-bg-opacity: 1;
  background-color: var(--fallback-b2,oklch(var(--b2)/var(--tw-bg-opacity)));
  color: var(--fallback-bc,oklch(var(--bc)/0.4));
}
.input:has(&gt; input[disabled])::-moz-placeholder, .input-disabled::-moz-placeholder, .input:disabled::-moz-placeholder, .input[disabled]::-moz-placeholder {
  color: var(--fallback-bc,oklch(var(--bc)/var(--tw-placeholder-opacity)));
  --tw-placeholder-opacity: 0.2;
}
.input:has(&gt; input[disabled])::placeholder,
  .input-disabled::placeholder,
  .input:disabled::placeholder,
  .input[disabled]::placeholder {
  color: var(--fallback-bc,oklch(var(--bc)/var(--tw-placeholder-opacity)));
  --tw-placeholder-opacity: 0.2;
}
.input:has(&gt; input[disabled]) &gt; input[disabled] {
  cursor: not-allowed;
}
.input::-webkit-date-and-time-value {
  text-align: inherit;
}
.join &gt; :where(*:not(:first-child)):is(.btn) {
  margin-inline-start: calc(var(--border-btn) * -1);
}
.link:focus {
  outline: 2px solid transparent;
  outline-offset: 2px;
}
.link:focus-visible {
  outline: 2px solid currentColor;
  outline-offset: 2px;
}
.loading {
  pointer-events: none;
  display: inline-block;
  aspect-ratio: 1 / 1;
  width: 1.5rem;
  background-color: currentColor;
  -webkit-mask-size: 100%;
          mask-size: 100%;
  -webkit-mask-repeat: no-repeat;
          mask-repeat: no-repeat;
  -webkit-mask-position: center;
          mask-position: center;
  -webkit-mask-image: url("data:image/svg+xml,%3Csvg width='24' height='24' stroke='black' viewBox='0 0 24 24' xmlns='http://www.w3.org/2000/svg'%3E%3Cg transform-origin='center'%3E%3Ccircle cx='12' cy='12' r='9.5' fill='none' stroke-width='3' stroke-linecap='round'%3E%3CanimateTransform attributeName='transform' type='rotate' from='0 12 12' to='360 12 12' dur='2s' repeatCount='indefinite'/%3E%3Canimate attributeName='stroke-dasharray' values='0,150;42,150;42,150' keyTimes='0;0.475;1' dur='1.5s' repeatCount='indefinite'/%3E%3Canimate attributeName='stroke-dashoffset' values='0;-16;-59' keyTimes='0;0.475;1' dur='1.5s' repeatCount='indefinite'/%3E%3C/circle%3E%3C/g%3E%3C/svg%3E");
          mask-image: url("data:image/svg+xml,%3Csvg width='24' height='24' stroke='black' viewBox='0 0 24 24' xmlns='http://www.w3.org/2000/svg'%3E%3Cg transform-origin='center'%3E%3Ccircle cx='12' cy='12' r='9.5' fill='none' stroke-width='3' stroke-linecap='round'%3E%3CanimateTransform attributeName='transform' type='rotate' from='0 12 12' to='360 12 12' dur='2s' repeatCount='indefinite'/%3E%3Canimate attributeName='stroke-dasharray' values='0,150;42,150;42,150' keyTimes='0;0.475;1' dur='1.5s' repeatCount='indefinite'/%3E%3Canimate attributeName='stroke-dashoffset' values='0;-16;-59' keyTimes='0;0.475;1' dur='1.5s' repeatCount='indefinite'/%3E%3C/circle%3E%3C/g%3E%3C/svg%3E");
}
.menu li &gt; *:not(ul, .menu-title, details, .btn):active,
.menu li &gt; *:not(ul, .menu-title, details, .btn).active,
.menu li &gt; details &gt; summary:active {
  --tw-bg-opacity: 1;
  background-color: var(--fallback-n,oklch(var(--n)/var(--tw-bg-opacity)));
  --tw-text-opacity: 1;
  color: var(--fallback-nc,oklch(var(--nc)/var(--tw-text-opacity)));
}
.mockup-browser .mockup-browser-toolbar .input {
  position: relative;
  margin-left: auto;
  margin-right: auto;
  display: block;
  height: 1.75rem;
  width: 24rem;
  overflow: hidden;
  text-overflow: ellipsis;
  white-space: nowrap;
  --tw-bg-opacity: 1;
  background-color: var(--fallback-b2,oklch(var(--b2)/var(--tw-bg-opacity)));
  padding-left: 2rem;
  direction: ltr;
}
.mockup-browser .mockup-browser-toolbar .input:before {
  content: "";
  position: absolute;
  left: 0.5rem;
  top: 50%;
  aspect-ratio: 1 / 1;
  height: 0.75rem;
  --tw-translate-y: -50%;
  transform: translate(var(--tw-translate-x), var(--tw-translate-y)) rotate(var(--tw-rotate)) skewX(var(--tw-skew-x)) skewY(var(--tw-skew-y)) scaleX(var(--tw-scale-x)) scaleY(var(--tw-scale-y));
  border-radius: 9999px;
  border-width: 2px;
  border-color: currentColor;
  opacity: 0.6;
}
.mockup-browser .mockup-browser-toolbar .input:after {
  content: "";
  position: absolute;
  left: 1.25rem;
  top: 50%;
  height: 0.5rem;
  --tw-translate-y: 25%;
  --tw-rotate: -45deg;
  transform: translate(var(--tw-translate-x), var(--tw-translate-y)) rotate(var(--tw-rotate)) skewX(var(--tw-skew-x)) skewY(var(--tw-skew-y)) scaleX(var(--tw-scale-x)) scaleY(var(--tw-scale-y));
  border-radius: 9999px;
  border-width: 1px;
  border-color: currentColor;
  opacity: 0.6;
}
.modal:not(dialog:not(.modal-open)),
  .modal::backdrop {
  background-color: #0006;
  animation: modal-pop 0.2s ease-out;
}
.modal-open .modal-box,
.modal-toggle:checked + .modal .modal-box,
.modal:target .modal-box,
.modal[open] .modal-box {
  --tw-translate-y: 0px;
  --tw-scale-x: 1;
  --tw-scale-y: 1;
  transform: translate(var(--tw-translate-x), var(--tw-translate-y)) rotate(var(--tw-rotate)) skewX(var(--tw-skew-x)) skewY(var(--tw-skew-y)) scaleX(var(--tw-scale-x)) scaleY(var(--tw-scale-y));
}
.modal-action &gt; :not([hidden]) ~ :not([hidden]) {
  --tw-space-x-reverse: 0;
  margin-right: calc(0.5rem * var(--tw-space-x-reverse));
  margin-left: calc(0.5rem * calc(1 - var(--tw-space-x-reverse)));
}
.modal-action:where([dir="rtl"], [dir="rtl"] *) &gt; :not([hidden]) ~ :not([hidden]) {
  --tw-space-x-reverse: 1;
}
@keyframes modal-pop {

  0% {
    opacity: 0;
  }
}
@keyframes progress-loading {

  50% {
    background-position-x: -115%;
  }
}
@keyframes radiomark {

  0% {
    box-shadow: 0 0 0 12px var(--fallback-b1,oklch(var(--b1)/1)) inset,
      0 0 0 12px var(--fallback-b1,oklch(var(--b1)/1)) inset;
  }

  50% {
    box-shadow: 0 0 0 3px var(--fallback-b1,oklch(var(--b1)/1)) inset,
      0 0 0 3px var(--fallback-b1,oklch(var(--b1)/1)) inset;
  }

  100% {
    box-shadow: 0 0 0 4px var(--fallback-b1,oklch(var(--b1)/1)) inset,
      0 0 0 4px var(--fallback-b1,oklch(var(--b1)/1)) inset;
  }
}
@keyframes rating-pop {

  0% {
    transform: translateY(-0.125em);
  }

  40% {
    transform: translateY(-0.125em);
  }

  100% {
    transform: translateY(0);
  }
}
.select:focus {
  box-shadow: none;
  border-color: var(--fallback-bc,oklch(var(--bc)/0.2));
  outline-style: solid;
  outline-width: 2px;
  outline-offset: 2px;
  outline-color: var(--fallback-bc,oklch(var(--bc)/0.2));
}
.select-disabled,
  .select:disabled,
  .select[disabled] {
  cursor: not-allowed;
  --tw-border-opacity: 1;
  border-color: var(--fallback-b2,oklch(var(--b2)/var(--tw-border-opacity)));
  --tw-bg-opacity: 1;
  background-color: var(--fallback-b2,oklch(var(--b2)/var(--tw-bg-opacity)));
  color: var(--fallback-bc,oklch(var(--bc)/0.4));
}
.select-disabled::-moz-placeholder, .select:disabled::-moz-placeholder, .select[disabled]::-moz-placeholder {
  color: var(--fallback-bc,oklch(var(--bc)/var(--tw-placeholder-opacity)));
  --tw-placeholder-opacity: 0.2;
}
.select-disabled::placeholder,
  .select:disabled::placeholder,
  .select[disabled]::placeholder {
  color: var(--fallback-bc,oklch(var(--bc)/var(--tw-placeholder-opacity)));
  --tw-placeholder-opacity: 0.2;
}
.select-multiple,
  .select[multiple],
  .select[size].select:not([size="1"]) {
  background-image: none;
  padding-right: 1rem;
}
[dir="rtl"] .select {
  background-position: calc(0% + 12px) calc(1px + 50%),
    calc(0% + 16px) calc(1px + 50%);
}
@keyframes skeleton {

  from {
    background-position: 150%;
  }

  to {
    background-position: -50%;
  }
}
.table tr.active,
  .table tr.active:nth-child(even),
  .table-zebra tbody tr:nth-child(even) {
  --tw-bg-opacity: 1;
  background-color: var(--fallback-b2,oklch(var(--b2)/var(--tw-bg-opacity)));
}
.table-zebra tr.active,
    .table-zebra tr.active:nth-child(even),
    .table-zebra-zebra tbody tr:nth-child(even) {
  --tw-bg-opacity: 1;
  background-color: var(--fallback-b3,oklch(var(--b3)/var(--tw-bg-opacity)));
}
.textarea:focus {
  box-shadow: none;
  border-color: var(--fallback-bc,oklch(var(--bc)/0.2));
  outline-style: solid;
  outline-width: 2px;
  outline-offset: 2px;
  outline-color: var(--fallback-bc,oklch(var(--bc)/0.2));
}
.textarea-disabled,
  .textarea:disabled,
  .textarea[disabled] {
  cursor: not-allowed;
  --tw-border-opacity: 1;
  border-color: var(--fallback-b2,oklch(var(--b2)/var(--tw-border-opacity)));
  --tw-bg-opacity: 1;
  background-color: var(--fallback-b2,oklch(var(--b2)/var(--tw-bg-opacity)));
  color: var(--fallback-bc,oklch(var(--bc)/0.4));
}
.textarea-disabled::-moz-placeholder, .textarea:disabled::-moz-placeholder, .textarea[disabled]::-moz-placeholder {
  color: var(--fallback-bc,oklch(var(--bc)/var(--tw-placeholder-opacity)));
  --tw-placeholder-opacity: 0.2;
}
.textarea-disabled::placeholder,
  .textarea:disabled::placeholder,
  .textarea[disabled]::placeholder {
  color: var(--fallback-bc,oklch(var(--bc)/var(--tw-placeholder-opacity)));
  --tw-placeholder-opacity: 0.2;
}
@keyframes toast-pop {

  0% {
    transform: scale(0.9);
    opacity: 0;
  }

  100% {
    transform: scale(1);
    opacity: 1;
  }
}
:root .prose {
  --tw-prose-body: var(--fallback-bc,oklch(var(--bc)/0.8));
  --tw-prose-headings: var(--fallback-bc,oklch(var(--bc)/1));
  --tw-prose-lead: var(--fallback-bc,oklch(var(--bc)/1));
  --tw-prose-links: var(--fallback-bc,oklch(var(--bc)/1));
  --tw-prose-bold: var(--fallback-bc,oklch(var(--bc)/1));
  --tw-prose-counters: var(--fallback-bc,oklch(var(--bc)/1));
  --tw-prose-bullets: var(--fallback-bc,oklch(var(--bc)/0.5));
  --tw-prose-hr: var(--fallback-bc,oklch(var(--bc)/0.2));
  --tw-prose-quotes: var(--fallback-bc,oklch(var(--bc)/1));
  --tw-prose-quote-borders: var(--fallback-bc,oklch(var(--bc)/0.2));
[...]
dration-url="/@id/astro:scripts/before-hydration.js" opts="{&amp;quot;name&amp;quot;:&amp;quot;TodoListItems&amp;quot;,&amp;quot;value&amp;quot;:&amp;quot;solid-js&amp;quot;}" client-render-time="0.5"&gt;&lt;div&gt;&lt;!--$--&gt;&lt;span class="px-4 font-semibold"&gt;&lt;iconify-icon icon="fluent:person-accounts-20-filled" class="mr-1 align-bottom text-2xl"&gt;&lt;/iconify-icon&gt;Login or sign up to get started&lt;/span&gt;&lt;!--/--&gt;&lt;!--$--&gt;&lt;!--/--&gt;&lt;/div&gt;&lt;/astro-island&gt; &lt;/div&gt; &lt;astro-island uid="ZcmYfH" component-url="/src/components/navbar/ProfileItems.tsx" component-export="default" renderer-url="/node_modules/.vite/deps/@astrojs_solid-js_client__js.js?v=62db5187" props="{&amp;quot;data-astro-cid-lkziebym&amp;quot;:[0,true]}" client="only" before-hydration-url="/@id/astro:scripts/before-hydration.js" opts="{&amp;quot;name&amp;quot;:&amp;quot;ProfileItems&amp;quot;,&amp;quot;value&amp;quot;:&amp;quot;solid-js&amp;quot;}" client-render-time="0.6000000014901161"&gt;&lt;/astro-island&gt; &lt;/div&gt; &lt;/nav&gt;  &lt;main class="flex grow justify-center p-8" data-astro-cid-4jmloj5z="" data-astro-source-file="/app/src/layout/BaseLayout.astro" data-astro-source-loc="26:48"&gt;  &lt;script data-astro-exec=""&gt;(()=&gt;{var l=(s,i,o)=&gt;{let r=async()=&gt;{await(await s())()},t=typeof i.value=="object"?i.value:void 0,c={rootMargin:t==null?void 0:t.rootMargin},n=new IntersectionObserver(e=&gt;{for(let a of e)if(a.isIntersecting){n.disconnect(),r();break}},c);for(let e of o.children)n.observe(e)};(self.Astro||(self.Astro={})).visible=l;window.dispatchEvent(new Event("astro:visible"));})();&lt;/script&gt;&lt;script data-astro-exec=""&gt;window._$HY||(e=&gt;{let t=e=&gt;e&amp;&amp;e.hasAttribute&amp;&amp;(e.hasAttribute("data-hk")?e:t(e.host&amp;&amp;e.host.nodeType?e.host:e.parentNode));["click", "input"].forEach((o=&gt;document.addEventListener(o,(o=&gt;{if(!e.events)return;let s=t(o.composedPath&amp;&amp;o.composedPath()[0]||o.target);s&amp;&amp;!e.completed.has(s)&amp;&amp;e.events.push([s,o])}))))})(_$HY={events:[],completed:new WeakSet,r:{},fe(){}});&lt;/script&gt;&lt;!--xs--&gt;&lt;astro-island uid="Zu0hOw" data-solid-render-id="s0" component-url="/src/components/forms/RegisterForm.tsx" component-export="default" renderer-url="/node_modules/.vite/deps/@astrojs_solid-js_client__js.js?v=62db5187" props="{}" client="visible" before-hydration-url="/@id/astro:scripts/before-hydration.js" opts="{&amp;quot;name&amp;quot;:&amp;quot;RegisterForm&amp;quot;,&amp;quot;value&amp;quot;:true}" server-render-time="1.127333999997063" await-children="" client-render-time="1"&gt;&lt;div data-hk="s00000" class="flex max-w-xl flex-col justify-center"&gt;&lt;div class="container prose mb-8"&gt;&lt;h1&gt;Register an account&lt;/h1&gt;&lt;p&gt;An account is needed to use the Todo Manager.&lt;/p&gt;&lt;p&gt;In case you already have an account, please login through &lt;a href="/login"&gt;here&lt;/a&gt; or through the button below on the left.&lt;/p&gt;&lt;/div&gt;&lt;!--$--&gt;&lt;!--/--&gt;&lt;!--$--&gt;&lt;form data-hk="s000020" novalidate="" data-testid="register-form"&gt;&lt;div data-hk="s00002100"&gt;&lt;!--$--&gt;&lt;label data-hk="s0000210100" class="prose inline-block font-medium md:text-lg lg:text-xl mb-4 lg:mb-5" for="username"&gt;&lt;!--$--&gt;Username&lt;!--/--&gt; &lt;!--$--&gt;&lt;span data-hk="s0000210101" class="ml-1 text-red-600 dark:text-red-400"&gt;*&lt;/span&gt;&lt;!--/--&gt;&lt;/label&gt;&lt;!--/--&gt;&lt;!--$--&gt;&lt;input data-hk="s00002102" type="text" name="username" required="" class="h-14 w-full rounded-2xl border-2 bg-white px-5 outline-none placeholder:text-slate-500 md:h-16 md:text-lg lg:h-[70px] lg:px-6 lg:text-xl dark:bg-gray-900 border-slate-200 hover:border-slate-300 focus:border-sky-600/50 dark:border-slate-800 dark:hover:border-slate-700 dark:focus:border-sky-400/50 " id="username" value="" aria-invalid="false" aria-errormessage="username-error"&gt;&lt;!--/--&gt;&lt;!--$--&gt;&lt;div data-hk="s000021030" class="pt-4 text-sm text-red-500 md:text-base lg:pt-5 lg:text-lg dark:text-red-400" id="username-error"&gt;&lt;/div&gt;&lt;!--/--&gt;&lt;/div&gt;&lt;div data-hk="s00002200"&gt;&lt;!--$--&gt;&lt;label data-hk="s0000220100" class="prose inline-block font-medium md:text-lg lg:text-xl mb-4 lg:mb-5" for="password"&gt;&lt;!--$--&gt;Password&lt;!--/--&gt; &lt;!--$--&gt;&lt;span data-hk="s0000220101" class="ml-1 text-red-600 dark:text-red-400"&gt;*&lt;/span&gt;&lt;!--/--&gt;&lt;/label&gt;&lt;!--/--&gt;&lt;!--$--&gt;&lt;input data-hk="s00002202" type="password" name="password" required="" class="h-14 w-full rounded-2xl border-2 bg-white px-5 outline-none placeholder:text-slate-500 md:h-16 md:text-lg lg:h-[70px] lg:px-6 lg:text-xl dark:bg-gray-900 border-slate-200 hover:border-slate-300 focus:border-sky-600/50 dark:border-slate-800 dark:hover:border-slate-700 dark:focus:border-sky-400/50 " id="password" value="" aria-invalid="false" aria-errormessage="password-error"&gt;&lt;!--/--&gt;&lt;!--$--&gt;&lt;div data-hk="s000022030" class="pt-4 text-sm text-red-500 md:text-base lg:pt-5 lg:text-lg dark:text-red-400" id="password-error"&gt;&lt;/div&gt;&lt;!--/--&gt;&lt;/div&gt;&lt;div data-hk="s000023" class="mt-4 flex justify-between"&gt;&lt;!--$--&gt;&lt;button data-hk="s0000240" class="items-center rounded-lg px-3 py-1.5 font-medium md:text-md lg:rounded-lg lg:px-4 lg:py-2 lg:text-lg bg-sky-600/10 text-sky-600 hover:bg-sky-600/20 dark:bg-sky-400/10 dark:text-sky-400 dark:hover:bg-sky-400/20 " type="button" loading="false" label="To Login" variant="secondary"&gt;To Login&lt;/button&gt;&lt;!--/--&gt;&lt;!--$--&gt;&lt;button data-hk="s0000250" class="items-center rounded-lg px-3 py-1.5 font-medium md:text-md lg:rounded-lg lg:px-4 lg:py-2 lg:text-lg bg-sky-600 text-white hover:bg-sky-600/80 dark:bg-sky-400 dark:text-gray-900 dark:hover:bg-sky-400/80 " loading="false" label="Register" variant="primary" type="submit"&gt;Register&lt;/button&gt;&lt;!--/--&gt;&lt;/div&gt;&lt;/form&gt;&lt;!--/--&gt;&lt;/div&gt;&lt;/astro-island&gt;  &lt;/main&gt; &lt;footer class="z-10 mx-auto mt-12 flex w-screen justify-center border-t border-zinc-300 bg-slate-50/80 px-16 py-8 text-zinc-600" data-astro-source-file="/app/src/layout/Footer.astro" data-astro-source-loc="15:2"&gt; &lt;div class="flex flex-col" data-astro-source-file="/app/src/layout/Footer.astro" data-astro-source-loc="16:30"&gt; &lt;span class="text-md font-semibold" data-astro-source-file="/app/src/layout/Footer.astro" data-astro-source-loc="17:41"&gt; Made with ❤️ , 😓, 🥲 and&lt;/span&gt; &lt;ul class="flex flex-col items-center justify-center space-x-2" data-astro-source-file="/app/src/layout/Footer.astro" data-astro-source-loc="18:69"&gt; &lt;li&gt;&lt;a href="https://astro.build" target="_blank" rel="noopener noreferrer" class="hover:underline"&gt;Astro&lt;/a&gt;&lt;/li&gt;&lt;li&gt;&lt;a href="https://solidjs.com" target="_blank" rel="noopener noreferrer" class="hover:underline"&gt;SolidJS&lt;/a&gt;&lt;/li&gt;&lt;li&gt;&lt;a href="https://tailwindcss.com" target="_blank" rel="noopener noreferrer" class="hover:underline"&gt;TailwindCSS&lt;/a&gt;&lt;/li&gt;&lt;li&gt;&lt;a href="https://daisyui.com" target="_blank" rel="noopener noreferrer" class="hover:underline"&gt;DaisyUI&lt;/a&gt;&lt;/li&gt;&lt;li&gt;&lt;a href="https://iconify.design" target="_blank" rel="noopener noreferrer" class="hover:underline"&gt;Iconify&lt;/a&gt;&lt;/li&gt; &lt;/ul&gt; &lt;/div&gt; &lt;/footer&gt; &lt;astro-dev-toolbar&gt;&lt;/astro-dev-toolbar&gt;&lt;/body&gt;&lt;/html&gt;</msg>
<status status="PASS" starttime="20250706 13:54:19.850" endtime="20250706 13:54:19.861"/>
</kw>
<kw name="Page Should Contain Element" library="SeleniumLibrary">
<arg>css:form[data-testid="register-form"]</arg>
<doc>Verifies that element ``locator`` is found on the current page.</doc>
<msg timestamp="20250706 13:54:19.870" level="INFO">Current page contains element 'css:form[data-testid="register-form"]'.</msg>
<status status="PASS" starttime="20250706 13:54:19.861" endtime="20250706 13:54:19.870"/>
</kw>
<status status="PASS" starttime="20250706 13:54:18.762" endtime="20250706 13:54:19.870"/>
</kw>
<kw name="Fill Register Form" library="auth_keywords">
<arg>${username}</arg>
<arg>${password}</arg>
<doc>Fills the registration form with provided credentials</doc>
<kw name="Wait For Element And Input Text" library="common">
<arg>css:input[name="username"]</arg>
<arg>${username}</arg>
<doc>Waits for element to be visible and inputs text</doc>
<kw name="Wait Until Element Is Visible" library="SeleniumLibrary">
<arg>${locator}</arg>
<arg>${timeout}</arg>
<doc>Waits until the element ``locator`` is visible.</doc>
<status status="PASS" starttime="20250706 13:54:19.870" endtime="20250706 13:54:19.883"/>
</kw>
<kw name="Clear Element Text" library="SeleniumLibrary">
<arg>${locator}</arg>
<doc>Clears the value of the text-input-element identified by ``locator``.</doc>
<status status="PASS" starttime="20250706 13:54:19.883" endtime="20250706 13:54:19.906"/>
</kw>
<kw name="Input Text" library="SeleniumLibrary">
<arg>${locator}</arg>
<arg>${text}</arg>
<doc>Types the given ``text`` into the text field identified by ``locator``.</doc>
<msg timestamp="20250706 13:54:19.906" level="INFO">Typing text 'testuser1751799258' into text field 'css:input[name="username"]'.</msg>
<status status="PASS" starttime="20250706 13:54:19.906" endtime="20250706 13:54:19.999"/>
</kw>
<status status="PASS" starttime="20250706 13:54:19.870" endtime="20250706 13:54:19.999"/>
</kw>
<kw name="Wait For Element And Input Text" library="common">
<arg>css:input[name="password"]</arg>
<arg>${password}</arg>
<doc>Waits for element to be visible and inputs text</doc>
<kw name="Wait Until Element Is Visible" library="SeleniumLibrary">
<arg>${locator}</arg>
<arg>${timeout}</arg>
<doc>Waits until the element ``locator`` is visible.</doc>
<status status="PASS" starttime="20250706 13:54:19.999" endtime="20250706 13:54:20.010"/>
</kw>
<kw name="Clear Element Text" library="SeleniumLibrary">
<arg>${locator}</arg>
<doc>Clears the value of the text-input-element identified by ``locator``.</doc>
<status status="PASS" starttime="20250706 13:54:20.010" endtime="20250706 13:54:20.023"/>
</kw>
<kw name="Input Text" library="SeleniumLibrary">
<arg>${locator}</arg>
<arg>${text}</arg>
<doc>Types the given ``text`` into the text field identified by ``locator``.</doc>
<msg timestamp="20250706 13:54:20.024" level="INFO">Typing text 'RobotPass123!' into text field 'css:input[name="password"]'.</msg>
<status status="PASS" starttime="20250706 13:54:20.023" endtime="20250706 13:54:20.104"/>
</kw>
<status status="PASS" starttime="20250706 13:54:19.999" endtime="20250706 13:54:20.104"/>
</kw>
<status status="PASS" starttime="20250706 13:54:19.870" endtime="20250706 13:54:20.104"/>
</kw>
<kw name="Submit Register Form" library="auth_keywords">
<doc>Submits the registration form</doc>
<kw name="Wait For Element And Click" library="common">
<arg>css:button[type="submit"]</arg>
<doc>Waits for element to be visible and clickable, then clicks it</doc>
<kw name="Wait Until Element Is Visible" library="SeleniumLibrary">
<arg>${locator}</arg>
<arg>${timeout}</arg>
<doc>Waits until the element ``locator`` is visible.</doc>
<status status="PASS" starttime="20250706 13:54:20.104" endtime="20250706 13:54:20.113"/>
</kw>
<kw name="Wait Until Element Is Enabled" library="SeleniumLibrary">
<arg>${locator}</arg>
<arg>${timeout}</arg>
<doc>Waits until the element ``locator`` is enabled.</doc>
<status status="PASS" starttime="20250706 13:54:20.114" endtime="20250706 13:54:20.126"/>
</kw>
<kw name="Click Element" library="SeleniumLibrary">
<arg>${locator}</arg>
<doc>Click the element identified by ``locator``.</doc>
<msg timestamp="20250706 13:54:20.126" level="INFO">Clicking element 'css:button[type="submit"]'.</msg>
<status status="PASS" starttime="20250706 13:54:20.126" endtime="20250706 13:54:20.160"/>
</kw>
<status status="PASS" starttime="20250706 13:54:20.104" endtime="20250706 13:54:20.160"/>
</kw>
<status status="PASS" starttime="20250706 13:54:20.104" endtime="20250706 13:54:20.160"/>
</kw>
<kw name="Sleep" library="BuiltIn">
<arg>2s</arg>
<doc>Pauses the test executed for the given time.</doc>
<msg timestamp="20250706 13:54:22.162" level="INFO">Slept 2 seconds</msg>
<status status="PASS" starttime="20250706 13:54:20.160" endtime="20250706 13:54:22.162"/>
</kw>
<kw name="Get Location" library="SeleniumLibrary">
<var>${current_url}</var>
<doc>Returns the current browser window URL.</doc>
<msg timestamp="20250706 13:54:22.168" level="INFO">${current_url} = http://localhost:4321/todo-lists</msg>
<status status="PASS" starttime="20250706 13:54:22.162" endtime="20250706 13:54:22.168"/>
</kw>
<kw name="Log" library="BuiltIn">
<arg>Current URL after registration: ${current_url}</arg>
<doc>Logs the given message with the given level.</doc>
<msg timestamp="20250706 13:54:22.168" level="INFO">Current URL after registration: http://localhost:4321/todo-lists</msg>
<status status="PASS" starttime="20250706 13:54:22.168" endtime="20250706 13:54:22.168"/>
</kw>
<kw name="Wait Until Location Contains" library="SeleniumLibrary">
<arg>/todo-lists</arg>
<arg>${EXPLICIT_WAIT}</arg>
<doc>Waits until the current URL contains ``expected``.</doc>
<status status="PASS" starttime="20250706 13:54:22.168" endtime="20250706 13:54:22.173"/>
</kw>
<kw name="Page Should Contain Element" library="SeleniumLibrary">
<arg>css:[data-testid="todo-lists-page"]</arg>
<doc>Verifies that element ``locator`` is found on the current page.</doc>
<msg timestamp="20250706 13:54:22.183" level="INFO">Current page contains element 'css:[data-testid="todo-lists-page"]'.</msg>
<status status="PASS" starttime="20250706 13:54:22.173" endtime="20250706 13:54:22.183"/>
</kw>
<status status="PASS" starttime="20250706 13:54:18.762" endtime="20250706 13:54:22.183"/>
</kw>
<kw name="Verify User Is Logged In" library="auth_keywords">
<doc>Verifies that user is successfully logged in</doc>
<kw name="Location Should Contain" library="SeleniumLibrary">
<arg>/todo-lists</arg>
<doc>Verifies that the current URL contains ``expected``.</doc>
<msg timestamp="20250706 13:54:22.186" level="INFO">Current location contains '/todo-lists'.</msg>
<status status="PASS" starttime="20250706 13:54:22.184" endtime="20250706 13:54:22.186"/>
</kw>
<kw name="Page Should Contain Element" library="SeleniumLibrary">
<arg>css:[data-testid="todo-lists-page"]</arg>
<doc>Verifies that element ``locator`` is found on the current page.</doc>
<msg timestamp="20250706 13:54:22.192" level="INFO">Current page contains element 'css:[data-testid="todo-lists-page"]'.</msg>
<status status="PASS" starttime="20250706 13:54:22.187" endtime="20250706 13:54:22.192"/>
</kw>
<kw name="Page Should Contain Element" library="SeleniumLibrary">
<arg>css:[data-testid="logout-button"]</arg>
<doc>Verifies that element ``locator`` is found on the current page.</doc>
<msg timestamp="20250706 13:54:22.200" level="INFO">Current page contains element 'css:[data-testid="logout-button"]'.</msg>
<status status="PASS" starttime="20250706 13:54:22.192" endtime="20250706 13:54:22.200"/>
</kw>
<status status="PASS" starttime="20250706 13:54:22.183" endtime="20250706 13:54:22.200"/>
</kw>
<kw name="Logout User" library="auth_keywords">
<doc>Logs out the current user</doc>
<kw name="Wait For Element And Click" library="common">
<arg>css:[data-testid="logout-button"]</arg>
<doc>Waits for element to be visible and clickable, then clicks it</doc>
<kw name="Wait Until Element Is Visible" library="SeleniumLibrary">
<arg>${locator}</arg>
<arg>${timeout}</arg>
<doc>Waits until the element ``locator`` is visible.</doc>
<status status="PASS" starttime="20250706 13:54:22.200" endtime="20250706 13:54:22.208"/>
</kw>
<kw name="Wait Until Element Is Enabled" library="SeleniumLibrary">
<arg>${locator}</arg>
<arg>${timeout}</arg>
<doc>Waits until the element ``locator`` is enabled.</doc>
<status status="PASS" starttime="20250706 13:54:22.209" endtime="20250706 13:54:22.219"/>
</kw>
<kw name="Click Element" library="SeleniumLibrary">
<arg>${locator}</arg>
<doc>Click the element identified by ``locator``.</doc>
<msg timestamp="20250706 13:54:22.219" level="INFO">Clicking element 'css:[data-testid="logout-button"]'.</msg>
<status status="PASS" starttime="20250706 13:54:22.219" endtime="20250706 13:54:22.288"/>
</kw>
<status status="PASS" starttime="20250706 13:54:22.200" endtime="20250706 13:54:22.288"/>
</kw>
<kw name="Wait Until Location Contains" library="SeleniumLibrary">
<arg>/login</arg>
<arg>${EXPLICIT_WAIT}</arg>
<doc>Waits until the current URL contains ``expected``.</doc>
<status status="PASS" starttime="20250706 13:54:22.288" endtime="20250706 13:54:22.302"/>
</kw>
<kw name="Page Should Contain Element" library="SeleniumLibrary">
<arg>css:form[data-testid="login-form"]</arg>
<doc>Verifies that element ``locator`` is found on the current page.</doc>
<msg timestamp="20250706 13:54:22.309" level="INFO">Current page contains element 'css:form[data-testid="login-form"]'.</msg>
<status status="PASS" starttime="20250706 13:54:22.302" endtime="20250706 13:54:22.309"/>
</kw>
<status status="PASS" starttime="20250706 13:54:22.200" endtime="20250706 13:54:22.309"/>
</kw>
<kw name="Verify User Is Logged Out" library="auth_keywords">
<doc>Verifies that user is successfully logged out</doc>
<kw name="Location Should Contain" library="SeleniumLibrary">
<arg>/login</arg>
<doc>Verifies that the current URL contains ``expected``.</doc>
<msg timestamp="20250706 13:54:22.311" level="INFO">Current location contains '/login'.</msg>
<status status="PASS" starttime="20250706 13:54:22.309" endtime="20250706 13:54:22.311"/>
</kw>
<kw name="Page Should Contain Element" library="SeleniumLibrary">
<arg>css:form[data-testid="login-form"]</arg>
<doc>Verifies that element ``locator`` is found on the current page.</doc>
<msg timestamp="20250706 13:54:22.315" level="INFO">Current page contains element 'css:form[data-testid="login-form"]'.</msg>
<status status="PASS" starttime="20250706 13:54:22.311" endtime="20250706 13:54:22.316"/>
</kw>
<kw name="Page Should Not Contain Element" library="SeleniumLibrary">
<arg>css:[data-testid="logout-button"]</arg>
<doc>Verifies that element ``locator`` is not found on the current page.</doc>
<msg timestamp="20250706 13:54:32.369" level="INFO">Current page does not contain element 'css:[data-testid="logout-button"]'.</msg>
<status status="PASS" starttime="20250706 13:54:22.316" endtime="20250706 13:54:32.370"/>
</kw>
<status status="PASS" starttime="20250706 13:54:22.309" endtime="20250706 13:54:32.370"/>
</kw>
<kw name="Close Browser Session" library="common" type="TEARDOWN">
<doc>Closes the browser session</doc>
<kw name="Close All Browsers" library="SeleniumLibrary">
<doc>Closes all open browsers and resets the browser cache.</doc>
<status status="PASS" starttime="20250706 13:54:32.370" endtime="20250706 13:54:32.492"/>
</kw>
<status status="PASS" starttime="20250706 13:54:32.370" endtime="20250706 13:54:32.492"/>
</kw>
<doc>Test that a user can logout from the application</doc>
<tag>auth</tag>
<tag>happy_path</tag>
<tag>logout</tag>
<tag>smoke</tag>
<status status="PASS" starttime="20250706 13:54:16.602" endtime="20250706 13:54:32.492"/>
</test>
<doc>Authentication related test cases</doc>
<status status="PASS" starttime="20250706 13:53:15.996" endtime="20250706 13:54:32.492"/>
</suite>
<statistics>
<total>
<stat pass="3" fail="0" skip="0">All Tests</stat>
</total>
<tag>
<stat pass="3" fail="0" skip="0">auth</stat>
<stat pass="3" fail="0" skip="0">happy_path</stat>
<stat pass="1" fail="0" skip="0">login</stat>
<stat pass="1" fail="0" skip="0">logout</stat>
<stat pass="1" fail="0" skip="0">registration</stat>
<stat pass="3" fail="0" skip="0">smoke</stat>
</tag>
<suite>
<stat pass="3" fail="0" skip="0" id="s1" name="Auth Tests">Auth Tests</stat>
</suite>
</statistics>
<errors>
</errors>
</robot>
