<?xml version="1.0" encoding="UTF-8"?>
<robot generator="Robot 7.3.2 (Python 3.13.5 on darwin)" generated="2025-07-06T23:31:47.510845" rpa="false" schemaversion="5">
<suite id="s1" name="Todoitem Tests" source="/Users/MrJay/Documents/playground/swt-todo-list-app-main/e2e-tests/tests/todoitem_tests.robot">
<kw name="Clear Application Data" owner="common" type="SETUP">
<kw name="Run Process" owner="Process">
<msg time="2025-07-06T23:31:47.672543" level="INFO">Starting process:
docker compose -f compose.dev.yml down</msg>
<msg time="2025-07-06T23:31:47.674628" level="INFO">Waiting for process to complete.</msg>
<msg time="2025-07-06T23:31:47.860111" level="INFO">Process completed.</msg>
<arg>docker</arg>
<arg>compose</arg>
<arg>-f</arg>
<arg>compose.dev.yml</arg>
<arg>down</arg>
<arg>shell=True</arg>
<arg>cwd=${EXECDIR}/..</arg>
<doc>Runs a process and waits for it to complete.</doc>
<status status="PASS" start="2025-07-06T23:31:47.672345" elapsed="0.187955"/>
</kw>
<kw name="Run Process" owner="Process">
<msg time="2025-07-06T23:31:47.861005" level="INFO">Starting process:
docker compose -f compose.dev.yml up -d</msg>
<msg time="2025-07-06T23:31:47.862641" level="INFO">Waiting for process to complete.</msg>
<msg time="2025-07-06T23:31:47.933946" level="INFO">Process completed.</msg>
<arg>docker</arg>
<arg>compose</arg>
<arg>-f</arg>
<arg>compose.dev.yml</arg>
<arg>up</arg>
<arg>-d</arg>
<arg>shell=True</arg>
<arg>cwd=${EXECDIR}/..</arg>
<doc>Runs a process and waits for it to complete.</doc>
<status status="PASS" start="2025-07-06T23:31:47.860620" elapsed="0.073489"/>
</kw>
<kw name="Sleep" owner="BuiltIn">
<msg time="2025-07-06T23:32:02.935544" level="INFO">Slept 15 seconds.</msg>
<arg>15s</arg>
<doc>Pauses the test executed for the given time.</doc>
<status status="PASS" start="2025-07-06T23:31:47.934395" elapsed="15.002362"/>
</kw>
<kw name="Wait For Application To Start" owner="common">
<kw name="Wait Until Keyword Succeeds" owner="BuiltIn">
<kw name="Check Application Health" owner="common">
<kw name="Create Session" owner="RequestsLibrary">
<msg time="2025-07-06T23:32:02.940882" level="INFO">Creating Session using : alias=healthcheck, url=http://localhost:4321, headers={},                     cookies={}, auth=None, timeout=None, proxies=None, verify=False,                     debug=0 </msg>
<arg>healthcheck</arg>
<arg>${BASE_URL}</arg>
<doc>Create Session: create a HTTP session to a server</doc>
<status status="PASS" start="2025-07-06T23:32:02.940453" elapsed="0.001257"/>
</kw>
<kw name="GET On Session" owner="RequestsLibrary">
<msg time="2025-07-06T23:32:02.967023" level="INFO">GET Request : url=http://localhost:4321/ 
 path_url=/ 
 headers={'User-Agent': 'python-requests/2.32.4', 'Accept-Encoding': 'gzip, deflate', 'Accept': '*/*', 'Connection': 'keep-alive'} 
 body=None 
 </msg>
<msg time="2025-07-06T23:32:02.967132" level="INFO">GET Response : url=http://localhost:4321/ 
 status=200, reason=OK 
 headers={'Vary': 'Origin', 'content-type': 'text/html', 'Date': 'Sun, 06 Jul 2025 20:32:02 GMT', 'Connection': 'keep-alive', 'Keep-Alive': 'timeout=5', 'Transfer-Encoding': 'chunked'} 
 body=&lt;!DOCTYPE html&gt;&lt;!-- &lt;BaseLayout title="Home" description="Home page"&gt; --&gt;&lt;div class="flex h-screen flex-col items-center justify-center" data-astro-source-file="/app/src/pages/index.astro" data-astro-source-loc="5:65"&gt; &lt;h1 class="text-4xl font-bold" data-astro-source-file="/app/src/pages/index.astro" data-astro-source-loc="6:34"&gt;Redirecting...&lt;/h1&gt; &lt;/div&gt; &lt;!-- &lt;/BaseLayout&gt; --&gt; &lt;script&gt;
  const username = JSON.parse(localStorage.getItem('userData') ?? '{}')?.username
  if (username) {
    location.assign('/todo-lists')
  } else {
    location.assign('/login')
  }
&lt;/script&gt; 
 </msg>
<msg time="2025-07-06T23:32:02.967240" level="INFO">${response} = &lt;Response [200]&gt;</msg>
<var>${response}</var>
<arg>healthcheck</arg>
<arg>/</arg>
<doc>Sends a GET request on a previously created HTTP Session.</doc>
<status status="PASS" start="2025-07-06T23:32:02.941889" elapsed="0.025367"/>
</kw>
<kw name="Should Be Equal As Integers" owner="BuiltIn">
<msg time="2025-07-06T23:32:02.967745" level="INFO">Argument types are:
&lt;class 'int'&gt;
&lt;class 'str'&gt;</msg>
<arg>${response.status_code}</arg>
<arg>200</arg>
<doc>Fails if objects are unequal after converting them to integers.</doc>
<status status="PASS" start="2025-07-06T23:32:02.967357" elapsed="0.000424"/>
</kw>
<doc>Checks if application is responding</doc>
<status status="PASS" start="2025-07-06T23:32:02.940192" elapsed="0.027632"/>
</kw>
<arg>60s</arg>
<arg>5s</arg>
<arg>Check Application Health</arg>
<doc>Runs the specified keyword and retries if it fails.</doc>
<status status="PASS" start="2025-07-06T23:32:02.939602" elapsed="0.028247"/>
</kw>
<doc>Waits for the application to be ready</doc>
<status status="PASS" start="2025-07-06T23:32:02.938488" elapsed="0.029388"/>
</kw>
<tag>setup</tag>
<doc>Clears application data by restarting containers</doc>
<status status="PASS" start="2025-07-06T23:31:47.671877" elapsed="15.296027"/>
</kw>
<test id="s1-t1" name="User Can Create Todo Item" line="26">
<kw name="Setup Test User With Todo List" type="SETUP">
<kw name="Open Browser To Application" owner="common">
<kw name="Evaluate" owner="BuiltIn">
<msg time="2025-07-06T23:32:02.968674" level="INFO">${chrome_options} = &lt;selenium.webdriver.chrome.options.Options object at 0x105447e00&gt;</msg>
<var>${chrome_options}</var>
<arg>sys.modules['selenium.webdriver'].ChromeOptions()</arg>
<arg>sys, selenium.webdriver</arg>
<doc>Evaluates the given expression in Python and returns the result.</doc>
<status status="PASS" start="2025-07-06T23:32:02.968517" elapsed="0.000171"/>
</kw>
<kw name="Run Keyword If" owner="BuiltIn">
<kw name="Call Method" owner="BuiltIn">
<arg>${chrome_options}</arg>
<arg>add_argument</arg>
<arg>--headless</arg>
<doc>Calls the named method of the given object with the provided arguments.</doc>
<status status="PASS" start="2025-07-06T23:32:02.968845" elapsed="0.000055"/>
</kw>
<arg>${HEADLESS}</arg>
<arg>Call Method</arg>
<arg>${chrome_options}</arg>
<arg>add_argument</arg>
<arg>--headless</arg>
<doc>Runs the given keyword with the given arguments, if ``condition`` is true.</doc>
<status status="PASS" start="2025-07-06T23:32:02.968753" elapsed="0.000173"/>
</kw>
<kw name="Call Method" owner="BuiltIn">
<arg>${chrome_options}</arg>
<arg>add_argument</arg>
<arg>--no-sandbox</arg>
<doc>Calls the named method of the given object with the provided arguments.</doc>
<status status="PASS" start="2025-07-06T23:32:02.968969" elapsed="0.000048"/>
</kw>
<kw name="Call Method" owner="BuiltIn">
<arg>${chrome_options}</arg>
<arg>add_argument</arg>
<arg>--disable-dev-shm-usage</arg>
<doc>Calls the named method of the given object with the provided arguments.</doc>
<status status="PASS" start="2025-07-06T23:32:02.969059" elapsed="0.000043"/>
</kw>
<kw name="Call Method" owner="BuiltIn">
<arg>${chrome_options}</arg>
<arg>add_argument</arg>
<arg>--disable-gpu</arg>
<doc>Calls the named method of the given object with the provided arguments.</doc>
<status status="PASS" start="2025-07-06T23:32:02.969142" elapsed="0.000042"/>
</kw>
<kw name="Open Browser" owner="SeleniumLibrary">
<msg time="2025-07-06T23:32:02.969396" level="INFO">Opening browser 'Chrome' to base url 'http://localhost:4321'.</msg>
<arg>${BASE_URL}</arg>
<arg>${BROWSER}</arg>
<arg>options=${chrome_options}</arg>
<doc>Opens a new browser instance to the optional ``url``.</doc>
<status status="PASS" start="2025-07-06T23:32:02.969251" elapsed="0.797602"/>
</kw>
<kw name="Set Selenium Implicit Wait" owner="SeleniumLibrary">
<arg>${IMPLICIT_WAIT}</arg>
<doc>Sets the implicit wait value used by Selenium.</doc>
<status status="PASS" start="2025-07-06T23:32:03.767255" elapsed="0.000965"/>
</kw>
<kw name="Maximize Browser Window" owner="SeleniumLibrary">
<doc>Maximizes current browser window.</doc>
<status status="PASS" start="2025-07-06T23:32:03.768307" elapsed="0.015684"/>
</kw>
<doc>Opens browser and navigates to the application</doc>
<status status="PASS" start="2025-07-06T23:32:02.968424" elapsed="0.815684"/>
</kw>
<kw name="Generate Unique Username" owner="common">
<kw name="Get Time" owner="BuiltIn">
<msg time="2025-07-06T23:32:03.784791" level="INFO">${timestamp} = 1751833923</msg>
<var>${timestamp}</var>
<arg>epoch</arg>
<doc>Returns the given time in the requested format.</doc>
<status status="PASS" start="2025-07-06T23:32:03.784617" elapsed="0.000195"/>
</kw>
<kw name="Set Variable" owner="BuiltIn">
<msg time="2025-07-06T23:32:03.785090" level="INFO">${unique_username} = testuser1751833923</msg>
<var>${unique_username}</var>
<arg>testuser${timestamp}</arg>
<doc>Returns the given values which can then be assigned to a variables.</doc>
<status status="PASS" start="2025-07-06T23:32:03.784886" elapsed="0.000237"/>
</kw>
<return>
<value>${unique_username}</value>
<status status="PASS" start="2025-07-06T23:32:03.785194" elapsed="0.000079"/>
</return>
<msg time="2025-07-06T23:32:03.785369" level="INFO">${unique_username} = testuser1751833923</msg>
<var>${unique_username}</var>
<doc>Generates a unique username for testing</doc>
<status status="PASS" start="2025-07-06T23:32:03.784381" elapsed="0.001032"/>
</kw>
<kw name="Generate Unique List Name" owner="common">
<kw name="Get Time" owner="BuiltIn">
<msg time="2025-07-06T23:32:03.786220" level="INFO">${timestamp} = 1751833923</msg>
<var>${timestamp}</var>
<arg>epoch</arg>
<doc>Returns the given time in the requested format.</doc>
<status status="PASS" start="2025-07-06T23:32:03.786108" elapsed="0.000130"/>
</kw>
<kw name="Set Variable" owner="BuiltIn">
<msg time="2025-07-06T23:32:03.786379" level="INFO">${unique_name} = Test List 1751833923</msg>
<var>${unique_name}</var>
<arg>Test List ${timestamp}</arg>
<doc>Returns the given values which can then be assigned to a variables.</doc>
<status status="PASS" start="2025-07-06T23:32:03.786302" elapsed="0.000090"/>
</kw>
<return>
<value>${unique_name}</value>
<status status="PASS" start="2025-07-06T23:32:03.786419" elapsed="0.000025"/>
</return>
<msg time="2025-07-06T23:32:03.786507" level="INFO">${unique_list_name} = Test List 1751833923</msg>
<var>${unique_list_name}</var>
<doc>Generates a unique list name for testing</doc>
<status status="PASS" start="2025-07-06T23:32:03.785555" elapsed="0.000966"/>
</kw>
<kw name="Set Test Variable" owner="BuiltIn">
<msg time="2025-07-06T23:32:03.787303" level="INFO">${TEST_USERNAME} = testuser1751833923</msg>
<arg>${TEST_USERNAME}</arg>
<arg>${unique_username}</arg>
<doc>Makes a variable available everywhere within the scope of the current test.</doc>
<status status="PASS" start="2025-07-06T23:32:03.786585" elapsed="0.000751"/>
</kw>
<kw name="Set Test Variable" owner="BuiltIn">
<msg time="2025-07-06T23:32:03.787763" level="INFO">${TEST_LIST_NAME} = Test List 1751833923</msg>
<arg>${TEST_LIST_NAME}</arg>
<arg>${unique_list_name}</arg>
<doc>Makes a variable available everywhere within the scope of the current test.</doc>
<status status="PASS" start="2025-07-06T23:32:03.787466" elapsed="0.000364"/>
</kw>
<kw name="Register New User" owner="auth_keywords">
<kw name="Navigate To Register Page" owner="auth_keywords">
<kw name="Log" owner="BuiltIn">
<msg time="2025-07-06T23:32:03.789046" level="INFO">Navigating to registration URL: http://localhost:4321/register</msg>
<arg>Navigating to registration URL: ${REGISTER_URL}</arg>
<doc>Logs the given message with the given level.</doc>
<status status="PASS" start="2025-07-06T23:32:03.788951" elapsed="0.000124"/>
</kw>
<kw name="Go To" owner="SeleniumLibrary">
<msg time="2025-07-06T23:32:03.789213" level="INFO">Opening url 'http://localhost:4321/register'</msg>
<arg>${REGISTER_URL}</arg>
<doc>Navigates the current browser window to the provided ``url``.</doc>
<status status="PASS" start="2025-07-06T23:32:03.789145" elapsed="0.099107"/>
</kw>
<kw name="Wait For Page To Load" owner="common">
<kw name="Wait Until Page Contains Element" owner="SeleniumLibrary">
<arg>tag:body</arg>
<arg>${EXPLICIT_WAIT}</arg>
<doc>Waits until the element ``locator`` appears on the current page.</doc>
<status status="PASS" start="2025-07-06T23:32:03.888644" elapsed="0.008868"/>
</kw>
<kw name="Sleep" owner="BuiltIn">
<msg time="2025-07-06T23:32:04.898022" level="INFO">Slept 1 second.</msg>
<arg>1s</arg>
<doc>Pauses the test executed for the given time.</doc>
<status status="PASS" start="2025-07-06T23:32:03.897644" elapsed="1.000571"/>
</kw>
<doc>Waits for page to fully load</doc>
<status status="PASS" start="2025-07-06T23:32:03.888408" elapsed="1.009935"/>
</kw>
<kw name="Get Location" owner="SeleniumLibrary">
<msg time="2025-07-06T23:32:04.903224" level="INFO">${current_url} = http://localhost:4321/register</msg>
<var>${current_url}</var>
<doc>Returns the current browser window URL.</doc>
<status status="PASS" start="2025-07-06T23:32:04.898568" elapsed="0.004689"/>
</kw>
<kw name="Log" owner="BuiltIn">
<msg time="2025-07-06T23:32:04.903530" level="INFO">Current URL after navigation: http://localhost:4321/register</msg>
<arg>Current URL after navigation: ${current_url}</arg>
<doc>Logs the given message with the given level.</doc>
<status status="PASS" start="2025-07-06T23:32:04.903397" elapsed="0.000158"/>
</kw>
<kw name="Log Source" owner="SeleniumLibrary">
<msg time="2025-07-06T23:32:04.912607" level="INFO">&lt;html lang="en" data-astro-cid-4jmloj5z=""&gt;&lt;head&gt;&lt;meta charset="utf-8"&gt;&lt;meta name="viewport" content="width=device-width"&gt;&lt;link rel="icon" type="image/svg+xml" href="/favicon.svg"&gt;&lt;meta name="astro-view-transitions-enabled" content="true"&gt;&lt;meta name="astro-view-transitions-fallback" content="animate"&gt;&lt;style data-vite-dev-id="/app/node_modules/@astrojs/tailwind/base.css"&gt;*, ::before, ::after {
  --tw-border-spacing-x: 0;
  --tw-border-spacing-y: 0;
  --tw-translate-x: 0;
  --tw-translate-y: 0;
  --tw-rotate: 0;
  --tw-skew-x: 0;
  --tw-skew-y: 0;
  --tw-scale-x: 1;
  --tw-scale-y: 1;
  --tw-pan-x:  ;
  --tw-pan-y:  ;
  --tw-pinch-zoom:  ;
  --tw-scroll-snap-strictness: proximity;
  --tw-gradient-from-position:  ;
  --tw-gradient-via-position:  ;
  --tw-gradient-to-position:  ;
  --tw-ordinal:  ;
  --tw-slashed-zero:  ;
  --tw-numeric-figure:  ;
  --tw-numeric-spacing:  ;
  --tw-numeric-fraction:  ;
  --tw-ring-inset:  ;
  --tw-ring-offset-width: 0px;
  --tw-ring-offset-color: #fff;
  --tw-ring-color: rgb(59 130 246 / 0.5);
  --tw-ring-offset-shadow: 0 0 #0000;
  --tw-ring-shadow: 0 0 #0000;
  --tw-shadow: 0 0 #0000;
  --tw-shadow-colored: 0 0 #0000;
  --tw-blur:  ;
  --tw-brightness:  ;
  --tw-contrast:  ;
  --tw-grayscale:  ;
  --tw-hue-rotate:  ;
  --tw-invert:  ;
  --tw-saturate:  ;
  --tw-sepia:  ;
  --tw-drop-shadow:  ;
  --tw-backdrop-blur:  ;
  --tw-backdrop-brightness:  ;
  --tw-backdrop-contrast:  ;
  --tw-backdrop-grayscale:  ;
  --tw-backdrop-hue-rotate:  ;
  --tw-backdrop-invert:  ;
  --tw-backdrop-opacity:  ;
  --tw-backdrop-saturate:  ;
  --tw-backdrop-sepia:  ;
  --tw-contain-size:  ;
  --tw-contain-layout:  ;
  --tw-contain-paint:  ;
  --tw-contain-style:  ;
}

::backdrop {
  --tw-border-spacing-x: 0;
  --tw-border-spacing-y: 0;
  --tw-translate-x: 0;
  --tw-translate-y: 0;
  --tw-rotate: 0;
  --tw-skew-x: 0;
  --tw-skew-y: 0;
  --tw-scale-x: 1;
  --tw-scale-y: 1;
  --tw-pan-x:  ;
  --tw-pan-y:  ;
  --tw-pinch-zoom:  ;
  --tw-scroll-snap-strictness: proximity;
  --tw-gradient-from-position:  ;
  --tw-gradient-via-position:  ;
  --tw-gradient-to-position:  ;
  --tw-ordinal:  ;
  --tw-slashed-zero:  ;
  --tw-numeric-figure:  ;
  --tw-numeric-spacing:  ;
  --tw-numeric-fraction:  ;
  --tw-ring-inset:  ;
  --tw-ring-offset-width: 0px;
  --tw-ring-offset-color: #fff;
  --tw-ring-color: rgb(59 130 246 / 0.5);
  --tw-ring-offset-shadow: 0 0 #0000;
  --tw-ring-shadow: 0 0 #0000;
  --tw-shadow: 0 0 #0000;
  --tw-shadow-colored: 0 0 #0000;
  --tw-blur:  ;
  --tw-brightness:  ;
  --tw-contrast:  ;
  --tw-grayscale:  ;
  --tw-hue-rotate:  ;
  --tw-invert:  ;
  --tw-saturate:  ;
  --tw-sepia:  ;
  --tw-drop-shadow:  ;
  --tw-backdrop-blur:  ;
  --tw-backdrop-brightness:  ;
  --tw-backdrop-contrast:  ;
  --tw-backdrop-grayscale:  ;
  --tw-backdrop-hue-rotate:  ;
  --tw-backdrop-invert:  ;
  --tw-backdrop-opacity:  ;
  --tw-backdrop-saturate:  ;
  --tw-backdrop-sepia:  ;
  --tw-contain-size:  ;
  --tw-contain-layout:  ;
  --tw-contain-paint:  ;
  --tw-contain-style:  ;
}/*
! tailwindcss v3.4.17 | MIT License | https://tailwindcss.com
*//*
1. Prevent padding and border from affecting element width. (https://github.com/mozdevs/cssremedy/issues/4)
2. Allow adding a border to an element by just adding a border-width. (https://github.com/tailwindcss/tailwindcss/pull/116)
*/

*,
::before,
::after {
  box-sizing: border-box; /* 1 */
  border-width: 0; /* 2 */
  border-style: solid; /* 2 */
  border-color: #e5e7eb; /* 2 */
}

::before,
::after {
  --tw-content: '';
}

/*
1. Use a consistent sensible line-height in all browsers.
2. Prevent adjustments of font size after orientation changes in iOS.
3. Use a more readable tab size.
4. Use the user's configured `sans` font-family by default.
5. Use the user's configured `sans` font-feature-settings by default.
6. Use the user's configured `sans` font-variation-settings by default.
7. Disable tap highlights on iOS
*/

html,
:host {
  line-height: 1.5; /* 1 */
  -webkit-text-size-adjust: 100%; /* 2 */
  -moz-tab-size: 4; /* 3 */
  -o-tab-size: 4;
     tab-size: 4; /* 3 */
  font-family: ui-sans-serif, system-ui, sans-serif, "Apple Color Emoji", "Segoe UI Emoji", "Segoe UI Symbol", "Noto Color Emoji"; /* 4 */
  font-feature-settings: normal; /* 5 */
  font-variation-settings: normal; /* 6 */
  -webkit-tap-highlight-color: transparent; /* 7 */
}

/*
1. Remove the margin in all browsers.
2. Inherit line-height from `html` so users can set them as a class directly on the `html` element.
*/

body {
  margin: 0; /* 1 */
  line-height: inherit; /* 2 */
}

/*
1. Add the correct height in Firefox.
2. Correct the inheritance of border color in Firefox. (https://bugzilla.mozilla.org/show_bug.cgi?id=190655)
3. Ensure horizontal rules are visible by default.
*/

hr {
  height: 0; /* 1 */
  color: inherit; /* 2 */
  border-top-width: 1px; /* 3 */
}

/*
Add the correct text decoration in Chrome, Edge, and Safari.
*/

abbr:where([title]) {
  -webkit-text-decoration: underline dotted;
          text-decoration: underline dotted;
}

/*
Remove the default font size and weight for headings.
*/

h1,
h2,
h3,
h4,
h5,
h6 {
  font-size: inherit;
  font-weight: inherit;
}

/*
Reset links to optimize for opt-in styling instead of opt-out.
*/

a {
  color: inherit;
  text-decoration: inherit;
}

/*
Add the correct font weight in Edge and Safari.
*/

b,
strong {
  font-weight: bolder;
}

/*
1. Use the user's configured `mono` font-family by default.
2. Use the user's configured `mono` font-feature-settings by default.
3. Use the user's configured `mono` font-variation-settings by default.
4. Correct the odd `em` font sizing in all browsers.
*/

code,
kbd,
samp,
pre {
  font-family: ui-monospace, SFMono-Regular, Menlo, Monaco, Consolas, "Liberation Mono", "Courier New", monospace; /* 1 */
  font-feature-settings: normal; /* 2 */
  font-variation-settings: normal; /* 3 */
  font-size: 1em; /* 4 */
}

/*
Add the correct font size in all browsers.
*/

small {
  font-size: 80%;
}

/*
Prevent `sub` and `sup` elements from affecting the line height in all browsers.
*/

sub,
sup {
  font-size: 75%;
  line-height: 0;
  position: relative;
  vertical-align: baseline;
}

sub {
  bottom: -0.25em;
}

sup {
  top: -0.5em;
}

/*
1. Remove text indentation from table contents in Chrome and Safari. (https://bugs.chromium.org/p/chromium/issues/detail?id=999088, https://bugs.webkit.org/show_bug.cgi?id=201297)
2. Correct table border color inheritance in all Chrome and Safari. (https://bugs.chromium.org/p/chromium/issues/detail?id=935729, https://bugs.webkit.org/show_bug.cgi?id=195016)
3. Remove gaps between table borders by default.
*/

table {
  text-indent: 0; /* 1 */
  border-color: inherit; /* 2 */
  border-collapse: collapse; /* 3 */
}

/*
1. Change the font styles in all browsers.
2. Remove the margin in Firefox and Safari.
3. Remove default padding in all browsers.
*/

button,
input,
optgroup,
select,
textarea {
  font-family: inherit; /* 1 */
  font-feature-settings: inherit; /* 1 */
  font-variation-settings: inherit; /* 1 */
  font-size: 100%; /* 1 */
  font-weight: inherit; /* 1 */
  line-height: inherit; /* 1 */
  letter-spacing: inherit; /* 1 */
  color: inherit; /* 1 */
  margin: 0; /* 2 */
  padding: 0; /* 3 */
}

/*
Remove the inheritance of text transform in Edge and Firefox.
*/

button,
select {
  text-transform: none;
}

/*
1. Correct the inability to style clickable types in iOS and Safari.
2. Remove default button styles.
*/

button,
input:where([type='button']),
input:where([type='reset']),
input:where([type='submit']) {
  -webkit-appearance: button; /* 1 */
  background-color: transparent; /* 2 */
  background-image: none; /* 2 */
}

/*
Use the modern Firefox focus style for all focusable elements.
*/

:-moz-focusring {
  outline: auto;
}

/*
Remove the additional `:invalid` styles in Firefox. (https://github.com/mozilla/gecko-dev/blob/2f9eacd9d3d995c937b4251a5557d95d494c9be1/layout/style/res/forms.css#L728-L737)
*/

:-moz-ui-invalid {
  box-shadow: none;
}

/*
Add the correct vertical alignment in Chrome and Firefox.
*/

progress {
  vertical-align: baseline;
}

/*
Correct the cursor style of increment and decrement buttons in Safari.
*/

::-webkit-inner-spin-button,
::-webkit-outer-spin-button {
  height: auto;
}

/*
1. Correct the odd appearance in Chrome and Safari.
2. Correct the outline style in Safari.
*/

[type='search'] {
  -webkit-appearance: textfield; /* 1 */
  outline-offset: -2px; /* 2 */
}

/*
Remove the inner padding in Chrome and Safari on macOS.
*/

::-webkit-search-decoration {
  -webkit-appearance: none;
}

/*
1. Correct the inability to style clickable types in iOS and Safari.
2. Change font properties to `inherit` in Safari.
*/

::-webkit-file-upload-button {
  -webkit-appearance: button; /* 1 */
  font: inherit; /* 2 */
}

/*
Add the correct display in Chrome and Safari.
*/

summary {
  display: list-item;
}

/*
Removes the default spacing and border for appropriate elements.
*/

blockquote,
dl,
dd,
h1,
h2,
h3,
h4,
h5,
h6,
hr,
figure,
p,
pre {
  margin: 0;
}

fieldset {
  margin: 0;
  padding: 0;
}

legend {
  padding: 0;
}

ol,
ul,
menu {
  list-style: none;
  margin: 0;
  padding: 0;
}

/*
Reset default styling for dialogs.
*/
dialog {
  padding: 0;
}

/*
Prevent resizing textareas horizontally by default.
*/

textarea {
  resize: vertical;
}

/*
1. Reset the default placeholder opacity in Firefox. (https://github.com/tailwindlabs/tailwindcss/issues/3300)
2. Set the default placeholder color to the user's configured gray 400 color.
*/

input::-moz-placeholder, textarea::-moz-placeholder {
  opacity: 1; /* 1 */
  color: #9ca3af; /* 2 */
}

input::placeholder,
textarea::placeholder {
  opacity: 1; /* 1 */
  color: #9ca3af; /* 2 */
}

/*
Set the default cursor for buttons.
*/

button,
[role="button"] {
  cursor: pointer;
}

/*
Make sure disabled buttons don't get the pointer cursor.
*/
:disabled {
  cursor: default;
}

/*
1. Make replaced elements `display: block` by default. (https://github.com/mozdevs/cssremedy/issues/14)
2. Add `vertical-align: middle` to align replaced elements more sensibly by default. (https://github.com/jensimmons/cssremedy/issues/14#issuecomment-634934210)
   This can trigger a poorly considered lint error in some tools but is included by design.
*/

img,
svg,
video,
canvas,
audio,
iframe,
embed,
object {
  display: block; /* 1 */
  vertical-align: middle; /* 2 */
}

/*
Constrain images and videos to the parent width and preserve their intrinsic aspect ratio. (https://github.com/mozdevs/cssremedy/issues/14)
*/

img,
video {
  max-width: 100%;
  height: auto;
}

/* Make elements with the HTML hidden attribute stay hidden by default */
[hidden]:where(:not([hidden="until-found"])) {
  display: none;
}

:root,
[data-theme] {
  background-color: var(--fallback-b1,oklch(var(--b1)/1));
  color: var(--fallback-bc,oklch(var(--bc)/1));
}

@supports not (color: oklch(0% 0 0)) {

  :root {
    color-scheme: light;
    --fallback-p: #491eff;
    --fallback-pc: #d4dbff;
    --fallback-s: #ff41c7;
    --fallback-sc: #fff9fc;
    --fallback-a: #00cfbd;
    --fallback-ac: #00100d;
    --fallback-n: #2b3440;
    --fallback-nc: #d7dde4;
    --fallback-b1: #ffffff;
    --fallback-b2: #e5e6e6;
    --fallback-b3: #e5e6e6;
    --fallback-bc: #1f2937;
    --fallback-in: #00b3f0;
    --fallback-inc: #000000;
    --fallback-su: #00ca92;
    --fallback-suc: #000000;
    --fallback-wa: #ffc22d;
    --fallback-wac: #000000;
    --fallback-er: #ff6f70;
    --fallback-erc: #000000;
  }

  @media (prefers-color-scheme: dark) {

    :root {
      color-scheme: dark;
      --fallback-p: #7582ff;
      --fallback-pc: #050617;
      --fallback-s: #ff71cf;
      --fallback-sc: #190211;
      --fallback-a: #00c7b5;
      --fallback-ac: #000e0c;
      --fallback-n: #2a323c;
      --fallback-nc: #a6adbb;
      --fallback-b1: #1d232a;
      --fallback-b2: #191e24;
      --fallback-b3: #15191e;
      --fallback-bc: #a6adbb;
      --fallback-in: #00b3f0;
      --fallback-inc: #000000;
      --fallback-su: #00ca92;
      --fallback-suc: #000000;
      --fallback-wa: #ffc22d;
      --fallback-wac: #000000;
      --fallback-er: #ff6f70;
      --fallback-erc: #000000;
    }
  }
}

html {
  -webkit-tap-highlight-color: transparent;
}

* {
  scrollbar-color: color-mix(in oklch, currentColor 35%, transparent) transparent;
}

*:hover {
  scrollbar-color: color-mix(in oklch, currentColor 60%, transparent) transparent;
}

:root {
  color-scheme: light;
  --pc: 91.372% 0.051 257.57;
  --sc: 88.5103% 0.03222 282.339433;
  --ac: 11.988% 0.038303 335.171434;
  --nc: 83.9233% 0.012704 257.651965;
  --inc: 17.6255% 0.017178 214.515264;
  --suc: 16.0988% 0.015404 197.823719;
  --wac: 17.8345% 0.009167 71.47031;
  --erc: 14.6185% 0.022037 20.076293;
  --rounded-box: 1rem;
  --rounded-btn: 0.5rem;
  --rounded-badge: 1.9rem;
  --animation-btn: 0.25s;
  --animation-input: .2s;
  --btn-focus-scale: 0.95;
  --border-btn: 1px;
  --tab-border: 1px;
  --tab-radius: 0.5rem;
  --p: 56.86% 0.255 257.57;
  --s: 42.5516% 0.161098 282.339433;
  --a: 59.9398% 0.191515 335.171434;
  --n: 19.6166% 0.063518 257.651965;
  --b1: 100% 0 0;
  --b2: 97.4663% 0.011947 259.822565;
  --b3: 93.2686% 0.016223 262.751375;
  --bc: 41.8869% 0.053885 255.824911;
  --in: 88.1275% 0.085888 214.515264;
  --su: 80.4941% 0.077019 197.823719;
  --wa: 89.1725% 0.045833 71.47031;
  --er: 73.0926% 0.110185 20.076293;
}

@media (prefers-color-scheme: dark) {

  :root {
    color-scheme: dark;
    --pc: 17.2267% 0.028331 139.549991;
    --sc: 14.6752% 0.033181 35.353059;
    --ac: 14.8459% 0.026728 311.37924;
    --inc: 17.2157% 0.028409 206.182959;
    --suc: 17.2343% 0.028437 166.534048;
    --wac: 17.2327% 0.028447 94.818679;
    --erc: 16.4838% 0.019914 33.756357;
    --rounded-box: 1rem;
    --rounded-btn: 0.5rem;
    --rounded-badge: 1.9rem;
    --animation-btn: 0.25s;
    --animation-input: .2s;
    --btn-focus-scale: 0.95;
    --border-btn: 1px;
    --tab-border: 1px;
    --tab-radius: 0.5rem;
    --p: 86.1335% 0.141656 139.549991;
    --s: 73.3759% 0.165904 35.353059;
    --a: 74.2296% 0.133641 311.37924;
    --n: 24.7311% 0.020483 264.094728;
    --nc: 82.9011% 0.031335 222.959324;
    --b1: 30.8577% 0.023243 264.149498;
    --b2: 28.0368% 0.01983 264.182074;
    --b3: 26.3469% 0.018403 262.177739;
    --bc: 82.9011% 0.031335 222.959324;
    --in: 86.0785% 0.142046 206.182959;
    --su: 86.1717% 0.142187 166.534048;
    --wa: 86.1634% 0.142236 94.818679;
    --er: 82.4189% 0.09957 33.756357;
  }
}

[data-theme=winter] {
  color-scheme: light;
  --pc: 91.372% 0.051 257.57;
  --sc: 88.5103% 0.03222 282.339433;
  --ac: 11.988% 0.038303 335.171434;
  --nc: 83.9233% 0.012704 257.651965;
  --inc: 17.6255% 0.017178 214.515264;
  --suc: 16.0988% 0.015404 197.823719;
  --wac: 17.8345% 0.009167 71.47031;
  --erc: 14.6185% 0.022037 20.076293;
  --rounded-box: 1rem;
  --rounded-btn: 0.5rem;
  --rounded-badge: 1.9rem;
  --animation-btn: 0.25s;
  --animation-input: .2s;
  --btn-focus-scale: 0.95;
  --border-btn: 1px;
  --tab-border: 1px;
  --tab-radius: 0.5rem;
  --p: 56.86% 0.255 257.57;
  --s: 42.5516% 0.161098 282.339433;
  --a: 59.9398% 0.191515 335.171434;
  --n: 19.6166% 0.063518 257.651965;
  --b1: 100% 0 0;
  --b2: 97.4663% 0.011947 259.822565;
  --b3: 93.2686% 0.016223 262.751375;
  --bc: 41.8869% 0.053885 255.824911;
  --in: 88.1275% 0.085888 214.515264;
  --su: 80.4941% 0.077019 197.823719;
  --wa: 89.1725% 0.045833 71.47031;
  --er: 73.0926% 0.110185 20.076293;
}

[data-theme=dim] {
  color-scheme: dark;
  --pc: 17.2267% 0.028331 139.549991;
  --sc: 14.6752% 0.033181 35.353059;
  --ac: 14.8459% 0.026728 311.37924;
  --inc: 17.2157% 0.028409 206.182959;
  --suc: 17.2343% 0.028437 166.534048;
  --wac: 17.2327% 0.028447 94.818679;
  --erc: 16.4838% 0.019914 33.756357;
  --rounded-box: 1rem;
  --rounded-btn: 0.5rem;
  --rounded-badge: 1.9rem;
  --animation-btn: 0.25s;
  --animation-input: .2s;
  --btn-focus-scale: 0.95;
  --border-btn: 1px;
  --tab-border: 1px;
  --tab-radius: 0.5rem;
  --p: 86.1335% 0.141656 139.549991;
  --s: 73.3759% 0.165904 35.353059;
  --a: 74.2296% 0.133641 311.37924;
  --n: 24.7311% 0.020483 264.094728;
  --nc: 82.9011% 0.031335 222.959324;
  --b1: 30.8577% 0.023243 264.149498;
  --b2: 28.0368% 0.01983 264.182074;
  --b3: 26.3469% 0.018403 262.177739;
  --bc: 82.9011% 0.031335 222.959324;
  --in: 86.0785% 0.142046 206.182959;
  --su: 86.1717% 0.142187 166.534048;
  --wa: 86.1634% 0.142236 94.818679;
  --er: 82.4189% 0.09957 33.756357;
}
.container {
  width: 100%;
}
@media (min-width: 640px) {

  .container {
    max-width: 640px;
  }
}
@media (min-width: 768px) {

  .container {
    max-width: 768px;
  }
}
@media (min-width: 1024px) {

  .container {
    max-width: 1024px;
  }
}
@media (min-width: 1280px) {

  .container {
    max-width: 1280px;
  }
}
@media (min-width: 1536px) {

  .container {
    max-width: 1536px;
  }
}
.prose {
  color: var(--tw-prose-body);
  max-width: 65ch;
}
.prose :where(p):not(:where([class~="not-prose"],[class~="not-prose"] *)) {
  margin-top: 1.25em;
  margin-bottom: 1.25em;
}
.prose :where([class~="lead"]):not(:where([class~="not-prose"],[class~="not-prose"] *)) {
  color: var(--tw-prose-lead);
  font-size: 1.25em;
  line-height: 1.6;
  margin-top: 1.2em;
  margin-bottom: 1.2em;
}
.prose :where(a):not(:where([class~="not-prose"],[class~="not-prose"] *)) {
  color: var(--tw-prose-links);
  text-decoration: underline;
  font-weight: 500;
}
.prose :where(strong):not(:where([class~="not-prose"],[class~="not-prose"] *)) {
  color: var(--tw-prose-bold);
  font-weight: 600;
}
.prose :where(a strong):not(:where([class~="not-prose"],[class~="not-prose"] *)) {
  color: inherit;
}
.prose :where(blockquote strong):not(:where([class~="not-prose"],[class~="not-prose"] *)) {
  color: inherit;
}
.prose :where(thead th strong):not(:where([class~="not-prose"],[class~="not-prose"] *)) {
  color: inherit;
}
.prose :where(ol):not(:where([class~="not-prose"],[class~="not-prose"] *)) {
  list-style-type: decimal;
  margin-top: 1.25em;
  margin-bottom: 1.25em;
  padding-inline-start: 1.625em;
}
.prose :where(ol[type="A"]):not(:where([class~="not-prose"],[class~="not-prose"] *)) {
  list-style-type: upper-alpha;
}
.prose :where(ol[type="a"]):not(:where([class~="not-prose"],[class~="not-prose"] *)) {
  list-style-type: lower-alpha;
}
.prose :where(ol[type="A" s]):not(:where([class~="not-prose"],[class~="not-prose"] *)) {
  list-style-type: upper-alpha;
}
.prose :where(ol[type="a" s]):not(:where([class~="not-prose"],[class~="not-prose"] *)) {
  list-style-type: lower-alpha;
}
.prose :where(ol[type="I"]):not(:where([class~="not-prose"],[class~="not-prose"] *)) {
  list-style-type: upper-roman;
}
.prose :where(ol[type="i"]):not(:where([class~="not-prose"],[class~="not-prose"] *)) {
  list-style-type: lower-roman;
}
.prose :where(ol[type="I" s]):not(:where([class~="not-prose"],[class~="not-prose"] *)) {
  list-style-type: upper-roman;
}
.prose :where(ol[type="i" s]):not(:where([class~="not-prose"],[class~="not-prose"] *)) {
  list-style-type: lower-roman;
}
.prose :where(ol[type="1"]):not(:where([class~="not-prose"],[class~="not-prose"] *)) {
  list-style-type: decimal;
}
.prose :where(ul):not(:where([class~="not-prose"],[class~="not-prose"] *)) {
  list-style-type: disc;
  margin-top: 1.25em;
  margin-bottom: 1.25em;
  padding-inline-start: 1.625em;
}
.prose :where(ol &gt; li):not(:where([class~="not-prose"],[class~="not-prose"] *))::marker {
  font-weight: 400;
  color: var(--tw-prose-counters);
}
.prose :where(ul &gt; li):not(:where([class~="not-prose"],[class~="not-prose"] *))::marker {
  color: var(--tw-prose-bullets);
}
.prose :where(dt):not(:where([class~="not-prose"],[class~="not-prose"] *)) {
  color: var(--tw-prose-headings);
  font-weight: 600;
  margin-top: 1.25em;
}
.prose :where(hr):not(:where([class~="not-prose"],[class~="not-prose"] *)) {
  border-color: var(--tw-prose-hr);
  border-top-width: 1px;
  margin-top: 3em;
  margin-bottom: 3em;
}
.prose :where(blockquote):not(:where([class~="not-prose"],[class~="not-prose"] *)) {
  font-weight: 500;
  font-style: italic;
  color: var(--tw-prose-quotes);
  border-inline-start-width: 0.25rem;
  border-inline-start-color: var(--tw-prose-quote-borders);
  quotes: "\201C""\201D""\2018""\2019";
  margin-top: 1.6em;
  margin-bottom: 1.6em;
  padding-inline-start: 1em;
}
.prose :where(blockquote p:first-of-type):not(:where([class~="not-prose"],[class~="not-prose"] *))::before {
  content: open-quote;
}
.prose :where(blockquote p:last-of-type):not(:where([class~="not-prose"],[class~="not-prose"] *))::after {
  content: close-quote;
}
.prose :where(h1):not(:where([class~="not-prose"],[class~="not-prose"] *)) {
  color: var(--tw-prose-headings);
  font-weight: 800;
  font-size: 2.25em;
  margin-top: 0;
  margin-bottom: 0.8888889em;
  line-height: 1.1111111;
}
.prose :where(h1 strong):not(:where([class~="not-prose"],[class~="not-prose"] *)) {
  font-weight: 900;
  color: inherit;
}
.prose :where(h2):not(:where([class~="not-prose"],[class~="not-prose"] *)) {
  color: var(--tw-prose-headings);
  font-weight: 700;
  font-size: 1.5em;
  margin-top: 2em;
  margin-bottom: 1em;
  line-height: 1.3333333;
}
.prose :where(h2 strong):not(:where([class~="not-prose"],[class~="not-prose"] *)) {
  font-weight: 800;
  color: inherit;
}
.prose :where(h3):not(:where([class~="not-prose"],[class~="not-prose"] *)) {
  color: var(--tw-prose-headings);
  font-weight: 600;
  font-size: 1.25em;
  margin-top: 1.6em;
  margin-bottom: 0.6em;
  line-height: 1.6;
}
.prose :where(h3 strong):not(:where([class~="not-prose"],[class~="not-prose"] *)) {
  font-weight: 700;
  color: inherit;
}
.prose :where(h4):not(:where([class~="not-prose"],[class~="not-prose"] *)) {
  color: var(--tw-prose-headings);
  font-weight: 600;
  margin-top: 1.5em;
  margin-bottom: 0.5em;
  line-height: 1.5;
}
.prose :where(h4 strong):not(:where([class~="not-prose"],[class~="not-prose"] *)) {
  font-weight: 700;
  color: inherit;
}
.prose :where(img):not(:where([class~="not-prose"],[class~="not-prose"] *)) {
  margin-top: 2em;
  margin-bottom: 2em;
}
.prose :where(picture):not(:where([class~="not-prose"],[class~="not-prose"] *)) {
  display: block;
  margin-top: 2em;
  margin-bottom: 2em;
}
.prose :where(video):not(:where([class~="not-prose"],[class~="not-prose"] *)) {
  margin-top: 2em;
  margin-bottom: 2em;
}
.prose :where(kbd):not(:where([class~="not-prose"],[class~="not-prose"] *)) {
  font-weight: 500;
  font-family: inherit;
  color: var(--tw-prose-kbd);
  box-shadow: 0 0 0 1px rgb(var(--tw-prose-kbd-shadows) / 10%), 0 3px 0 rgb(var(--tw-prose-kbd-shadows) / 10%);
  font-size: 0.875em;
  border-radius: 0.3125rem;
  padding-top: 0.1875em;
  padding-inline-end: 0.375em;
  padding-bottom: 0.1875em;
  padding-inline-start: 0.375em;
}
.prose :where(code):not(:where([class~="not-prose"],[class~="not-prose"] *)) {
  color: var(--tw-prose-code);
  font-weight: 600;
  font-size: 0.875em;
}
.prose :where(code):not(:where([class~="not-prose"],[class~="not-prose"] *))::before {
  content: "`";
}
.prose :where(code):not(:where([class~="not-prose"],[class~="not-prose"] *))::after {
  content: "`";
}
.prose :where(a code):not(:where([class~="not-prose"],[class~="not-prose"] *)) {
  color: inherit;
}
.prose :where(h1 code):not(:where([class~="not-prose"],[class~="not-prose"] *)) {
  color: inherit;
}
.prose :where(h2 code):not(:where([class~="not-prose"],[class~="not-prose"] *)) {
  color: inherit;
  font-size: 0.875em;
}
.prose :where(h3 code):not(:where([class~="not-prose"],[class~="not-prose"] *)) {
  color: inherit;
  font-size: 0.9em;
}
.prose :where(h4 code):not(:where([class~="not-prose"],[class~="not-prose"] *)) {
  color: inherit;
}
.prose :where(blockquote code):not(:where([class~="not-prose"],[class~="not-prose"] *)) {
  color: inherit;
}
.prose :where(thead th code):not(:where([class~="not-prose"],[class~="not-prose"] *)) {
  color: inherit;
}
.prose :where(pre):not(:where([class~="not-prose"],[class~="not-prose"] *)) {
  color: var(--tw-prose-pre-code);
  background-color: var(--tw-prose-pre-bg);
  overflow-x: auto;
  font-weight: 400;
  font-size: 0.875em;
  line-height: 1.7142857;
  margin-top: 1.7142857em;
  margin-bottom: 1.7142857em;
  border-radius: 0.375rem;
  padding-top: 0.8571429em;
  padding-inline-end: 1.1428571em;
  padding-bottom: 0.8571429em;
  padding-inline-start: 1.1428571em;
}
.prose :where(pre code):not(:where([class~="not-prose"],[class~="not-prose"] *)) {
  background-color: transparent;
  border-width: 0;
  border-radius: 0;
  padding: 0;
  font-weight: inherit;
  color: inherit;
  font-size: inherit;
  font-family: inherit;
  line-height: inherit;
}
.prose :where(pre code):not(:where([class~="not-prose"],[class~="not-prose"] *))::before {
  content: none;
}
.prose :where(pre code):not(:where([class~="not-prose"],[class~="not-prose"] *))::after {
  content: none;
}
.prose :where(table):not(:where([class~="not-prose"],[class~="not-prose"] *)) {
  width: 100%;
  table-layout: auto;
  margin-top: 2em;
  margin-bottom: 2em;
  font-size: 0.875em;
  line-height: 1.7142857;
}
.prose :where(thead):not(:where([class~="not-prose"],[class~="not-prose"] *)) {
  border-bottom-width: 1px;
  border-bottom-color: var(--tw-prose-th-borders);
}
.prose :where(thead th):not(:where([class~="not-prose"],[class~="not-prose"] *)) {
  color: var(--tw-prose-headings);
  font-weight: 600;
  vertical-align: bottom;
  padding-inline-end: 0.5714286em;
  padding-bottom: 0.5714286em;
  padding-inline-start: 0.5714286em;
}
.prose :where(tbody tr):not(:where([class~="not-prose"],[class~="not-prose"] *)) {
  border-bottom-width: 1px;
  border-bottom-color: var(--tw-prose-td-borders);
}
.prose :where(tbody tr:last-child):not(:where([class~="not-prose"],[class~="not-prose"] *)) {
  border-bottom-width: 0;
}
.prose :where(tbody td):not(:where([class~="not-prose"],[class~="not-prose"] *)) {
  vertical-align: baseline;
}
.prose :where(tfoot):not(:where([class~="not-prose"],[class~="not-prose"] *)) {
  border-top-width: 1px;
  border-top-color: var(--tw-prose-th-borders);
}
.prose :where(tfoot td):not(:where([class~="not-prose"],[class~="not-prose"] *)) {
  vertical-align: top;
}
.prose :where(th, td):not(:where([class~="not-prose"],[class~="not-prose"] *)) {
  text-align: start;
}
.prose :where(figure &gt; *):not(:where([class~="not-prose"],[class~="not-prose"] *)) {
  margin-top: 0;
  margin-bottom: 0;
}
.prose :where(figcaption):not(:where([class~="not-prose"],[class~="not-prose"] *)) {
  color: var(--tw-prose-captions);
  font-size: 0.875em;
  line-height: 1.4285714;
  margin-top: 0.8571429em;
}
.prose {
  --tw-prose-body: #374151;
  --tw-prose-headings: #111827;
  --tw-prose-lead: #4b5563;
  --tw-prose-links: #111827;
  --tw-prose-bold: #111827;
  --tw-prose-counters: #6b7280;
  --tw-prose-bullets: #d1d5db;
  --tw-prose-hr: #e5e7eb;
  --tw-prose-quotes: #111827;
  --tw-prose-quote-borders: #e5e7eb;
  --tw-prose-captions: #6b7280;
  --tw-prose-kbd: #111827;
  --tw-prose-kbd-shadows: 17 24 39;
  --tw-prose-code: #111827;
  --tw-prose-pre-code: #e5e7eb;
  --tw-prose-pre-bg: #1f2937;
  --tw-prose-th-borders: #d1d5db;
  --tw-prose-td-borders: #e5e7eb;
  --tw-prose-invert-body: #d1d5db;
  --tw-prose-invert-headings: #fff;
  --tw-prose-invert-lead: #9ca3af;
  --tw-prose-invert-links: #fff;
  --tw-prose-invert-bold: #fff;
  --tw-prose-invert-counters: #9ca3af;
  --tw-prose-invert-bullets: #4b5563;
  --tw-prose-invert-hr: #374151;
  --tw-prose-invert-quotes: #f3f4f6;
  --tw-prose-invert-quote-borders: #374151;
  --tw-prose-invert-captions: #9ca3af;
  --tw-prose-invert-kbd: #fff;
  --tw-prose-invert-kbd-shadows: 255 255 255;
  --tw-prose-invert-code: #fff;
  --tw-prose-invert-pre-code: #d1d5db;
  --tw-prose-invert-pre-bg: rgb(0 0 0 / 50%);
  --tw-prose-invert-th-borders: #4b5563;
  --tw-prose-invert-td-borders: #374151;
  font-size: 1rem;
  line-height: 1.75;
}
.prose :where(picture &gt; img):not(:where([class~="not-prose"],[class~="not-prose"] *)) {
  margin-top: 0;
  margin-bottom: 0;
}
.prose :where(li):not(:where([class~="not-prose"],[class~="not-prose"] *)) {
  margin-top: 0.5em;
  margin-bottom: 0.5em;
}
.prose :where(ol &gt; li):not(:where([class~="not-prose"],[class~="not-prose"] *)) {
  padding-inline-start: 0.375em;
}
.prose :where(ul &gt; li):not(:where([class~="not-prose"],[class~="not-prose"] *)) {
  padding-inline-start: 0.375em;
}
.prose :where(.prose &gt; ul &gt; li p):not(:where([class~="not-prose"],[class~="not-prose"] *)) {
  margin-top: 0.75em;
  margin-bottom: 0.75em;
}
.prose :where(.prose &gt; ul &gt; li &gt; p:first-child):not(:where([class~="not-prose"],[class~="not-prose"] *)) {
  margin-top: 1.25em;
}
.prose :where(.prose &gt; ul &gt; li &gt; p:last-child):not(:where([class~="not-prose"],[class~="not-prose"] *)) {
  margin-bottom: 1.25em;
}
.prose :where(.prose &gt; ol &gt; li &gt; p:first-child):not(:where([class~="not-prose"],[class~="not-prose"] *)) {
  margin-top: 1.25em;
}
.prose :where(.prose &gt; ol &gt; li &gt; p:last-child):not(:where([class~="not-prose"],[class~="not-prose"] *)) {
  margin-bottom: 1.25em;
}
.prose :where(ul ul, ul ol, ol ul, ol ol):not(:where([class~="not-prose"],[class~="not-prose"] *)) {
  margin-top: 0.75em;
  margin-bottom: 0.75em;
}
.prose :where(dl):not(:where([class~="not-prose"],[class~="not-prose"] *)) {
  margin-top: 1.25em;
  margin-bottom: 1.25em;
}
.prose :where(dd):not(:where([class~="not-prose"],[class~="not-prose"] *)) {
  margin-top: 0.5em;
  padding-inline-start: 1.625em;
}
.prose :where(hr + *):not(:where([class~="not-prose"],[class~="not-prose"] *)) {
  margin-top: 0;
}
.prose :where(h2 + *):not(:where([class~="not-prose"],[class~="not-prose"] *)) {
  margin-top: 0;
}
.prose :where(h3 + *):not(:where([class~="not-prose"],[class~="not-prose"] *)) {
  margin-top: 0;
}
.prose :where(h4 + *):not(:where([class~="not-prose"],[class~="not-prose"] *)) {
  margin-top: 0;
}
.prose :where(thead th:first-child):not(:where([class~="not-prose"],[class~="not-prose"] *)) {
  padding-inline-start: 0;
}
.prose :where(thead th:last-child):not(:where([class~="not-prose"],[class~="not-prose"] *)) {
  padding-inline-end: 0;
}
.prose :where(tbody td, tfoot td):not(:where([class~="not-prose"],[class~="not-prose"] *)) {
  padding-top: 0.5714286em;
  padding-inline-end: 0.5714286em;
  padding-bottom: 0.5714286em;
  padding-inline-start: 0.5714286em;
}
.prose :where(tbody td:first-child, tfoot td:first-child):not(:where([class~="not-prose"],[class~="not-prose"] *)) {
  padding-inline-start: 0;
}
.prose :where(tbody td:last-child, tfoot td:last-child):not(:where([class~="not-prose"],[class~="not-prose"] *)) {
  padding-inline-end: 0;
}
.prose :where(figure):not(:where([class~="not-prose"],[class~="not-prose"] *)) {
  margin-top: 2em;
  margin-bottom: 2em;
}
.prose :where(.prose &gt; :first-child):not(:where([class~="not-prose"],[class~="not-prose"] *)) {
  margin-top: 0;
}
.prose :where(.prose &gt; :last-child):not(:where([class~="not-prose"],[class~="not-prose"] *)) {
  margin-bottom: 0;
}
.avatar.placeholder &gt; div {
  display: flex;
  align-items: center;
  justify-content: center;
}
@media (hover:hover) {

  .label a:hover {
    --tw-text-opacity: 1;
    color: var(--fallback-bc,oklch(var(--bc)/var(--tw-text-opacity)));
  }

  .menu li &gt; *:not(ul, .menu-title, details, .btn):active,
.menu li &gt; *:not(ul, .menu-title, details, .btn).active,
.menu li &gt; details &gt; summary:active {
    --tw-bg-opacity: 1;
    background-color: var(--fallback-n,oklch(var(--n)/var(--tw-bg-opacity)));
    --tw-text-opacity: 1;
    color: var(--fallback-nc,oklch(var(--nc)/var(--tw-text-opacity)));
  }
}
.btn {
  display: inline-flex;
  height: 3rem;
  min-height: 3rem;
  flex-shrink: 0;
  cursor: pointer;
  -webkit-user-select: none;
     -moz-user-select: none;
          user-select: none;
  flex-wrap: wrap;
  align-items: center;
  justify-content: center;
  border-radius: var(--rounded-btn, 0.5rem);
  border-color: transparent;
  border-color: oklch(var(--btn-color, var(--b2)) / var(--tw-border-opacity));
  padding-left: 1rem;
  padding-right: 1rem;
  text-align: center;
  font-size: 0.875rem;
  line-height: 1em;
  gap: 0.5rem;
  font-weight: 600;
  text-decoration-line: none;
  transition-duration: 200ms;
  transition-timing-function: cubic-bezier(0, 0, 0.2, 1);
  border-width: var(--border-btn, 1px);
  transition-property: color, background-color, border-color, opacity, box-shadow, transform;
  --tw-text-opacity: 1;
  color: var(--fallback-bc,oklch(var(--bc)/var(--tw-text-opacity)));
  --tw-shadow: 0 1px 2px 0 rgb(0 0 0 / 0.05);
  --tw-shadow-colored: 0 1px 2px 0 var(--tw-shadow-color);
  box-shadow: var(--tw-ring-offset-shadow, 0 0 #0000), var(--tw-ring-shadow, 0 0 #0000), var(--tw-shadow);
  outline-color: var(--fallback-bc,oklch(var(--bc)/1));
  background-color: oklch(var(--btn-color, var(--b2)) / var(--tw-bg-opacity));
  --tw-bg-opacity: 1;
  --tw-border-opacity: 1;
}
.btn-disabled,
  .btn[disabled],
  .btn:disabled {
  pointer-events: none;
}
:where(.btn:is(input[type="checkbox"])),
:where(.btn:is(input[type="radio"])) {
  width: auto;
  -webkit-appearance: none;
     -moz-appearance: none;
          appearance: none;
}
.btn:is(input[type="checkbox"]):after,
.btn:is(input[type="radio"]):after {
  --tw-content: attr(aria-label);
  content: var(--tw-content);
}
.checkbox {
  flex-shrink: 0;
  --chkbg: var(--fallback-bc,oklch(var(--bc)/1));
  --chkfg: var(--fallback-b1,oklch(var(--b1)/1));
  height: 1.5rem;
  width: 1.5rem;
  cursor: pointer;
  -webkit-appearance: none;
     -moz-appearance: none;
          appearance: none;
  border-radius: var(--rounded-btn, 0.5rem);
  border-width: 1px;
  border-color: var(--fallback-bc,oklch(var(--bc)/var(--tw-border-opacity)));
  --tw-border-opacity: 0.2;
}
.divider {
  display: flex;
  flex-direction: row;
  align-items: center;
  align-self: stretch;
  margin-top: 1rem;
  margin-bottom: 1rem;
  height: 1rem;
  white-space: nowrap;
}
.divider:before,
  .divider:after {
  height: 0.125rem;
  width: 100%;
  flex-grow: 1;
  --tw-content: '';
  content: var(--tw-content);
  background-color: var(--fallback-bc,oklch(var(--bc)/0.1));
}
@media (hover: hover) {

  .btm-nav &gt; *.disabled:hover,
      .btm-nav &gt; *[disabled]:hover {
    pointer-events: none;
    --tw-border-opacity: 0;
    background-color: var(--fallback-n,oklch(var(--n)/var(--tw-bg-opacity)));
    --tw-bg-opacity: 0.1;
    color: var(--fallback-bc,oklch(var(--bc)/var(--tw-text-opacity)));
    --tw-text-opacity: 0.2;
  }

  .btn:hover {
    --tw-border-opacity: 1;
    border-color: var(--fallback-b3,oklch(var(--b3)/var(--tw-border-opacity)));
    --tw-bg-opacity: 1;
    background-color: var(--fallback-b3,oklch(var(--b3)/var(--tw-bg-opacity)));
  }

  @supports (color: color-mix(in oklab, black, black)) {

    .btn:hover {
      background-color: color-mix(
            in oklab,
            oklch(var(--btn-color, var(--b2)) / var(--tw-bg-opacity, 1)) 90%,
            black
          );
      border-color: color-mix(
            in oklab,
            oklch(var(--btn-color, var(--b2)) / var(--tw-border-opacity, 1)) 90%,
            black
          );
    }
  }

  @supports not (color: oklch(0% 0 0)) {

    .btn:hover {
      background-color: var(--btn-color, var(--fallback-b2));
      border-color: var(--btn-color, var(--fallback-b2));
    }
  }

  .btn.glass:hover {
    --glass-opacity: 25%;
    --glass-border-opacity: 15%;
  }

  .btn-disabled:hover,
    .btn[disabled]:hover,
    .btn:disabled:hover {
    --tw-border-opacity: 0;
    background-color: var(--fallback-n,oklch(var(--n)/var(--tw-bg-opacity)));
    --tw-bg-opacity: 0.2;
    color: var(--fallback-bc,oklch(var(--bc)/var(--tw-text-opacity)));
    --tw-text-opacity: 0.2;
  }

  @supports (color: color-mix(in oklab, black, black)) {

    .btn:is(input[type="checkbox"]:checked):hover, .btn:is(input[type="radio"]:checked):hover {
      background-color: color-mix(in oklab, var(--fallback-p,oklch(var(--p)/1)) 90%, black);
      border-color: color-mix(in oklab, var(--fallback-p,oklch(var(--p)/1)) 90%, black);
    }
  }
}
.footer {
  display: grid;
  width: 100%;
  grid-auto-flow: row;
  place-items: start;
  -moz-column-gap: 1rem;
       column-gap: 1rem;
  row-gap: 2.5rem;
  font-size: 0.875rem;
  line-height: 1.25rem;
}
.footer &gt; * {
  display: grid;
  place-items: start;
  gap: 0.5rem;
}
@media (min-width: 48rem) {

  .footer {
    grid-auto-flow: column;
  }

  .footer-center {
    grid-auto-flow: row dense;
  }
}
.label {
  display: flex;
  -webkit-user-select: none;
     -moz-user-select: none;
          user-select: none;
  align-items: center;
  justify-content: space-between;
  padding-left: 0.25rem;
  padding-right: 0.25rem;
  padding-top: 0.5rem;
  padding-bottom: 0.5rem;
}
.input {
  flex-shrink: 1;
  -webkit-appearance: none;
     -moz-appearance: none;
          appearance: none;
  height: 3rem;
  padding-left: 1rem;
  padding-right: 1rem;
  font-size: 1rem;
  line-height: 2;
  line-height: 1.5rem;
  border-radius: var(--rounded-btn, 0.5rem);
  border-width: 1px;
  border-color: transparent;
  --tw-bg-opacity: 1;
  background-color: var(--fallback-b1,oklch(var(--b1)/var(--tw-bg-opacity)));
}
.input[type="number"]::-webkit-inner-spin-button,
.input-md[type="number"]::-webkit-inner-spin-button {
  margin-top: -1rem;
  margin-bottom: -1rem;
  margin-inline-end: -1rem;
}
.link {
  cursor: pointer;
  text-decoration-line: underline;
}
.menu li.disabled {
  cursor: not-allowed;
  -webkit-user-select: none;
     -moz-user-select: none;
          user-select: none;
  color: var(--fallback-bc,oklch(var(--bc)/0.3));
}
.modal {
  pointer-events: none;
  position: fixed;
  inset: 0px;
  margin: 0px;
  display: grid;
  height: 100%;
  max-height: none;
  width: 100%;
  max-width: none;
  justify-items: center;
  padding: 0px;
  opacity: 0;
  overscroll-behavior: contain;
  z-index: 999;
  background-color: transparent;
  color: inherit;
  transition-duration: 200ms;
  transition-timing-function: cubic-bezier(0, 0, 0.2, 1);
  transition-property: transform, opacity, visibility;
  overflow-y: hidden;
}
:where(.modal) {
  align-items: center;
}
.modal-box {
  max-height: calc(100vh - 5em);
  grid-column-start: 1;
  grid-row-start: 1;
  width: 91.666667%;
  max-width: 32rem;
  --tw-scale-x: .9;
  --tw-scale-y: .9;
  transform: translate(var(--tw-translate-x), var(--tw-translate-y)) rotate(var(--tw-rotate)) skewX(var(--tw-skew-x)) skewY(var(--tw-skew-y)) scaleX(var(--tw-scale-x)) scaleY(var(--tw-scale-y));
  border-bottom-right-radius: var(--rounded-box, 1rem);
  border-bottom-left-radius: var(--rounded-box, 1rem);
  border-top-left-radius: var(--rounded-box, 1rem);
  border-top-right-radius: var(--rounded-box, 1rem);
  --tw-bg-opacity: 1;
  background-color: var(--fallback-b1,oklch(var(--b1)/var(--tw-bg-opacity)));
  padding: 1.5rem;
  transition-property: color, background-color, border-color, text-decoration-color, fill, stroke, opacity, box-shadow, transform, filter, -webkit-backdrop-filter;
  transition-property: color, background-color, border-color, text-decoration-color, fill, stroke, opacity, box-shadow, transform, filter, backdrop-filter;
  transition-property: color, background-color, border-color, text-decoration-color, fill, stroke, opacity, box-shadow, transform, filter, backdrop-filter, -webkit-backdrop-filter;
  transition-timing-function: cubic-bezier(0.4, 0, 0.2, 1);
  transition-timing-function: cubic-bezier(0, 0, 0.2, 1);
  transition-duration: 200ms;
  box-shadow: rgba(0, 0, 0, 0.25) 0px 25px 50px -12px;
  overflow-y: auto;
  overscroll-behavior: contain;
}
.modal-open,
.modal:target,
.modal-toggle:checked + .modal,
.modal[open] {
  pointer-events: auto;
  visibility: visible;
  opacity: 1;
}
.modal-action {
  display: flex;
  margin-top: 1.5rem;
  justify-content: flex-end;
}
:root:has(:is(.modal-open, .modal:target, .modal-toggle:checked + .modal, .modal[open])) {
  overflow: hidden;
  scrollbar-gutter: stable;
}
.select {
  display: inline-flex;
  cursor: pointer;
  -webkit-user-select: none;
     -moz-user-select: none;
          user-select: none;
  -webkit-appearance: none;
     -moz-appearance: none;
          appearance: none;
  height: 3rem;
  min-height: 3rem;
  padding-inline-start: 1rem;
  padding-inline-end: 2.5rem;
  font-size: 0.875rem;
  line-height: 1.25rem;
  line-height: 2;
  border-radius: var(--rounded-btn, 0.5rem);
  border-width: 1px;
  border-color: transparent;
  --tw-bg-opacity: 1;
  background-color: var(--fallback-b1,oklch(var(--b1)/var(--tw-bg-opacity)));
  background-image: linear-gradient(45deg, transparent 50%, currentColor 50%),
    linear-gradient(135deg, currentColor 50%, transparent 50%);
  background-position: calc(100% - 20px) calc(1px + 50%),
    calc(100% - 16.1px) calc(1px + 50%);
  background-size: 4px 4px,
    4px 4px;
  background-repeat: no-repeat;
}
.select[multiple] {
  height: auto;
}
.textarea {
  min-height: 3rem;
  flex-shrink: 1;
  padding-left: 1rem;
  padding-right: 1rem;
  padding-top: 0.5rem;
  padding-bottom: 0.5rem;
  font-size: 0.875rem;
  line-height: 1.25rem;
  line-height: 2;
  border-radius: var(--rounded-btn, 0.5rem);
  border-width: 1px;
  border-color: transparent;
  --tw-bg-opacity: 1;
  background-color: var(--fallback-b1,oklch(var(--b1)/var(--tw-bg-opacity)));
}
.btm-nav &gt; *:where(.active) {
  border-top-width: 2px;
  --tw-bg-opacity: 1;
  background-color: var(--fallback-b1,oklch(var(--b1)/var(--tw-bg-opacity)));
}
.btm-nav &gt; *.disabled,
    .btm-nav &gt; *[disabled] {
  pointer-events: none;
  --tw-border-opacity: 0;
  background-color: var(--fallback-n,oklch(var(--n)/var(--tw-bg-opacity)));
  --tw-bg-opacity: 0.1;
  color: var(--fallback-bc,oklch(var(--bc)/var(--tw-text-opacity)));
  --tw-text-opacity: 0.2;
}
.btm-nav &gt; * .label {
  font-size: 1rem;
  line-height: 1.5rem;
}
@media (prefers-reduced-motion: no-preference) {

  .btn {
    animation: button-pop var(--animation-btn, 0.25s) ease-out;
  }
}
.btn:active:hover,
  .btn:active:focus {
  animation: button-pop 0s ease-out;
  transform: scale(var(--btn-focus-scale, 0.97));
}
@supports not (color: oklch(0% 0 0)) {

  .btn {
    background-color: var(--btn-color, var(--fallback-b2));
    border-color: var(--btn-color, var(--fallback-b2));
  }

  .prose :where(code):not(:where([class~="not-prose"] *, pre *)) {
    background-color: var(--fallback-b3,oklch(var(--b3)/1));
  }
}
.btn:focus-visible {
  outline-style: solid;
  outline-width: 2px;
  outline-offset: 2px;
}
.btn.glass {
  --tw-shadow: 0 0 #0000;
  --tw-shadow-colored: 0 0 #0000;
  box-shadow: var(--tw-ring-offset-shadow, 0 0 #0000), var(--tw-ring-shadow, 0 0 #0000), var(--tw-shadow);
  outline-color: currentColor;
}
.btn.glass.btn-active {
  --glass-opacity: 25%;
  --glass-border-opacity: 15%;
}
.btn.btn-disabled,
  .btn[disabled],
  .btn:disabled {
  --tw-border-opacity: 0;
  background-color: var(--fallback-n,oklch(var(--n)/var(--tw-bg-opacity)));
  --tw-bg-opacity: 0.2;
  color: var(--fallback-bc,oklch(var(--bc)/var(--tw-text-opacity)));
  --tw-text-opacity: 0.2;
}
.btn:is(input[type="checkbox"]:checked),
.btn:is(input[type="radio"]:checked) {
  --tw-border-opacity: 1;
  border-color: var(--fallback-p,oklch(var(--p)/var(--tw-border-opacity)));
  --tw-bg-opacity: 1;
  background-color: var(--fallback-p,oklch(var(--p)/var(--tw-bg-opacity)));
  --tw-text-opacity: 1;
  color: var(--fallback-pc,oklch(var(--pc)/var(--tw-text-opacity)));
}
.btn:is(input[type="checkbox"]:checked):focus-visible, .btn:is(input[type="radio"]:checked):focus-visible {
  outline-color: var(--fallback-p,oklch(var(--p)/1));
}
@keyframes button-pop {

  0% {
    transform: scale(var(--btn-focus-scale, 0.98));
  }

  40% {
    transform: scale(1.02);
  }

  100% {
    transform: scale(1);
  }
}
.checkbox:focus {
  box-shadow: none;
}
.checkbox:focus-visible {
  outline-style: solid;
  outline-width: 2px;
  outline-offset: 2px;
  outline-color: var(--fallback-bc,oklch(var(--bc)/1));
}
.checkbox:disabled {
  border-width: 0px;
  cursor: not-allowed;
  border-color: transparent;
  --tw-bg-opacity: 1;
  background-color: var(--fallback-bc,oklch(var(--bc)/var(--tw-bg-opacity)));
  opacity: 0.2;
}
.checkbox:checked,
  .checkbox[aria-checked="true"] {
  background-repeat: no-repeat;
  animation: checkmark var(--animation-input, 0.2s) ease-out;
  background-color: var(--chkbg);
  background-image: linear-gradient(-45deg, transparent 65%, var(--chkbg) 65.99%),
      linear-gradient(45deg, transparent 75%, var(--chkbg) 75.99%),
      linear-gradient(-45deg, var(--chkbg) 40%, transparent 40.99%),
      linear-gradient(
        45deg,
        var(--chkbg) 30%,
        var(--chkfg) 30.99%,
        var(--chkfg) 40%,
        transparent 40.99%
      ),
      linear-gradient(-45deg, var(--chkfg) 50%, var(--chkbg) 50.99%);
}
.checkbox:indeterminate {
  --tw-bg-opacity: 1;
  background-color: var(--fallback-bc,oklch(var(--bc)/var(--tw-bg-opacity)));
  background-repeat: no-repeat;
  animation: checkmark var(--animation-input, 0.2s) ease-out;
  background-image: linear-gradient(90deg, transparent 80%, var(--chkbg) 80%),
      linear-gradient(-90deg, transparent 80%, var(--chkbg) 80%),
      linear-gradient(0deg, var(--chkbg) 43%, var(--chkfg) 43%, var(--chkfg) 57%, var(--chkbg) 57%);
}
@keyframes checkmark {

  0% {
    background-position-y: 5px;
  }

  50% {
    background-position-y: -2px;
  }

  100% {
    background-position-y: 0;
  }
}
.divider:not(:empty) {
  gap: 1rem;
}
.input input {
  --tw-bg-opacity: 1;
  background-color: var(--fallback-p,oklch(var(--p)/var(--tw-bg-opacity)));
  background-color: transparent;
}
.input input:focus {
  outline: 2px solid transparent;
  outline-offset: 2px;
}
.input[list]::-webkit-calendar-picker-indicator {
  line-height: 1em;
}
.input:focus,
  .input:focus-within {
  box-shadow: none;
  border-color: var(--fallback-bc,oklch(var(--bc)/0.2));
  outline-style: solid;
  outline-width: 2px;
  outline-offset: 2px;
  outline-color: var(--fallback-bc,oklch(var(--bc)/0.2));
}
.input:has(&gt; input[disabled]),
  .input-disabled,
  .input:disabled,
  .input[disabled] {
  cursor: not-allowed;
  --tw-border-opacity: 1;
  border-color: var(--fallback-b2,oklch(var(--b2)/var(--tw-border-opacity)));
  --tw-bg-opacity: 1;
  background-color: var(--fallback-b2,oklch(var(--b2)/var(--tw-bg-opacity)));
  color: var(--fallback-bc,oklch(var(--bc)/0.4));
}
.input:has(&gt; input[disabled])::-moz-placeholder, .input-disabled::-moz-placeholder, .input:disabled::-moz-placeholder, .input[disabled]::-moz-placeholder {
  color: var(--fallback-bc,oklch(var(--bc)/var(--tw-placeholder-opacity)));
  --tw-placeholder-opacity: 0.2;
}
.input:has(&gt; input[disabled])::placeholder,
  .input-disabled::placeholder,
  .input:disabled::placeholder,
  .input[disabled]::placeholder {
  color: var(--fallback-bc,oklch(var(--bc)/var(--tw-placeholder-opacity)));
  --tw-placeholder-opacity: 0.2;
}
.input:has(&gt; input[disabled]) &gt; input[disabled] {
  cursor: not-allowed;
}
.input::-webkit-date-and-time-value {
  text-align: inherit;
}
.join &gt; :where(*:not(:first-child)):is(.btn) {
  margin-inline-start: calc(var(--border-btn) * -1);
}
.link:focus {
  outline: 2px solid transparent;
  outline-offset: 2px;
}
.link:focus-visible {
  outline: 2px solid currentColor;
  outline-offset: 2px;
}
.loading {
  pointer-events: none;
  display: inline-block;
  aspect-ratio: 1 / 1;
  width: 1.5rem;
  background-color: currentColor;
  -webkit-mask-size: 100%;
          mask-size: 100%;
  -webkit-mask-repeat: no-repeat;
          mask-repeat: no-repeat;
  -webkit-mask-position: center;
          mask-position: center;
  -webkit-mask-image: url("data:image/svg+xml,%3Csvg width='24' height='24' stroke='black' viewBox='0 0 24 24' xmlns='http://www.w3.org/2000/svg'%3E%3Cg transform-origin='center'%3E%3Ccircle cx='12' cy='12' r='9.5' fill='none' stroke-width='3' stroke-linecap='round'%3E%3CanimateTransform attributeName='transform' type='rotate' from='0 12 12' to='360 12 12' dur='2s' repeatCount='indefinite'/%3E%3Canimate attributeName='stroke-dasharray' values='0,150;42,150;42,150' keyTimes='0;0.475;1' dur='1.5s' repeatCount='indefinite'/%3E%3Canimate attributeName='stroke-dashoffset' values='0;-16;-59' keyTimes='0;0.475;1' dur='1.5s' repeatCount='indefinite'/%3E%3C/circle%3E%3C/g%3E%3C/svg%3E");
          mask-image: url("data:image/svg+xml,%3Csvg width='24' height='24' stroke='black' viewBox='0 0 24 24' xmlns='http://www.w3.org/2000/svg'%3E%3Cg transform-origin='center'%3E%3Ccircle cx='12' cy='12' r='9.5' fill='none' stroke-width='3' stroke-linecap='round'%3E%3CanimateTransform attributeName='transform' type='rotate' from='0 12 12' to='360 12 12' dur='2s' repeatCount='indefinite'/%3E%3Canimate attributeName='stroke-dasharray' values='0,150;42,150;42,150' keyTimes='0;0.475;1' dur='1.5s' repeatCount='indefinite'/%3E%3Canimate attributeName='stroke-dashoffset' values='0;-16;-59' keyTimes='0;0.475;1' dur='1.5s' repeatCount='indefinite'/%3E%3C/circle%3E%3C/g%3E%3C/svg%3E");
}
.menu li &gt; *:not(ul, .menu-title, details, .btn):active,
.menu li &gt; *:not(ul, .menu-title, details, .btn).active,
.menu li &gt; details &gt; summary:active {
  --tw-bg-opacity: 1;
  background-color: var(--fallback-n,oklch(var(--n)/var(--tw-bg-opacity)));
  --tw-text-opacity: 1;
  color: var(--fallback-nc,oklch(var(--nc)/var(--tw-text-opacity)));
}
.mockup-browser .mockup-browser-toolbar .input {
  position: relative;
  margin-left: auto;
  margin-right: auto;
  display: block;
  height: 1.75rem;
  width: 24rem;
  overflow: hidden;
  text-overflow: ellipsis;
  white-space: nowrap;
  --tw-bg-opacity: 1;
  background-color: var(--fallback-b2,oklch(var(--b2)/var(--tw-bg-opacity)));
  padding-left: 2rem;
  direction: ltr;
}
.mockup-browser .mockup-browser-toolbar .input:before {
  content: "";
  position: absolute;
  left: 0.5rem;
  top: 50%;
  aspect-ratio: 1 / 1;
  height: 0.75rem;
  --tw-translate-y: -50%;
  transform: translate(var(--tw-translate-x), var(--tw-translate-y)) rotate(var(--tw-rotate)) skewX(var(--tw-skew-x)) skewY(var(--tw-skew-y)) scaleX(var(--tw-scale-x)) scaleY(var(--tw-scale-y));
  border-radius: 9999px;
  border-width: 2px;
  border-color: currentColor;
  opacity: 0.6;
}
.mockup-browser .mockup-browser-toolbar .input:after {
  content: "";
  position: absolute;
  left: 1.25rem;
  top: 50%;
  height: 0.5rem;
  --tw-translate-y: 25%;
  --tw-rotate: -45deg;
  transform: translate(var(--tw-translate-x), var(--tw-translate-y)) rotate(var(--tw-rotate)) skewX(var(--tw-skew-x)) skewY(var(--tw-skew-y)) scaleX(var(--tw-scale-x)) scaleY(var(--tw-scale-y));
  border-radius: 9999px;
  border-width: 1px;
  border-color: currentColor;
  opacity: 0.6;
}
.modal:not(dialog:not(.modal-open)),
  .modal::backdrop {
  background-color: #0006;
  animation: modal-pop 0.2s ease-out;
}
.modal-open .modal-box,
.modal-toggle:checked + .modal .modal-box,
.modal:target .modal-box,
.modal[open] .modal-box {
  --tw-translate-y: 0px;
  --tw-scale-x: 1;
  --tw-scale-y: 1;
  transform: translate(var(--tw-translate-x), var(--tw-translate-y)) rotate(var(--tw-rotate)) skewX(var(--tw-skew-x)) skewY(var(--tw-skew-y)) scaleX(var(--tw-scale-x)) scaleY(var(--tw-scale-y));
}
.modal-action &gt; :not([hidden]) ~ :not([hidden]) {
  --tw-space-x-reverse: 0;
  margin-right: calc(0.5rem * var(--tw-space-x-reverse));
  margin-left: calc(0.5rem * calc(1 - var(--tw-space-x-reverse)));
}
.modal-action:where([dir="rtl"], [dir="rtl"] *) &gt; :not([hidden]) ~ :not([hidden]) {
  --tw-space-x-reverse: 1;
}
@keyframes modal-pop {

  0% {
    opacity: 0;
  }
}
@keyframes progress-loading {

  50% {
    background-position-x: -115%;
  }
}
@keyframes radiomark {

  0% {
    box-shadow: 0 0 0 12px var(--fallback-b1,oklch(var(--b1)/1)) inset,
      0 0 0 12px var(--fallback-b1,oklch(var(--b1)/1)) inset;
  }

  50% {
    box-shadow: 0 0 0 3px var(--fallback-b1,oklch(var(--b1)/1)) inset,
      0 0 0 3px var(--fallback-b1,oklch(var(--b1)/1)) inset;
  }

  100% {
    box-shadow: 0 0 0 4px var(--fallback-b1,oklch(var(--b1)/1)) inset,
      0 0 0 4px var(--fallback-b1,oklch(var(--b1)/1)) inset;
  }
}
@keyframes rating-pop {

  0% {
    transform: translateY(-0.125em);
  }

  40% {
    transform: translateY(-0.125em);
  }

  100% {
    transform: translateY(0);
  }
}
.select:focus {
  box-shadow: none;
  border-color: var(--fallback-bc,oklch(var(--bc)/0.2));
  outline-style: solid;
  outline-width: 2px;
  outline-offset: 2px;
  outline-color: var(--fallback-bc,oklch(var(--bc)/0.2));
}
.select-disabled,
  .select:disabled,
  .select[disabled] {
  cursor: not-allowed;
  --tw-border-opacity: 1;
  border-color: var(--fallback-b2,oklch(var(--b2)/var(--tw-border-opacity)));
  --tw-bg-opacity: 1;
  background-color: var(--fallback-b2,oklch(var(--b2)/var(--tw-bg-opacity)));
  color: var(--fallback-bc,oklch(var(--bc)/0.4));
}
.select-disabled::-moz-placeholder, .select:disabled::-moz-placeholder, .select[disabled]::-moz-placeholder {
  color: var(--fallback-bc,oklch(var(--bc)/var(--tw-placeholder-opacity)));
  --tw-placeholder-opacity: 0.2;
}
.select-disabled::placeholder,
  .select:disabled::placeholder,
  .select[disabled]::placeholder {
  color: var(--fallback-bc,oklch(var(--bc)/var(--tw-placeholder-opacity)));
  --tw-placeholder-opacity: 0.2;
}
.select-multiple,
  .select[multiple],
  .select[size].select:not([size="1"]) {
  background-image: none;
  padding-right: 1rem;
}
[dir="rtl"] .select {
  background-position: calc(0% + 12px) calc(1px + 50%),
    calc(0% + 16px) calc(1px + 50%);
}
@keyframes skeleton {

  from {
    background-position: 150%;
  }

  to {
    background-position: -50%;
  }
}
.table tr.active,
  .table tr.active:nth-child(even),
  .table-zebra tbody tr:nth-child(even) {
  --tw-bg-opacity: 1;
  background-color: var(--fallback-b2,oklch(var(--b2)/var(--tw-bg-opacity)));
}
.table-zebra tr.active,
    .table-zebra tr.active:nth-child(even),
    .table-zebra-zebra tbody tr:nth-child(even) {
  --tw-bg-opacity: 1;
  background-color: var(--fallback-b3,oklch(var(--b3)/var(--tw-bg-opacity)));
}
.textarea:focus {
  box-shadow: none;
  border-color: var(--fallback-bc,oklch(var(--bc)/0.2));
  outline-style: solid;
  outline-width: 2px;
  outline-offset: 2px;
  outline-color: var(--fallback-bc,oklch(var(--bc)/0.2));
}
.textarea-disabled,
  .textarea:disabled,
  .textarea[disabled] {
  cursor: not-allowed;
  --tw-border-opacity: 1;
  border-color: var(--fallback-b2,oklch(var(--b2)/var(--tw-border-opacity)));
  --tw-bg-opacity: 1;
  background-color: var(--fallback-b2,oklch(var(--b2)/var(--tw-bg-opacity)));
  color: var(--fallback-bc,oklch(var(--bc)/0.4));
}
.textarea-disabled::-moz-placeholder, .textarea:disabled::-moz-placeholder, .textarea[disabled]::-moz-placeholder {
  color: var(--fallback-bc,oklch(var(--bc)/var(--tw-placeholder-opacity)));
  --tw-placeholder-opacity: 0.2;
}
.textarea-disabled::placeholder,
  .textarea:disabled::placeholder,
  .textarea[disabled]::placeholder {
  color: var(--fallback-bc,oklch(var(--bc)/var(--tw-placeholder-opacity)));
  --tw-placeholder-opacity: 0.2;
}
@keyframes toast-pop {

  0% {
    transform: scale(0.9);
    opacity: 0;
  }

  100% {
    transform: scale(1);
    opacity: 1;
  }
}
:root .prose {
  --tw-prose-body: var(--fallback-bc,oklch(var(--bc)/0.8));
  --tw-prose-headings: var(--fallback-bc,oklch(var(--bc)/1));
  --tw-prose-lead: var(--fallback-bc,oklch(var(--bc)/1));
  --tw-prose-links: var(--fallback-bc,oklch(var(--bc)/1));
  --tw-prose-bold: var(--fallback-bc,oklch(var(--bc)/1));
  --tw-prose-counters: var(--fallback-bc,oklch(var(--bc)/1));
  --tw-prose-bullets: var(--fallback-bc,oklch(var(--bc)/0.5));
  --tw-prose-hr: var(--fallback-bc,oklch(var(--bc)/0.2));
  --tw-prose-quotes: var(--fallback-bc,oklch(var(--bc)/1));
  --tw-prose-quote-borders: var(--fallback-bc,oklch(var(--bc)/0.2));
  --tw-prose-captions: var(--fallback-bc,oklch(var(--bc)/0.5));
  --tw-prose-code: var(--fallback-bc,oklch(var(--bc)/1));
  --tw-prose-pre-code: var(--fallback-nc,oklch(var(--nc)/1));
  --tw-prose-pre-bg: var(--fallback-n,oklch(var(--n)/1));
  --tw-prose-th-borders: var(--fallback-bc,oklch(var(--bc)/0.5));
  --tw-prose-td-borders: var(--fallback-bc,oklch(var(--bc)/0.2));
  --tw-prose-kbd: var(--fallback-bc,oklch(var(--bc)/0.8));
}
.prose :where(code):not(:where([class~="not-prose"] *, pre *)) {
  padding: 1px 8px;
  border-radius: var(--rounded-badge);
  font-weight: initial;
  background-color: var(--fallback-bc,oklch(var(--bc)/0.1));
}
.prose :where(code):not(:where([class~="not-prose"], [class~="not-prose"] *))::before, .prose :where(code):not(:where([class~="not-prose"], [class~="not-prose"] *))::after {
  display: none;
}
.prose pre code {
  border-radius: 0;
  padding: 0;
}
.prose :where(tbody tr, thead):not(:where([class~="not-prose"] *)) {
  border-bottom-color: var(--fallback-bc,oklch(var(--bc)/0.2));
}
.btm-nav-xs &gt; *:where(.active) {
  border-top-width: 1px;
}
.btm-nav-sm &gt; *:where(.active) {
  border-top-width: 2px;
}
.btm-nav-md &gt; *:where(.active) {
  border-top-width: 2px;
}
.btm-nav-lg &gt; *:where(.active) {
  border-top-width: 4px;
}
.divider-horizontal {
  flex-direction: column;
}
.divider-horizontal:before {
  height: 100%;
  width: 0.125rem;
}
.divider-horizontal:after {
  height: 100%;
  width: 0.125rem;
}
.tooltip {
  position: relative;
  display: inline-block;
  --tooltip-offset: calc(100% + 1px + var(--tooltip-tail, 0px));
}
.tooltip:before {
  position: absolute;
  pointer-events: none;
  z-index: 1;
  content: var(--tw-content);
  --tw-content: attr(data-tip);
}
.tooltip:before, .tooltip-top:before {
  transform: translateX(-50%);
  top: auto;
  left: 50%;
  right: auto;
  bottom: var(--tooltip-offset);
}
.divider-horizontal {
  margin-left: 1rem;
  margin-right: 1rem;
  margin-top: 0px;
  margin-bottom: 0px;
  height: auto;
  width: 1rem;
}
.join.join-vertical &gt; :where(*:not(:first-child)):is(.btn) {
  margin-top: calc(var(--border-btn) * -1);
}
.join.join-horizontal &gt; :where(*:not(:first-child)):is(.btn) {
  margin-inline-start: calc(var(--border-btn) * -1);
  margin-top: 0px;
}
.modal-top :where(.modal-box) {
  width: 100%;
  max-width: none;
  --tw-translate-y: -2.5rem;
  --tw-scale-x: 1;
  --tw-scale-y: 1;
  transform: translate(var(--tw-translate-x), var(--tw-translate-y)) rotate(var(--tw-rotate)) skewX(var(--tw-skew-x)) skewY(var(--tw-skew-y)) scaleX(var(--tw-scale-x)) scaleY(var(--tw-scale-y));
  border-bottom-right-radius: var(--rounded-box, 1rem);
  border-bottom-left-radius: var(--rounded-box, 1rem);
  border-top-left-radius: 0px;
  border-top-right-radius: 0px;
}
.modal-middle :where(.modal-box) {
  width: 91.666667%;
  max-width: 32rem;
  --tw-translate-y: 0px;
  --tw-scale-x: .9;
  --tw-scale-y: .9;
  transform: translate(var(--tw-translate-x), var(--tw-translate-y)) rotate(var(--tw-rotate)) skewX(var(--tw-skew-x)) skewY(var(--tw-skew-y)) scaleX(var(--tw-scale-x)) scaleY(var(--tw-scale-y));
  border-top-left-radius: var(--rounded-box, 1rem);
  border-top-right-radius: var(--rounded-box, 1rem);
  border-bottom-right-radius: var(--rounded-box, 1rem);
  border-bottom-left-radius: var(--rounded-box, 1rem);
}
.modal-bottom :where(.modal-box) {
  width: 100%;
  max-width: none;
  --tw-translate-y: 2.5rem;
  --tw-scale-x: 1;
  --tw-scale-y: 1;
  transform: translate(var(--tw-translate-x), var(--tw-translate-y)) rotate(var(--tw-rotate)) skewX(var(--tw-skew-x)) skewY(var(--tw-skew-y)) scaleX(var(--tw-scale-x)) scaleY(var(--tw-scale-y));
  border-top-left-radius: var(--rounded-box, 1rem);
  border-top-right-radius: var(--rounded-box, 1rem);
  border-bottom-right-radius: 0px;
  border-bottom-left-radius: 0px;
}
.tooltip {
  position: relative;
  display: inline-block;
  text-align: center;
  --tooltip-tail: 0.1875rem;
  --tooltip-color: var(--fallback-n,oklch(var(--n)/1));
  --tooltip-text-color: var(--fallback-nc,oklch(var(--nc)/1));
  --tooltip-tail-offset: calc(100% + 0.0625rem - var(--tooltip-tail));
}
.tooltip:before,
.tooltip:after {
  opacity: 0;
  transition-property: color, background-color, border-color, text-decoration-color, fill, stroke, opacity, box-shadow, transform, filter, -webkit-backdrop-filter;
  transition-property: color, background-color, border-color, text-decoration-color, fill, stroke, opacity, box-shadow, transform, filter, backdrop-filter;
  transition-property: color, background-color, border-color, text-decoration-color, fill, stroke, opacity, box-shadow, transform, filter, backdrop-filter, -webkit-backdrop-filter;
  transition-delay: 100ms;
  transition-duration: 200ms;
  transition-timing-function: cubic-bezier(0.4, 0, 0.2, 1);
}
.tooltip:after {
  position: absolute;
  content: "";
  border-style: solid;
  border-width: var(--tooltip-tail, 0);
  width: 0;
  height: 0;
  display: block;
}
.tooltip:before {
  max-width: 20rem;
  white-space: normal;
  border-radius: 0.25rem;
  padding-left: 0.5rem;
  padding-right: 0.5rem;
  padding-top: 0.25rem;
  padding-bottom: 0.25rem;
  font-size: 0.875rem;
  line-height: 1.25rem;
  background-color: var(--tooltip-color);
  color: var(--tooltip-text-color);
  width: -moz-max-content;
  width: max-content;
}
.tooltip.tooltip-open:before {
  opacity: 1;
  transition-delay: 75ms;
}
.tooltip.tooltip-open:after {
  opacity: 1;
  transition-delay: 75ms;
}
.tooltip:hover:before {
  opacity: 1;
  transition-delay: 75ms;
}
.tooltip:hover:after {
  opacity: 1;
  transition-delay: 75ms;
}
.tooltip:has(:focus-visible):after,
.tooltip:has(:focus-visible):before {
  opacity: 1;
  transition-delay: 75ms;
}
.tooltip:not([data-tip]):hover:before,
.tooltip:not([data-tip]):hover:after {
  visibility: hidden;
  opacity: 0;
}
.tooltip:after, .tooltip-top:after {
  transform: translateX(-50%);
  border-color: var(--tooltip-color) transparent transparent transparent;
  top: auto;
  left: 50%;
  right: auto;
  bottom: var(--tooltip-tail-offset);
}
.pointer-events-none {
  pointer-events: none;
}
.absolute {
  position: absolute;
}
.relative {
  position: relative;
}
.sticky {
  position: sticky;
}
.right-6 {
  right: 1.5rem;
}
.z-10 {
  z-index: 10;
}
.mx-1\.5 {
  margin-left: 0.375rem;
  margin-right: 0.375rem;
}
.mx-auto {
  margin-left: auto;
  margin-right: auto;
}
.-ml-1 {
  margin-left: -0.25rem;
}
.mb-2 {
  margin-bottom: 0.5rem;
}
.mb-4 {
  margin-bottom: 1rem;
}
.mb-8 {
  margin-bottom: 2rem;
}
.ml-1 {
  margin-left: 0.25rem;
}
.ml-2 {
  margin-left: 0.5rem;
}
.ml-3 {
  margin-left: 0.75rem;
}
.ml-4 {
  margin-left: 1rem;
}
.mr-1 {
  margin-right: 0.25rem;
}
.mr-2 {
  margin-right: 0.5rem;
}
.mt-1 {
  margin-top: 0.25rem;
}
.mt-12 {
  margin-top: 3rem;
}
.mt-16 {
  margin-top: 4rem;
}
.mt-2 {
  margin-top: 0.5rem;
}
.mt-4 {
  margin-top: 1rem;
}
.inline-block {
  display: inline-block;
}
.flex {
  display: flex;
}
.hidden {
  display: none;
}
.h-14 {
  height: 3.5rem;
}
.h-5 {
  height: 1.25rem;
}
.h-fit {
  height: -moz-fit-content;
  height: fit-content;
}
.h-screen {
  height: 100vh;
}
.w-2\/5 {
  width: 40%;
}
.w-3\/5 {
  width: 60%;
}
.w-5 {
  width: 1.25rem;
}
.w-9\/12 {
  width: 75%;
}
.w-full {
  width: 100%;
}
.w-screen {
  width: 100vw;
}
.max-w-2xl {
  max-width: 42rem;
}
.max-w-3xl {
  max-width: 48rem;
}
.max-w-4xl {
  max-width: 56rem;
}
.max-w-full {
  max-width: 100%;
}
.max-w-md {
  max-width: 28rem;
}
.max-w-xl {
  max-width: 36rem;
}
.flex-shrink {
  flex-shrink: 1;
}
.flex-grow {
  flex-grow: 1;
}
.grow {
  flex-grow: 1;
}
@keyframes spin {

  to {
    transform: rotate(360deg);
  }
}
.animate-spin {
  animation: spin 1s linear infinite;
}
.cursor-pointer {
  cursor: pointer;
}
.resize {
  resize: both;
}
.scroll-ms-4 {
  scroll-margin-inline-start: 1rem;
}
.appearance-none {
  -webkit-appearance: none;
     -moz-appearance: none;
          appearance: none;
}
.flex-row {
  flex-direction: row;
}
.flex-col {
  flex-direction: column;
}
.items-center {
  align-items: center;
}
.justify-center {
  justify-content: center;
}
.justify-between {
  justify-content: space-between;
}
.gap-2 {
  gap: 0.5rem;
}
.space-x-2 &gt; :not([hidden]) ~ :not([hidden]) {
  --tw-space-x-reverse: 0;
  margin-right: calc(0.5rem * var(--tw-space-x-reverse));
  margin-left: calc(0.5rem * calc(1 - var(--tw-space-x-reverse)));
}
.space-x-4 &gt; :not([hidden]) ~ :not([hidden]) {
  --tw-space-x-reverse: 0;
  margin-right: calc(1rem * var(--tw-space-x-reverse));
  margin-left: calc(1rem * calc(1 - var(--tw-space-x-reverse)));
}
.space-y-2 &gt; :not([hidden]) ~ :not([hidden]) {
  --tw-space-y-reverse: 0;
  margin-top: calc(0.5rem * calc(1 - var(--tw-space-y-reverse)));
  margin-bottom: calc(0.5rem * var(--tw-space-y-reverse));
}
.space-y-4 &gt; :not([hidden]) ~ :not([hidden]) {
  --tw-space-y-reverse: 0;
  margin-top: calc(1rem * calc(1 - var(--tw-space-y-reverse)));
  margin-bottom: calc(1rem * var(--tw-space-y-reverse));
}
.self-center {
  align-self: center;
}
.overflow-x-auto {
  overflow-x: auto;
}
.whitespace-pre-wrap {
  white-space: pre-wrap;
}
.rounded-2xl {
  border-radius: 1rem;
}
.rounded-full {
  border-radius: 9999px;
}
.rounded-lg {
  border-radius: 0.5rem;
}
.rounded-md {
  border-radius: 0.375rem;
}
.border-2 {
  border-width: 2px;
}
.border-b {
  border-bottom-width: 1px;
}
.border-b-2 {
  border-bottom-width: 2px;
}
.border-r-2 {
  border-right-width: 2px;
}
.border-t {
  border-top-width: 1px;
}
.border-t-2 {
  border-top-width: 2px;
}
.border-gray-200 {
  --tw-border-opacity: 1;
  border-color: rgb(229 231 235 / var(--tw-border-opacity, 1));
}
.border-red-600\/50 {
  border-color: rgb(220 38 38 / 0.5);
}
.border-slate-200 {
  --tw-border-opacity: 1;
  border-color: rgb(226 232 240 / var(--tw-border-opacity, 1));
}
.border-zinc-300 {
  --tw-border-opacity: 1;
  border-color: rgb(212 212 216 / var(--tw-border-opacity, 1));
}
.border-r-transparent {
  border-right-color: transparent;
}
.border-t-current {
  border-top-color: currentColor;
}
.bg-current {
  background-color: currentColor;
}
.bg-red-600 {
  --tw-bg-opacity: 1;
  background-color: rgb(220 38 38 / var(--tw-bg-opacity, 1));
}
.bg-sky-600 {
  --tw-bg-opacity: 1;
  background-color: rgb(2 132 199 / var(--tw-bg-opacity, 1));
}
.bg-sky-600\/10 {
  background-color: rgb(2 132 199 / 0.1);
}
.bg-slate-400 {
  --tw-bg-opacity: 1;
  background-color: rgb(148 163 184 / var(--tw-bg-opacity, 1));
}
.bg-slate-50\/60 {
  background-color: rgb(248 250 252 / 0.6);
}
.bg-slate-50\/80 {
[...]
 lg:text-xl dark:bg-gray-900 border-slate-200 hover:border-slate-300 focus:border-sky-600/50 dark:border-slate-800 dark:hover:border-slate-700 dark:focus:border-sky-400/50 " id="username" value="" aria-invalid="false" aria-errormessage="username-error"&gt;&lt;!--/--&gt;&lt;!--$--&gt;&lt;!--/--&gt;&lt;/div&gt;&lt;div data-hk="s00002200"&gt;&lt;!--$--&gt;&lt;label data-hk="s0000220100" class="prose inline-block font-medium md:text-lg lg:text-xl mb-4 lg:mb-5" for="password"&gt;&lt;!--$--&gt;Password&lt;!--/--&gt; &lt;!--$--&gt;&lt;span data-hk="s0000220101" class="ml-1 text-red-600 dark:text-red-400"&gt;*&lt;/span&gt;&lt;!--/--&gt;&lt;/label&gt;&lt;!--/--&gt;&lt;!--$--&gt;&lt;input data-hk="s00002202" type="password" name="password" required="" class="h-14 w-full rounded-2xl border-2 bg-white px-5 outline-none placeholder:text-slate-500 md:h-16 md:text-lg lg:h-[70px] lg:px-6 lg:text-xl dark:bg-gray-900 border-slate-200 hover:border-slate-300 focus:border-sky-600/50 dark:border-slate-800 dark:hover:border-slate-700 dark:focus:border-sky-400/50 " id="password" value="" aria-invalid="false" aria-errormessage="password-error"&gt;&lt;!--/--&gt;&lt;!--$--&gt;&lt;!--/--&gt;&lt;/div&gt;&lt;div data-hk="s000023" class="mt-4 flex justify-between"&gt;&lt;!--$--&gt;&lt;button data-hk="s0000240" class="items-center rounded-lg px-3 py-1.5 font-medium md:text-md lg:rounded-lg lg:px-4 lg:py-2 lg:text-lg bg-sky-600/10 text-sky-600 hover:bg-sky-600/20 dark:bg-sky-400/10 dark:text-sky-400 dark:hover:bg-sky-400/20 " type="button" loading="false" label="To Login" variant="secondary"&gt;To Login&lt;/button&gt;&lt;!--/--&gt;&lt;!--$--&gt;&lt;button data-hk="s0000250" class="items-center rounded-lg px-3 py-1.5 font-medium md:text-md lg:rounded-lg lg:px-4 lg:py-2 lg:text-lg bg-sky-600 text-white hover:bg-sky-600/80 dark:bg-sky-400 dark:text-gray-900 dark:hover:bg-sky-400/80 " loading="false" label="Register" variant="primary" type="submit"&gt;Register&lt;/button&gt;&lt;!--/--&gt;&lt;/div&gt;&lt;/form&gt;&lt;!--/--&gt;&lt;/div&gt;&lt;/astro-island&gt;  &lt;/main&gt; &lt;footer class="z-10 mx-auto mt-12 flex w-screen justify-center border-t border-zinc-300 bg-slate-50/80 px-16 py-8 text-zinc-600" data-astro-source-file="/app/src/layout/Footer.astro" data-astro-source-loc="15:2"&gt; &lt;div class="flex flex-col" data-astro-source-file="/app/src/layout/Footer.astro" data-astro-source-loc="16:30"&gt; &lt;span class="text-md font-semibold" data-astro-source-file="/app/src/layout/Footer.astro" data-astro-source-loc="17:41"&gt; Made with ❤️ , 😓, 🥲 and&lt;/span&gt; &lt;ul class="flex flex-col items-center justify-center space-x-2" data-astro-source-file="/app/src/layout/Footer.astro" data-astro-source-loc="18:69"&gt; &lt;li&gt;&lt;a href="https://astro.build" target="_blank" rel="noopener noreferrer" class="hover:underline"&gt;Astro&lt;/a&gt;&lt;/li&gt;&lt;li&gt;&lt;a href="https://solidjs.com" target="_blank" rel="noopener noreferrer" class="hover:underline"&gt;SolidJS&lt;/a&gt;&lt;/li&gt;&lt;li&gt;&lt;a href="https://tailwindcss.com" target="_blank" rel="noopener noreferrer" class="hover:underline"&gt;TailwindCSS&lt;/a&gt;&lt;/li&gt;&lt;li&gt;&lt;a href="https://daisyui.com" target="_blank" rel="noopener noreferrer" class="hover:underline"&gt;DaisyUI&lt;/a&gt;&lt;/li&gt;&lt;li&gt;&lt;a href="https://iconify.design" target="_blank" rel="noopener noreferrer" class="hover:underline"&gt;Iconify&lt;/a&gt;&lt;/li&gt; &lt;/ul&gt; &lt;/div&gt; &lt;/footer&gt; &lt;astro-dev-toolbar&gt;&lt;/astro-dev-toolbar&gt;&lt;/body&gt;&lt;/html&gt;</msg>
<doc>Logs and returns the HTML source of the current page or frame.</doc>
<status status="PASS" start="2025-07-06T23:33:19.133820" elapsed="0.011072"/>
</kw>
<kw name="Page Should Contain Element" owner="SeleniumLibrary">
<msg time="2025-07-06T23:33:19.154382" level="INFO">Current page contains element 'css:form[data-testid="register-form"]'.</msg>
<arg>css:form[data-testid="register-form"]</arg>
<doc>Verifies that element ``locator`` is found on the current page.</doc>
<status status="PASS" start="2025-07-06T23:33:19.145047" elapsed="0.009405"/>
</kw>
<doc>Navigates to the registration page</doc>
<status status="PASS" start="2025-07-06T23:33:18.007803" elapsed="1.146726"/>
</kw>
<kw name="Fill Register Form" owner="auth_keywords">
<kw name="Wait For Element And Input Text" owner="common">
<kw name="Wait Until Element Is Visible" owner="SeleniumLibrary">
<arg>${locator}</arg>
<arg>${timeout}</arg>
<doc>Waits until the element ``locator`` is visible.</doc>
<status status="PASS" start="2025-07-06T23:33:19.155261" elapsed="0.014027"/>
</kw>
<kw name="Clear Element Text" owner="SeleniumLibrary">
<arg>${locator}</arg>
<doc>Clears the value of the text-input-element identified by ``locator``.</doc>
<status status="PASS" start="2025-07-06T23:33:19.169452" elapsed="0.021948"/>
</kw>
<kw name="Input Text" owner="SeleniumLibrary">
<msg time="2025-07-06T23:33:19.191655" level="INFO">Typing text 'testuser1751833998' into text field 'css:input[name="username"]'.</msg>
<arg>${locator}</arg>
<arg>${text}</arg>
<doc>Types the given ``text`` into the text field identified by ``locator``.</doc>
<status status="PASS" start="2025-07-06T23:33:19.191514" elapsed="0.093542"/>
</kw>
<arg>css:input[name="username"]</arg>
<arg>${username}</arg>
<doc>Waits for element to be visible and inputs text</doc>
<status status="PASS" start="2025-07-06T23:33:19.155014" elapsed="0.130118"/>
</kw>
<kw name="Wait For Element And Input Text" owner="common">
<kw name="Wait Until Element Is Visible" owner="SeleniumLibrary">
<arg>${locator}</arg>
<arg>${timeout}</arg>
<doc>Waits until the element ``locator`` is visible.</doc>
<status status="PASS" start="2025-07-06T23:33:19.285472" elapsed="0.009222"/>
</kw>
<kw name="Clear Element Text" owner="SeleniumLibrary">
<arg>${locator}</arg>
<doc>Clears the value of the text-input-element identified by ``locator``.</doc>
<status status="PASS" start="2025-07-06T23:33:19.294810" elapsed="0.013652"/>
</kw>
<kw name="Input Text" owner="SeleniumLibrary">
<msg time="2025-07-06T23:33:19.308720" level="INFO">Typing text 'RobotPass123!' into text field 'css:input[name="password"]'.</msg>
<arg>${locator}</arg>
<arg>${text}</arg>
<doc>Types the given ``text`` into the text field identified by ``locator``.</doc>
<status status="PASS" start="2025-07-06T23:33:19.308582" elapsed="0.076579"/>
</kw>
<arg>css:input[name="password"]</arg>
<arg>${password}</arg>
<doc>Waits for element to be visible and inputs text</doc>
<status status="PASS" start="2025-07-06T23:33:19.285251" elapsed="0.099985"/>
</kw>
<arg>${username}</arg>
<arg>${password}</arg>
<doc>Fills the registration form with provided credentials</doc>
<status status="PASS" start="2025-07-06T23:33:19.154696" elapsed="0.230573"/>
</kw>
<kw name="Submit Register Form" owner="auth_keywords">
<kw name="Wait For Element And Click" owner="common">
<kw name="Wait Until Element Is Visible" owner="SeleniumLibrary">
<arg>${locator}</arg>
<arg>${timeout}</arg>
<doc>Waits until the element ``locator`` is visible.</doc>
<status status="PASS" start="2025-07-06T23:33:19.385691" elapsed="0.009825"/>
</kw>
<kw name="Wait Until Element Is Enabled" owner="SeleniumLibrary">
<arg>${locator}</arg>
<arg>${timeout}</arg>
<doc>Waits until the element ``locator`` is enabled.</doc>
<status status="PASS" start="2025-07-06T23:33:19.395641" elapsed="0.010624"/>
</kw>
<kw name="Click Element" owner="SeleniumLibrary">
<msg time="2025-07-06T23:33:19.406523" level="INFO">Clicking element 'css:button[type="submit"]'.</msg>
<arg>${locator}</arg>
<doc>Click the element identified by ``locator``.</doc>
<status status="PASS" start="2025-07-06T23:33:19.406387" elapsed="0.033052"/>
</kw>
<arg>css:button[type="submit"]</arg>
<doc>Waits for element to be visible and clickable, then clicks it</doc>
<status status="PASS" start="2025-07-06T23:33:19.385539" elapsed="0.053969"/>
</kw>
<doc>Submits the registration form</doc>
<status status="PASS" start="2025-07-06T23:33:19.385377" elapsed="0.054161"/>
</kw>
<kw name="Sleep" owner="BuiltIn">
<msg time="2025-07-06T23:33:21.440071" level="INFO">Slept 2 seconds.</msg>
<arg>2s</arg>
<doc>Pauses the test executed for the given time.</doc>
<status status="PASS" start="2025-07-06T23:33:19.439619" elapsed="2.001641"/>
</kw>
<kw name="Get Location" owner="SeleniumLibrary">
<msg time="2025-07-06T23:33:21.453262" level="INFO">${current_url} = http://localhost:4321/todo-lists</msg>
<var>${current_url}</var>
<doc>Returns the current browser window URL.</doc>
<status status="PASS" start="2025-07-06T23:33:21.442147" elapsed="0.011187"/>
</kw>
<kw name="Log" owner="BuiltIn">
<msg time="2025-07-06T23:33:21.453799" level="INFO">Current URL after registration: http://localhost:4321/todo-lists</msg>
<arg>Current URL after registration: ${current_url}</arg>
<doc>Logs the given message with the given level.</doc>
<status status="PASS" start="2025-07-06T23:33:21.453589" elapsed="0.000261"/>
</kw>
<kw name="Wait Until Location Contains" owner="SeleniumLibrary">
<arg>/todo-lists</arg>
<arg>${EXPLICIT_WAIT}</arg>
<doc>Waits until the current URL contains ``expected``.</doc>
<status status="PASS" start="2025-07-06T23:33:21.453991" elapsed="0.003892"/>
</kw>
<kw name="Page Should Contain Element" owner="SeleniumLibrary">
<msg time="2025-07-06T23:33:21.468974" level="INFO">Current page contains element 'css:[data-testid="todo-lists-page"]'.</msg>
<arg>css:[data-testid="todo-lists-page"]</arg>
<doc>Verifies that element ``locator`` is found on the current page.</doc>
<status status="PASS" start="2025-07-06T23:33:21.458055" elapsed="0.011023"/>
</kw>
<arg>${TEST_USERNAME}</arg>
<arg>${TEST_PASSWORD_1}</arg>
<doc>Registers a new user account</doc>
<status status="PASS" start="2025-07-06T23:33:18.007635" elapsed="3.461543"/>
</kw>
<kw name="Navigate To Todo Lists Page" owner="todolist_keywords">
<kw name="Go To" owner="SeleniumLibrary">
<msg time="2025-07-06T23:33:21.470105" level="INFO">Opening url 'http://localhost:4321/todo-lists'</msg>
<arg>${TODO_LISTS_URL}</arg>
<doc>Navigates the current browser window to the provided ``url``.</doc>
<status status="PASS" start="2025-07-06T23:33:21.469731" elapsed="0.049405"/>
</kw>
<kw name="Wait For Page To Load" owner="common">
<kw name="Wait Until Page Contains Element" owner="SeleniumLibrary">
<arg>tag:body</arg>
<arg>${EXPLICIT_WAIT}</arg>
<doc>Waits until the element ``locator`` appears on the current page.</doc>
<status status="PASS" start="2025-07-06T23:33:21.519583" elapsed="0.007927"/>
</kw>
<kw name="Sleep" owner="BuiltIn">
<msg time="2025-07-06T23:33:22.529888" level="INFO">Slept 1 second.</msg>
<arg>1s</arg>
<doc>Pauses the test executed for the given time.</doc>
<status status="PASS" start="2025-07-06T23:33:21.527950" elapsed="1.002542"/>
</kw>
<doc>Waits for page to fully load</doc>
<status status="PASS" start="2025-07-06T23:33:21.519388" elapsed="1.011551"/>
</kw>
<kw name="Page Should Contain Element" owner="SeleniumLibrary">
<msg time="2025-07-06T23:33:22.541124" level="INFO">Current page contains element 'css:[data-testid="todo-lists-page"]'.</msg>
<arg>css:[data-testid="todo-lists-page"]</arg>
<doc>Verifies that element ``locator`` is found on the current page.</doc>
<status status="PASS" start="2025-07-06T23:33:22.531666" elapsed="0.009576"/>
</kw>
<doc>Navigates to the todo lists page</doc>
<status status="PASS" start="2025-07-06T23:33:21.469381" elapsed="1.071984"/>
</kw>
<kw name="Create New Todo List" owner="todolist_keywords">
<kw name="Open Create Todo List Dialog" owner="todolist_keywords">
<kw name="Wait For Element And Click" owner="common">
<kw name="Wait Until Element Is Visible" owner="SeleniumLibrary">
<arg>${locator}</arg>
<arg>${timeout}</arg>
<doc>Waits until the element ``locator`` is visible.</doc>
<status status="PASS" start="2025-07-06T23:33:22.542485" elapsed="0.015014"/>
</kw>
<kw name="Wait Until Element Is Enabled" owner="SeleniumLibrary">
<arg>${locator}</arg>
<arg>${timeout}</arg>
<doc>Waits until the element ``locator`` is enabled.</doc>
<status status="PASS" start="2025-07-06T23:33:22.557759" elapsed="0.013798"/>
</kw>
<kw name="Click Element" owner="SeleniumLibrary">
<msg time="2025-07-06T23:33:22.571886" level="INFO">Clicking element 'css:[data-testid="create-list-button"]'.</msg>
<arg>${locator}</arg>
<doc>Click the element identified by ``locator``.</doc>
<status status="PASS" start="2025-07-06T23:33:22.571710" elapsed="0.030705"/>
</kw>
<arg>css:[data-testid="create-list-button"]</arg>
<doc>Waits for element to be visible and clickable, then clicks it</doc>
<status status="PASS" start="2025-07-06T23:33:22.542244" elapsed="0.060246"/>
</kw>
<kw name="Wait Until Element Is Visible" owner="SeleniumLibrary">
<arg>css:[data-testid="create-list-dialog"]</arg>
<arg>${MEDIUM_TIMEOUT}</arg>
<doc>Waits until the element ``locator`` is visible.</doc>
<status status="PASS" start="2025-07-06T23:33:22.602588" elapsed="0.009082"/>
</kw>
<doc>Opens the create todo list dialog</doc>
<status status="PASS" start="2025-07-06T23:33:22.542045" elapsed="0.069702"/>
</kw>
<kw name="Fill Create Todo List Form" owner="todolist_keywords">
<kw name="Wait For Element And Input Text" owner="common">
<kw name="Wait Until Element Is Visible" owner="SeleniumLibrary">
<arg>${locator}</arg>
<arg>${timeout}</arg>
<doc>Waits until the element ``locator`` is visible.</doc>
<status status="PASS" start="2025-07-06T23:33:22.612262" elapsed="0.008475"/>
</kw>
<kw name="Clear Element Text" owner="SeleniumLibrary">
<arg>${locator}</arg>
<doc>Clears the value of the text-input-element identified by ``locator``.</doc>
<status status="PASS" start="2025-07-06T23:33:22.620855" elapsed="0.012564"/>
</kw>
<kw name="Input Text" owner="SeleniumLibrary">
<msg time="2025-07-06T23:33:22.633629" level="INFO">Typing text 'Test List 1751833998' into text field 'css:input[name="name"]'.</msg>
<arg>${locator}</arg>
<arg>${text}</arg>
<doc>Types the given ``text`` into the text field identified by ``locator``.</doc>
<status status="PASS" start="2025-07-06T23:33:22.633511" elapsed="0.035446"/>
</kw>
<arg>css:input[name="name"]</arg>
<arg>${name}</arg>
<doc>Waits for element to be visible and inputs text</doc>
<status status="PASS" start="2025-07-06T23:33:22.612098" elapsed="0.056928"/>
</kw>
<kw name="Run Keyword If" owner="BuiltIn">
<kw name="Wait For Element And Input Text" owner="common">
<kw name="Wait Until Element Is Visible" owner="SeleniumLibrary">
<arg>${locator}</arg>
<arg>${timeout}</arg>
<doc>Waits until the element ``locator`` is visible.</doc>
<status status="PASS" start="2025-07-06T23:33:22.669760" elapsed="0.007910"/>
</kw>
<kw name="Clear Element Text" owner="SeleniumLibrary">
<arg>${locator}</arg>
<doc>Clears the value of the text-input-element identified by ``locator``.</doc>
<status status="PASS" start="2025-07-06T23:33:22.677788" elapsed="0.009874"/>
</kw>
<kw name="Input Text" owner="SeleniumLibrary">
<msg time="2025-07-06T23:33:22.688061" level="INFO">Typing text 'A test todo list created by Robot Framework' into text field 'css:textarea[name="description"]'.</msg>
<arg>${locator}</arg>
<arg>${text}</arg>
<doc>Types the given ``text`` into the text field identified by ``locator``.</doc>
<status status="PASS" start="2025-07-06T23:33:22.687817" elapsed="0.038973"/>
</kw>
<arg>css:textarea[name="description"]</arg>
<arg>${description}</arg>
<doc>Waits for element to be visible and inputs text</doc>
<status status="PASS" start="2025-07-06T23:33:22.669585" elapsed="0.057283"/>
</kw>
<arg>'${description}' != '${EMPTY}'</arg>
<arg>Wait For Element And Input Text</arg>
<arg>css:textarea[name="description"]</arg>
<arg>${description}</arg>
<doc>Runs the given keyword with the given arguments, if ``condition`` is true.</doc>
<status status="PASS" start="2025-07-06T23:33:22.669120" elapsed="0.057778"/>
</kw>
<arg>${name}</arg>
<arg>${description}</arg>
<doc>Fills the create todo list form</doc>
<status status="PASS" start="2025-07-06T23:33:22.611858" elapsed="0.115068"/>
</kw>
<kw name="Submit Create Todo List Form" owner="todolist_keywords">
<kw name="Wait For Element And Click" owner="common">
<kw name="Wait Until Element Is Visible" owner="SeleniumLibrary">
<arg>${locator}</arg>
<arg>${timeout}</arg>
<doc>Waits until the element ``locator`` is visible.</doc>
<status status="PASS" start="2025-07-06T23:33:22.727357" elapsed="0.010908"/>
</kw>
<kw name="Wait Until Element Is Enabled" owner="SeleniumLibrary">
<arg>${locator}</arg>
<arg>${timeout}</arg>
<doc>Waits until the element ``locator`` is enabled.</doc>
<status status="PASS" start="2025-07-06T23:33:22.738695" elapsed="0.010033"/>
</kw>
<kw name="Click Element" owner="SeleniumLibrary">
<msg time="2025-07-06T23:33:22.749021" level="INFO">Clicking element 'css:[data-testid="create-list-submit"]'.</msg>
<arg>${locator}</arg>
<doc>Click the element identified by ``locator``.</doc>
<status status="PASS" start="2025-07-06T23:33:22.748857" elapsed="0.026885"/>
</kw>
<arg>css:[data-testid="create-list-submit"]</arg>
<doc>Waits for element to be visible and clickable, then clicks it</doc>
<status status="PASS" start="2025-07-06T23:33:22.727208" elapsed="0.048634"/>
</kw>
<doc>Submits the create todo list form</doc>
<status status="PASS" start="2025-07-06T23:33:22.727039" elapsed="0.048838"/>
</kw>
<kw name="Wait Until Element Is Not Visible" owner="SeleniumLibrary">
<arg>css:[data-testid="create-list-dialog"]</arg>
<arg>${MEDIUM_TIMEOUT}</arg>
<doc>Waits until the element ``locator`` is not visible.</doc>
<status status="PASS" start="2025-07-06T23:33:22.775983" elapsed="10.220639"/>
</kw>
<kw name="Verify Todo List Exists" owner="todolist_keywords">
<kw name="Wait Until Element Is Visible" owner="SeleniumLibrary">
<arg>css:[data-testid="todo-list"][data-name="${list_name}"]</arg>
<arg>${MEDIUM_TIMEOUT}</arg>
<doc>Waits until the element ``locator`` is visible.</doc>
<status status="PASS" start="2025-07-06T23:33:32.997716" elapsed="0.015413"/>
</kw>
<arg>${name}</arg>
<doc>Verifies that a todo list with given name exists</doc>
<status status="PASS" start="2025-07-06T23:33:32.997302" elapsed="0.015929"/>
</kw>
<arg>${TEST_LIST_NAME}</arg>
<arg>${TEST_LIST_DESCRIPTION}</arg>
<doc>Creates a new todo list with specified name and description</doc>
<status status="PASS" start="2025-07-06T23:33:22.541628" elapsed="10.471656"/>
</kw>
<kw name="Open Todo List" owner="todolist_keywords">
<kw name="Wait For Element And Click" owner="common">
<kw name="Wait Until Element Is Visible" owner="SeleniumLibrary">
<arg>${locator}</arg>
<arg>${timeout}</arg>
<doc>Waits until the element ``locator`` is visible.</doc>
<status status="PASS" start="2025-07-06T23:33:33.014022" elapsed="0.009016"/>
</kw>
<kw name="Wait Until Element Is Enabled" owner="SeleniumLibrary">
<arg>${locator}</arg>
<arg>${timeout}</arg>
<doc>Waits until the element ``locator`` is enabled.</doc>
<status status="PASS" start="2025-07-06T23:33:33.023173" elapsed="0.010950"/>
</kw>
<kw name="Click Element" owner="SeleniumLibrary">
<msg time="2025-07-06T23:33:33.034374" level="INFO">Clicking element 'css:[data-testid="todo-list"][data-name="Test List 1751833998"]'.</msg>
<arg>${locator}</arg>
<doc>Click the element identified by ``locator``.</doc>
<status status="PASS" start="2025-07-06T23:33:33.034239" elapsed="0.043272"/>
</kw>
<arg>css:[data-testid="todo-list"][data-name="${list_name}"]</arg>
<doc>Waits for element to be visible and clickable, then clicks it</doc>
<status status="PASS" start="2025-07-06T23:33:33.013762" elapsed="0.063825"/>
</kw>
<kw name="Wait Until Element Is Visible" owner="SeleniumLibrary">
<arg>css:[data-testid="todo-list-view"]</arg>
<arg>${MEDIUM_TIMEOUT}</arg>
<doc>Waits until the element ``locator`` is visible.</doc>
<status status="PASS" start="2025-07-06T23:33:33.077686" elapsed="0.303474"/>
</kw>
<arg>${TEST_LIST_NAME}</arg>
<doc>Opens a todo list by clicking on it</doc>
<status status="PASS" start="2025-07-06T23:33:33.013471" elapsed="0.367766"/>